                      :-) GROMACS - gmx mdrun, 2026.1 (-:

Copyright 1991-2026 The GROMACS Authors.
GROMACS is free software; you can redistribute it and/or modify it
under the terms of the GNU Lesser General Public License
as published by the Free Software Foundation; either version 2.1
of the License, or (at your option) any later version.

                         Current GROMACS contributors:
       Mark Abraham           Andrey Alekseenko           Brian Andrews       
        Paul Bauer              Cathrine Bergh              Hugh Bird         
      Eliane Briand               Ania Brown                Yiqi Chen         
      Mahesh Doijade            Giacomo Fiorin          Stefan Fleischmann    
      Sergey Gorelov         Gilles Gouaillardet            Alan Gray         
   Farzaneh Jalalypour         Petter Johansson          Carsten Kutzner      
    Grzegorz Łazarski         Justin A. Lemkul          Magnus Lundborg      
        Julio Maia               Pascal Merz             Vedran Miletić      
      Dmitry Morozov           Lukas Müllender           Szilárd Páll      
 Andrea Pasquadibisceglie     Michele Pellegrino         Nicola Piasentin     
     Daniele Rapetti         Muhammad Umair Sadiq         Hubert Santuz       
      Michael Shirts           Tatiana Shugaeva          Alexey Shvetsov      
     Bálint Soproni            Philip Turner            Alessandra Villa     
        Yang Zhang        

                         Previous GROMACS contributors:
        Emile Apol             Rossen Apostolov           James Barnett       
      Vladimir Basov        Herman J.C. Berendsen          Par Bjelkmar       
      Christian Blau          Viacheslav Bolnykh            Kevin Boyd        
    Aldert van Buuren          Carlo Camilloni           Rudi van Drunen      
      Anton Feenstra           Oliver Fleetwood            Vytas Gapsys       
       Gaurav Garg             Gerrit Groenhof            Bert de Groot       
      Anca Hamuraru           Vincent Hindriksen          Victor Holanda      
     M. Eric Irrgang           Aleksei Iupinov              Joe Jordan        
    Christoph Junghans        Prashanth Kanduri        Dimitrios Karkoulis    
       Peter Kasson             Sebastian Kehl           Sebastian Keller     
        Jiri Kraus               Per Larsson              Viveca Lindahl      
      Erik Marklund           Pieter Meulenhoff           Teemu Murtola       
       Julien Nabet              Sander Pronk             Roland Schulz       
      Alfons Sijbers         David van der Spoel          Peter Tieleman      
      Carsten Uphoff             Jon Vincent             Teemu Virolainen     
    Christian Wennberg     Sebastian Wingbermühle         Maarten Wolf       
      Artem Zhmurov       

                  Coordinated by the GROMACS project leaders:
                           Berk Hess and Erik Lindahl

GROMACS:      gmx mdrun, version 2026.1
Executable:   /usr/local/gromacs/bin/gmx
Data prefix:  /usr/local/gromacs
Working dir:  /Users/samarthsethi/Desktop/305lab/lab7/1pgb
Process ID:   70950
Command line:
  gmx mdrun -deffnm md_1pgb_300 -v

GROMACS version:     2026.1
Precision:           mixed
Memory model:        64 bit
MPI library:         thread_mpi
MPI version:         built in
OpenMP support:      disabled
GPU support:         disabled
SIMD instructions:   ARM_NEON_ASIMD
CPU FFT library:     fftw-3.3.10
GPU FFT library:     none
Multi-GPU FFT:       none
TNG support:         enabled
Hwloc support:       disabled
Tracing support:     disabled
Colvars support:     enabled (version 2025-10-13)
CP2K support:        disabled
Torch support:       disabled
Plumed support:      enabled
C compiler:          /usr/bin/cc AppleClang 17.0.0.17000603
C compiler flags:    -Wno-unknown-pragmas -Wno-missing-field-initializers -fno-stack-check -O3 -DNDEBUG
C++ compiler:        /usr/bin/c++ AppleClang 17.0.0.17000603
C++ compiler flags:  -Wno-unknown-pragmas -Wno-reserved-identifier -Wno-missing-field-initializers -fno-stack-check -Weverything -Wno-c++98-compat -Wno-c++98-compat-pedantic -Wno-source-uses-openmp -Wno-c++17-extensions -Wno-documentation-unknown-command -Wno-covered-switch-default -Wno-switch-enum -Wno-switch-default -Wno-extra-semi-stmt -Wno-weak-vtables -Wno-shadow -Wno-padded -Wno-reserved-id-macro -Wno-double-promotion -Wno-exit-time-destructors -Wno-global-constructors -Wno-documentation -Wno-format-nonliteral -Wno-used-but-marked-unused -Wno-float-equal -Wno-conditional-uninitialized -Wno-conversion -Wno-disabled-macro-expansion -Wno-unused-macros -Wno-unsafe-buffer-usage -Wno-cast-function-type-strict -O3 -DNDEBUG
BLAS library:        External - detected on the system
LAPACK library:      External - detected on the system


Running on 1 node with total 0 processing units
Hardware detected on host Samarths-MacBook-Air.local:
  CPU info:
    Vendor: ARM
    Brand:  Unknown CPU brand
    Family: 0   Model: 0   Stepping: 0
    Features: neon neon_asimd
  Hardware topology: Only logical processor count
    CPU limit set by OS: -1   Recommended max number of threads: 8


++++ PLEASE READ AND CITE THE FOLLOWING REFERENCE ++++
M. J. Abraham, T. Murtola, R. Schulz, S. Páll, J. C. Smith, B. Hess, E.
Lindahl
GROMACS: High performance molecular simulations through multi-level
parallelism from laptops to supercomputers
SoftwareX (2015)
https://doi.org/10.1016/j.softx.2015.06.001
-------- -------- --- Thank You --- -------- --------


++++ PLEASE READ AND CITE THE FOLLOWING REFERENCE ++++
S. Páll, M. J. Abraham, C. Kutzner, B. Hess, E. Lindahl
Tackling Exascale Software Challenges in Molecular Dynamics Simulations with
GROMACS
In S. Markidis & E. Laure (Eds.), Solving Software Challenges for Exascale (2015)
https://doi.org/10.1007/978-3-319-15976-8_1
-------- -------- --- Thank You --- -------- --------


++++ PLEASE READ AND CITE THE FOLLOWING REFERENCE ++++
S. Pronk, S. Páll, R. Schulz, P. Larsson, P. Bjelkmar, R. Apostolov, M. R.
Shirts, J. C. Smith, P. M. Kasson, D. van der Spoel, B. Hess, E. Lindahl
GROMACS 4.5: a high-throughput and highly parallel open source molecular
simulation toolkit
Bioinformatics (2013)
https://doi.org/10.1093/bioinformatics/btt055
-------- -------- --- Thank You --- -------- --------


++++ PLEASE READ AND CITE THE FOLLOWING REFERENCE ++++
B. Hess, C. Kutzner, D. van der Spoel, E. Lindahl
GROMACS 4: Algorithms for highly efficient, load-balanced, and scalable
molecular simulation
J. Chem. Theory Comput. (2008)
https://doi.org/10.1021/ct700301q
-------- -------- --- Thank You --- -------- --------


++++ PLEASE READ AND CITE THE FOLLOWING REFERENCE ++++
D. van der Spoel, E. Lindahl, B. Hess, G. Groenhof, A. E. Mark, H. J. C.
Berendsen
GROMACS: Fast, Flexible and Free
J. Comp. Chem. (2005)
https://doi.org/10.1002/jcc.20291
-------- -------- --- Thank You --- -------- --------


++++ PLEASE READ AND CITE THE FOLLOWING REFERENCE ++++
E. Lindahl, B. Hess, D. van der Spoel
GROMACS 3.0: A package for molecular simulation and trajectory analysis
J. Mol. Mod. (2001)
https://doi.org/10.1007/s008940100045
-------- -------- --- Thank You --- -------- --------


++++ PLEASE READ AND CITE THE FOLLOWING REFERENCE ++++
H. J. C. Berendsen, D. van der Spoel and R. van Drunen
GROMACS: A message-passing parallel molecular dynamics implementation
Comp. Phys. Comm. (1995)
https://doi.org/10.1016/0010-4655(95)00042-E
-------- -------- --- Thank You --- -------- --------


++++ PLEASE CITE THE DOI FOR THIS VERSION OF GROMACS ++++
https://doi.org/10.5281/zenodo.18887033
-------- -------- --- Thank You --- -------- --------

Input Parameters:
   integrator                     = md
   tinit                          = 0
   dt                             = 0.002
   nsteps                         = 500000
   init-step                      = 0
   simulation-part                = 1
   mts                            = false
   mass-repartition-factor        = 1
   comm-mode                      = Linear
   nstcomm                        = 100
   bd-fric                        = 0
   ld-seed                        = -689439769
   emtol                          = 10
   emstep                         = 0.01
   niter                          = 20
   fcstep                         = 0
   nstcgsteep                     = 1000
   nbfgscorr                      = 10
   rtpi                           = 0.05
   nstxout                        = 0
   nstvout                        = 0
   nstfout                        = 0
   nstlog                         = 5000
   nstcalcenergy                  = 100
   nstenergy                      = 5000
   nstxout-compressed             = 5000
   compressed-x-precision         = 1000
   cutoff-scheme                  = Verlet
   nstlist                        = 10
   pbc                            = xyz
   periodic-molecules             = false
   verlet-buffer-tolerance        = 0.005
   verlet-buffer-pressure-tolerance = 0.5
   rlist                          = 1.2
   coulombtype                    = PME
   coulomb-modifier               = Potential-shift
   rcoulomb-switch                = 0
   rcoulomb                       = 1.2
   epsilon-r                      = 1
   epsilon-rf                     = inf
   vdw-type                       = Cut-off
   vdw-modifier                   = Force-switch
   rvdw-switch                    = 1
   rvdw                           = 1.2
   DispCorr                       = No
   table-extension                = 1
   fourierspacing                 = 0.16
   fourier-nx                     = 36
   fourier-ny                     = 36
   fourier-nz                     = 36
   pme-order                      = 4
   ewald-rtol                     = 1e-05
   ewald-rtol-lj                  = 0.001
   lj-pme-comb-rule               = Geometric
   ewald-geometry                 = 3d
   epsilon-surface                = 0
   ensemble-temperature-setting   = constant
   ensemble-temperature           = 298
   tcoupl                         = V-rescale
   nsttcouple                     = 100
   nh-chain-length                = 0
   print-nose-hoover-chain-variables = false
   pcoupl                         = C-rescale
   pcoupltype                     = Isotropic
   nstpcouple                     = 100
   tau-p                          = 5
   compressibility (3x3):
      compressibility[    0]={ 4.50000e-05,  0.00000e+00,  0.00000e+00}
      compressibility[    1]={ 0.00000e+00,  4.50000e-05,  0.00000e+00}
      compressibility[    2]={ 0.00000e+00,  0.00000e+00,  4.50000e-05}
   ref-p (3x3):
      ref-p[    0]={ 1.00000e+00,  0.00000e+00,  0.00000e+00}
      ref-p[    1]={ 0.00000e+00,  1.00000e+00,  0.00000e+00}
      ref-p[    2]={ 0.00000e+00,  0.00000e+00,  1.00000e+00}
   refcoord-scaling               = No
   posres-com: not available
   posres-comB: not available
   QMMM                           = false
qm-opts:
   ngQM                           = 0
   constraint-algorithm           = Lincs
   continuation                   = true
   Shake-SOR                      = false
   shake-tol                      = 0.0001
   lincs-order                    = 4
   lincs-iter                     = 1
   lincs-warnangle                = 30
   nwall                          = 0
   wall-type                      = 9-3
   wall-r-linpot                  = -1
   wall-atomtype[0]               = -1
   wall-atomtype[1]               = -1
   wall-density[0]                = 0
   wall-density[1]                = 0
   wall-ewald-zfac                = 3
   pull                           = false
   awh                            = false
   rotation                       = false
   interactiveMD                  = false
   disre                          = No
   disre-weighting                = Conservative
   disre-mixed                    = false
   dr-fc                          = 1000
   dr-tau                         = 0
   nstdisreout                    = 100
   orire-fc                       = 0
   orire-tau                      = 0
   nstorireout                    = 100
   free-energy                    = no
   cos-acceleration               = 0
   deform (3x3):
      deform[    0]={ 0.00000e+00,  0.00000e+00,  0.00000e+00}
      deform[    1]={ 0.00000e+00,  0.00000e+00,  0.00000e+00}
      deform[    2]={ 0.00000e+00,  0.00000e+00,  0.00000e+00}
   simulated-tempering            = false
   swapcoords                     = no
   userint1                       = 0
   userint2                       = 0
   userint3                       = 0
   userint4                       = 0
   userreal1                      = 0
   userreal2                      = 0
   userreal3                      = 0
   userreal4                      = 0
   applied-forces:
     electric-field:
       x:
         E0                       = 0
         omega                    = 0
         t0                       = 0
         sigma                    = 0
       y:
         E0                       = 0
         omega                    = 0
         t0                       = 0
         sigma                    = 0
       z:
         E0                       = 0
         omega                    = 0
         t0                       = 0
         sigma                    = 0
     density-guided-simulation:
       active                     = false
       group                      = protein
       similarity-measure         = inner-product
       atom-spreading-weight      = unity
       force-constant             = 1e+09
       gaussian-transform-spreading-width = 0.2
       gaussian-transform-spreading-range-in-multiples-of-width = 4
       reference-density-filename = reference.mrc
       nst                        = 1
       normalize-densities        = true
       adaptive-force-scaling     = false
       adaptive-force-scaling-time-constant = 4
       shift-vector               = 
       transformation-matrix      = 
     qmmm-cp2k:
       active                     = false
       qmgroup                    = System
       qmmethod                   = PBE
       qmfilenames                = 
       qmcharge                   = 0
       qmmultiplicity             = 1
     colvars:
       active                     = false
       configfile                 = 
       seed                       = -1
     nnpot:
       active                     = false
       modelfile                  = model.pt
       input-group                = System
       link-type                  = H
       link-distance              = 0.1
       pair-cutoff                = 0
       embedding                  = mechanical
       nnp-charge                 = 0
       model-input1               = 
       model-input2               = 
       model-input3               = 
       model-input4               = 
       model-input5               = 
       model-input6               = 
       model-input7               = 
       model-input8               = 
       model-input9               = 
   fast-multipole-method:
     fmm:
       backend                    = inactive
       exafmm-order               = 6
       exafmm-direct-range        = 2
       exafmm-direct-provider     = GROMACS
       exafmm-tree-type           = uniform
       exafmm-tree-depth          = 0
       exafmm-max-particles-per-cell = 0
       fmsolvr-order              = 8
       fmsolvr-direct-range       = 1
       fmsolvr-direct-provider    = FMM
       fmsolvr-dipole-compensation = true
       fmsolvr-tree-depth         = 3
       fmsolvr-sparse             = false
grpopts:
   nrdf:       35095
   ref-t:         298
   tau-t:           1
annealing:          No
annealing-npoints:           0
   acc:	           0           0           0
   nfreeze:           N           N           N
   energygrp-flags[  0]: 0

Changing nstlist from 10 to 80, rlist from 1.2 to 1.327


Initializing Domain Decomposition on 8 ranks
Dynamic load balancing: auto
Using update groups, nr 5928, average size 2.9 atoms, max. radius 0.103 nm
Minimum cell size due to atom displacement: 0.536 nm
Initial maximum distances in bonded interactions:
    two-body bonded interactions: 0.402 nm, LJ-14, atoms 842 850
  multi-body bonded interactions: 0.402 nm, Ryckaert-Bell., atoms 842 850
Minimum cell size due to bonded interactions: 0.442 nm
Scaling the initial minimum size with 1/0.8 (option -dds) = 1.25
Using 0 separate PME ranks because: there are too few total ranks for efficient splitting
Optimizing the DD grid for 8 cells with a minimum initial size of 0.670 nm
The maximum allowed number of cells is: X 8 Y 8 Z 8
Domain decomposition grid 4 x 2 x 1, separate PME ranks 0
PME domain decomposition: 4 x 2 x 1
Domain decomposition rank 0, coordinates 0 0 0

The initial number of communication pulses is: X 2 Y 1
The initial domain decomposition cell size is: X 1.43 nm Y 2.86 nm

The maximum allowed distance for atom groups involved in interactions is:
                 non-bonded interactions           1.534 nm
(the following are initial values, they could change due to box deformation)
            two-body bonded interactions  (-rdd)   1.534 nm
          multi-body bonded interactions  (-rdd)   1.430 nm

When dynamic load balancing gets turned on, these settings will change to:
The maximum number of communication pulses is: X 2 Y 1
The minimum size for domain decomposition cells is 0.936 nm
The requested allowed shrink of DD cells (option -dds) is: 0.80
The allowed shrink of domain decomposition cells is: X 0.65 Y 0.54
The maximum allowed distance for atom groups involved in interactions is:
                 non-bonded interactions           1.534 nm
            two-body bonded interactions  (-rdd)   1.534 nm
          multi-body bonded interactions  (-rdd)   0.936 nm

Local state does not use filler particles

Using 8 MPI threads
System total charge: -4.000
Will do PME sum in reciprocal space for electrostatic interactions.

++++ PLEASE READ AND CITE THE FOLLOWING REFERENCE ++++
U. Essmann, L. Perera, M. L. Berkowitz, T. Darden, H. Lee, L. G. Pedersen 
A smooth particle mesh Ewald method
J. Chem. Phys. (1995)
https://doi.org/10.1063/1.470117
-------- -------- --- Thank You --- -------- --------

Using a Gaussian width (1/beta) of 0.384195 nm for Ewald
Potential shift: LJ r^-12: -2.648e-01 r^-6: -5.349e-01, Ewald -8.333e-06
Initialized non-bonded Coulomb Ewald tables, spacing: 1.02e-03 size: 1176

Generated table with 1163 data points for 1-4 COUL.
Tabscale = 500 points/nm
Generated table with 1163 data points for 1-4 LJ6.
Tabscale = 500 points/nm
Generated table with 1163 data points for 1-4 LJ12.
Tabscale = 500 points/nm


Using SIMD4xM 4x4 nonbonded short-range kernels

Using a dual 4x4 pair-list setup updated with dynamic pruning:
  outer list: updated every 80 steps, buffer 0.127 nm, rlist 1.327 nm
  inner list: updated every 12 steps, buffer 0.000 nm, rlist 1.200 nm
At tolerance 0.005 kJ/mol/ps per atom, equivalent classical 1x1 list would be:
  outer list: updated every 80 steps, buffer 0.276 nm, rlist 1.476 nm
  inner list: updated every 12 steps, buffer 0.045 nm, rlist 1.245 nm

The average pressure is off by at most 0.08 bar due to missing LJ interactions

Linking all bonded interactions to atoms


Initializing LINear Constraint Solver

++++ PLEASE READ AND CITE THE FOLLOWING REFERENCE ++++
B. Hess, H. Bekker, H. J. C. Berendsen, J. G. E. M. Fraaije
LINCS: A Linear Constraint Solver for molecular simulations
J. Comp. Chem. (1997)
https://doi.org/10.1002/(sici)1096-987x(199709)18:12<1463::aid-jcc4>3.0.co;2-h
-------- -------- --- Thank You --- -------- --------

The number of constraints is 419

++++ PLEASE READ AND CITE THE FOLLOWING REFERENCE ++++
S. Miyamoto, P. A. Kollman
SETTLE: An Analytical Version of the SHAKE and RATTLE Algorithms for Rigid
Water Models
J. Comp. Chem. (1992)
https://doi.org/10.1002/jcc.540130805
-------- -------- --- Thank You --- -------- --------


Intra-simulation communication will occur every 100 steps.

++++ PLEASE READ AND CITE THE FOLLOWING REFERENCE ++++
G. Bussi, D. Donadio, M. Parrinello
Canonical sampling through velocity rescaling
J. Chem. Phys. (2007)
https://doi.org/10.1063/1.2408420
-------- -------- --- Thank You --- -------- --------


++++ PLEASE READ AND CITE THE FOLLOWING REFERENCE ++++
M. Bernetti, G. Bussi
Pressure control using stochastic cell rescaling
J. Chem. Phys. (2020)
https://doi.org/10.1063/5.0020514
-------- -------- --- Thank You --- -------- --------

There are: 17331 Atoms
Atom distribution over 8 domains: av 2166 stddev 93 min 2016 max 2288
Center of mass motion removal mode is Linear
We have the following groups for center of mass motion removal:
  0:  rest

Started mdrun on rank 0 Tue Mar 17 00:42:03 2026

           Step           Time
              0        0.00000

   Energies (kJ/mol)
           Bond          Angle    Proper Dih. Ryckaert-Bell.          LJ-14
    7.73733e+01    3.76252e+02    3.44916e+01    7.27361e+02    1.11783e+03
     Coulomb-14        LJ (SR)   Coulomb (SR)   Coul. recip.      Potential
    8.11079e+03    3.66226e+04   -3.37997e+05    9.45005e+02   -2.89986e+05
    Kinetic En.   Total Energy  Conserved En.    Temperature Pressure (bar)
    1.91624e+02   -2.89794e+05   -2.88599e+05    1.31341e+00   -8.08361e+03
   Constr. rmsd
    7.48947e-07


DD  step 79 load imb.: force 15.5%

step 240 Turning on dynamic load balancing, because the performance loss due to load imbalance is 5.9 %.
step 1600 Turning off dynamic load balancing, because it is degrading performance.
Atom distribution over 8 domains: av 2166 stddev 57 min 2077 max 2203
           Step           Time
           5000       10.00000

   Energies (kJ/mol)
           Bond          Angle    Proper Dih. Ryckaert-Bell.          LJ-14
    5.53896e+02    1.44039e+03    8.91236e+01    7.97034e+02    1.10779e+03
     Coulomb-14        LJ (SR)   Coulomb (SR)   Coul. recip.      Potential
    8.13953e+03    4.85306e+04   -3.31896e+05    7.97941e+02   -2.70440e+05
    Kinetic En.   Total Energy  Conserved En.    Temperature Pressure (bar)
    4.25289e+04   -2.27911e+05   -2.95219e+05    2.91497e+02   -1.52557e+02
   Constr. rmsd
    2.14782e-06


DD  step 9999 load imb.: force  7.3%
           Step           Time
          10000       20.00000

   Energies (kJ/mol)
           Bond          Angle    Proper Dih. Ryckaert-Bell.          LJ-14
    6.47190e+02    1.58130e+03    9.94584e+01    8.35285e+02    1.16112e+03
     Coulomb-14        LJ (SR)   Coulomb (SR)   Coul. recip.      Potential
    8.20582e+03    4.90379e+04   -3.31394e+05    7.94835e+02   -2.69031e+05
    Kinetic En.   Total Energy  Conserved En.    Temperature Pressure (bar)
    4.38096e+04   -2.25222e+05   -2.95022e+05    3.00276e+02    2.53751e+02
   Constr. rmsd
    1.95251e-06

           Step           Time
          15000       30.00000

   Energies (kJ/mol)
           Bond          Angle    Proper Dih. Ryckaert-Bell.          LJ-14
    6.30648e+02    1.66555e+03    1.02434e+02    8.26949e+02    1.10352e+03
     Coulomb-14        LJ (SR)   Coulomb (SR)   Coul. recip.      Potential
    8.09815e+03    4.78409e+04   -3.30028e+05    8.49679e+02   -2.68910e+05
    Kinetic En.   Total Energy  Conserved En.    Temperature Pressure (bar)
    4.36267e+04   -2.25283e+05   -2.94910e+05    2.99022e+02   -1.83088e+02
   Constr. rmsd
    2.89657e-06


step 16000 Turning on dynamic load balancing, because the performance loss due to load imbalance is 3.5 %.
step 17600 Turning off dynamic load balancing, because it is degrading performance.
Atom distribution over 8 domains: av 2166 stddev 47 min 2115 max 2192

DD  step 19999 load imb.: force  7.6%
           Step           Time
          20000       40.00000

   Energies (kJ/mol)
           Bond          Angle    Proper Dih. Ryckaert-Bell.          LJ-14
    6.82990e+02    1.65743e+03    1.08131e+02    8.47914e+02    1.15910e+03
     Coulomb-14        LJ (SR)   Coulomb (SR)   Coul. recip.      Potential
    8.17039e+03    4.81435e+04   -3.30705e+05    7.87731e+02   -2.69148e+05
    Kinetic En.   Total Energy  Conserved En.    Temperature Pressure (bar)
    4.34681e+04   -2.25679e+05   -2.94701e+05    2.97935e+02    1.39181e+01
   Constr. rmsd
    2.78511e-06


step 24000 Will no longer try dynamic load balancing, as it degraded performance.
           Step           Time
          25000       50.00000

   Energies (kJ/mol)
           Bond          Angle    Proper Dih. Ryckaert-Bell.          LJ-14
    5.92237e+02    1.68395e+03    9.03301e+01    8.45993e+02    1.21464e+03
     Coulomb-14        LJ (SR)   Coulomb (SR)   Coul. recip.      Potential
    8.23643e+03    4.88971e+04   -3.31960e+05    7.85162e+02   -2.69614e+05
    Kinetic En.   Total Energy  Conserved En.    Temperature Pressure (bar)
    4.34990e+04   -2.26115e+05   -2.94532e+05    2.98147e+02    3.79380e+02
   Constr. rmsd
    3.04883e-06


DD  step 29999 load imb.: force  5.4%
           Step           Time
          30000       60.00000

   Energies (kJ/mol)
           Bond          Angle    Proper Dih. Ryckaert-Bell.          LJ-14
    5.94341e+02    1.57675e+03    9.83626e+01    8.26444e+02    1.19938e+03
     Coulomb-14        LJ (SR)   Coulomb (SR)   Coul. recip.      Potential
    8.17405e+03    4.90816e+04   -3.31833e+05    8.10391e+02   -2.69472e+05
    Kinetic En.   Total Energy  Conserved En.    Temperature Pressure (bar)
    4.33528e+04   -2.26119e+05   -2.94533e+05    2.97145e+02    3.52369e+02
   Constr. rmsd
    2.93024e-06

           Step           Time
          35000       70.00000

   Energies (kJ/mol)
           Bond          Angle    Proper Dih. Ryckaert-Bell.          LJ-14
    6.36143e+02    1.56436e+03    1.02287e+02    8.26579e+02    1.20614e+03
     Coulomb-14        LJ (SR)   Coulomb (SR)   Coul. recip.      Potential
    8.16549e+03    4.85342e+04   -3.30532e+05    7.72639e+02   -2.68724e+05
    Kinetic En.   Total Energy  Conserved En.    Temperature Pressure (bar)
    4.35326e+04   -2.25191e+05   -2.94627e+05    2.98377e+02    2.81139e+01
   Constr. rmsd
    2.62081e-06


DD  step 39999 load imb.: force  4.1%
           Step           Time
          40000       80.00000

   Energies (kJ/mol)
           Bond          Angle    Proper Dih. Ryckaert-Bell.          LJ-14
    6.04526e+02    1.60809e+03    1.03869e+02    8.26605e+02    1.18409e+03
     Coulomb-14        LJ (SR)   Coulomb (SR)   Coul. recip.      Potential
    8.17071e+03    4.79935e+04   -3.30236e+05    7.35156e+02   -2.69009e+05
    Kinetic En.   Total Energy  Conserved En.    Temperature Pressure (bar)
    4.33460e+04   -2.25663e+05   -2.94396e+05    2.97098e+02    1.20863e+02
   Constr. rmsd
    2.88473e-06

           Step           Time
          45000       90.00000

   Energies (kJ/mol)
           Bond          Angle    Proper Dih. Ryckaert-Bell.          LJ-14
    6.09654e+02    1.56357e+03    1.32098e+02    8.05351e+02    1.18922e+03
     Coulomb-14        LJ (SR)   Coulomb (SR)   Coul. recip.      Potential
    8.12668e+03    4.94447e+04   -3.31529e+05    8.05602e+02   -2.68852e+05
    Kinetic En.   Total Energy  Conserved En.    Temperature Pressure (bar)
    4.29325e+04   -2.25920e+05   -2.94538e+05    2.94264e+02    3.31717e+02
   Constr. rmsd
    3.28793e-06


DD  step 49999 load imb.: force  5.3%
           Step           Time
          50000      100.00000

   Energies (kJ/mol)
           Bond          Angle    Proper Dih. Ryckaert-Bell.          LJ-14
    6.25784e+02    1.65218e+03    1.04093e+02    8.28709e+02    1.17744e+03
     Coulomb-14        LJ (SR)   Coulomb (SR)   Coul. recip.      Potential
    8.16065e+03    4.75102e+04   -3.29375e+05    7.58844e+02   -2.68557e+05
    Kinetic En.   Total Energy  Conserved En.    Temperature Pressure (bar)
    4.42728e+04   -2.24285e+05   -2.94387e+05    3.03450e+02   -2.37793e+02
   Constr. rmsd
    2.64602e-06

           Step           Time
          55000      110.00000

   Energies (kJ/mol)
           Bond          Angle    Proper Dih. Ryckaert-Bell.          LJ-14
    6.23327e+02    1.58538e+03    8.10907e+01    7.68122e+02    1.11077e+03
     Coulomb-14        LJ (SR)   Coulomb (SR)   Coul. recip.      Potential
    8.09716e+03    4.94910e+04   -3.31848e+05    7.71786e+02   -2.69320e+05
    Kinetic En.   Total Energy  Conserved En.    Temperature Pressure (bar)
    4.33249e+04   -2.25995e+05   -2.94254e+05    2.96953e+02    2.09906e+02
   Constr. rmsd
    3.02055e-06


DD  step 59999 load imb.: force  5.5%
           Step           Time
          60000      120.00000

   Energies (kJ/mol)
           Bond          Angle    Proper Dih. Ryckaert-Bell.          LJ-14
    5.95932e+02    1.65061e+03    1.14446e+02    8.48762e+02    1.14674e+03
     Coulomb-14        LJ (SR)   Coulomb (SR)   Coul. recip.      Potential
    8.13138e+03    4.87561e+04   -3.30688e+05    8.44078e+02   -2.68600e+05
    Kinetic En.   Total Energy  Conserved En.    Temperature Pressure (bar)
    4.38820e+04   -2.24718e+05   -2.94275e+05    3.00772e+02    1.20924e+02
   Constr. rmsd
    2.25248e-06

           Step           Time
          65000      130.00000

   Energies (kJ/mol)
           Bond          Angle    Proper Dih. Ryckaert-Bell.          LJ-14
    5.34843e+02    1.57516e+03    1.13309e+02    8.22622e+02    1.16530e+03
     Coulomb-14        LJ (SR)   Coulomb (SR)   Coul. recip.      Potential
    8.17505e+03    4.83142e+04   -3.30354e+05    8.25935e+02   -2.68828e+05
    Kinetic En.   Total Energy  Conserved En.    Temperature Pressure (bar)
    4.34797e+04   -2.25348e+05   -2.93965e+05    2.98014e+02    1.23924e+02
   Constr. rmsd
    2.65361e-06


DD  step 69999 load imb.: force  4.9%
           Step           Time
          70000      140.00000

   Energies (kJ/mol)
           Bond          Angle    Proper Dih. Ryckaert-Bell.          LJ-14
    5.68463e+02    1.54125e+03    9.25882e+01    7.89806e+02    1.19763e+03
     Coulomb-14        LJ (SR)   Coulomb (SR)   Coul. recip.      Potential
    8.20663e+03    4.84268e+04   -3.30204e+05    8.27755e+02   -2.68553e+05
    Kinetic En.   Total Energy  Conserved En.    Temperature Pressure (bar)
    4.37348e+04   -2.24818e+05   -2.93961e+05    2.99763e+02    6.14190e+01
   Constr. rmsd
    2.54831e-06

           Step           Time
          75000      150.00000

   Energies (kJ/mol)
           Bond          Angle    Proper Dih. Ryckaert-Bell.          LJ-14
    6.63243e+02    1.64737e+03    8.53148e+01    8.07574e+02    1.13580e+03
     Coulomb-14        LJ (SR)   Coulomb (SR)   Coul. recip.      Potential
    8.17945e+03    4.78242e+04   -3.30071e+05    8.02104e+02   -2.68926e+05
    Kinetic En.   Total Energy  Conserved En.    Temperature Pressure (bar)
    4.31111e+04   -2.25815e+05   -2.93988e+05    2.95488e+02   -2.27276e+02
   Constr. rmsd
    3.10228e-06


DD  step 79999 load imb.: force  6.8%
           Step           Time
          80000      160.00000

   Energies (kJ/mol)
           Bond          Angle    Proper Dih. Ryckaert-Bell.          LJ-14
    6.98075e+02    1.55235e+03    8.14498e+01    7.78971e+02    1.14745e+03
     Coulomb-14        LJ (SR)   Coulomb (SR)   Coul. recip.      Potential
    8.13980e+03    4.85576e+04   -3.31128e+05    7.74850e+02   -2.69397e+05
    Kinetic En.   Total Energy  Conserved En.    Temperature Pressure (bar)
    4.42277e+04   -2.25170e+05   -2.93766e+05    3.03141e+02   -6.00291e+01
   Constr. rmsd
    3.03108e-06

           Step           Time
          85000      170.00000

   Energies (kJ/mol)
           Bond          Angle    Proper Dih. Ryckaert-Bell.          LJ-14
    6.05156e+02    1.61267e+03    1.03462e+02    8.59132e+02    1.16500e+03
     Coulomb-14        LJ (SR)   Coulomb (SR)   Coul. recip.      Potential
    8.13515e+03    4.86448e+04   -3.31184e+05    7.64405e+02   -2.69294e+05
    Kinetic En.   Total Energy  Conserved En.    Temperature Pressure (bar)
    4.35298e+04   -2.25764e+05   -2.93494e+05    2.98358e+02    1.71966e+02
   Constr. rmsd
    2.43343e-06


DD  step 89999 load imb.: force  5.7%
           Step           Time
          90000      180.00000

   Energies (kJ/mol)
           Bond          Angle    Proper Dih. Ryckaert-Bell.          LJ-14
    5.96964e+02    1.50347e+03    8.55554e+01    7.96213e+02    1.16465e+03
     Coulomb-14        LJ (SR)   Coulomb (SR)   Coul. recip.      Potential
    8.16409e+03    4.90300e+04   -3.30891e+05    8.06265e+02   -2.68744e+05
    Kinetic En.   Total Energy  Conserved En.    Temperature Pressure (bar)
    4.33055e+04   -2.25438e+05   -2.93589e+05    2.96820e+02    2.79971e+02
   Constr. rmsd
    2.65145e-06

           Step           Time
          95000      190.00000

   Energies (kJ/mol)
           Bond          Angle    Proper Dih. Ryckaert-Bell.          LJ-14
    6.18573e+02    1.65164e+03    9.61162e+01    7.90757e+02    1.16771e+03
     Coulomb-14        LJ (SR)   Coulomb (SR)   Coul. recip.      Potential
    8.13021e+03    4.70897e+04   -3.29568e+05    7.74814e+02   -2.69248e+05
    Kinetic En.   Total Energy  Conserved En.    Temperature Pressure (bar)
    4.36217e+04   -2.25627e+05   -2.93514e+05    2.98988e+02   -4.62345e+02
   Constr. rmsd
    2.39924e-06


DD  step 99999 load imb.: force  5.4%
           Step           Time
         100000      200.00000

   Energies (kJ/mol)
           Bond          Angle    Proper Dih. Ryckaert-Bell.          LJ-14
    6.12223e+02    1.72501e+03    9.62492e+01    8.07372e+02    1.18793e+03
     Coulomb-14        LJ (SR)   Coulomb (SR)   Coul. recip.      Potential
    8.18041e+03    4.81809e+04   -3.30167e+05    7.79999e+02   -2.68596e+05
    Kinetic En.   Total Energy  Conserved En.    Temperature Pressure (bar)
    4.34311e+04   -2.25165e+05   -2.93535e+05    2.97681e+02    6.49577e+01
   Constr. rmsd
    2.78672e-06

           Step           Time
         105000      210.00000

   Energies (kJ/mol)
           Bond          Angle    Proper Dih. Ryckaert-Bell.          LJ-14
    6.23359e+02    1.77681e+03    1.02695e+02    8.21522e+02    1.20474e+03
     Coulomb-14        LJ (SR)   Coulomb (SR)   Coul. recip.      Potential
    8.15471e+03    4.87742e+04   -3.31640e+05    7.87017e+02   -2.69395e+05
    Kinetic En.   Total Energy  Conserved En.    Temperature Pressure (bar)
    4.35037e+04   -2.25891e+05   -2.93473e+05    2.98179e+02    7.69167e+00
   Constr. rmsd
    2.75817e-06


DD  step 109999 load imb.: force  4.6%
           Step           Time
         110000      220.00000

   Energies (kJ/mol)
           Bond          Angle    Proper Dih. Ryckaert-Bell.          LJ-14
    7.10424e+02    1.56431e+03    1.13208e+02    8.20982e+02    1.09907e+03
     Coulomb-14        LJ (SR)   Coulomb (SR)   Coul. recip.      Potential
    8.08783e+03    4.78596e+04   -3.29476e+05    7.38625e+02   -2.68482e+05
    Kinetic En.   Total Energy  Conserved En.    Temperature Pressure (bar)
    4.37272e+04   -2.24755e+05   -2.93295e+05    2.99710e+02   -3.42765e+02
   Constr. rmsd
    2.42210e-06

Writing checkpoint, step 114880 at Tue Mar 17 00:57:04 2026


           Step           Time
         115000      230.00000

   Energies (kJ/mol)
           Bond          Angle    Proper Dih. Ryckaert-Bell.          LJ-14
    6.61768e+02    1.60638e+03    1.02206e+02    7.74229e+02    1.10097e+03
     Coulomb-14        LJ (SR)   Coulomb (SR)   Coul. recip.      Potential
    8.02870e+03    4.82890e+04   -3.29817e+05    7.99984e+02   -2.68454e+05
    Kinetic En.   Total Energy  Conserved En.    Temperature Pressure (bar)
    4.35559e+04   -2.24898e+05   -2.93151e+05    2.98536e+02   -6.78245e+00
   Constr. rmsd
    3.24117e-06


DD  step 119999 load imb.: force  6.2%
           Step           Time
         120000      240.00000

   Energies (kJ/mol)
           Bond          Angle    Proper Dih. Ryckaert-Bell.          LJ-14
    5.92933e+02    1.67999e+03    1.09949e+02    7.77267e+02    1.15916e+03
     Coulomb-14        LJ (SR)   Coulomb (SR)   Coul. recip.      Potential
    8.18430e+03    4.79934e+04   -3.29927e+05    8.10240e+02   -2.68620e+05
    Kinetic En.   Total Energy  Conserved En.    Temperature Pressure (bar)
    4.37484e+04   -2.24872e+05   -2.93245e+05    2.99856e+02   -9.17709e+01
   Constr. rmsd
    3.48459e-06

           Step           Time
         125000      250.00000

   Energies (kJ/mol)
           Bond          Angle    Proper Dih. Ryckaert-Bell.          LJ-14
    5.90055e+02    1.60029e+03    9.56248e+01    8.26069e+02    1.13985e+03
     Coulomb-14        LJ (SR)   Coulomb (SR)   Coul. recip.      Potential
    8.16008e+03    4.85332e+04   -3.30601e+05    7.92359e+02   -2.68864e+05
    Kinetic En.   Total Energy  Conserved En.    Temperature Pressure (bar)
    4.30265e+04   -2.25837e+05   -2.92912e+05    2.94908e+02    2.15713e+02
   Constr. rmsd
    3.23197e-06


DD  step 129999 load imb.: force  7.3%
           Step           Time
         130000      260.00000

   Energies (kJ/mol)
           Bond          Angle    Proper Dih. Ryckaert-Bell.          LJ-14
    6.20531e+02    1.54659e+03    9.83987e+01    7.64724e+02    1.11513e+03
     Coulomb-14        LJ (SR)   Coulomb (SR)   Coul. recip.      Potential
    8.10673e+03    4.79971e+04   -3.30309e+05    7.86188e+02   -2.69274e+05
    Kinetic En.   Total Energy  Conserved En.    Temperature Pressure (bar)
    4.36401e+04   -2.25634e+05   -2.92778e+05    2.99113e+02    2.33445e+01
   Constr. rmsd
    3.06025e-06

           Step           Time
         135000      270.00000

   Energies (kJ/mol)
           Bond          Angle    Proper Dih. Ryckaert-Bell.          LJ-14
    6.47131e+02    1.64060e+03    9.36782e+01    7.60640e+02    1.16629e+03
     Coulomb-14        LJ (SR)   Coulomb (SR)   Coul. recip.      Potential
    8.21176e+03    4.74798e+04   -3.29952e+05    7.54657e+02   -2.69197e+05
    Kinetic En.   Total Energy  Conserved En.    Temperature Pressure (bar)
    4.34240e+04   -2.25773e+05   -2.92872e+05    2.97633e+02   -3.48028e+02
   Constr. rmsd
    2.12820e-06


DD  step 139999 load imb.: force  7.4%
           Step           Time
         140000      280.00000

   Energies (kJ/mol)
           Bond          Angle    Proper Dih. Ryckaert-Bell.          LJ-14
    7.08432e+02    1.56930e+03    7.69929e+01    7.96799e+02    1.18255e+03
     Coulomb-14        LJ (SR)   Coulomb (SR)   Coul. recip.      Potential
    8.11923e+03    4.91759e+04   -3.31961e+05    7.40837e+02   -2.69591e+05
    Kinetic En.   Total Energy  Conserved En.    Temperature Pressure (bar)
    4.39830e+04   -2.25608e+05   -2.92558e+05    3.01464e+02    2.86770e+02
   Constr. rmsd
    2.67490e-06

           Step           Time
         145000      290.00000

   Energies (kJ/mol)
           Bond          Angle    Proper Dih. Ryckaert-Bell.          LJ-14
    5.29687e+02    1.53102e+03    9.90647e+01    8.64802e+02    1.15417e+03
     Coulomb-14        LJ (SR)   Coulomb (SR)   Coul. recip.      Potential
    8.16180e+03    4.79791e+04   -3.30628e+05    7.62168e+02   -2.69546e+05
    Kinetic En.   Total Energy  Conserved En.    Temperature Pressure (bar)
    4.34965e+04   -2.26050e+05   -2.92552e+05    2.98129e+02   -3.73387e+01
   Constr. rmsd
    2.27464e-06


DD  step 149999 load imb.: force  4.2%
           Step           Time
         150000      300.00000

   Energies (kJ/mol)
           Bond          Angle    Proper Dih. Ryckaert-Bell.          LJ-14
    5.53990e+02    1.69728e+03    1.02447e+02    7.82875e+02    1.13839e+03
     Coulomb-14        LJ (SR)   Coulomb (SR)   Coul. recip.      Potential
    8.13665e+03    4.83848e+04   -3.30655e+05    8.07881e+02   -2.69051e+05
    Kinetic En.   Total Energy  Conserved En.    Temperature Pressure (bar)
    4.31140e+04   -2.25937e+05   -2.92376e+05    2.95507e+02    2.13330e+02
   Constr. rmsd
    3.12265e-06

           Step           Time
         155000      310.00000

   Energies (kJ/mol)
           Bond          Angle    Proper Dih. Ryckaert-Bell.          LJ-14
    6.40470e+02    1.58138e+03    1.07444e+02    8.48209e+02    1.16069e+03
     Coulomb-14        LJ (SR)   Coulomb (SR)   Coul. recip.      Potential
    8.22319e+03    4.65594e+04   -3.28866e+05    8.44000e+02   -2.68901e+05
    Kinetic En.   Total Energy  Conserved En.    Temperature Pressure (bar)
    4.38341e+04   -2.25067e+05   -2.92438e+05    3.00444e+02   -4.55766e+02
   Constr. rmsd
    2.98047e-06


DD  step 159999 load imb.: force  8.8%
           Step           Time
         160000      320.00000

   Energies (kJ/mol)
           Bond          Angle    Proper Dih. Ryckaert-Bell.          LJ-14
    6.21732e+02    1.51517e+03    1.08306e+02    7.41500e+02    1.17942e+03
     Coulomb-14        LJ (SR)   Coulomb (SR)   Coul. recip.      Potential
    8.15374e+03    4.83400e+04   -3.30423e+05    8.11133e+02   -2.68952e+05
    Kinetic En.   Total Energy  Conserved En.    Temperature Pressure (bar)
    4.30155e+04   -2.25937e+05   -2.92313e+05    2.94833e+02    8.06879e+01
   Constr. rmsd
    2.91562e-06

           Step           Time
         165000      330.00000

   Energies (kJ/mol)
           Bond          Angle    Proper Dih. Ryckaert-Bell.          LJ-14
    6.26155e+02    1.57302e+03    8.48247e+01    7.91374e+02    1.15994e+03
     Coulomb-14        LJ (SR)   Coulomb (SR)   Coul. recip.      Potential
    8.18568e+03    4.81210e+04   -3.30370e+05    7.95882e+02   -2.69033e+05
    Kinetic En.   Total Energy  Conserved En.    Temperature Pressure (bar)
    4.29838e+04   -2.26049e+05   -2.92288e+05    2.94615e+02   -1.57553e+02
   Constr. rmsd
    2.35813e-06


DD  step 169999 load imb.: force  6.2%
           Step           Time
         170000      340.00000

   Energies (kJ/mol)
           Bond          Angle    Proper Dih. Ryckaert-Bell.          LJ-14
    6.91198e+02    1.65161e+03    9.54377e+01    7.88036e+02    1.12160e+03
     Coulomb-14        LJ (SR)   Coulomb (SR)   Coul. recip.      Potential
    8.15366e+03    4.78293e+04   -3.29466e+05    7.87629e+02   -2.68347e+05
    Kinetic En.   Total Energy  Conserved En.    Temperature Pressure (bar)
    4.33107e+04   -2.25036e+05   -2.92167e+05    2.96856e+02   -1.82971e+02
   Constr. rmsd
    2.70387e-06

           Step           Time
         175000      350.00000

   Energies (kJ/mol)
           Bond          Angle    Proper Dih. Ryckaert-Bell.          LJ-14
    6.91481e+02    1.60022e+03    9.37468e+01    7.72672e+02    1.13041e+03
     Coulomb-14        LJ (SR)   Coulomb (SR)   Coul. recip.      Potential
    8.12829e+03    4.85793e+04   -3.30524e+05    7.80627e+02   -2.68747e+05
    Kinetic En.   Total Energy  Conserved En.    Temperature Pressure (bar)
    4.33861e+04   -2.25361e+05   -2.92308e+05    2.97373e+02   -6.81844e+01
   Constr. rmsd
    2.32102e-06


DD  step 179999 load imb.: force  3.6%
           Step           Time
         180000      360.00000

   Energies (kJ/mol)
           Bond          Angle    Proper Dih. Ryckaert-Bell.          LJ-14
    6.10450e+02    1.66700e+03    9.58701e+01    8.71093e+02    1.15715e+03
     Coulomb-14        LJ (SR)   Coulomb (SR)   Coul. recip.      Potential
    8.14633e+03    4.81788e+04   -3.30777e+05    7.75767e+02   -2.69274e+05
    Kinetic En.   Total Energy  Conserved En.    Temperature Pressure (bar)
    4.30838e+04   -2.26190e+05   -2.92219e+05    2.95301e+02   -2.18687e+02
   Constr. rmsd
    2.54410e-06

           Step           Time
         185000      370.00000

   Energies (kJ/mol)
           Bond          Angle    Proper Dih. Ryckaert-Bell.          LJ-14
    5.86079e+02    1.63185e+03    1.07633e+02    8.38285e+02    1.18950e+03
     Coulomb-14        LJ (SR)   Coulomb (SR)   Coul. recip.      Potential
    8.21240e+03    4.78589e+04   -3.30416e+05    7.80232e+02   -2.69212e+05
    Kinetic En.   Total Energy  Conserved En.    Temperature Pressure (bar)
    4.33375e+04   -2.25874e+05   -2.91752e+05    2.97040e+02   -4.64012e+01
   Constr. rmsd
    2.89034e-06


DD  step 189999 load imb.: force  6.5%
           Step           Time
         190000      380.00000

   Energies (kJ/mol)
           Bond          Angle    Proper Dih. Ryckaert-Bell.          LJ-14
    5.68306e+02    1.59343e+03    1.03006e+02    7.59496e+02    1.17988e+03
     Coulomb-14        LJ (SR)   Coulomb (SR)   Coul. recip.      Potential
    8.14694e+03    4.78308e+04   -3.29537e+05    8.07918e+02   -2.68547e+05
    Kinetic En.   Total Energy  Conserved En.    Temperature Pressure (bar)
    4.37044e+04   -2.24843e+05   -2.91914e+05    2.99555e+02   -1.48115e+02
   Constr. rmsd
    2.53848e-06

           Step           Time
         195000      390.00000

   Energies (kJ/mol)
           Bond          Angle    Proper Dih. Ryckaert-Bell.          LJ-14
    5.99960e+02    1.67341e+03    8.55442e+01    7.58409e+02    1.14277e+03
     Coulomb-14        LJ (SR)   Coulomb (SR)   Coul. recip.      Potential
    8.15757e+03    4.79611e+04   -3.30071e+05    7.90158e+02   -2.68902e+05
    Kinetic En.   Total Energy  Conserved En.    Temperature Pressure (bar)
    4.35006e+04   -2.25401e+05   -2.91785e+05    2.98158e+02   -5.67706e+01
   Constr. rmsd
    2.90275e-06


DD  step 199999 load imb.: force 10.0%
           Step           Time
         200000      400.00000

   Energies (kJ/mol)
           Bond          Angle    Proper Dih. Ryckaert-Bell.          LJ-14
    6.60316e+02    1.62942e+03    1.07096e+02    7.32027e+02    1.14594e+03
     Coulomb-14        LJ (SR)   Coulomb (SR)   Coul. recip.      Potential
    8.15926e+03    4.86463e+04   -3.31685e+05    7.59176e+02   -2.69846e+05
    Kinetic En.   Total Energy  Conserved En.    Temperature Pressure (bar)
    4.35629e+04   -2.26283e+05   -2.91677e+05    2.98584e+02   -6.02976e+01
   Constr. rmsd
    2.99902e-06

Writing checkpoint, step 203040 at Tue Mar 17 01:14:43 2026


           Step           Time
         205000      410.00000

   Energies (kJ/mol)
           Bond          Angle    Proper Dih. Ryckaert-Bell.          LJ-14
    6.48756e+02    1.72049e+03    1.03942e+02    7.14101e+02    1.20303e+03
     Coulomb-14        LJ (SR)   Coulomb (SR)   Coul. recip.      Potential
    8.09600e+03    4.79315e+04   -3.29758e+05    7.99002e+02   -2.68541e+05
    Kinetic En.   Total Energy  Conserved En.    Temperature Pressure (bar)
    4.30360e+04   -2.25505e+05   -2.91737e+05    2.94973e+02    9.14936e+00
   Constr. rmsd
    3.00396e-06


DD  step 209999 load imb.: force  7.0%
           Step           Time
         210000      420.00000

   Energies (kJ/mol)
           Bond          Angle    Proper Dih. Ryckaert-Bell.          LJ-14
    6.40427e+02    1.58367e+03    1.25904e+02    7.72854e+02    1.17305e+03
     Coulomb-14        LJ (SR)   Coulomb (SR)   Coul. recip.      Potential
    8.13162e+03    4.86905e+04   -3.31198e+05    7.80642e+02   -2.69299e+05
    Kinetic En.   Total Energy  Conserved En.    Temperature Pressure (bar)
    4.30968e+04   -2.26202e+05   -2.91465e+05    2.95390e+02    1.43145e+02
   Constr. rmsd
    2.64971e-06

Writing checkpoint, step 213680 at Tue Mar 17 01:40:04 2026


           Step           Time
         215000      430.00000

   Energies (kJ/mol)
           Bond          Angle    Proper Dih. Ryckaert-Bell.          LJ-14
    6.48002e+02    1.65890e+03    8.66672e+01    7.76898e+02    1.18001e+03
     Coulomb-14        LJ (SR)   Coulomb (SR)   Coul. recip.      Potential
    8.14379e+03    4.78192e+04   -3.29479e+05    8.00580e+02   -2.68365e+05
    Kinetic En.   Total Energy  Conserved En.    Temperature Pressure (bar)
    4.34178e+04   -2.24947e+05   -2.91526e+05    2.97590e+02   -1.34786e+02
   Constr. rmsd
    2.86539e-06

Writing checkpoint, step 217120 at Tue Mar 17 01:58:04 2026


Writing checkpoint, step 217280 at Tue Mar 17 01:58:06 2026



DD  step 219999 load imb.: force  6.0%
           Step           Time
         220000      440.00000

   Energies (kJ/mol)
           Bond          Angle    Proper Dih. Ryckaert-Bell.          LJ-14
    6.26610e+02    1.66675e+03    9.20245e+01    6.95043e+02    1.12441e+03
     Coulomb-14        LJ (SR)   Coulomb (SR)   Coul. recip.      Potential
    8.11048e+03    4.79417e+04   -3.30256e+05    7.55297e+02   -2.69244e+05
    Kinetic En.   Total Energy  Conserved En.    Temperature Pressure (bar)
    4.31870e+04   -2.26057e+05   -2.91168e+05    2.96008e+02   -1.48792e+01
   Constr. rmsd
    2.32930e-06

Writing checkpoint, step 220880 at Tue Mar 17 02:15:49 2026


Writing checkpoint, step 223280 at Tue Mar 17 02:33:15 2026


           Step           Time
         225000      450.00000

   Energies (kJ/mol)
           Bond          Angle    Proper Dih. Ryckaert-Bell.          LJ-14
    6.01716e+02    1.58547e+03    1.18237e+02    7.39388e+02    1.19646e+03
     Coulomb-14        LJ (SR)   Coulomb (SR)   Coul. recip.      Potential
    8.15164e+03    4.90935e+04   -3.31861e+05    7.97130e+02   -2.69578e+05
    Kinetic En.   Total Energy  Conserved En.    Temperature Pressure (bar)
    4.34876e+04   -2.26090e+05   -2.91161e+05    2.98069e+02    3.84469e+02
   Constr. rmsd
    2.67699e-06

Writing checkpoint, step 226960 at Tue Mar 17 02:50:46 2026



DD  step 229999 load imb.: force  5.6%
           Step           Time
         230000      460.00000

   Energies (kJ/mol)
           Bond          Angle    Proper Dih. Ryckaert-Bell.          LJ-14
    5.98977e+02    1.66281e+03    1.08194e+02    7.34127e+02    1.17149e+03
     Coulomb-14        LJ (SR)   Coulomb (SR)   Coul. recip.      Potential
    8.05325e+03    4.83518e+04   -3.30650e+05    8.14772e+02   -2.69154e+05
    Kinetic En.   Total Energy  Conserved En.    Temperature Pressure (bar)
    4.29228e+04   -2.26231e+05   -2.91056e+05    2.94198e+02   -4.94422e+01
   Constr. rmsd
    2.65040e-06

Writing checkpoint, step 230640 at Tue Mar 17 03:06:30 2026


Writing checkpoint, step 234560 at Tue Mar 17 03:15:59 2026


           Step           Time
         235000      470.00000

   Energies (kJ/mol)
           Bond          Angle    Proper Dih. Ryckaert-Bell.          LJ-14
    6.05100e+02    1.66763e+03    9.85002e+01    7.09665e+02    1.16495e+03
     Coulomb-14        LJ (SR)   Coulomb (SR)   Coul. recip.      Potential
    8.07394e+03    4.82574e+04   -3.29686e+05    8.15422e+02   -2.68294e+05
    Kinetic En.   Total Energy  Conserved En.    Temperature Pressure (bar)
    4.36444e+04   -2.24649e+05   -2.91060e+05    2.99143e+02    1.82970e+02
   Constr. rmsd
    2.41239e-06

Writing checkpoint, step 237760 at Tue Mar 17 03:33:24 2026



DD  step 239999 load imb.: force  3.7%
           Step           Time
         240000      480.00000

   Energies (kJ/mol)
           Bond          Angle    Proper Dih. Ryckaert-Bell.          LJ-14
    5.84920e+02    1.65904e+03    1.05516e+02    7.40565e+02    1.18286e+03
     Coulomb-14        LJ (SR)   Coulomb (SR)   Coul. recip.      Potential
    8.13632e+03    4.78194e+04   -3.29993e+05    7.88134e+02   -2.68976e+05
    Kinetic En.   Total Energy  Conserved En.    Temperature Pressure (bar)
    4.38455e+04   -2.25131e+05   -2.90803e+05    3.00522e+02    1.63994e+02
   Constr. rmsd
    2.89461e-06

Writing checkpoint, step 241520 at Tue Mar 17 03:48:45 2026


           Step           Time
         245000      490.00000

   Energies (kJ/mol)
           Bond          Angle    Proper Dih. Ryckaert-Bell.          LJ-14
    6.08511e+02    1.64337e+03    1.20600e+02    7.58375e+02    1.17397e+03
     Coulomb-14        LJ (SR)   Coulomb (SR)   Coul. recip.      Potential
    8.14028e+03    4.91145e+04   -3.32014e+05    8.22102e+02   -2.69632e+05
    Kinetic En.   Total Energy  Conserved En.    Temperature Pressure (bar)
    4.37603e+04   -2.25872e+05   -2.90632e+05    2.99937e+02    3.66761e+02
   Constr. rmsd
    2.32104e-06

Writing checkpoint, step 246240 at Tue Mar 17 04:04:46 2026


Writing checkpoint, step 249760 at Tue Mar 17 04:16:58 2026



DD  step 249999 load imb.: force  3.0%
           Step           Time
         250000      500.00000

   Energies (kJ/mol)
           Bond          Angle    Proper Dih. Ryckaert-Bell.          LJ-14
    6.45119e+02    1.56948e+03    9.39948e+01    7.79840e+02    1.15776e+03
     Coulomb-14        LJ (SR)   Coulomb (SR)   Coul. recip.      Potential
    8.14087e+03    4.72508e+04   -3.29442e+05    7.59156e+02   -2.69045e+05
    Kinetic En.   Total Energy  Conserved En.    Temperature Pressure (bar)
    4.36031e+04   -2.25442e+05   -2.90814e+05    2.98860e+02   -2.81029e+02
   Constr. rmsd
    2.76967e-06

           Step           Time
         255000      510.00000

   Energies (kJ/mol)
           Bond          Angle    Proper Dih. Ryckaert-Bell.          LJ-14
    5.77014e+02    1.76555e+03    9.65360e+01    7.54375e+02    1.11678e+03
     Coulomb-14        LJ (SR)   Coulomb (SR)   Coul. recip.      Potential
    8.14649e+03    4.80713e+04   -3.30025e+05    7.69745e+02   -2.68727e+05
    Kinetic En.   Total Energy  Conserved En.    Temperature Pressure (bar)
    4.33125e+04   -2.25414e+05   -2.90652e+05    2.96868e+02   -1.05448e+01
   Constr. rmsd
    2.94282e-06

Writing checkpoint, step 255840 at Tue Mar 17 04:34:05 2026


Writing checkpoint, step 259760 at Tue Mar 17 04:51:02 2026



DD  step 259999 load imb.: force  5.7%
           Step           Time
         260000      520.00000

   Energies (kJ/mol)
           Bond          Angle    Proper Dih. Ryckaert-Bell.          LJ-14
    6.17668e+02    1.71848e+03    9.16247e+01    7.07278e+02    1.14383e+03
     Coulomb-14        LJ (SR)   Coulomb (SR)   Coul. recip.      Potential
    8.12718e+03    4.82034e+04   -3.29963e+05    8.00615e+02   -2.68553e+05
    Kinetic En.   Total Energy  Conserved En.    Temperature Pressure (bar)
    4.33295e+04   -2.25223e+05   -2.90497e+05    2.96985e+02    2.03275e+02
   Constr. rmsd
    2.95216e-06

Writing checkpoint, step 264480 at Tue Mar 17 05:07:12 2026


           Step           Time
         265000      530.00000

   Energies (kJ/mol)
           Bond          Angle    Proper Dih. Ryckaert-Bell.          LJ-14
    6.84464e+02    1.53528e+03    9.00340e+01    7.42932e+02    1.17359e+03
     Coulomb-14        LJ (SR)   Coulomb (SR)   Coul. recip.      Potential
    8.15349e+03    4.85349e+04   -3.31359e+05    7.64402e+02   -2.69680e+05
    Kinetic En.   Total Energy  Conserved En.    Temperature Pressure (bar)
    4.31511e+04   -2.26529e+05   -2.90426e+05    2.95762e+02   -2.08980e+01
   Constr. rmsd
    3.08176e-06

Writing checkpoint, step 268320 at Tue Mar 17 05:17:58 2026



DD  step 269999 load imb.: force  9.7%
           Step           Time
         270000      540.00000

   Energies (kJ/mol)
           Bond          Angle    Proper Dih. Ryckaert-Bell.          LJ-14
    6.06802e+02    1.63833e+03    1.00405e+02    7.13936e+02    1.16829e+03
     Coulomb-14        LJ (SR)   Coulomb (SR)   Coul. recip.      Potential
    8.12406e+03    4.77595e+04   -3.30245e+05    7.87172e+02   -2.69346e+05
    Kinetic En.   Total Energy  Conserved En.    Temperature Pressure (bar)
    4.31413e+04   -2.26205e+05   -2.90305e+05    2.95695e+02   -1.67235e+02
   Constr. rmsd
    2.44459e-06

Writing checkpoint, step 274640 at Tue Mar 17 05:33:45 2026


           Step           Time
         275000      550.00000

   Energies (kJ/mol)
           Bond          Angle    Proper Dih. Ryckaert-Bell.          LJ-14
    6.25739e+02    1.58003e+03    9.93229e+01    7.49655e+02    1.13919e+03
     Coulomb-14        LJ (SR)   Coulomb (SR)   Coul. recip.      Potential
    8.11362e+03    4.76263e+04   -3.29924e+05    7.63546e+02   -2.69226e+05
    Kinetic En.   Total Energy  Conserved En.    Temperature Pressure (bar)
    4.35343e+04   -2.25692e+05   -2.90232e+05    2.98389e+02   -1.22275e+02
   Constr. rmsd
    2.81951e-06

Writing checkpoint, step 278640 at Tue Mar 17 05:49:41 2026



DD  step 279999 load imb.: force  8.8%
           Step           Time
         280000      560.00000

   Energies (kJ/mol)
           Bond          Angle    Proper Dih. Ryckaert-Bell.          LJ-14
    7.04825e+02    1.48798e+03    9.89104e+01    7.22472e+02    1.20222e+03
     Coulomb-14        LJ (SR)   Coulomb (SR)   Coul. recip.      Potential
    8.08377e+03    4.79974e+04   -3.29580e+05    7.57659e+02   -2.68525e+05
    Kinetic En.   Total Energy  Conserved En.    Temperature Pressure (bar)
    4.37836e+04   -2.24741e+05   -2.90307e+05    3.00097e+02   -1.96405e+01
   Constr. rmsd
    2.63142e-06

Writing checkpoint, step 282560 at Tue Mar 17 06:05:54 2026


           Step           Time
         285000      570.00000

   Energies (kJ/mol)
           Bond          Angle    Proper Dih. Ryckaert-Bell.          LJ-14
    5.69276e+02    1.71366e+03    8.94337e+01    7.68893e+02    1.20294e+03
     Coulomb-14        LJ (SR)   Coulomb (SR)   Coul. recip.      Potential
    8.13779e+03    4.69505e+04   -3.28892e+05    8.18831e+02   -2.68641e+05
    Kinetic En.   Total Energy  Conserved En.    Temperature Pressure (bar)
    4.39309e+04   -2.24710e+05   -2.90154e+05    3.01107e+02   -4.22318e+02
   Constr. rmsd
    2.49209e-06

Writing checkpoint, step 286720 at Tue Mar 17 06:18:58 2026



DD  step 289999 load imb.: force  3.4%
           Step           Time
         290000      580.00000

   Energies (kJ/mol)
           Bond          Angle    Proper Dih. Ryckaert-Bell.          LJ-14
    5.97272e+02    1.67423e+03    1.07403e+02    7.80063e+02    1.15931e+03
     Coulomb-14        LJ (SR)   Coulomb (SR)   Coul. recip.      Potential
    8.11304e+03    4.74711e+04   -3.29908e+05    7.68084e+02   -2.69238e+05
    Kinetic En.   Total Energy  Conserved En.    Temperature Pressure (bar)
    4.35196e+04   -2.25718e+05   -2.90055e+05    2.98288e+02   -2.05740e+02
   Constr. rmsd
    2.55609e-06

Writing checkpoint, step 292880 at Tue Mar 17 06:36:49 2026


           Step           Time
         295000      590.00000

   Energies (kJ/mol)
           Bond          Angle    Proper Dih. Ryckaert-Bell.          LJ-14
    5.95978e+02    1.64855e+03    1.03614e+02    6.89154e+02    1.17783e+03
     Coulomb-14        LJ (SR)   Coulomb (SR)   Coul. recip.      Potential
    8.15124e+03    4.88319e+04   -3.31404e+05    7.96163e+02   -2.69409e+05
    Kinetic En.   Total Energy  Conserved En.    Temperature Pressure (bar)
    4.38113e+04   -2.25598e+05   -2.89914e+05    3.00287e+02    1.66721e+02
   Constr. rmsd
    3.12373e-06

Writing checkpoint, step 296880 at Tue Mar 17 06:52:30 2026



DD  step 299999 load imb.: force  2.4%
           Step           Time
         300000      600.00000

   Energies (kJ/mol)
           Bond          Angle    Proper Dih. Ryckaert-Bell.          LJ-14
    6.89547e+02    1.51893e+03    8.81898e+01    7.04893e+02    1.14077e+03
     Coulomb-14        LJ (SR)   Coulomb (SR)   Coul. recip.      Potential
    8.13270e+03    4.78329e+04   -3.29806e+05    7.76627e+02   -2.68921e+05
    Kinetic En.   Total Energy  Conserved En.    Temperature Pressure (bar)
    4.36631e+04   -2.25258e+05   -2.89762e+05    2.99271e+02   -4.42094e+01
   Constr. rmsd
    2.80140e-06

Writing checkpoint, step 301840 at Tue Mar 17 07:09:03 2026


           Step           Time
         305000      610.00000

   Energies (kJ/mol)
           Bond          Angle    Proper Dih. Ryckaert-Bell.          LJ-14
    6.07924e+02    1.50142e+03    1.06801e+02    7.28284e+02    1.17188e+03
     Coulomb-14        LJ (SR)   Coulomb (SR)   Coul. recip.      Potential
    8.15903e+03    4.88691e+04   -3.30865e+05    7.75895e+02   -2.68945e+05
    Kinetic En.   Total Energy  Conserved En.    Temperature Pressure (bar)
    4.29867e+04   -2.25958e+05   -2.89920e+05    2.94635e+02    3.60583e+01
   Constr. rmsd
    3.04276e-06

Writing checkpoint, step 306240 at Tue Mar 17 07:19:58 2026



DD  step 309999 load imb.: force 12.0%
           Step           Time
         310000      620.00000

   Energies (kJ/mol)
           Bond          Angle    Proper Dih. Ryckaert-Bell.          LJ-14
    6.31943e+02    1.73831e+03    1.45727e+02    7.55610e+02    1.16005e+03
     Coulomb-14        LJ (SR)   Coulomb (SR)   Coul. recip.      Potential
    8.13544e+03    4.86109e+04   -3.30473e+05    7.89096e+02   -2.68506e+05
    Kinetic En.   Total Energy  Conserved En.    Temperature Pressure (bar)
    4.33824e+04   -2.25124e+05   -2.89709e+05    2.97348e+02    1.17430e+02
   Constr. rmsd
    3.10913e-06

Writing checkpoint, step 312720 at Tue Mar 17 07:35:55 2026


           Step           Time
         315000      630.00000

   Energies (kJ/mol)
           Bond          Angle    Proper Dih. Ryckaert-Bell.          LJ-14
    6.45847e+02    1.61051e+03    9.68045e+01    8.01887e+02    1.13066e+03
     Coulomb-14        LJ (SR)   Coulomb (SR)   Coul. recip.      Potential
    8.08665e+03    4.78371e+04   -3.30166e+05    7.50669e+02   -2.69205e+05
    Kinetic En.   Total Energy  Conserved En.    Temperature Pressure (bar)
    4.39417e+04   -2.25264e+05   -2.89670e+05    3.01181e+02   -1.76664e+02
   Constr. rmsd
    2.65766e-06

Writing checkpoint, step 316720 at Tue Mar 17 07:53:38 2026



DD  step 319999 load imb.: force  6.3%
           Step           Time
         320000      640.00000

   Energies (kJ/mol)
           Bond          Angle    Proper Dih. Ryckaert-Bell.          LJ-14
    6.53283e+02    1.49436e+03    6.97976e+01    7.39529e+02    1.21052e+03
     Coulomb-14        LJ (SR)   Coulomb (SR)   Coul. recip.      Potential
    8.11357e+03    4.79874e+04   -3.30663e+05    7.98156e+02   -2.69597e+05
    Kinetic En.   Total Energy  Conserved En.    Temperature Pressure (bar)
    4.38021e+04   -2.25795e+05   -2.89356e+05    3.00224e+02    1.48135e+02
   Constr. rmsd
    2.86503e-06

Writing checkpoint, step 320880 at Tue Mar 17 08:11:06 2026


           Step           Time
         325000      650.00000

   Energies (kJ/mol)
           Bond          Angle    Proper Dih. Ryckaert-Bell.          LJ-14
    6.19377e+02    1.54711e+03    9.35718e+01    7.68341e+02    1.18147e+03
     Coulomb-14        LJ (SR)   Coulomb (SR)   Coul. recip.      Potential
    8.08071e+03    4.76011e+04   -3.29083e+05    7.62273e+02   -2.68429e+05
    Kinetic En.   Total Energy  Conserved En.    Temperature Pressure (bar)
    4.24688e+04   -2.25960e+05   -2.89349e+05    2.91086e+02   -1.83921e+02
   Constr. rmsd
    2.98791e-06

Writing checkpoint, step 325680 at Tue Mar 17 08:20:59 2026



DD  step 329999 load imb.: force  3.7%
           Step           Time
         330000      660.00000

   Energies (kJ/mol)
           Bond          Angle    Proper Dih. Ryckaert-Bell.          LJ-14
    6.03386e+02    1.63791e+03    1.04809e+02    7.47268e+02    1.14628e+03
     Coulomb-14        LJ (SR)   Coulomb (SR)   Coul. recip.      Potential
    8.07712e+03    4.78335e+04   -3.29999e+05    7.45234e+02   -2.69103e+05
    Kinetic En.   Total Energy  Conserved En.    Temperature Pressure (bar)
    4.36056e+04   -2.25497e+05   -2.89289e+05    2.98877e+02   -1.26679e+02
   Constr. rmsd
    2.84572e-06

Writing checkpoint, step 332080 at Tue Mar 17 08:38:27 2026


           Step           Time
         335000      670.00000

   Energies (kJ/mol)
           Bond          Angle    Proper Dih. Ryckaert-Bell.          LJ-14
    5.84379e+02    1.56628e+03    9.22176e+01    7.66021e+02    1.19756e+03
     Coulomb-14        LJ (SR)   Coulomb (SR)   Coul. recip.      Potential
    8.07783e+03    4.78885e+04   -3.29959e+05    7.85288e+02   -2.69000e+05
    Kinetic En.   Total Energy  Conserved En.    Temperature Pressure (bar)
    4.34915e+04   -2.25509e+05   -2.89275e+05    2.98095e+02   -1.53696e+01
   Constr. rmsd
    2.44442e-06

Writing checkpoint, step 336240 at Tue Mar 17 08:50:38 2026



DD  step 339999 load imb.: force  3.3%
           Step           Time
         340000      680.00000

   Energies (kJ/mol)
           Bond          Angle    Proper Dih. Ryckaert-Bell.          LJ-14
    6.42835e+02    1.61774e+03    8.83670e+01    7.81026e+02    1.16599e+03
     Coulomb-14        LJ (SR)   Coulomb (SR)   Coul. recip.      Potential
    8.15565e+03    4.78043e+04   -3.28988e+05    7.82451e+02   -2.67950e+05
    Kinetic En.   Total Energy  Conserved En.    Temperature Pressure (bar)
    4.34039e+04   -2.24546e+05   -2.89129e+05    2.97495e+02    3.26415e+01
   Constr. rmsd
    2.96222e-06

Writing checkpoint, step 342720 at Tue Mar 17 09:03:16 2026


           Step           Time
         345000      690.00000

   Energies (kJ/mol)
           Bond          Angle    Proper Dih. Ryckaert-Bell.          LJ-14
    6.44055e+02    1.57866e+03    9.81521e+01    8.26021e+02    1.13357e+03
     Coulomb-14        LJ (SR)   Coulomb (SR)   Coul. recip.      Potential
    8.13964e+03    4.88545e+04   -3.31140e+05    8.34262e+02   -2.69031e+05
    Kinetic En.   Total Energy  Conserved En.    Temperature Pressure (bar)
    4.35899e+04   -2.25441e+05   -2.89178e+05    2.98770e+02    2.54904e+02
   Constr. rmsd
    2.77129e-06


DD  step 349999 load imb.: force  4.6%
           Step           Time
         350000      700.00000

   Energies (kJ/mol)
           Bond          Angle    Proper Dih. Ryckaert-Bell.          LJ-14
    6.39279e+02    1.63154e+03    9.78850e+01    7.96684e+02    1.17650e+03
     Coulomb-14        LJ (SR)   Coulomb (SR)   Coul. recip.      Potential
    8.13866e+03    4.86750e+04   -3.30746e+05    7.91902e+02   -2.68798e+05
    Kinetic En.   Total Energy  Conserved En.    Temperature Pressure (bar)
    4.28662e+04   -2.25932e+05   -2.89026e+05    2.93809e+02    1.22060e+02
   Constr. rmsd
    2.72165e-06

           Step           Time
         355000      710.00000

   Energies (kJ/mol)
           Bond          Angle    Proper Dih. Ryckaert-Bell.          LJ-14
    5.44760e+02    1.56911e+03    1.33923e+02    8.41723e+02    1.22131e+03
     Coulomb-14        LJ (SR)   Coulomb (SR)   Coul. recip.      Potential
    8.13860e+03    4.82841e+04   -3.30330e+05    8.04441e+02   -2.68792e+05
    Kinetic En.   Total Energy  Conserved En.    Temperature Pressure (bar)
    4.36651e+04   -2.25126e+05   -2.88981e+05    2.99285e+02    2.07153e+02
   Constr. rmsd
    2.90313e-06


DD  step 359999 load imb.: force  3.7%
           Step           Time
         360000      720.00000

   Energies (kJ/mol)
           Bond          Angle    Proper Dih. Ryckaert-Bell.          LJ-14
    5.66094e+02    1.61869e+03    9.80212e+01    7.77037e+02    1.14681e+03
     Coulomb-14        LJ (SR)   Coulomb (SR)   Coul. recip.      Potential
    8.09598e+03    4.87589e+04   -3.30561e+05    7.80934e+02   -2.68719e+05
    Kinetic En.   Total Energy  Conserved En.    Temperature Pressure (bar)
    4.35124e+04   -2.25207e+05   -2.88986e+05    2.98238e+02    2.09133e+02
   Constr. rmsd
    2.95464e-06

           Step           Time
         365000      730.00000

   Energies (kJ/mol)
           Bond          Angle    Proper Dih. Ryckaert-Bell.          LJ-14
    6.62571e+02    1.57520e+03    1.14549e+02    8.07210e+02    1.12438e+03
     Coulomb-14        LJ (SR)   Coulomb (SR)   Coul. recip.      Potential
    8.06538e+03    4.78063e+04   -3.29966e+05    7.62902e+02   -2.69048e+05
    Kinetic En.   Total Energy  Conserved En.    Temperature Pressure (bar)
    4.29248e+04   -2.26123e+05   -2.88871e+05    2.94211e+02   -2.62451e+02
   Constr. rmsd
    2.56091e-06


DD  step 369999 load imb.: force  5.2%
           Step           Time
         370000      740.00000

   Energies (kJ/mol)
           Bond          Angle    Proper Dih. Ryckaert-Bell.          LJ-14
    6.40667e+02    1.52741e+03    8.72576e+01    8.05509e+02    1.15220e+03
     Coulomb-14        LJ (SR)   Coulomb (SR)   Coul. recip.      Potential
    8.09603e+03    4.81081e+04   -3.29325e+05    8.11859e+02   -2.68096e+05
    Kinetic En.   Total Energy  Conserved En.    Temperature Pressure (bar)
    4.30622e+04   -2.25033e+05   -2.88551e+05    2.95153e+02    2.20265e+02
   Constr. rmsd
    2.29269e-06

           Step           Time
         375000      750.00000

   Energies (kJ/mol)
           Bond          Angle    Proper Dih. Ryckaert-Bell.          LJ-14
    6.36087e+02    1.55683e+03    8.02873e+01    7.10710e+02    1.11630e+03
     Coulomb-14        LJ (SR)   Coulomb (SR)   Coul. recip.      Potential
    8.05909e+03    4.85960e+04   -3.30800e+05    7.68521e+02   -2.69276e+05
    Kinetic En.   Total Energy  Conserved En.    Temperature Pressure (bar)
    4.35562e+04   -2.25720e+05   -2.88481e+05    2.98539e+02    1.65998e+02
   Constr. rmsd
    2.56084e-06


DD  step 379999 load imb.: force  6.2%
           Step           Time
         380000      760.00000

   Energies (kJ/mol)
           Bond          Angle    Proper Dih. Ryckaert-Bell.          LJ-14
    6.61705e+02    1.58486e+03    1.09825e+02    7.30446e+02    1.08647e+03
     Coulomb-14        LJ (SR)   Coulomb (SR)   Coul. recip.      Potential
    8.06454e+03    4.77300e+04   -3.29825e+05    7.91306e+02   -2.69066e+05
    Kinetic En.   Total Energy  Conserved En.    Temperature Pressure (bar)
    4.29799e+04   -2.26086e+05   -2.88648e+05    2.94588e+02   -2.79256e+02
   Constr. rmsd
    2.68321e-06

           Step           Time
         385000      770.00000

   Energies (kJ/mol)
           Bond          Angle    Proper Dih. Ryckaert-Bell.          LJ-14
    6.04745e+02    1.59505e+03    8.39125e+01    7.78124e+02    1.18484e+03
     Coulomb-14        LJ (SR)   Coulomb (SR)   Coul. recip.      Potential
    8.13098e+03    4.86985e+04   -3.31407e+05    8.02300e+02   -2.69529e+05
    Kinetic En.   Total Energy  Conserved En.    Temperature Pressure (bar)
    4.37585e+04   -2.25770e+05   -2.88411e+05    2.99925e+02    2.16226e+02
   Constr. rmsd
    2.82529e-06


DD  step 389999 load imb.: force  4.7%
           Step           Time
         390000      780.00000

   Energies (kJ/mol)
           Bond          Angle    Proper Dih. Ryckaert-Bell.          LJ-14
    6.37688e+02    1.52976e+03    9.85228e+01    7.78735e+02    1.17684e+03
     Coulomb-14        LJ (SR)   Coulomb (SR)   Coul. recip.      Potential
    8.10392e+03    4.77642e+04   -3.30571e+05    7.67718e+02   -2.69713e+05
    Kinetic En.   Total Energy  Conserved En.    Temperature Pressure (bar)
    4.36772e+04   -2.26036e+05   -2.88210e+05    2.99368e+02   -1.23465e+02
   Constr. rmsd
    2.72051e-06

           Step           Time
         395000      790.00000

   Energies (kJ/mol)
           Bond          Angle    Proper Dih. Ryckaert-Bell.          LJ-14
    5.78383e+02    1.58552e+03    1.17187e+02    7.80550e+02    1.17957e+03
     Coulomb-14        LJ (SR)   Coulomb (SR)   Coul. recip.      Potential
    8.14301e+03    4.81356e+04   -3.30184e+05    7.41919e+02   -2.68922e+05
    Kinetic En.   Total Energy  Conserved En.    Temperature Pressure (bar)
    4.35115e+04   -2.25410e+05   -2.88328e+05    2.98232e+02    5.01110e+01
   Constr. rmsd
    2.53730e-06


DD  step 399999 load imb.: force  6.6%
           Step           Time
         400000      800.00000

   Energies (kJ/mol)
           Bond          Angle    Proper Dih. Ryckaert-Bell.          LJ-14
    6.49572e+02    1.57925e+03    1.03178e+02    7.55859e+02    1.16176e+03
     Coulomb-14        LJ (SR)   Coulomb (SR)   Coul. recip.      Potential
    8.12743e+03    4.78367e+04   -3.30459e+05    7.68322e+02   -2.69476e+05
    Kinetic En.   Total Energy  Conserved En.    Temperature Pressure (bar)
    4.33783e+04   -2.26098e+05   -2.88115e+05    2.97319e+02   -1.37598e+02
   Constr. rmsd
    3.01423e-06

           Step           Time
         405000      810.00000

   Energies (kJ/mol)
           Bond          Angle    Proper Dih. Ryckaert-Bell.          LJ-14
    6.08717e+02    1.54777e+03    1.11973e+02    7.62291e+02    1.16632e+03
     Coulomb-14        LJ (SR)   Coulomb (SR)   Coul. recip.      Potential
    8.16701e+03    4.73954e+04   -3.29511e+05    7.97091e+02   -2.68954e+05
    Kinetic En.   Total Energy  Conserved En.    Temperature Pressure (bar)
    4.31514e+04   -2.25803e+05   -2.88119e+05    2.95764e+02   -1.80545e+02
   Constr. rmsd
    2.72044e-06

Writing checkpoint, step 409680 at Tue Mar 17 09:12:04 2026



DD  step 409999 load imb.: force  2.5%
           Step           Time
         410000      820.00000

   Energies (kJ/mol)
           Bond          Angle    Proper Dih. Ryckaert-Bell.          LJ-14
    6.45413e+02    1.64963e+03    1.05432e+02    7.33294e+02    1.16911e+03
     Coulomb-14        LJ (SR)   Coulomb (SR)   Coul. recip.      Potential
    8.11747e+03    4.78111e+04   -3.30968e+05    7.98336e+02   -2.69939e+05
    Kinetic En.   Total Energy  Conserved En.    Temperature Pressure (bar)
    4.42347e+04   -2.25704e+05   -2.87888e+05    3.03189e+02   -1.55072e+02
   Constr. rmsd
    2.77203e-06

           Step           Time
         415000      830.00000

   Energies (kJ/mol)
           Bond          Angle    Proper Dih. Ryckaert-Bell.          LJ-14
    6.61103e+02    1.56967e+03    9.89582e+01    8.10975e+02    1.22083e+03
     Coulomb-14        LJ (SR)   Coulomb (SR)   Coul. recip.      Potential
    8.12200e+03    4.85180e+04   -3.31615e+05    7.89461e+02   -2.69824e+05
    Kinetic En.   Total Energy  Conserved En.    Temperature Pressure (bar)
    4.35454e+04   -2.26279e+05   -2.88009e+05    2.98465e+02    9.45997e+01
   Constr. rmsd
    2.94388e-06


DD  step 419999 load imb.: force  2.5%
           Step           Time
         420000      840.00000

   Energies (kJ/mol)
           Bond          Angle    Proper Dih. Ryckaert-Bell.          LJ-14
    6.26280e+02    1.51976e+03    8.73859e+01    8.18548e+02    1.20037e+03
     Coulomb-14        LJ (SR)   Coulomb (SR)   Coul. recip.      Potential
    8.10670e+03    4.82881e+04   -3.30105e+05    7.62603e+02   -2.68695e+05
    Kinetic En.   Total Energy  Conserved En.    Temperature Pressure (bar)
    4.36551e+04   -2.25040e+05   -2.87581e+05    2.99216e+02    9.52551e+01
   Constr. rmsd
    2.91210e-06

           Step           Time
         425000      850.00000

   Energies (kJ/mol)
           Bond          Angle    Proper Dih. Ryckaert-Bell.          LJ-14
    6.25343e+02    1.58873e+03    1.09303e+02    7.31503e+02    1.23615e+03
     Coulomb-14        LJ (SR)   Coulomb (SR)   Coul. recip.      Potential
    8.14544e+03    4.78812e+04   -3.30614e+05    7.90652e+02   -2.69505e+05
    Kinetic En.   Total Energy  Conserved En.    Temperature Pressure (bar)
    4.32656e+04   -2.26240e+05   -2.87756e+05    2.96547e+02   -6.21169e+01
   Constr. rmsd
    2.55324e-06


DD  step 429999 load imb.: force  3.0%
           Step           Time
         430000      860.00000

   Energies (kJ/mol)
           Bond          Angle    Proper Dih. Ryckaert-Bell.          LJ-14
    5.90609e+02    1.64094e+03    9.71030e+01    7.41046e+02    1.10383e+03
     Coulomb-14        LJ (SR)   Coulomb (SR)   Coul. recip.      Potential
    8.10490e+03    4.83077e+04   -3.30345e+05    7.79833e+02   -2.68979e+05
    Kinetic En.   Total Energy  Conserved En.    Temperature Pressure (bar)
    4.35677e+04   -2.25411e+05   -2.87450e+05    2.98618e+02    3.61107e+00
   Constr. rmsd
    2.69695e-06

           Step           Time
         435000      870.00000

   Energies (kJ/mol)
           Bond          Angle    Proper Dih. Ryckaert-Bell.          LJ-14
    6.06262e+02    1.68702e+03    1.06952e+02    7.85127e+02    1.19250e+03
     Coulomb-14        LJ (SR)   Coulomb (SR)   Coul. recip.      Potential
    8.11839e+03    4.78418e+04   -3.30177e+05    8.05269e+02   -2.69033e+05
    Kinetic En.   Total Energy  Conserved En.    Temperature Pressure (bar)
    4.39003e+04   -2.25133e+05   -2.87546e+05    3.00897e+02   -2.33153e+02
   Constr. rmsd
    3.13691e-06


DD  step 439999 load imb.: force  3.2%
           Step           Time
         440000      880.00000

   Energies (kJ/mol)
           Bond          Angle    Proper Dih. Ryckaert-Bell.          LJ-14
    7.02065e+02    1.62666e+03    1.42836e+02    8.07039e+02    1.13048e+03
     Coulomb-14        LJ (SR)   Coulomb (SR)   Coul. recip.      Potential
    8.09518e+03    4.80262e+04   -3.30828e+05    8.13307e+02   -2.69485e+05
    Kinetic En.   Total Energy  Conserved En.    Temperature Pressure (bar)
    4.34284e+04   -2.26056e+05   -2.87353e+05    2.97663e+02   -1.04751e+02
   Constr. rmsd
    3.21453e-06

           Step           Time
         445000      890.00000

   Energies (kJ/mol)
           Bond          Angle    Proper Dih. Ryckaert-Bell.          LJ-14
    5.59931e+02    1.66627e+03    1.10693e+02    8.20063e+02    1.16936e+03
     Coulomb-14        LJ (SR)   Coulomb (SR)   Coul. recip.      Potential
    8.09401e+03    4.80269e+04   -3.30561e+05    7.80549e+02   -2.69333e+05
    Kinetic En.   Total Energy  Conserved En.    Temperature Pressure (bar)
    4.33209e+04   -2.26012e+05   -2.87308e+05    2.96926e+02    8.13313e+01
   Constr. rmsd
    2.88795e-06


DD  step 449999 load imb.: force  3.8%
           Step           Time
         450000      900.00000

   Energies (kJ/mol)
           Bond          Angle    Proper Dih. Ryckaert-Bell.          LJ-14
    6.05588e+02    1.59168e+03    1.01437e+02    7.79487e+02    1.19622e+03
     Coulomb-14        LJ (SR)   Coulomb (SR)   Coul. recip.      Potential
    8.12191e+03    4.87695e+04   -3.31134e+05    7.59290e+02   -2.69209e+05
    Kinetic En.   Total Energy  Conserved En.    Temperature Pressure (bar)
    4.38226e+04   -2.25386e+05   -2.87163e+05    3.00364e+02    2.49589e+02
   Constr. rmsd
    2.80494e-06

           Step           Time
         455000      910.00000

   Energies (kJ/mol)
           Bond          Angle    Proper Dih. Ryckaert-Bell.          LJ-14
    5.93184e+02    1.66427e+03    9.63495e+01    7.60159e+02    1.13830e+03
     Coulomb-14        LJ (SR)   Coulomb (SR)   Coul. recip.      Potential
    8.16093e+03    4.83848e+04   -3.30434e+05    7.87057e+02   -2.68849e+05
    Kinetic En.   Total Energy  Conserved En.    Temperature Pressure (bar)
    4.32741e+04   -2.25575e+05   -2.87228e+05    2.96605e+02   -1.61454e+01
   Constr. rmsd
    3.36347e-06


DD  step 459999 load imb.: force  5.8%
           Step           Time
         460000      920.00000

   Energies (kJ/mol)
           Bond          Angle    Proper Dih. Ryckaert-Bell.          LJ-14
    6.50765e+02    1.57702e+03    1.06952e+02    8.01379e+02    1.10655e+03
     Coulomb-14        LJ (SR)   Coulomb (SR)   Coul. recip.      Potential
    8.09654e+03    4.79603e+04   -3.30558e+05    7.28352e+02   -2.69530e+05
    Kinetic En.   Total Energy  Conserved En.    Temperature Pressure (bar)
    4.29857e+04   -2.26545e+05   -2.87222e+05    2.94629e+02   -1.91698e+02
   Constr. rmsd
    2.92867e-06

           Step           Time
         465000      930.00000

   Energies (kJ/mol)
           Bond          Angle    Proper Dih. Ryckaert-Bell.          LJ-14
    6.28090e+02    1.43468e+03    1.05899e+02    8.15290e+02    1.22222e+03
     Coulomb-14        LJ (SR)   Coulomb (SR)   Coul. recip.      Potential
    8.13308e+03    4.73959e+04   -3.29093e+05    8.08031e+02   -2.68550e+05
    Kinetic En.   Total Energy  Conserved En.    Temperature Pressure (bar)
    4.34652e+04   -2.25085e+05   -2.87236e+05    2.97915e+02   -2.24001e+02
   Constr. rmsd
    2.47797e-06


DD  step 469999 load imb.: force  6.1%
           Step           Time
         470000      940.00000

   Energies (kJ/mol)
           Bond          Angle    Proper Dih. Ryckaert-Bell.          LJ-14
    6.14444e+02    1.64538e+03    1.10715e+02    7.62263e+02    1.18122e+03
     Coulomb-14        LJ (SR)   Coulomb (SR)   Coul. recip.      Potential
    8.16134e+03    4.77271e+04   -3.29801e+05    7.75502e+02   -2.68823e+05
    Kinetic En.   Total Energy  Conserved En.    Temperature Pressure (bar)
    4.31808e+04   -2.25642e+05   -2.86974e+05    2.95966e+02   -7.32738e+01
   Constr. rmsd
    3.12737e-06

           Step           Time
         475000      950.00000

   Energies (kJ/mol)
           Bond          Angle    Proper Dih. Ryckaert-Bell.          LJ-14
    6.54067e+02    1.47329e+03    1.03142e+02    7.40637e+02    1.15324e+03
     Coulomb-14        LJ (SR)   Coulomb (SR)   Coul. recip.      Potential
    8.07827e+03    4.74337e+04   -3.29898e+05    7.65648e+02   -2.69496e+05
    Kinetic En.   Total Energy  Conserved En.    Temperature Pressure (bar)
    4.35705e+04   -2.25926e+05   -2.86769e+05    2.98637e+02   -3.84354e+02
   Constr. rmsd
    3.42577e-06


DD  step 479999 load imb.: force  6.7%
           Step           Time
         480000      960.00000

   Energies (kJ/mol)
           Bond          Angle    Proper Dih. Ryckaert-Bell.          LJ-14
    6.48483e+02    1.68572e+03    1.02785e+02    7.98453e+02    1.24387e+03
     Coulomb-14        LJ (SR)   Coulomb (SR)   Coul. recip.      Potential
    8.18981e+03    4.84939e+04   -3.30841e+05    8.19537e+02   -2.68858e+05
    Kinetic En.   Total Energy  Conserved En.    Temperature Pressure (bar)
    4.36843e+04   -2.25174e+05   -2.86595e+05    2.99416e+02    2.37909e+02
   Constr. rmsd
    2.99490e-06

           Step           Time
         485000      970.00000

   Energies (kJ/mol)
           Bond          Angle    Proper Dih. Ryckaert-Bell.          LJ-14
    6.30353e+02    1.53710e+03    1.08043e+02    7.31749e+02    1.17604e+03
     Coulomb-14        LJ (SR)   Coulomb (SR)   Coul. recip.      Potential
    8.08414e+03    4.74757e+04   -3.29100e+05    8.05657e+02   -2.68551e+05
    Kinetic En.   Total Energy  Conserved En.    Temperature Pressure (bar)
    4.34670e+04   -2.25084e+05   -2.86544e+05    2.97928e+02   -1.14946e+02
   Constr. rmsd
    2.56408e-06


DD  step 489999 load imb.: force  5.3%
           Step           Time
         490000      980.00000

   Energies (kJ/mol)
           Bond          Angle    Proper Dih. Ryckaert-Bell.          LJ-14
    6.50227e+02    1.56055e+03    1.03570e+02    7.28654e+02    1.16763e+03
     Coulomb-14        LJ (SR)   Coulomb (SR)   Coul. recip.      Potential
    8.13231e+03    4.78835e+04   -3.29879e+05    7.64858e+02   -2.68887e+05
    Kinetic En.   Total Energy  Conserved En.    Temperature Pressure (bar)
    4.36367e+04   -2.25251e+05   -2.86548e+05    2.99090e+02   -3.20163e+00
   Constr. rmsd
    2.91242e-06

           Step           Time
         495000      990.00000

   Energies (kJ/mol)
           Bond          Angle    Proper Dih. Ryckaert-Bell.          LJ-14
    6.30010e+02    1.59985e+03    1.05179e+02    7.27453e+02    1.17566e+03
     Coulomb-14        LJ (SR)   Coulomb (SR)   Coul. recip.      Potential
    8.12539e+03    4.86680e+04   -3.31146e+05    8.23879e+02   -2.69291e+05
    Kinetic En.   Total Energy  Conserved En.    Temperature Pressure (bar)
    4.40068e+04   -2.25284e+05   -2.86466e+05    3.01627e+02   -9.56823e-01
   Constr. rmsd
    2.34495e-06


DD  step 499999 load imb.: force  3.3%
           Step           Time
         500000     1000.00000

Writing checkpoint, step 500000 at Tue Mar 17 09:23:47 2026


   Energies (kJ/mol)
           Bond          Angle    Proper Dih. Ryckaert-Bell.          LJ-14
    6.41281e+02    1.55635e+03    1.00671e+02    7.40667e+02    1.17979e+03
     Coulomb-14        LJ (SR)   Coulomb (SR)   Coul. recip.      Potential
    8.16865e+03    4.79726e+04   -3.30232e+05    8.68324e+02   -2.69004e+05
    Kinetic En.   Total Energy  Conserved En.    Temperature Pressure (bar)
    4.31208e+04   -2.25883e+05   -2.86481e+05    2.95554e+02   -1.36143e+02
   Constr. rmsd
    2.78829e-06


Energy conservation over simulation part #1 of length 1000 ps, time 0 to 1000 ps
  Conserved energy drift: 1.22e-04 kJ/mol/ps per atom


	<======  ###############  ==>
	<====  A V E R A G E S  ====>
	<==  ###############  ======>

	Statistics over 500001 steps using 5001 frames

   Energies (kJ/mol)
           Bond          Angle    Proper Dih. Ryckaert-Bell.          LJ-14
    6.25155e+02    1.60304e+03    1.00558e+02    7.77458e+02    1.16023e+03
     Coulomb-14        LJ (SR)   Coulomb (SR)   Coul. recip.      Potential
    8.12916e+03    4.82544e+04   -3.30617e+05    7.90921e+02   -2.69176e+05
    Kinetic En.   Total Energy  Conserved En.    Temperature Pressure (bar)
    4.33965e+04   -2.25780e+05   -2.90769e+05    2.97444e+02   -9.13301e+00
   Constr. rmsd
    0.00000e+00

          Box-X          Box-Y          Box-Z
    5.57130e+00    5.57130e+00    5.57130e+00

   Total Virial (kJ/mol)
    1.45254e+04    1.81048e+01   -3.05394e+01
    1.80743e+01    1.45205e+04    1.39611e+01
   -3.05601e+01    1.39683e+01    1.45040e+04

   Pressure (bar)
   -8.88065e+00   -3.52772e-01    5.49359e+00
   -3.46884e-01   -1.18796e+01   -6.58885e-01
    5.49758e+00   -6.60264e-01   -6.63874e+00


	M E G A - F L O P S   A C C O U N T I N G

 NB=Group-cutoff nonbonded kernels    NxN=N-by-N cluster Verlet kernels
 RF=Reaction-Field  VdW=Van der Waals  QSTab=quadratic-spline table
 W3=SPC/TIP3p  W4=TIP4p (single or pairs)
 V&F=Potential and force  V=Potential only  F=Force only

 Computing:                               M-Number         M-Flops  % Flops
-----------------------------------------------------------------------------
 Pair Search distance check           52428.571768      471857.146     0.1
 NxN Ewald Elec. + LJ [F]           3599536.913528   280763879.255    55.8
 NxN Ewald Elec. + LJ [V&F]           36366.021176     4691216.732     0.9
 NxN Ewald Elec. [F]                3286227.351032   200459868.413    39.9
 NxN Ewald Elec. [V&F]                33200.744856     2788862.568     0.6
 1,4 nonbonded interactions            1119.502239      100755.202     0.0
 Calc Weights                         25996.551993      935875.872     0.2
 Spread Q Bspline                    554593.109184     1109186.218     0.2
 Gather F Bspline                    554593.109184     3327558.655     0.7
 3D-FFT                              723625.447248     5789003.578     1.2
 Solve PME                            12312.024624      787969.576     0.2
 Reset In Box                           108.284088         324.852     0.0
 CG-CoM                                 108.336081         325.008     0.0
 Bonds                                  221.000442       13039.026     0.0
 Angles                                 775.501551      130284.261     0.0
 Propers                                 83.000166       19007.038     0.0
 RB-Dihedrals                           861.501723      212790.926     0.0
 Virial                                  88.472691        1592.508     0.0
 Stop-CM                                 86.672331         866.723     0.0
 P-Coupling                              86.672331         520.034     0.0
 Calc-Ekin                              173.344662        4680.306     0.0
 Lincs                                  209.500419       12570.025     0.0
 Lincs-Mat                             1122.002244        4488.009     0.0
 Constraint-V                          8657.017314       77913.156     0.0
 Constraint-Vir                          84.491895        2027.805     0.0
 Settle                                2746.005492     1016022.032     0.2
-----------------------------------------------------------------------------
 Total                                               502722484.924   100.0
-----------------------------------------------------------------------------


    D O M A I N   D E C O M P O S I T I O N   S T A T I S T I C S

 av. #atoms communicated per step for force:  2 x 33866.0


Dynamic load balancing report:
 DLB got disabled because it was unsuitable to use.
 Average load imbalance: 5.9%.
 The balanceable part of the MD step is 5%, load imbalance is computed from this.
 Part of the total run time spent waiting due to load imbalance: 0.3%.


      R E A L   C Y C L E   A N D   T I M E   A C C O U N T I N G

On 8 MPI ranks

 Activity:              Num   Num      Call    Wall time         Giga-Cycles
                        Ranks Threads  Count      (s)         total sum    %
--------------------------------------------------------------------------------
 Domain decomp.            8    1       6250       7.740          1.486   0.0
 DD comm. load             8    1       1281       0.063          0.012   0.0
 DD comm. bounds           8    1         31       0.003          0.001   0.0
 Neighbor search           8    1       6251      31.700          6.086   0.1
 Comm. coord.              8    1     493750     161.419         30.993   0.5
 Force                     8    1     500001   11557.613       2219.078  36.9
 Wait + Comm. F            8    1     500001     242.714         46.601   0.8
 PME mesh                  8    1     500001   18788.854       3607.486  60.0
 NB X/F buffer ops.        8    1    1493752     109.651         21.053   0.4
 Write traj.               8    1        135       0.096          0.018   0.0
 Update                    8    1     500001     101.483         19.485   0.3
 Constraints               8    1     500001     299.433         57.492   1.0
 Kinetic energy            8    1      10001       0.109          0.021   0.0
 Comm. energies            8    1       5001       1.363          0.262   0.0
 Rest                                              1.712          0.329   0.0
--------------------------------------------------------------------------------
 Total                                         31303.953       6010.403 100.0
--------------------------------------------------------------------------------
 Breakdown of PME mesh activities
--------------------------------------------------------------------------------
 PME redist. X/F           8    1    1000002   13341.567       2561.599  42.6
 PME spread                8    1     500001    2301.622        441.915   7.4
 PME gather                8    1     500001     574.480        110.301   1.8
 PME 3D-FFT                8    1    1000002      46.631          8.953   0.1
 PME 3D-FFT Comm.          8    1    2000004    2518.887        483.630   8.0
 PME solve Elec            8    1     500001       5.452          1.047   0.0
--------------------------------------------------------------------------------

               Core t (s)   Wall t (s)        (%)
       Time:   250431.540    31303.953      800.0
                         8h41:43
                 (ns/day)    (hour/ns)    (ms/step)  (Matom*steps/s) 
Performance:        2.760        8.696       62.608            0.277 
Finished mdrun on rank 0 Tue Mar 17 09:23:47 2026

