                      :-) GROMACS - gmx mdrun, 2026.1 (-:

Copyright 1991-2026 The GROMACS Authors.
GROMACS is free software; you can redistribute it and/or modify it
under the terms of the GNU Lesser General Public License
as published by the Free Software Foundation; either version 2.1
of the License, or (at your option) any later version.

                         Current GROMACS contributors:
       Mark Abraham           Andrey Alekseenko           Brian Andrews       
        Paul Bauer              Cathrine Bergh              Hugh Bird         
      Eliane Briand               Ania Brown                Yiqi Chen         
      Mahesh Doijade            Giacomo Fiorin          Stefan Fleischmann    
      Sergey Gorelov         Gilles Gouaillardet            Alan Gray         
   Farzaneh Jalalypour         Petter Johansson          Carsten Kutzner      
    Grzegorz Łazarski         Justin A. Lemkul          Magnus Lundborg      
        Julio Maia               Pascal Merz             Vedran Miletić      
      Dmitry Morozov           Lukas Müllender           Szilárd Páll      
 Andrea Pasquadibisceglie     Michele Pellegrino         Nicola Piasentin     
     Daniele Rapetti         Muhammad Umair Sadiq         Hubert Santuz       
      Michael Shirts           Tatiana Shugaeva          Alexey Shvetsov      
     Bálint Soproni            Philip Turner            Alessandra Villa     
        Yang Zhang        

                         Previous GROMACS contributors:
        Emile Apol             Rossen Apostolov           James Barnett       
      Vladimir Basov        Herman J.C. Berendsen          Par Bjelkmar       
      Christian Blau          Viacheslav Bolnykh            Kevin Boyd        
    Aldert van Buuren          Carlo Camilloni           Rudi van Drunen      
      Anton Feenstra           Oliver Fleetwood            Vytas Gapsys       
       Gaurav Garg             Gerrit Groenhof            Bert de Groot       
      Anca Hamuraru           Vincent Hindriksen          Victor Holanda      
     M. Eric Irrgang           Aleksei Iupinov              Joe Jordan        
    Christoph Junghans        Prashanth Kanduri        Dimitrios Karkoulis    
       Peter Kasson             Sebastian Kehl           Sebastian Keller     
        Jiri Kraus               Per Larsson              Viveca Lindahl      
      Erik Marklund           Pieter Meulenhoff           Teemu Murtola       
       Julien Nabet              Sander Pronk             Roland Schulz       
      Alfons Sijbers         David van der Spoel          Peter Tieleman      
      Carsten Uphoff             Jon Vincent             Teemu Virolainen     
    Christian Wennberg     Sebastian Wingbermühle         Maarten Wolf       
      Artem Zhmurov       

                  Coordinated by the GROMACS project leaders:
                           Berk Hess and Erik Lindahl

GROMACS:      gmx mdrun, version 2026.1
Executable:   /usr/local/gromacs/bin/gmx
Data prefix:  /usr/local/gromacs
Working dir:  /Users/samarthsethi/Desktop/305lab/lab7/1l2y
Process ID:   70068
Command line:
  gmx mdrun -deffnm md_1l2y_363 -v

GROMACS version:     2026.1
Precision:           mixed
Memory model:        64 bit
MPI library:         thread_mpi
MPI version:         built in
OpenMP support:      disabled
GPU support:         disabled
SIMD instructions:   ARM_NEON_ASIMD
CPU FFT library:     fftw-3.3.10
GPU FFT library:     none
Multi-GPU FFT:       none
TNG support:         enabled
Hwloc support:       disabled
Tracing support:     disabled
Colvars support:     enabled (version 2025-10-13)
CP2K support:        disabled
Torch support:       disabled
Plumed support:      enabled
C compiler:          /usr/bin/cc AppleClang 17.0.0.17000603
C compiler flags:    -Wno-unknown-pragmas -Wno-missing-field-initializers -fno-stack-check -O3 -DNDEBUG
C++ compiler:        /usr/bin/c++ AppleClang 17.0.0.17000603
C++ compiler flags:  -Wno-unknown-pragmas -Wno-reserved-identifier -Wno-missing-field-initializers -fno-stack-check -Weverything -Wno-c++98-compat -Wno-c++98-compat-pedantic -Wno-source-uses-openmp -Wno-c++17-extensions -Wno-documentation-unknown-command -Wno-covered-switch-default -Wno-switch-enum -Wno-switch-default -Wno-extra-semi-stmt -Wno-weak-vtables -Wno-shadow -Wno-padded -Wno-reserved-id-macro -Wno-double-promotion -Wno-exit-time-destructors -Wno-global-constructors -Wno-documentation -Wno-format-nonliteral -Wno-used-but-marked-unused -Wno-float-equal -Wno-conditional-uninitialized -Wno-conversion -Wno-disabled-macro-expansion -Wno-unused-macros -Wno-unsafe-buffer-usage -Wno-cast-function-type-strict -O3 -DNDEBUG
BLAS library:        External - detected on the system
LAPACK library:      External - detected on the system


Running on 1 node with total 0 processing units
Hardware detected on host Samarths-MacBook-Air.local:
  CPU info:
    Vendor: ARM
    Brand:  Unknown CPU brand
    Family: 0   Model: 0   Stepping: 0
    Features: neon neon_asimd
  Hardware topology: Only logical processor count
    CPU limit set by OS: -1   Recommended max number of threads: 8


++++ PLEASE READ AND CITE THE FOLLOWING REFERENCE ++++
M. J. Abraham, T. Murtola, R. Schulz, S. Páll, J. C. Smith, B. Hess, E.
Lindahl
GROMACS: High performance molecular simulations through multi-level
parallelism from laptops to supercomputers
SoftwareX (2015)
https://doi.org/10.1016/j.softx.2015.06.001
-------- -------- --- Thank You --- -------- --------


++++ PLEASE READ AND CITE THE FOLLOWING REFERENCE ++++
S. Páll, M. J. Abraham, C. Kutzner, B. Hess, E. Lindahl
Tackling Exascale Software Challenges in Molecular Dynamics Simulations with
GROMACS
In S. Markidis & E. Laure (Eds.), Solving Software Challenges for Exascale (2015)
https://doi.org/10.1007/978-3-319-15976-8_1
-------- -------- --- Thank You --- -------- --------


++++ PLEASE READ AND CITE THE FOLLOWING REFERENCE ++++
S. Pronk, S. Páll, R. Schulz, P. Larsson, P. Bjelkmar, R. Apostolov, M. R.
Shirts, J. C. Smith, P. M. Kasson, D. van der Spoel, B. Hess, E. Lindahl
GROMACS 4.5: a high-throughput and highly parallel open source molecular
simulation toolkit
Bioinformatics (2013)
https://doi.org/10.1093/bioinformatics/btt055
-------- -------- --- Thank You --- -------- --------


++++ PLEASE READ AND CITE THE FOLLOWING REFERENCE ++++
B. Hess, C. Kutzner, D. van der Spoel, E. Lindahl
GROMACS 4: Algorithms for highly efficient, load-balanced, and scalable
molecular simulation
J. Chem. Theory Comput. (2008)
https://doi.org/10.1021/ct700301q
-------- -------- --- Thank You --- -------- --------


++++ PLEASE READ AND CITE THE FOLLOWING REFERENCE ++++
D. van der Spoel, E. Lindahl, B. Hess, G. Groenhof, A. E. Mark, H. J. C.
Berendsen
GROMACS: Fast, Flexible and Free
J. Comp. Chem. (2005)
https://doi.org/10.1002/jcc.20291
-------- -------- --- Thank You --- -------- --------


++++ PLEASE READ AND CITE THE FOLLOWING REFERENCE ++++
E. Lindahl, B. Hess, D. van der Spoel
GROMACS 3.0: A package for molecular simulation and trajectory analysis
J. Mol. Mod. (2001)
https://doi.org/10.1007/s008940100045
-------- -------- --- Thank You --- -------- --------


++++ PLEASE READ AND CITE THE FOLLOWING REFERENCE ++++
H. J. C. Berendsen, D. van der Spoel and R. van Drunen
GROMACS: A message-passing parallel molecular dynamics implementation
Comp. Phys. Comm. (1995)
https://doi.org/10.1016/0010-4655(95)00042-E
-------- -------- --- Thank You --- -------- --------


++++ PLEASE CITE THE DOI FOR THIS VERSION OF GROMACS ++++
https://doi.org/10.5281/zenodo.18887033
-------- -------- --- Thank You --- -------- --------

Input Parameters:
   integrator                     = md
   tinit                          = 0
   dt                             = 0.002
   nsteps                         = 500000
   init-step                      = 0
   simulation-part                = 1
   mts                            = false
   mass-repartition-factor        = 1
   comm-mode                      = Linear
   nstcomm                        = 100
   bd-fric                        = 0
   ld-seed                        = -202380705
   emtol                          = 10
   emstep                         = 0.01
   niter                          = 20
   fcstep                         = 0
   nstcgsteep                     = 1000
   nbfgscorr                      = 10
   rtpi                           = 0.05
   nstxout                        = 0
   nstvout                        = 0
   nstfout                        = 0
   nstlog                         = 5000
   nstcalcenergy                  = 100
   nstenergy                      = 5000
   nstxout-compressed             = 5000
   compressed-x-precision         = 1000
   cutoff-scheme                  = Verlet
   nstlist                        = 10
   pbc                            = xyz
   periodic-molecules             = false
   verlet-buffer-tolerance        = 0.005
   verlet-buffer-pressure-tolerance = 0.5
   rlist                          = 1.2
   coulombtype                    = PME
   coulomb-modifier               = Potential-shift
   rcoulomb-switch                = 0
   rcoulomb                       = 1.2
   epsilon-r                      = 1
   epsilon-rf                     = inf
   vdw-type                       = Cut-off
   vdw-modifier                   = Force-switch
   rvdw-switch                    = 1
   rvdw                           = 1.2
   DispCorr                       = No
   table-extension                = 1
   fourierspacing                 = 0.16
   fourier-nx                     = 28
   fourier-ny                     = 28
   fourier-nz                     = 28
   pme-order                      = 4
   ewald-rtol                     = 1e-05
   ewald-rtol-lj                  = 0.001
   lj-pme-comb-rule               = Geometric
   ewald-geometry                 = 3d
   epsilon-surface                = 0
   ensemble-temperature-setting   = constant
   ensemble-temperature           = 363
   tcoupl                         = V-rescale
   nsttcouple                     = 100
   nh-chain-length                = 0
   print-nose-hoover-chain-variables = false
   pcoupl                         = C-rescale
   pcoupltype                     = Isotropic
   nstpcouple                     = 100
   tau-p                          = 5
   compressibility (3x3):
      compressibility[    0]={ 4.50000e-05,  0.00000e+00,  0.00000e+00}
      compressibility[    1]={ 0.00000e+00,  4.50000e-05,  0.00000e+00}
      compressibility[    2]={ 0.00000e+00,  0.00000e+00,  4.50000e-05}
   ref-p (3x3):
      ref-p[    0]={ 1.00000e+00,  0.00000e+00,  0.00000e+00}
      ref-p[    1]={ 0.00000e+00,  1.00000e+00,  0.00000e+00}
      ref-p[    2]={ 0.00000e+00,  0.00000e+00,  1.00000e+00}
   refcoord-scaling               = No
   posres-com: not available
   posres-comB: not available
   QMMM                           = false
qm-opts:
   ngQM                           = 0
   constraint-algorithm           = Lincs
   continuation                   = true
   Shake-SOR                      = false
   shake-tol                      = 0.0001
   lincs-order                    = 4
   lincs-iter                     = 1
   lincs-warnangle                = 30
   nwall                          = 0
   wall-type                      = 9-3
   wall-r-linpot                  = -1
   wall-atomtype[0]               = -1
   wall-atomtype[1]               = -1
   wall-density[0]                = 0
   wall-density[1]                = 0
   wall-ewald-zfac                = 3
   pull                           = false
   awh                            = false
   rotation                       = false
   interactiveMD                  = false
   disre                          = No
   disre-weighting                = Conservative
   disre-mixed                    = false
   dr-fc                          = 1000
   dr-tau                         = 0
   nstdisreout                    = 100
   orire-fc                       = 0
   orire-tau                      = 0
   nstorireout                    = 100
   free-energy                    = no
   cos-acceleration               = 0
   deform (3x3):
      deform[    0]={ 0.00000e+00,  0.00000e+00,  0.00000e+00}
      deform[    1]={ 0.00000e+00,  0.00000e+00,  0.00000e+00}
      deform[    2]={ 0.00000e+00,  0.00000e+00,  0.00000e+00}
   simulated-tempering            = false
   swapcoords                     = no
   userint1                       = 0
   userint2                       = 0
   userint3                       = 0
   userint4                       = 0
   userreal1                      = 0
   userreal2                      = 0
   userreal3                      = 0
   userreal4                      = 0
   applied-forces:
     electric-field:
       x:
         E0                       = 0
         omega                    = 0
         t0                       = 0
         sigma                    = 0
       y:
         E0                       = 0
         omega                    = 0
         t0                       = 0
         sigma                    = 0
       z:
         E0                       = 0
         omega                    = 0
         t0                       = 0
         sigma                    = 0
     density-guided-simulation:
       active                     = false
       group                      = protein
       similarity-measure         = inner-product
       atom-spreading-weight      = unity
       force-constant             = 1e+09
       gaussian-transform-spreading-width = 0.2
       gaussian-transform-spreading-range-in-multiples-of-width = 4
       reference-density-filename = reference.mrc
       nst                        = 1
       normalize-densities        = true
       adaptive-force-scaling     = false
       adaptive-force-scaling-time-constant = 4
       shift-vector               = 
       transformation-matrix      = 
     qmmm-cp2k:
       active                     = false
       qmgroup                    = System
       qmmethod                   = PBE
       qmfilenames                = 
       qmcharge                   = 0
       qmmultiplicity             = 1
     colvars:
       active                     = false
       configfile                 = 
       seed                       = -1
     nnpot:
       active                     = false
       modelfile                  = model.pt
       input-group                = System
       link-type                  = H
       link-distance              = 0.1
       pair-cutoff                = 0
       embedding                  = mechanical
       nnp-charge                 = 0
       model-input1               = 
       model-input2               = 
       model-input3               = 
       model-input4               = 
       model-input5               = 
       model-input6               = 
       model-input7               = 
       model-input8               = 
       model-input9               = 
   fast-multipole-method:
     fmm:
       backend                    = inactive
       exafmm-order               = 6
       exafmm-direct-range        = 2
       exafmm-direct-provider     = GROMACS
       exafmm-tree-type           = uniform
       exafmm-tree-depth          = 0
       exafmm-max-particles-per-cell = 0
       fmsolvr-order              = 8
       fmsolvr-direct-range       = 1
       fmsolvr-direct-provider    = FMM
       fmsolvr-dipole-compensation = true
       fmsolvr-tree-depth         = 3
       fmsolvr-sparse             = false
grpopts:
   nrdf:       16833
   ref-t:         363
   tau-t:           1
annealing:          No
annealing-npoints:           0
   acc:	           0           0           0
   nfreeze:           N           N           N
   energygrp-flags[  0]: 0

Changing nstlist from 10 to 50, rlist from 1.2 to 1.318


Initializing Domain Decomposition on 8 ranks
Dynamic load balancing: auto
Using update groups, nr 2833, average size 2.9 atoms, max. radius 0.104 nm
Minimum cell size due to atom displacement: 0.410 nm
Initial maximum distances in bonded interactions:
    two-body bonded interactions: 0.399 nm, LJ-14, atoms 229 237
  multi-body bonded interactions: 0.399 nm, Ryckaert-Bell., atoms 229 237
Minimum cell size due to bonded interactions: 0.439 nm
Scaling the initial minimum size with 1/0.8 (option -dds) = 1.25
Using 0 separate PME ranks because: there are too few total ranks for efficient splitting
Optimizing the DD grid for 8 cells with a minimum initial size of 0.549 nm
The maximum allowed number of cells is: X 8 Y 8 Z 8
Domain decomposition grid 4 x 2 x 1, separate PME ranks 0
PME domain decomposition: 4 x 2 x 1
Domain decomposition rank 0, coordinates 0 0 0

The initial number of communication pulses is: X 2 Y 1
The initial domain decomposition cell size is: X 1.10 nm Y 2.20 nm

The maximum allowed distance for atom groups involved in interactions is:
                 non-bonded interactions           1.525 nm
(the following are initial values, they could change due to box deformation)
            two-body bonded interactions  (-rdd)   1.525 nm
          multi-body bonded interactions  (-rdd)   1.098 nm

When dynamic load balancing gets turned on, these settings will change to:
The maximum number of communication pulses is: X 2 Y 1
The minimum size for domain decomposition cells is 0.769 nm
The requested allowed shrink of DD cells (option -dds) is: 0.80
The allowed shrink of domain decomposition cells is: X 0.70 Y 0.69
The maximum allowed distance for atom groups involved in interactions is:
                 non-bonded interactions           1.525 nm
            two-body bonded interactions  (-rdd)   1.525 nm
          multi-body bonded interactions  (-rdd)   0.769 nm

Local state does not use filler particles

Using 8 MPI threads
System total charge: 1.000
Will do PME sum in reciprocal space for electrostatic interactions.

++++ PLEASE READ AND CITE THE FOLLOWING REFERENCE ++++
U. Essmann, L. Perera, M. L. Berkowitz, T. Darden, H. Lee, L. G. Pedersen 
A smooth particle mesh Ewald method
J. Chem. Phys. (1995)
https://doi.org/10.1063/1.470117
-------- -------- --- Thank You --- -------- --------

Using a Gaussian width (1/beta) of 0.384195 nm for Ewald
Potential shift: LJ r^-12: -2.648e-01 r^-6: -5.349e-01, Ewald -8.333e-06
Initialized non-bonded Coulomb Ewald tables, spacing: 1.02e-03 size: 1176

Generated table with 1159 data points for 1-4 COUL.
Tabscale = 500 points/nm
Generated table with 1159 data points for 1-4 LJ6.
Tabscale = 500 points/nm
Generated table with 1159 data points for 1-4 LJ12.
Tabscale = 500 points/nm


Using SIMD4xM 4x4 nonbonded short-range kernels

Using a dual 4x4 pair-list setup updated with dynamic pruning:
  outer list: updated every 50 steps, buffer 0.118 nm, rlist 1.318 nm
  inner list: updated every 10 steps, buffer 0.000 nm, rlist 1.200 nm
At tolerance 0.005 kJ/mol/ps per atom, equivalent classical 1x1 list would be:
  outer list: updated every 50 steps, buffer 0.253 nm, rlist 1.453 nm
  inner list: updated every 10 steps, buffer 0.041 nm, rlist 1.241 nm

The average pressure is off by at most 0.02 bar due to missing LJ interactions

Linking all bonded interactions to atoms


Initializing LINear Constraint Solver

++++ PLEASE READ AND CITE THE FOLLOWING REFERENCE ++++
B. Hess, H. Bekker, H. J. C. Berendsen, J. G. E. M. Fraaije
LINCS: A Linear Constraint Solver for molecular simulations
J. Comp. Chem. (1997)
https://doi.org/10.1002/(sici)1096-987x(199709)18:12<1463::aid-jcc4>3.0.co;2-h
-------- -------- --- Thank You --- -------- --------

The number of constraints is 150

++++ PLEASE READ AND CITE THE FOLLOWING REFERENCE ++++
S. Miyamoto, P. A. Kollman
SETTLE: An Analytical Version of the SHAKE and RATTLE Algorithms for Rigid
Water Models
J. Comp. Chem. (1992)
https://doi.org/10.1002/jcc.540130805
-------- -------- --- Thank You --- -------- --------


Intra-simulation communication will occur every 100 steps.

++++ PLEASE READ AND CITE THE FOLLOWING REFERENCE ++++
G. Bussi, D. Donadio, M. Parrinello
Canonical sampling through velocity rescaling
J. Chem. Phys. (2007)
https://doi.org/10.1063/1.2408420
-------- -------- --- Thank You --- -------- --------


++++ PLEASE READ AND CITE THE FOLLOWING REFERENCE ++++
M. Bernetti, G. Bussi
Pressure control using stochastic cell rescaling
J. Chem. Phys. (2020)
https://doi.org/10.1063/5.0020514
-------- -------- --- Thank You --- -------- --------

There are: 8341 Atoms
Atom distribution over 8 domains: av 1042 stddev 51 min 1002 max 1107
Center of mass motion removal mode is Linear
We have the following groups for center of mass motion removal:
  0:  rest

Started mdrun on rank 0 Mon Mar 16 23:31:37 2026

           Step           Time
              0        0.00000

   Energies (kJ/mol)
           Bond          Angle    Proper Dih. Ryckaert-Bell.          LJ-14
    3.93527e+01    2.03295e+02    1.32272e+01    3.11465e+02    3.90541e+02
     Coulomb-14        LJ (SR)   Coulomb (SR)   Coul. recip.      Potential
    1.69753e+03    2.02887e+04   -1.59681e+05    5.50641e+02   -1.36187e+05
    Kinetic En.   Total Energy  Conserved En.    Temperature Pressure (bar)
    9.69829e+01   -1.36090e+05   -1.35697e+05    1.38589e+00   -5.91211e+03
   Constr. rmsd
    6.41519e-07


DD  step 49 load imb.: force 20.0%

step 150 Turning on dynamic load balancing, because the performance loss due to load imbalance is 7.9 %.
step 1000 Turning off dynamic load balancing, because it is degrading performance.
Atom distribution over 8 domains: av 1042 stddev 39 min 1021 max 1060

DD  step 4999 load imb.: force  7.8%
           Step           Time
           5000       10.00000

   Energies (kJ/mol)
           Bond          Angle    Proper Dih. Ryckaert-Bell.          LJ-14
    2.22450e+02    6.29179e+02    3.59213e+01    3.13560e+02    3.80861e+02
     Coulomb-14        LJ (SR)   Coulomb (SR)   Coul. recip.      Potential
    1.69002e+03    2.02529e+04   -1.43559e+05    4.92392e+02   -1.19542e+05
    Kinetic En.   Total Energy  Conserved En.    Temperature Pressure (bar)
    2.44671e+04   -9.50746e+04   -1.40358e+05    3.49637e+02   -1.83676e+02
   Constr. rmsd
    2.74810e-06


DD  step 9999 load imb.: force 14.8%

step 10000 Turning on dynamic load balancing, because the performance loss due to load imbalance is 4.9 %.
           Step           Time
          10000       20.00000

   Energies (kJ/mol)
           Bond          Angle    Proper Dih. Ryckaert-Bell.          LJ-14
    3.17839e+02    8.03532e+02    5.22442e+01    3.02541e+02    4.12312e+02
     Coulomb-14        LJ (SR)   Coulomb (SR)   Coul. recip.      Potential
    1.71869e+03    2.08308e+04   -1.42605e+05    4.96941e+02   -1.17670e+05
    Kinetic En.   Total Energy  Conserved En.    Temperature Pressure (bar)
    2.53529e+04   -9.23174e+04   -1.40583e+05    3.62294e+02    5.12883e+02
   Constr. rmsd
    3.17252e-06

step 14000 Turning off dynamic load balancing, because it is degrading performance.
Atom distribution over 8 domains: av 1042 stddev 41 min 1014 max 1065

DD  step 14999 load imb.: force 17.4%

step 15000 Turning on dynamic load balancing, because the performance loss due to load imbalance is 5.1 %.
           Step           Time
          15000       30.00000

   Energies (kJ/mol)
           Bond          Angle    Proper Dih. Ryckaert-Bell.          LJ-14
    2.24356e+02    7.22711e+02    2.99969e+01    2.91477e+02    4.50353e+02
     Coulomb-14        LJ (SR)   Coulomb (SR)   Coul. recip.      Potential
    1.75354e+03    1.96582e+04   -1.41033e+05    4.78341e+02   -1.17424e+05
    Kinetic En.   Total Energy  Conserved En.    Temperature Pressure (bar)
    2.55099e+04   -9.19138e+04   -1.40655e+05    3.64539e+02    5.11590e+01
   Constr. rmsd
    3.39653e-06


DD  step 19999  vol min/aver 0.855  load imb.: force 23.9%
           Step           Time
          20000       40.00000

   Energies (kJ/mol)
           Bond          Angle    Proper Dih. Ryckaert-Bell.          LJ-14
    2.84705e+02    6.63337e+02    4.87316e+01    3.42207e+02    3.89754e+02
     Coulomb-14        LJ (SR)   Coulomb (SR)   Coul. recip.      Potential
    1.66278e+03    2.00836e+04   -1.41338e+05    4.98263e+02   -1.17365e+05
    Kinetic En.   Total Energy  Conserved En.    Temperature Pressure (bar)
    2.54141e+04   -9.19510e+04   -1.40509e+05    3.63169e+02    1.30803e+02
   Constr. rmsd
    2.69158e-06


step 24000 Turning off dynamic load balancing, because it is degrading performance.
Atom distribution over 8 domains: av 1042 stddev 42 min 1008 max 1089

DD  step 24999 load imb.: force 14.0%

step 25000 Will no longer try dynamic load balancing, as it degraded performance.
           Step           Time
          25000       50.00000

   Energies (kJ/mol)
           Bond          Angle    Proper Dih. Ryckaert-Bell.          LJ-14
    2.64344e+02    7.61844e+02    3.59742e+01    3.73424e+02    4.09457e+02
     Coulomb-14        LJ (SR)   Coulomb (SR)   Coul. recip.      Potential
    1.69987e+03    1.98779e+04   -1.41013e+05    4.95436e+02   -1.17095e+05
    Kinetic En.   Total Energy  Conserved En.    Temperature Pressure (bar)
    2.57302e+04   -9.13646e+04   -1.40521e+05    3.67687e+02    3.18312e+01
   Constr. rmsd
    4.06641e-06


DD  step 29999 load imb.: force  9.7%
           Step           Time
          30000       60.00000

   Energies (kJ/mol)
           Bond          Angle    Proper Dih. Ryckaert-Bell.          LJ-14
    3.37009e+02    7.78085e+02    4.15973e+01    3.13999e+02    4.37583e+02
     Coulomb-14        LJ (SR)   Coulomb (SR)   Coul. recip.      Potential
    1.74013e+03    2.06731e+04   -1.41983e+05    4.48369e+02   -1.17213e+05
    Kinetic En.   Total Energy  Conserved En.    Temperature Pressure (bar)
    2.48437e+04   -9.23697e+04   -1.40257e+05    3.55018e+02    6.84215e+02
   Constr. rmsd
    3.38981e-06


DD  step 34999 load imb.: force 10.4%
           Step           Time
          35000       70.00000

   Energies (kJ/mol)
           Bond          Angle    Proper Dih. Ryckaert-Bell.          LJ-14
    2.60631e+02    7.10729e+02    5.34867e+01    3.25375e+02    4.42685e+02
     Coulomb-14        LJ (SR)   Coulomb (SR)   Coul. recip.      Potential
    1.68872e+03    1.99140e+04   -1.41706e+05    4.44139e+02   -1.17866e+05
    Kinetic En.   Total Energy  Conserved En.    Temperature Pressure (bar)
    2.54545e+04   -9.24114e+04   -1.40161e+05    3.63747e+02   -1.39524e+01
   Constr. rmsd
    3.82700e-06


DD  step 39999 load imb.: force  7.5%
           Step           Time
          40000       80.00000

   Energies (kJ/mol)
           Bond          Angle    Proper Dih. Ryckaert-Bell.          LJ-14
    2.68058e+02    7.57172e+02    2.91617e+01    3.12295e+02    4.05156e+02
     Coulomb-14        LJ (SR)   Coulomb (SR)   Coul. recip.      Potential
    1.65802e+03    1.99932e+04   -1.41229e+05    4.98844e+02   -1.17308e+05
    Kinetic En.   Total Energy  Conserved En.    Temperature Pressure (bar)
    2.49681e+04   -9.23395e+04   -1.40264e+05    3.56795e+02   -1.21071e+01
   Constr. rmsd
    2.64293e-06


DD  step 44999 load imb.: force  8.8%
           Step           Time
          45000       90.00000

   Energies (kJ/mol)
           Bond          Angle    Proper Dih. Ryckaert-Bell.          LJ-14
    2.69097e+02    6.82795e+02    6.06032e+01    3.18099e+02    3.86135e+02
     Coulomb-14        LJ (SR)   Coulomb (SR)   Coul. recip.      Potential
    1.67107e+03    1.90108e+04   -1.39890e+05    4.89906e+02   -1.17001e+05
    Kinetic En.   Total Energy  Conserved En.    Temperature Pressure (bar)
    2.51961e+04   -9.18049e+04   -1.40144e+05    3.60055e+02   -5.96675e+02
   Constr. rmsd
    3.30186e-06


DD  step 49999 load imb.: force  3.3%
           Step           Time
          50000      100.00000

   Energies (kJ/mol)
           Bond          Angle    Proper Dih. Ryckaert-Bell.          LJ-14
    2.58030e+02    6.68239e+02    5.36640e+01    3.45398e+02    4.22667e+02
     Coulomb-14        LJ (SR)   Coulomb (SR)   Coul. recip.      Potential
    1.72030e+03    1.97646e+04   -1.40078e+05    5.03133e+02   -1.16342e+05
    Kinetic En.   Total Energy  Conserved En.    Temperature Pressure (bar)
    2.52707e+04   -9.10709e+04   -1.40137e+05    3.61120e+02    1.50527e+02
   Constr. rmsd
    3.71397e-06


DD  step 54999 load imb.: force  8.9%
           Step           Time
          55000      110.00000

   Energies (kJ/mol)
           Bond          Angle    Proper Dih. Ryckaert-Bell.          LJ-14
    2.28080e+02    8.26895e+02    4.80107e+01    3.00836e+02    3.97897e+02
     Coulomb-14        LJ (SR)   Coulomb (SR)   Coul. recip.      Potential
    1.65348e+03    2.01172e+04   -1.41209e+05    5.03719e+02   -1.17133e+05
    Kinetic En.   Total Energy  Conserved En.    Temperature Pressure (bar)
    2.53170e+04   -9.18156e+04   -1.40148e+05    3.61781e+02    1.01573e+01
   Constr. rmsd
    2.66528e-06


DD  step 59999 load imb.: force  8.8%
           Step           Time
          60000      120.00000

   Energies (kJ/mol)
           Bond          Angle    Proper Dih. Ryckaert-Bell.          LJ-14
    3.06131e+02    7.55667e+02    4.20524e+01    3.32183e+02    3.71236e+02
     Coulomb-14        LJ (SR)   Coulomb (SR)   Coul. recip.      Potential
    1.71479e+03    1.97906e+04   -1.41315e+05    5.15326e+02   -1.17487e+05
    Kinetic En.   Total Energy  Conserved En.    Temperature Pressure (bar)
    2.53370e+04   -9.21503e+04   -1.39979e+05    3.62067e+02   -2.81569e+02
   Constr. rmsd
    3.00779e-06


DD  step 64999 load imb.: force  2.9%
           Step           Time
          65000      130.00000

   Energies (kJ/mol)
           Bond          Angle    Proper Dih. Ryckaert-Bell.          LJ-14
    2.78904e+02    7.08965e+02    3.81152e+01    2.74252e+02    4.41307e+02
     Coulomb-14        LJ (SR)   Coulomb (SR)   Coul. recip.      Potential
    1.73003e+03    1.96437e+04   -1.40785e+05    4.95809e+02   -1.17174e+05
    Kinetic En.   Total Energy  Conserved En.    Temperature Pressure (bar)
    2.52930e+04   -9.18813e+04   -1.39987e+05    3.61439e+02   -2.29662e+02
   Constr. rmsd
    3.21754e-06


DD  step 69999 load imb.: force 10.6%
           Step           Time
          70000      140.00000

   Energies (kJ/mol)
           Bond          Angle    Proper Dih. Ryckaert-Bell.          LJ-14
    2.81159e+02    6.58741e+02    4.12656e+01    3.11599e+02    4.04581e+02
     Coulomb-14        LJ (SR)   Coulomb (SR)   Coul. recip.      Potential
    1.67340e+03    1.94617e+04   -1.40594e+05    4.99261e+02   -1.17263e+05
    Kinetic En.   Total Energy  Conserved En.    Temperature Pressure (bar)
    2.54698e+04   -9.17929e+04   -1.39903e+05    3.63965e+02   -4.24378e+02
   Constr. rmsd
    4.88146e-06


DD  step 74999 load imb.: force  6.0%
           Step           Time
          75000      150.00000

   Energies (kJ/mol)
           Bond          Angle    Proper Dih. Ryckaert-Bell.          LJ-14
    2.97945e+02    7.66117e+02    3.76171e+01    3.72118e+02    3.85570e+02
     Coulomb-14        LJ (SR)   Coulomb (SR)   Coul. recip.      Potential
    1.68862e+03    2.07868e+04   -1.42260e+05    4.78957e+02   -1.17447e+05
    Kinetic En.   Total Energy  Conserved En.    Temperature Pressure (bar)
    2.55807e+04   -9.18659e+04   -1.39726e+05    3.65550e+02    4.57842e+02
   Constr. rmsd
    3.28548e-06


DD  step 79999 load imb.: force  8.4%
           Step           Time
          80000      160.00000

   Energies (kJ/mol)
           Bond          Angle    Proper Dih. Ryckaert-Bell.          LJ-14
    3.21688e+02    7.36044e+02    4.24936e+01    3.20228e+02    4.00866e+02
     Coulomb-14        LJ (SR)   Coulomb (SR)   Coul. recip.      Potential
    1.67133e+03    1.97686e+04   -1.41083e+05    5.05098e+02   -1.17316e+05
    Kinetic En.   Total Energy  Conserved En.    Temperature Pressure (bar)
    2.47509e+04   -9.25654e+04   -1.39767e+05    3.53692e+02   -2.81187e+02
   Constr. rmsd
    4.35982e-06


DD  step 84999 load imb.: force  9.8%
           Step           Time
          85000      170.00000

   Energies (kJ/mol)
           Bond          Angle    Proper Dih. Ryckaert-Bell.          LJ-14
    2.56907e+02    7.81141e+02    3.99526e+01    2.44794e+02    4.78749e+02
     Coulomb-14        LJ (SR)   Coulomb (SR)   Coul. recip.      Potential
    1.66849e+03    2.00528e+04   -1.42349e+05    4.83040e+02   -1.18344e+05
    Kinetic En.   Total Energy  Conserved En.    Temperature Pressure (bar)
    2.48023e+04   -9.35412e+04   -1.39519e+05    3.54426e+02    1.49802e+02
   Constr. rmsd
    3.04994e-06


DD  step 89999 load imb.: force  9.1%
           Step           Time
          90000      180.00000

   Energies (kJ/mol)
           Bond          Angle    Proper Dih. Ryckaert-Bell.          LJ-14
    2.36643e+02    6.64279e+02    3.63900e+01    3.53772e+02    4.48642e+02
     Coulomb-14        LJ (SR)   Coulomb (SR)   Coul. recip.      Potential
    1.66599e+03    2.07769e+04   -1.41989e+05    4.80269e+02   -1.17326e+05
    Kinetic En.   Total Energy  Conserved En.    Temperature Pressure (bar)
    2.59133e+04   -9.14131e+04   -1.39486e+05    3.70302e+02    8.92546e+02
   Constr. rmsd
    3.72283e-06


DD  step 94999 load imb.: force 15.4%
           Step           Time
          95000      190.00000

   Energies (kJ/mol)
           Bond          Angle    Proper Dih. Ryckaert-Bell.          LJ-14
    2.98674e+02    7.77140e+02    2.63541e+01    2.91009e+02    4.16478e+02
     Coulomb-14        LJ (SR)   Coulomb (SR)   Coul. recip.      Potential
    1.67208e+03    2.01909e+04   -1.42053e+05    4.94596e+02   -1.17886e+05
    Kinetic En.   Total Energy  Conserved En.    Temperature Pressure (bar)
    2.50529e+04   -9.28329e+04   -1.39490e+05    3.58008e+02   -6.22382e+01
   Constr. rmsd
    3.27509e-06


DD  step 99999 load imb.: force 10.5%
           Step           Time
         100000      200.00000

   Energies (kJ/mol)
           Bond          Angle    Proper Dih. Ryckaert-Bell.          LJ-14
    3.16830e+02    7.73289e+02    5.07039e+01    3.01343e+02    3.80246e+02
     Coulomb-14        LJ (SR)   Coulomb (SR)   Coul. recip.      Potential
    1.65685e+03    1.97441e+04   -1.40703e+05    4.97721e+02   -1.16982e+05
    Kinetic En.   Total Energy  Conserved En.    Temperature Pressure (bar)
    2.53308e+04   -9.16516e+04   -1.39607e+05    3.61978e+02   -3.85769e+02
   Constr. rmsd
    4.13352e-06


DD  step 104999 load imb.: force  5.2%
           Step           Time
         105000      210.00000

   Energies (kJ/mol)
           Bond          Angle    Proper Dih. Ryckaert-Bell.          LJ-14
    3.59926e+02    7.44325e+02    4.03733e+01    2.36275e+02    3.92172e+02
     Coulomb-14        LJ (SR)   Coulomb (SR)   Coul. recip.      Potential
    1.63384e+03    2.03673e+04   -1.41104e+05    5.14337e+02   -1.16815e+05
    Kinetic En.   Total Energy  Conserved En.    Temperature Pressure (bar)
    2.55023e+04   -9.13131e+04   -1.39509e+05    3.64430e+02    7.96048e+01
   Constr. rmsd
    3.34264e-06


DD  step 109999 load imb.: force  4.5%
           Step           Time
         110000      220.00000

   Energies (kJ/mol)
           Bond          Angle    Proper Dih. Ryckaert-Bell.          LJ-14
    3.46527e+02    7.31242e+02    4.14315e+01    3.74734e+02    4.17598e+02
     Coulomb-14        LJ (SR)   Coulomb (SR)   Coul. recip.      Potential
    1.74142e+03    1.95737e+04   -1.40447e+05    4.68575e+02   -1.16752e+05
    Kinetic En.   Total Energy  Conserved En.    Temperature Pressure (bar)
    2.54479e+04   -9.13041e+04   -1.39458e+05    3.63652e+02   -2.78744e+02
   Constr. rmsd
    3.52625e-06


DD  step 114999 load imb.: force  7.7%
           Step           Time
         115000      230.00000

   Energies (kJ/mol)
           Bond          Angle    Proper Dih. Ryckaert-Bell.          LJ-14
    2.53731e+02    8.66181e+02    5.47706e+01    3.18470e+02    3.87435e+02
     Coulomb-14        LJ (SR)   Coulomb (SR)   Coul. recip.      Potential
    1.69709e+03    1.99799e+04   -1.41474e+05    4.98889e+02   -1.17417e+05
    Kinetic En.   Total Energy  Conserved En.    Temperature Pressure (bar)
    2.54706e+04   -9.19466e+04   -1.39374e+05    3.63977e+02   -1.48785e+02
   Constr. rmsd
    2.19932e-06


DD  step 119999 load imb.: force  7.3%
           Step           Time
         120000      240.00000

   Energies (kJ/mol)
           Bond          Angle    Proper Dih. Ryckaert-Bell.          LJ-14
    2.57673e+02    7.24635e+02    3.90883e+01    3.23911e+02    3.88370e+02
     Coulomb-14        LJ (SR)   Coulomb (SR)   Coul. recip.      Potential
    1.71989e+03    1.94879e+04   -1.40332e+05    5.03906e+02   -1.16887e+05
    Kinetic En.   Total Energy  Conserved En.    Temperature Pressure (bar)
    2.54635e+04   -9.14230e+04   -1.39301e+05    3.63875e+02   -3.42556e+02
   Constr. rmsd
    3.70487e-06


DD  step 124999 load imb.: force  4.4%
           Step           Time
         125000      250.00000

   Energies (kJ/mol)
           Bond          Angle    Proper Dih. Ryckaert-Bell.          LJ-14
    2.87574e+02    8.01670e+02    3.56538e+01    3.08073e+02    3.81878e+02
     Coulomb-14        LJ (SR)   Coulomb (SR)   Coul. recip.      Potential
    1.73031e+03    2.04080e+04   -1.41604e+05    5.02127e+02   -1.17149e+05
    Kinetic En.   Total Energy  Conserved En.    Temperature Pressure (bar)
    2.57492e+04   -9.13995e+04   -1.39186e+05    3.67958e+02    1.93131e+01
   Constr. rmsd
    2.92749e-06


DD  step 129999 load imb.: force  6.1%
           Step           Time
         130000      260.00000

   Energies (kJ/mol)
           Bond          Angle    Proper Dih. Ryckaert-Bell.          LJ-14
    3.08884e+02    8.52057e+02    3.78713e+01    3.24657e+02    3.96828e+02
     Coulomb-14        LJ (SR)   Coulomb (SR)   Coul. recip.      Potential
    1.71330e+03    1.98231e+04   -1.41040e+05    4.91655e+02   -1.17091e+05
    Kinetic En.   Total Energy  Conserved En.    Temperature Pressure (bar)
    2.52467e+04   -9.18446e+04   -1.38874e+05    3.60777e+02   -9.96347e+01
   Constr. rmsd
    3.29946e-06


DD  step 134999 load imb.: force  7.8%
           Step           Time
         135000      270.00000

   Energies (kJ/mol)
           Bond          Angle    Proper Dih. Ryckaert-Bell.          LJ-14
    3.03290e+02    7.04679e+02    2.91857e+01    3.36138e+02    3.94350e+02
     Coulomb-14        LJ (SR)   Coulomb (SR)   Coul. recip.      Potential
    1.68832e+03    1.97441e+04   -1.40106e+05    4.90973e+02   -1.16415e+05
    Kinetic En.   Total Energy  Conserved En.    Temperature Pressure (bar)
    2.50058e+04   -9.14089e+04   -1.39099e+05    3.57334e+02   -3.59901e+02
   Constr. rmsd
    2.80451e-06


DD  step 139999 load imb.: force 14.7%
           Step           Time
         140000      280.00000

   Energies (kJ/mol)
           Bond          Angle    Proper Dih. Ryckaert-Bell.          LJ-14
    3.10801e+02    7.01633e+02    3.24020e+01    3.84760e+02    4.20055e+02
     Coulomb-14        LJ (SR)   Coulomb (SR)   Coul. recip.      Potential
    1.74754e+03    1.93327e+04   -1.40306e+05    4.89431e+02   -1.16887e+05
    Kinetic En.   Total Energy  Conserved En.    Temperature Pressure (bar)
    2.55024e+04   -9.13842e+04   -1.38986e+05    3.64431e+02   -5.06869e+02
   Constr. rmsd
    5.38271e-06


DD  step 144999 load imb.: force  6.2%
           Step           Time
         145000      290.00000

   Energies (kJ/mol)
           Bond          Angle    Proper Dih. Ryckaert-Bell.          LJ-14
    3.01256e+02    7.25625e+02    4.90075e+01    3.66264e+02    3.73905e+02
     Coulomb-14        LJ (SR)   Coulomb (SR)   Coul. recip.      Potential
    1.74170e+03    2.05132e+04   -1.42405e+05    4.55297e+02   -1.17879e+05
    Kinetic En.   Total Energy  Conserved En.    Temperature Pressure (bar)
    2.53601e+04   -9.25189e+04   -1.38889e+05    3.62397e+02   -1.67616e+01
   Constr. rmsd
    5.07533e-06


DD  step 149999 load imb.: force  4.8%
           Step           Time
         150000      300.00000

   Energies (kJ/mol)
           Bond          Angle    Proper Dih. Ryckaert-Bell.          LJ-14
    2.36082e+02    7.82371e+02    3.19187e+01    3.86464e+02    3.97441e+02
     Coulomb-14        LJ (SR)   Coulomb (SR)   Coul. recip.      Potential
    1.75490e+03    2.02571e+04   -1.41948e+05    4.70270e+02   -1.17631e+05
    Kinetic En.   Total Energy  Conserved En.    Temperature Pressure (bar)
    2.49949e+04   -9.26364e+04   -1.38609e+05    3.57179e+02    1.14997e+02
   Constr. rmsd
    2.48608e-06


DD  step 154999 load imb.: force 12.8%
           Step           Time
         155000      310.00000

   Energies (kJ/mol)
           Bond          Angle    Proper Dih. Ryckaert-Bell.          LJ-14
    2.96982e+02    7.86440e+02    2.86276e+01    3.77179e+02    3.69735e+02
     Coulomb-14        LJ (SR)   Coulomb (SR)   Coul. recip.      Potential
    1.77142e+03    2.02065e+04   -1.41852e+05    4.84606e+02   -1.17531e+05
    Kinetic En.   Total Energy  Conserved En.    Temperature Pressure (bar)
    2.58094e+04   -9.17214e+04   -1.38603e+05    3.68817e+02   -1.46010e+01
   Constr. rmsd
    3.19095e-06


DD  step 159999 load imb.: force  8.8%
           Step           Time
         160000      320.00000

   Energies (kJ/mol)
           Bond          Angle    Proper Dih. Ryckaert-Bell.          LJ-14
    2.89478e+02    8.38272e+02    2.76009e+01    3.63876e+02    4.00287e+02
     Coulomb-14        LJ (SR)   Coulomb (SR)   Coul. recip.      Potential
    1.76087e+03    2.10791e+04   -1.43157e+05    4.75803e+02   -1.17921e+05
    Kinetic En.   Total Energy  Conserved En.    Temperature Pressure (bar)
    2.60934e+04   -9.18281e+04   -1.38574e+05    3.72876e+02    6.35816e+02
   Constr. rmsd
    2.69871e-06


DD  step 164999 load imb.: force  2.3%
           Step           Time
         165000      330.00000

   Energies (kJ/mol)
           Bond          Angle    Proper Dih. Ryckaert-Bell.          LJ-14
    3.89055e+02    7.41768e+02    4.35110e+01    3.76879e+02    4.29729e+02
     Coulomb-14        LJ (SR)   Coulomb (SR)   Coul. recip.      Potential
    1.78253e+03    1.98546e+04   -1.40845e+05    4.86358e+02   -1.16740e+05
    Kinetic En.   Total Energy  Conserved En.    Temperature Pressure (bar)
    2.50547e+04   -9.16856e+04   -1.38490e+05    3.58033e+02   -1.18690e+02
   Constr. rmsd
    2.92011e-06


DD  step 169999 load imb.: force  7.0%
           Step           Time
         170000      340.00000

   Energies (kJ/mol)
           Bond          Angle    Proper Dih. Ryckaert-Bell.          LJ-14
    2.93237e+02    7.86654e+02    4.07142e+01    3.51280e+02    4.14751e+02
     Coulomb-14        LJ (SR)   Coulomb (SR)   Coul. recip.      Potential
    1.75823e+03    1.97866e+04   -1.40543e+05    5.22896e+02   -1.16589e+05
    Kinetic En.   Total Energy  Conserved En.    Temperature Pressure (bar)
    2.56906e+04   -9.08979e+04   -1.38456e+05    3.67120e+02    2.78394e+01
   Constr. rmsd
    3.89030e-06


DD  step 174999 load imb.: force  3.2%
           Step           Time
         175000      350.00000

   Energies (kJ/mol)
           Bond          Angle    Proper Dih. Ryckaert-Bell.          LJ-14
    3.27371e+02    7.16094e+02    4.73910e+01    3.73270e+02    4.03887e+02
     Coulomb-14        LJ (SR)   Coulomb (SR)   Coul. recip.      Potential
    1.74076e+03    1.95154e+04   -1.41657e+05    4.99474e+02   -1.18034e+05
    Kinetic En.   Total Energy  Conserved En.    Temperature Pressure (bar)
    2.52710e+04   -9.27627e+04   -1.38474e+05    3.61124e+02   -5.47313e+02
   Constr. rmsd
    2.97248e-06

Writing checkpoint, step 177350 at Mon Mar 16 23:46:37 2026



DD  step 179999 load imb.: force  8.5%
           Step           Time
         180000      360.00000

   Energies (kJ/mol)
           Bond          Angle    Proper Dih. Ryckaert-Bell.          LJ-14
    2.72062e+02    7.85322e+02    3.59021e+01    3.52094e+02    3.73417e+02
     Coulomb-14        LJ (SR)   Coulomb (SR)   Coul. recip.      Potential
    1.74155e+03    1.93865e+04   -1.40852e+05    4.83841e+02   -1.17421e+05
    Kinetic En.   Total Energy  Conserved En.    Temperature Pressure (bar)
    2.53500e+04   -9.20711e+04   -1.38405e+05    3.62253e+02   -4.92297e+02
   Constr. rmsd
    3.89690e-06


DD  step 184999 load imb.: force 12.3%
           Step           Time
         185000      370.00000

   Energies (kJ/mol)
           Bond          Angle    Proper Dih. Ryckaert-Bell.          LJ-14
    3.14903e+02    8.50702e+02    4.05475e+01    3.65787e+02    4.31480e+02
     Coulomb-14        LJ (SR)   Coulomb (SR)   Coul. recip.      Potential
    1.73920e+03    2.04542e+04   -1.42036e+05    4.99553e+02   -1.17340e+05
    Kinetic En.   Total Energy  Conserved En.    Temperature Pressure (bar)
    2.51217e+04   -9.22182e+04   -1.38341e+05    3.58991e+02   -4.08438e+01
   Constr. rmsd
    4.55076e-06


DD  step 189999 load imb.: force  9.6%
           Step           Time
         190000      380.00000

   Energies (kJ/mol)
           Bond          Angle    Proper Dih. Ryckaert-Bell.          LJ-14
    2.51572e+02    7.86486e+02    3.88834e+01    3.51263e+02    4.38486e+02
     Coulomb-14        LJ (SR)   Coulomb (SR)   Coul. recip.      Potential
    1.72572e+03    1.99753e+04   -1.41633e+05    4.75910e+02   -1.17590e+05
    Kinetic En.   Total Energy  Conserved En.    Temperature Pressure (bar)
    2.56638e+04   -9.19258e+04   -1.38230e+05    3.66738e+02    2.30537e+01
   Constr. rmsd
    3.38917e-06


DD  step 194999 load imb.: force  9.4%
           Step           Time
         195000      390.00000

   Energies (kJ/mol)
           Bond          Angle    Proper Dih. Ryckaert-Bell.          LJ-14
    3.72910e+02    7.90473e+02    3.30698e+01    4.12964e+02    4.03494e+02
     Coulomb-14        LJ (SR)   Coulomb (SR)   Coul. recip.      Potential
    1.76502e+03    1.99916e+04   -1.41955e+05    4.76280e+02   -1.17709e+05
    Kinetic En.   Total Energy  Conserved En.    Temperature Pressure (bar)
    2.51891e+04   -9.25197e+04   -1.38061e+05    3.59954e+02   -7.97847e+01
   Constr. rmsd
    3.61707e-06


DD  step 199999 load imb.: force  6.7%
           Step           Time
         200000      400.00000

   Energies (kJ/mol)
           Bond          Angle    Proper Dih. Ryckaert-Bell.          LJ-14
    3.62920e+02    8.35779e+02    5.17944e+01    3.63565e+02    3.94968e+02
     Coulomb-14        LJ (SR)   Coulomb (SR)   Coul. recip.      Potential
    1.76550e+03    2.03730e+04   -1.42291e+05    4.79564e+02   -1.17664e+05
    Kinetic En.   Total Energy  Conserved En.    Temperature Pressure (bar)
    2.60538e+04   -9.16103e+04   -1.38034e+05    3.72311e+02    5.65771e+01
   Constr. rmsd
    3.42862e-06


DD  step 204999 load imb.: force 16.2%
           Step           Time
         205000      410.00000

   Energies (kJ/mol)
           Bond          Angle    Proper Dih. Ryckaert-Bell.          LJ-14
    2.83794e+02    8.19643e+02    4.84212e+01    3.74834e+02    3.69285e+02
     Coulomb-14        LJ (SR)   Coulomb (SR)   Coul. recip.      Potential
    1.74065e+03    2.00663e+04   -1.41610e+05    4.67965e+02   -1.17439e+05
    Kinetic En.   Total Energy  Conserved En.    Temperature Pressure (bar)
    2.54542e+04   -9.19848e+04   -1.37956e+05    3.63742e+02    1.54930e+02
   Constr. rmsd
    3.21258e-06


DD  step 209999 load imb.: force 10.8%
           Step           Time
         210000      420.00000

   Energies (kJ/mol)
           Bond          Angle    Proper Dih. Ryckaert-Bell.          LJ-14
    2.67534e+02    8.14676e+02    2.75321e+01    3.07229e+02    4.08197e+02
     Coulomb-14        LJ (SR)   Coulomb (SR)   Coul. recip.      Potential
    1.72964e+03    2.00693e+04   -1.40901e+05    5.28112e+02   -1.16749e+05
    Kinetic En.   Total Energy  Conserved En.    Temperature Pressure (bar)
    2.52561e+04   -9.14928e+04   -1.37934e+05    3.60911e+02    1.73661e+02
   Constr. rmsd
    2.81562e-06


DD  step 214999 load imb.: force 10.3%
           Step           Time
         215000      430.00000

   Energies (kJ/mol)
           Bond          Angle    Proper Dih. Ryckaert-Bell.          LJ-14
    2.86666e+02    8.12754e+02    2.49180e+01    3.44062e+02    3.86969e+02
     Coulomb-14        LJ (SR)   Coulomb (SR)   Coul. recip.      Potential
    1.74942e+03    1.96991e+04   -1.40206e+05    5.10887e+02   -1.16391e+05
    Kinetic En.   Total Energy  Conserved En.    Temperature Pressure (bar)
    2.53508e+04   -9.10401e+04   -1.37913e+05    3.62265e+02   -1.91562e+01
   Constr. rmsd
    3.60445e-06


DD  step 219999 load imb.: force  5.3%
           Step           Time
         220000      440.00000

   Energies (kJ/mol)
           Bond          Angle    Proper Dih. Ryckaert-Bell.          LJ-14
    2.92550e+02    7.07588e+02    3.47621e+01    3.27419e+02    4.15984e+02
     Coulomb-14        LJ (SR)   Coulomb (SR)   Coul. recip.      Potential
    1.76214e+03    2.03605e+04   -1.42286e+05    4.68746e+02   -1.17916e+05
    Kinetic En.   Total Energy  Conserved En.    Temperature Pressure (bar)
    2.55869e+04   -9.23290e+04   -1.37648e+05    3.65639e+02    4.36033e+01
   Constr. rmsd
    5.66395e-06


DD  step 224999 load imb.: force  9.5%
           Step           Time
         225000      450.00000

   Energies (kJ/mol)
           Bond          Angle    Proper Dih. Ryckaert-Bell.          LJ-14
    2.01260e+02    7.43950e+02    2.89859e+01    3.82674e+02    4.44874e+02
     Coulomb-14        LJ (SR)   Coulomb (SR)   Coul. recip.      Potential
    1.77683e+03    2.00524e+04   -1.41078e+05    4.86569e+02   -1.16960e+05
    Kinetic En.   Total Energy  Conserved En.    Temperature Pressure (bar)
    2.50815e+04   -9.18787e+04   -1.37614e+05    3.58416e+02    4.91232e+02
   Constr. rmsd
    4.87470e-06


DD  step 229999 load imb.: force  8.8%
           Step           Time
         230000      460.00000

   Energies (kJ/mol)
           Bond          Angle    Proper Dih. Ryckaert-Bell.          LJ-14
    2.99918e+02    7.99836e+02    4.19360e+01    3.72047e+02    3.76608e+02
     Coulomb-14        LJ (SR)   Coulomb (SR)   Coul. recip.      Potential
    1.70481e+03    2.06391e+04   -1.42156e+05    4.51212e+02   -1.17471e+05
    Kinetic En.   Total Energy  Conserved En.    Temperature Pressure (bar)
    2.55994e+04   -9.18714e+04   -1.37612e+05    3.65818e+02    3.60149e+02
   Constr. rmsd
    3.83624e-06


DD  step 234999 load imb.: force  5.7%
           Step           Time
         235000      470.00000

   Energies (kJ/mol)
           Bond          Angle    Proper Dih. Ryckaert-Bell.          LJ-14
    2.78698e+02    8.02698e+02    6.09678e+01    3.51245e+02    3.70702e+02
     Coulomb-14        LJ (SR)   Coulomb (SR)   Coul. recip.      Potential
    1.75608e+03    2.00534e+04   -1.41457e+05    5.13211e+02   -1.17270e+05
    Kinetic En.   Total Energy  Conserved En.    Temperature Pressure (bar)
    2.55446e+04   -9.17249e+04   -1.37656e+05    3.65035e+02   -1.84974e+02
   Constr. rmsd
    2.74426e-06


DD  step 239999 load imb.: force  6.4%
           Step           Time
         240000      480.00000

   Energies (kJ/mol)
           Bond          Angle    Proper Dih. Ryckaert-Bell.          LJ-14
    2.49949e+02    8.06112e+02    4.95011e+01    3.66875e+02    3.77261e+02
     Coulomb-14        LJ (SR)   Coulomb (SR)   Coul. recip.      Potential
    1.69777e+03    2.01331e+04   -1.40707e+05    4.73271e+02   -1.16553e+05
    Kinetic En.   Total Energy  Conserved En.    Temperature Pressure (bar)
    2.57789e+04   -9.07744e+04   -1.37636e+05    3.68382e+02    2.67747e+02
   Constr. rmsd
    3.07258e-06


DD  step 244999 load imb.: force  3.5%
           Step           Time
         245000      490.00000

   Energies (kJ/mol)
           Bond          Angle    Proper Dih. Ryckaert-Bell.          LJ-14
    2.71867e+02    7.28527e+02    3.45540e+01    3.84031e+02    4.09099e+02
     Coulomb-14        LJ (SR)   Coulomb (SR)   Coul. recip.      Potential
    1.72311e+03    1.98839e+04   -1.41038e+05    4.98977e+02   -1.17104e+05
    Kinetic En.   Total Energy  Conserved En.    Temperature Pressure (bar)
    2.53283e+04   -9.17757e+04   -1.37419e+05    3.61943e+02    1.03316e+02
   Constr. rmsd
    4.55819e-06


DD  step 249999 load imb.: force  6.6%
           Step           Time
         250000      500.00000

   Energies (kJ/mol)
           Bond          Angle    Proper Dih. Ryckaert-Bell.          LJ-14
    2.64835e+02    7.44415e+02    2.77801e+01    3.44463e+02    4.10643e+02
     Coulomb-14        LJ (SR)   Coulomb (SR)   Coul. recip.      Potential
    1.72685e+03    2.07659e+04   -1.42303e+05    4.94679e+02   -1.17523e+05
    Kinetic En.   Total Energy  Conserved En.    Temperature Pressure (bar)
    2.52095e+04   -9.23137e+04   -1.37303e+05    3.60245e+02    3.36311e+02
   Constr. rmsd
    3.94999e-06


DD  step 254999 load imb.: force  4.8%
           Step           Time
         255000      510.00000

   Energies (kJ/mol)
           Bond          Angle    Proper Dih. Ryckaert-Bell.          LJ-14
    2.77984e+02    8.39705e+02    3.38820e+01    3.54632e+02    3.77893e+02
     Coulomb-14        LJ (SR)   Coulomb (SR)   Coul. recip.      Potential
    1.74746e+03    1.97315e+04   -1.41348e+05    4.31577e+02   -1.17553e+05
    Kinetic En.   Total Energy  Conserved En.    Temperature Pressure (bar)
    2.52836e+04   -9.22697e+04   -1.37350e+05    3.61305e+02   -4.67433e+02
   Constr. rmsd
    3.39749e-06


DD  step 259999 load imb.: force  6.6%
           Step           Time
         260000      520.00000

   Energies (kJ/mol)
           Bond          Angle    Proper Dih. Ryckaert-Bell.          LJ-14
    2.90265e+02    6.93578e+02    5.89261e+01    3.61482e+02    4.35896e+02
     Coulomb-14        LJ (SR)   Coulomb (SR)   Coul. recip.      Potential
    1.76527e+03    2.00541e+04   -1.41741e+05    4.70746e+02   -1.17611e+05
    Kinetic En.   Total Energy  Conserved En.    Temperature Pressure (bar)
    2.57725e+04   -9.18386e+04   -1.37015e+05    3.68291e+02    2.07182e+02
   Constr. rmsd
    4.16414e-06


DD  step 264999 load imb.: force 13.7%
           Step           Time
         265000      530.00000

   Energies (kJ/mol)
           Bond          Angle    Proper Dih. Ryckaert-Bell.          LJ-14
    2.50719e+02    7.75349e+02    3.21716e+01    3.46672e+02    3.88493e+02
     Coulomb-14        LJ (SR)   Coulomb (SR)   Coul. recip.      Potential
    1.71785e+03    1.97591e+04   -1.41238e+05    5.09238e+02   -1.17458e+05
    Kinetic En.   Total Energy  Conserved En.    Temperature Pressure (bar)
    2.54972e+04   -9.19609e+04   -1.37157e+05    3.64356e+02   -3.53771e+02
   Constr. rmsd
    3.07890e-06


DD  step 269999 load imb.: force  6.3%
           Step           Time
         270000      540.00000

   Energies (kJ/mol)
           Bond          Angle    Proper Dih. Ryckaert-Bell.          LJ-14
    2.42469e+02    6.64410e+02    4.02922e+01    4.04635e+02    4.18201e+02
     Coulomb-14        LJ (SR)   Coulomb (SR)   Coul. recip.      Potential
    1.72539e+03    2.04907e+04   -1.41883e+05    4.68949e+02   -1.17428e+05
    Kinetic En.   Total Energy  Conserved En.    Temperature Pressure (bar)
    2.53449e+04   -9.20829e+04   -1.37264e+05    3.62180e+02    2.26558e+02
   Constr. rmsd
    3.37320e-06


DD  step 274999 load imb.: force  5.0%
           Step           Time
         275000      550.00000

   Energies (kJ/mol)
           Bond          Angle    Proper Dih. Ryckaert-Bell.          LJ-14
    2.81981e+02    7.73269e+02    6.08007e+01    4.11875e+02    4.34871e+02
     Coulomb-14        LJ (SR)   Coulomb (SR)   Coul. recip.      Potential
    1.80530e+03    1.97924e+04   -1.40811e+05    4.64391e+02   -1.16787e+05
    Kinetic En.   Total Energy  Conserved En.    Temperature Pressure (bar)
    2.55414e+04   -9.12451e+04   -1.37059e+05    3.64989e+02    6.83248e+01
   Constr. rmsd
    3.68672e-06


DD  step 279999 load imb.: force 10.5%
           Step           Time
         280000      560.00000

   Energies (kJ/mol)
           Bond          Angle    Proper Dih. Ryckaert-Bell.          LJ-14
    2.39298e+02    7.31262e+02    3.83180e+01    3.55771e+02    4.44709e+02
     Coulomb-14        LJ (SR)   Coulomb (SR)   Coul. recip.      Potential
    1.74978e+03    1.97459e+04   -1.41088e+05    4.55283e+02   -1.17327e+05
    Kinetic En.   Total Energy  Conserved En.    Temperature Pressure (bar)
    2.53784e+04   -9.19489e+04   -1.36879e+05    3.62659e+02   -1.07207e+02
   Constr. rmsd
    3.56180e-06


DD  step 284999 load imb.: force 13.4%
           Step           Time
         285000      570.00000

   Energies (kJ/mol)
           Bond          Angle    Proper Dih. Ryckaert-Bell.          LJ-14
    2.54596e+02    7.35914e+02    4.91882e+01    3.84544e+02    4.10430e+02
     Coulomb-14        LJ (SR)   Coulomb (SR)   Coul. recip.      Potential
    1.76135e+03    2.00080e+04   -1.41583e+05    4.64004e+02   -1.17515e+05
    Kinetic En.   Total Energy  Conserved En.    Temperature Pressure (bar)
    2.53559e+04   -9.21588e+04   -1.36723e+05    3.62337e+02    1.09740e+02
   Constr. rmsd
    3.64743e-06


DD  step 289999 load imb.: force 10.6%
           Step           Time
         290000      580.00000

   Energies (kJ/mol)
           Bond          Angle    Proper Dih. Ryckaert-Bell.          LJ-14
    2.63381e+02    7.78746e+02    4.59606e+01    3.79932e+02    4.19370e+02
     Coulomb-14        LJ (SR)   Coulomb (SR)   Coul. recip.      Potential
    1.78836e+03    1.89879e+04   -1.40130e+05    4.98931e+02   -1.16968e+05
    Kinetic En.   Total Energy  Conserved En.    Temperature Pressure (bar)
    2.53728e+04   -9.15948e+04   -1.36651e+05    3.62579e+02   -4.20114e+02
   Constr. rmsd
    3.39633e-06


DD  step 294999 load imb.: force 11.1%
           Step           Time
         295000      590.00000

   Energies (kJ/mol)
           Bond          Angle    Proper Dih. Ryckaert-Bell.          LJ-14
    2.69542e+02    7.41833e+02    4.93956e+01    3.67921e+02    4.30746e+02
     Coulomb-14        LJ (SR)   Coulomb (SR)   Coul. recip.      Potential
    1.75261e+03    2.05975e+04   -1.42189e+05    5.37954e+02   -1.17441e+05
    Kinetic En.   Total Energy  Conserved En.    Temperature Pressure (bar)
    2.52653e+04   -9.21758e+04   -1.36595e+05    3.61043e+02    3.79078e+02
   Constr. rmsd
    3.02325e-06


DD  step 299999 load imb.: force 10.7%
           Step           Time
         300000      600.00000

   Energies (kJ/mol)
           Bond          Angle    Proper Dih. Ryckaert-Bell.          LJ-14
    2.53286e+02    7.28637e+02    5.50358e+01    3.14876e+02    4.38183e+02
     Coulomb-14        LJ (SR)   Coulomb (SR)   Coul. recip.      Potential
    1.74035e+03    1.98615e+04   -1.41453e+05    5.20441e+02   -1.17541e+05
    Kinetic En.   Total Energy  Conserved En.    Temperature Pressure (bar)
    2.55746e+04   -9.19660e+04   -1.36622e+05    3.65463e+02    3.68854e+02
   Constr. rmsd
    3.45409e-06


DD  step 304999 load imb.: force  6.5%
           Step           Time
         305000      610.00000

   Energies (kJ/mol)
           Bond          Angle    Proper Dih. Ryckaert-Bell.          LJ-14
    2.53263e+02    7.95869e+02    3.39458e+01    3.54347e+02    4.15981e+02
     Coulomb-14        LJ (SR)   Coulomb (SR)   Coul. recip.      Potential
    1.70157e+03    1.97664e+04   -1.40591e+05    4.84178e+02   -1.16786e+05
    Kinetic En.   Total Energy  Conserved En.    Temperature Pressure (bar)
    2.55350e+04   -9.12506e+04   -1.36491e+05    3.64897e+02    4.45978e+02
   Constr. rmsd
    3.71417e-06


DD  step 309999 load imb.: force  7.3%
           Step           Time
         310000      620.00000

   Energies (kJ/mol)
           Bond          Angle    Proper Dih. Ryckaert-Bell.          LJ-14
    2.62737e+02    8.08713e+02    3.78197e+01    3.52120e+02    4.06342e+02
     Coulomb-14        LJ (SR)   Coulomb (SR)   Coul. recip.      Potential
    1.68899e+03    2.00947e+04   -1.41061e+05    4.79970e+02   -1.16930e+05
    Kinetic En.   Total Energy  Conserved En.    Temperature Pressure (bar)
    2.53825e+04   -9.15471e+04   -1.36545e+05    3.62718e+02    5.98722e+01
   Constr. rmsd
    3.98173e-06


DD  step 314999 load imb.: force  6.0%
           Step           Time
         315000      630.00000

   Energies (kJ/mol)
           Bond          Angle    Proper Dih. Ryckaert-Bell.          LJ-14
    2.39266e+02    7.31799e+02    2.70910e+01    3.40747e+02    3.99908e+02
     Coulomb-14        LJ (SR)   Coulomb (SR)   Coul. recip.      Potential
    1.71610e+03    1.91214e+04   -1.40166e+05    5.19690e+02   -1.17070e+05
    Kinetic En.   Total Energy  Conserved En.    Temperature Pressure (bar)
    2.53923e+04   -9.16779e+04   -1.36623e+05    3.62858e+02   -5.47757e+02
   Constr. rmsd
    3.84591e-06


DD  step 319999 load imb.: force  2.2%
           Step           Time
         320000      640.00000

   Energies (kJ/mol)
           Bond          Angle    Proper Dih. Ryckaert-Bell.          LJ-14
    2.72428e+02    7.72549e+02    3.15342e+01    3.52197e+02    4.11281e+02
     Coulomb-14        LJ (SR)   Coulomb (SR)   Coul. recip.      Potential
    1.70483e+03    1.99256e+04   -1.40262e+05    4.59639e+02   -1.16332e+05
    Kinetic En.   Total Energy  Conserved En.    Temperature Pressure (bar)
    2.48999e+04   -9.14322e+04   -1.36528e+05    3.55822e+02    1.40680e+02
   Constr. rmsd
    2.78784e-06


DD  step 324999 load imb.: force  4.6%
           Step           Time
         325000      650.00000

   Energies (kJ/mol)
           Bond          Angle    Proper Dih. Ryckaert-Bell.          LJ-14
    2.69473e+02    7.61053e+02    4.57419e+01    3.29035e+02    3.89662e+02
     Coulomb-14        LJ (SR)   Coulomb (SR)   Coul. recip.      Potential
    1.73177e+03    1.98868e+04   -1.41146e+05    4.49996e+02   -1.17282e+05
    Kinetic En.   Total Energy  Conserved En.    Temperature Pressure (bar)
    2.50829e+04   -9.21996e+04   -1.36209e+05    3.58436e+02   -4.22411e+01
   Constr. rmsd
    4.02983e-06


DD  step 329999 load imb.: force 26.0%
           Step           Time
         330000      660.00000

   Energies (kJ/mol)
           Bond          Angle    Proper Dih. Ryckaert-Bell.          LJ-14
    2.12760e+02    7.28384e+02    4.56114e+01    3.39778e+02    4.42866e+02
     Coulomb-14        LJ (SR)   Coulomb (SR)   Coul. recip.      Potential
    1.73258e+03    1.96022e+04   -1.40477e+05    4.95354e+02   -1.16878e+05
    Kinetic En.   Total Energy  Conserved En.    Temperature Pressure (bar)
    2.51458e+04   -9.17318e+04   -1.36301e+05    3.59335e+02   -8.21295e+01
   Constr. rmsd
    3.32304e-06


DD  step 334999 load imb.: force  8.3%
           Step           Time
         335000      670.00000

   Energies (kJ/mol)
           Bond          Angle    Proper Dih. Ryckaert-Bell.          LJ-14
    3.09721e+02    7.89505e+02    3.57094e+01    3.26403e+02    3.76481e+02
     Coulomb-14        LJ (SR)   Coulomb (SR)   Coul. recip.      Potential
    1.68223e+03    2.06377e+04   -1.41482e+05    4.98002e+02   -1.16826e+05
    Kinetic En.   Total Energy  Conserved En.    Temperature Pressure (bar)
    2.53588e+04   -9.14676e+04   -1.36092e+05    3.62378e+02    2.32598e+02
   Constr. rmsd
    4.07271e-06


DD  step 339999 load imb.: force 11.1%
           Step           Time
         340000      680.00000

   Energies (kJ/mol)
           Bond          Angle    Proper Dih. Ryckaert-Bell.          LJ-14
    2.73691e+02    7.69702e+02    6.27099e+01    3.06823e+02    3.79307e+02
     Coulomb-14        LJ (SR)   Coulomb (SR)   Coul. recip.      Potential
    1.67879e+03    1.89928e+04   -1.40060e+05    4.42902e+02   -1.17154e+05
    Kinetic En.   Total Energy  Conserved En.    Temperature Pressure (bar)
    2.56520e+04   -9.15018e+04   -1.35990e+05    3.66569e+02   -4.61995e+02
   Constr. rmsd
    4.05504e-06


DD  step 344999 load imb.: force  7.8%
           Step           Time
         345000      690.00000

   Energies (kJ/mol)
           Bond          Angle    Proper Dih. Ryckaert-Bell.          LJ-14
    2.89601e+02    7.24229e+02    3.44503e+01    2.78243e+02    3.95076e+02
     Coulomb-14        LJ (SR)   Coulomb (SR)   Coul. recip.      Potential
    1.67654e+03    2.02797e+04   -1.41523e+05    5.03730e+02   -1.17342e+05
    Kinetic En.   Total Energy  Conserved En.    Temperature Pressure (bar)
    2.56014e+04   -9.17403e+04   -1.36002e+05    3.65845e+02    2.94525e+02
   Constr. rmsd
    3.93229e-06


DD  step 349999 load imb.: force 14.0%
           Step           Time
         350000      700.00000

   Energies (kJ/mol)
           Bond          Angle    Proper Dih. Ryckaert-Bell.          LJ-14
    2.99896e+02    7.76052e+02    6.03801e+01    3.33701e+02    3.96500e+02
     Coulomb-14        LJ (SR)   Coulomb (SR)   Coul. recip.      Potential
    1.72447e+03    2.03930e+04   -1.41237e+05    5.00346e+02   -1.16753e+05
    Kinetic En.   Total Energy  Conserved En.    Temperature Pressure (bar)
    2.51041e+04   -9.16486e+04   -1.35984e+05    3.58739e+02    1.12807e+02
   Constr. rmsd
    2.99667e-06


DD  step 354999 load imb.: force 20.2%
           Step           Time
         355000      710.00000

   Energies (kJ/mol)
           Bond          Angle    Proper Dih. Ryckaert-Bell.          LJ-14
    2.76033e+02    7.52679e+02    5.91510e+01    3.50960e+02    3.88130e+02
     Coulomb-14        LJ (SR)   Coulomb (SR)   Coul. recip.      Potential
    1.69031e+03    1.95974e+04   -1.41001e+05    4.48630e+02   -1.17438e+05
    Kinetic En.   Total Energy  Conserved En.    Temperature Pressure (bar)
    2.54887e+04   -9.19488e+04   -1.35919e+05    3.64236e+02   -2.01932e+02
   Constr. rmsd
    3.06979e-06

Writing checkpoint, step 359750 at Tue Mar 17 00:01:37 2026



DD  step 359999 load imb.: force  8.9%
           Step           Time
         360000      720.00000

   Energies (kJ/mol)
           Bond          Angle    Proper Dih. Ryckaert-Bell.          LJ-14
    2.90488e+02    6.83315e+02    3.95788e+01    3.28817e+02    4.00920e+02
     Coulomb-14        LJ (SR)   Coulomb (SR)   Coul. recip.      Potential
    1.69416e+03    2.01401e+04   -1.41885e+05    4.82227e+02   -1.17826e+05
    Kinetic En.   Total Energy  Conserved En.    Temperature Pressure (bar)
    2.61897e+04   -9.16360e+04   -1.35785e+05    3.74253e+02   -1.57719e+02
   Constr. rmsd
    3.33904e-06


DD  step 364999 load imb.: force  5.2%
           Step           Time
         365000      730.00000

   Energies (kJ/mol)
           Bond          Angle    Proper Dih. Ryckaert-Bell.          LJ-14
    3.04445e+02    7.91322e+02    4.09821e+01    3.21431e+02    3.99625e+02
     Coulomb-14        LJ (SR)   Coulomb (SR)   Coul. recip.      Potential
    1.65754e+03    2.04598e+04   -1.41873e+05    4.74391e+02   -1.17423e+05
    Kinetic En.   Total Energy  Conserved En.    Temperature Pressure (bar)
    2.55828e+04   -9.18405e+04   -1.35786e+05    3.65580e+02    3.08452e+02
   Constr. rmsd
    2.41180e-06


DD  step 369999 load imb.: force  4.9%
           Step           Time
         370000      740.00000

   Energies (kJ/mol)
           Bond          Angle    Proper Dih. Ryckaert-Bell.          LJ-14
    2.79154e+02    7.70996e+02    4.01128e+01    3.50140e+02    3.83822e+02
     Coulomb-14        LJ (SR)   Coulomb (SR)   Coul. recip.      Potential
    1.67647e+03    2.00242e+04   -1.41370e+05    4.51674e+02   -1.17393e+05
    Kinetic En.   Total Energy  Conserved En.    Temperature Pressure (bar)
    2.56921e+04   -9.17009e+04   -1.35715e+05    3.67142e+02   -1.69350e+02
   Constr. rmsd
    2.96824e-06


DD  step 374999 load imb.: force 10.9%
           Step           Time
         375000      750.00000

   Energies (kJ/mol)
           Bond          Angle    Proper Dih. Ryckaert-Bell.          LJ-14
    3.16139e+02    8.37878e+02    2.98448e+01    2.74247e+02    3.79740e+02
     Coulomb-14        LJ (SR)   Coulomb (SR)   Coul. recip.      Potential
    1.64600e+03    2.00984e+04   -1.41500e+05    4.73244e+02   -1.17445e+05
    Kinetic En.   Total Energy  Conserved En.    Temperature Pressure (bar)
    2.59134e+04   -9.15314e+04   -1.35485e+05    3.70305e+02    1.82749e+00
   Constr. rmsd
    2.61344e-06


DD  step 379999 load imb.: force  7.7%
           Step           Time
         380000      760.00000

   Energies (kJ/mol)
           Bond          Angle    Proper Dih. Ryckaert-Bell.          LJ-14
    2.11619e+02    7.25708e+02    4.66581e+01    3.15220e+02    4.39853e+02
     Coulomb-14        LJ (SR)   Coulomb (SR)   Coul. recip.      Potential
    1.64854e+03    1.98860e+04   -1.41976e+05    4.75658e+02   -1.18227e+05
    Kinetic En.   Total Energy  Conserved En.    Temperature Pressure (bar)
    2.51673e+04   -9.30595e+04   -1.35316e+05    3.59642e+02    8.67236e+01
   Constr. rmsd
    3.86349e-06


DD  step 384999 load imb.: force 16.2%
           Step           Time
         385000      770.00000

   Energies (kJ/mol)
           Bond          Angle    Proper Dih. Ryckaert-Bell.          LJ-14
    2.71872e+02    7.71393e+02    4.10798e+01    2.95859e+02    4.17217e+02
     Coulomb-14        LJ (SR)   Coulomb (SR)   Coul. recip.      Potential
    1.66717e+03    2.05121e+04   -1.42645e+05    5.00074e+02   -1.18168e+05
    Kinetic En.   Total Energy  Conserved En.    Temperature Pressure (bar)
    2.50325e+04   -9.31360e+04   -1.35181e+05    3.57716e+02    3.33321e+02
   Constr. rmsd
    2.63274e-06


DD  step 389999 load imb.: force 20.1%
           Step           Time
         390000      780.00000

   Energies (kJ/mol)
           Bond          Angle    Proper Dih. Ryckaert-Bell.          LJ-14
    2.56764e+02    7.38285e+02    3.35133e+01    3.03083e+02    4.11506e+02
     Coulomb-14        LJ (SR)   Coulomb (SR)   Coul. recip.      Potential
    1.66513e+03    2.01451e+04   -1.41644e+05    4.78780e+02   -1.17612e+05
    Kinetic En.   Total Energy  Conserved En.    Temperature Pressure (bar)
    2.55408e+04   -9.20710e+04   -1.35299e+05    3.64979e+02   -4.18501e+01
   Constr. rmsd
    3.82484e-06


DD  step 394999 load imb.: force 15.6%
           Step           Time
         395000      790.00000

   Energies (kJ/mol)
           Bond          Angle    Proper Dih. Ryckaert-Bell.          LJ-14
    2.59312e+02    7.37646e+02    4.30218e+01    3.33767e+02    4.07849e+02
     Coulomb-14        LJ (SR)   Coulomb (SR)   Coul. recip.      Potential
    1.66275e+03    1.97412e+04   -1.40789e+05    4.97284e+02   -1.17107e+05
    Kinetic En.   Total Energy  Conserved En.    Temperature Pressure (bar)
    2.52064e+04   -9.19001e+04   -1.35453e+05    3.60202e+02   -7.42440e+01
   Constr. rmsd
    3.18863e-06


DD  step 399999 load imb.: force  8.1%
           Step           Time
         400000      800.00000

   Energies (kJ/mol)
           Bond          Angle    Proper Dih. Ryckaert-Bell.          LJ-14
    3.26662e+02    7.78619e+02    4.78460e+01    3.13630e+02    4.42812e+02
     Coulomb-14        LJ (SR)   Coulomb (SR)   Coul. recip.      Potential
    1.73450e+03    1.99556e+04   -1.41141e+05    4.67622e+02   -1.17074e+05
    Kinetic En.   Total Energy  Conserved En.    Temperature Pressure (bar)
    2.56008e+04   -9.14728e+04   -1.35256e+05    3.65837e+02    1.27256e+02
   Constr. rmsd
    3.61269e-06


DD  step 404999 load imb.: force  8.1%
           Step           Time
         405000      810.00000

   Energies (kJ/mol)
           Bond          Angle    Proper Dih. Ryckaert-Bell.          LJ-14
    2.72880e+02    7.10031e+02    3.15618e+01    3.57114e+02    4.29943e+02
     Coulomb-14        LJ (SR)   Coulomb (SR)   Coul. recip.      Potential
    1.70429e+03    1.98012e+04   -1.40702e+05    4.73835e+02   -1.16921e+05
    Kinetic En.   Total Energy  Conserved En.    Temperature Pressure (bar)
    2.53404e+04   -9.15808e+04   -1.34976e+05    3.62116e+02    4.49278e+02
   Constr. rmsd
    3.58414e-06


DD  step 409999 load imb.: force 13.7%
           Step           Time
         410000      820.00000

   Energies (kJ/mol)
           Bond          Angle    Proper Dih. Ryckaert-Bell.          LJ-14
    2.58751e+02    7.69747e+02    3.29221e+01    3.02761e+02    4.09749e+02
     Coulomb-14        LJ (SR)   Coulomb (SR)   Coul. recip.      Potential
    1.71054e+03    2.06322e+04   -1.42729e+05    4.64174e+02   -1.18149e+05
    Kinetic En.   Total Energy  Conserved En.    Temperature Pressure (bar)
    2.50093e+04   -9.31392e+04   -1.35050e+05    3.57385e+02    3.36226e+02
   Constr. rmsd
    4.02155e-06


DD  step 414999 load imb.: force  9.9%
           Step           Time
         415000      830.00000

   Energies (kJ/mol)
           Bond          Angle    Proper Dih. Ryckaert-Bell.          LJ-14
    2.38610e+02    7.39870e+02    3.01889e+01    2.59599e+02    4.46213e+02
     Coulomb-14        LJ (SR)   Coulomb (SR)   Coul. recip.      Potential
    1.65363e+03    1.96208e+04   -1.41468e+05    4.83283e+02   -1.17996e+05
    Kinetic En.   Total Energy  Conserved En.    Temperature Pressure (bar)
    2.54095e+04   -9.25869e+04   -1.34873e+05    3.63103e+02   -1.06849e+02
   Constr. rmsd
    2.71298e-06


DD  step 419999 load imb.: force  8.2%
           Step           Time
         420000      840.00000

   Energies (kJ/mol)
           Bond          Angle    Proper Dih. Ryckaert-Bell.          LJ-14
    2.90514e+02    7.83491e+02    4.10943e+01    3.01522e+02    3.96976e+02
     Coulomb-14        LJ (SR)   Coulomb (SR)   Coul. recip.      Potential
    1.67335e+03    2.03209e+04   -1.41709e+05    4.87530e+02   -1.17414e+05
    Kinetic En.   Total Energy  Conserved En.    Temperature Pressure (bar)
    2.54404e+04   -9.19735e+04   -1.34823e+05    3.63544e+02    2.24044e+02
   Constr. rmsd
    2.81273e-06


DD  step 424999 load imb.: force  8.8%
           Step           Time
         425000      850.00000

   Energies (kJ/mol)
           Bond          Angle    Proper Dih. Ryckaert-Bell.          LJ-14
    3.07895e+02    7.52978e+02    3.30613e+01    2.87101e+02    4.16288e+02
     Coulomb-14        LJ (SR)   Coulomb (SR)   Coul. recip.      Potential
    1.66722e+03    2.01185e+04   -1.41585e+05    5.29197e+02   -1.17473e+05
    Kinetic En.   Total Energy  Conserved En.    Temperature Pressure (bar)
    2.50461e+04   -9.24264e+04   -1.34787e+05    3.57911e+02   -1.46651e+01
   Constr. rmsd
    3.13130e-06


DD  step 429999 load imb.: force  7.5%
           Step           Time
         430000      860.00000

   Energies (kJ/mol)
           Bond          Angle    Proper Dih. Ryckaert-Bell.          LJ-14
    2.57647e+02    7.53111e+02    3.41466e+01    2.88698e+02    4.05126e+02
     Coulomb-14        LJ (SR)   Coulomb (SR)   Coul. recip.      Potential
    1.68230e+03    2.04492e+04   -1.41285e+05    4.94583e+02   -1.16920e+05
    Kinetic En.   Total Energy  Conserved En.    Temperature Pressure (bar)
    2.55062e+04   -9.14135e+04   -1.34939e+05    3.64486e+02    1.64911e+02
   Constr. rmsd
    5.17641e-06


DD  step 434999 load imb.: force  7.2%
           Step           Time
         435000      870.00000

   Energies (kJ/mol)
           Bond          Angle    Proper Dih. Ryckaert-Bell.          LJ-14
    2.48407e+02    6.75912e+02    7.04327e+01    3.59700e+02    4.29851e+02
     Coulomb-14        LJ (SR)   Coulomb (SR)   Coul. recip.      Potential
    1.67677e+03    2.00521e+04   -1.41574e+05    4.73002e+02   -1.17588e+05
    Kinetic En.   Total Energy  Conserved En.    Temperature Pressure (bar)
    2.56959e+04   -9.18919e+04   -1.34740e+05    3.67196e+02    1.09326e+02
   Constr. rmsd
    3.99332e-06


DD  step 439999 load imb.: force 11.0%
           Step           Time
         440000      880.00000

   Energies (kJ/mol)
           Bond          Angle    Proper Dih. Ryckaert-Bell.          LJ-14
    3.13976e+02    7.88180e+02    3.52286e+01    2.56227e+02    4.03397e+02
     Coulomb-14        LJ (SR)   Coulomb (SR)   Coul. recip.      Potential
    1.68670e+03    1.97974e+04   -1.40845e+05    5.07050e+02   -1.17057e+05
    Kinetic En.   Total Energy  Conserved En.    Temperature Pressure (bar)
    2.56180e+04   -9.14392e+04   -1.34690e+05    3.66084e+02   -2.02116e+02
   Constr. rmsd
    3.33401e-06


DD  step 444999 load imb.: force  6.4%
           Step           Time
         445000      890.00000

   Energies (kJ/mol)
           Bond          Angle    Proper Dih. Ryckaert-Bell.          LJ-14
    2.69848e+02    8.08456e+02    5.13908e+01    3.23020e+02    3.90783e+02
     Coulomb-14        LJ (SR)   Coulomb (SR)   Coul. recip.      Potential
    1.71331e+03    2.05896e+04   -1.41615e+05    4.97023e+02   -1.16971e+05
    Kinetic En.   Total Energy  Conserved En.    Temperature Pressure (bar)
    2.52383e+04   -9.17330e+04   -1.34558e+05    3.60657e+02    3.67389e+02
   Constr. rmsd
    3.42978e-06


DD  step 449999 load imb.: force  6.0%
           Step           Time
         450000      900.00000

   Energies (kJ/mol)
           Bond          Angle    Proper Dih. Ryckaert-Bell.          LJ-14
    2.64840e+02    7.47118e+02    3.39805e+01    3.24242e+02    4.04527e+02
     Coulomb-14        LJ (SR)   Coulomb (SR)   Coul. recip.      Potential
    1.73763e+03    1.97224e+04   -1.40521e+05    4.66535e+02   -1.16820e+05
    Kinetic En.   Total Energy  Conserved En.    Temperature Pressure (bar)
    2.55139e+04   -9.13062e+04   -1.34620e+05    3.64595e+02    1.23034e+02
   Constr. rmsd
    3.86158e-06


DD  step 454999 load imb.: force 16.0%
           Step           Time
         455000      910.00000

   Energies (kJ/mol)
           Bond          Angle    Proper Dih. Ryckaert-Bell.          LJ-14
    2.89169e+02    7.88085e+02    3.94063e+01    2.47850e+02    3.96135e+02
     Coulomb-14        LJ (SR)   Coulomb (SR)   Coul. recip.      Potential
    1.68293e+03    1.99486e+04   -1.41194e+05    5.19508e+02   -1.17283e+05
    Kinetic En.   Total Energy  Conserved En.    Temperature Pressure (bar)
    2.58453e+04   -9.14373e+04   -1.34531e+05    3.69331e+02   -3.84241e+01
   Constr. rmsd
    3.68470e-06


DD  step 459999 load imb.: force 15.8%
           Step           Time
         460000      920.00000

   Energies (kJ/mol)
           Bond          Angle    Proper Dih. Ryckaert-Bell.          LJ-14
    2.78630e+02    8.02446e+02    3.90992e+01    2.37128e+02    3.93981e+02
     Coulomb-14        LJ (SR)   Coulomb (SR)   Coul. recip.      Potential
    1.66025e+03    2.04786e+04   -1.42077e+05    5.35923e+02   -1.17651e+05
    Kinetic En.   Total Energy  Conserved En.    Temperature Pressure (bar)
    2.50799e+04   -9.25715e+04   -1.34598e+05    3.58393e+02    1.08342e+02
   Constr. rmsd
    3.80199e-06


DD  step 464999 load imb.: force  8.5%
           Step           Time
         465000      930.00000

   Energies (kJ/mol)
           Bond          Angle    Proper Dih. Ryckaert-Bell.          LJ-14
    2.89105e+02    8.03249e+02    4.03884e+01    3.29328e+02    3.99290e+02
     Coulomb-14        LJ (SR)   Coulomb (SR)   Coul. recip.      Potential
    1.67543e+03    1.98835e+04   -1.41364e+05    5.17103e+02   -1.17427e+05
    Kinetic En.   Total Energy  Conserved En.    Temperature Pressure (bar)
    2.54815e+04   -9.19450e+04   -1.34281e+05    3.64133e+02   -2.29088e+02
   Constr. rmsd
    2.97746e-06


DD  step 469999 load imb.: force 17.6%
           Step           Time
         470000      940.00000

   Energies (kJ/mol)
           Bond          Angle    Proper Dih. Ryckaert-Bell.          LJ-14
    2.76013e+02    7.18870e+02    3.91487e+01    2.95554e+02    4.47861e+02
     Coulomb-14        LJ (SR)   Coulomb (SR)   Coul. recip.      Potential
    1.70448e+03    2.00448e+04   -1.40605e+05    4.62150e+02   -1.16616e+05
    Kinetic En.   Total Energy  Conserved En.    Temperature Pressure (bar)
    2.51443e+04   -9.14721e+04   -1.34265e+05    3.59314e+02    1.46771e+02
   Constr. rmsd
    2.95629e-06


DD  step 474999 load imb.: force 11.0%
           Step           Time
         475000      950.00000

   Energies (kJ/mol)
           Bond          Angle    Proper Dih. Ryckaert-Bell.          LJ-14
    2.92246e+02    7.83632e+02    3.80995e+01    3.05423e+02    3.86849e+02
     Coulomb-14        LJ (SR)   Coulomb (SR)   Coul. recip.      Potential
    1.66918e+03    2.01420e+04   -1.41760e+05    4.95195e+02   -1.17647e+05
    Kinetic En.   Total Energy  Conserved En.    Temperature Pressure (bar)
    2.57567e+04   -9.18904e+04   -1.34066e+05    3.68065e+02    8.84276e+01
   Constr. rmsd
    4.26277e-06


DD  step 479999 load imb.: force  7.3%
           Step           Time
         480000      960.00000

   Energies (kJ/mol)
           Bond          Angle    Proper Dih. Ryckaert-Bell.          LJ-14
    2.35490e+02    7.56844e+02    3.90014e+01    2.50670e+02    4.02020e+02
     Coulomb-14        LJ (SR)   Coulomb (SR)   Coul. recip.      Potential
    1.65278e+03    2.06718e+04   -1.42348e+05    4.63798e+02   -1.17875e+05
    Kinetic En.   Total Energy  Conserved En.    Temperature Pressure (bar)
    2.54659e+04   -9.24092e+04   -1.33985e+05    3.63909e+02    4.24336e+02
   Constr. rmsd
    3.17309e-06


DD  step 484999 load imb.: force  4.0%
           Step           Time
         485000      970.00000

   Energies (kJ/mol)
           Bond          Angle    Proper Dih. Ryckaert-Bell.          LJ-14
    2.63967e+02    8.12035e+02    4.19237e+01    2.62063e+02    3.86325e+02
     Coulomb-14        LJ (SR)   Coulomb (SR)   Coul. recip.      Potential
    1.65821e+03    1.96658e+04   -1.41104e+05    5.15755e+02   -1.17498e+05
    Kinetic En.   Total Energy  Conserved En.    Temperature Pressure (bar)
    2.50500e+04   -9.24480e+04   -1.33994e+05    3.57966e+02   -2.67395e+02
   Constr. rmsd
    3.62796e-06


DD  step 489999 load imb.: force  9.9%
           Step           Time
         490000      980.00000

   Energies (kJ/mol)
           Bond          Angle    Proper Dih. Ryckaert-Bell.          LJ-14
    2.71653e+02    7.19148e+02    5.19584e+01    3.38469e+02    4.19783e+02
     Coulomb-14        LJ (SR)   Coulomb (SR)   Coul. recip.      Potential
    1.68145e+03    2.00264e+04   -1.41532e+05    5.00369e+02   -1.17523e+05
    Kinetic En.   Total Energy  Conserved En.    Temperature Pressure (bar)
    2.51420e+04   -9.23812e+04   -1.33818e+05    3.59282e+02   -6.64003e+01
   Constr. rmsd
    3.09893e-06


DD  step 494999 load imb.: force  7.1%
           Step           Time
         495000      990.00000

   Energies (kJ/mol)
           Bond          Angle    Proper Dih. Ryckaert-Bell.          LJ-14
    2.72419e+02    7.52594e+02    4.51504e+01    2.59532e+02    4.27224e+02
     Coulomb-14        LJ (SR)   Coulomb (SR)   Coul. recip.      Potential
    1.67641e+03    2.04564e+04   -1.41656e+05    4.98004e+02   -1.17268e+05
    Kinetic En.   Total Energy  Conserved En.    Temperature Pressure (bar)
    2.57054e+04   -9.15630e+04   -1.33643e+05    3.67332e+02    5.85877e+02
   Constr. rmsd
    2.77758e-06


DD  step 499999 load imb.: force  5.6%
           Step           Time
         500000     1000.00000

Writing checkpoint, step 500000 at Tue Mar 17 00:14:05 2026


   Energies (kJ/mol)
           Bond          Angle    Proper Dih. Ryckaert-Bell.          LJ-14
    2.49245e+02    7.99476e+02    5.81235e+01    3.23171e+02    4.41275e+02
     Coulomb-14        LJ (SR)   Coulomb (SR)   Coul. recip.      Potential
    1.71558e+03    2.03955e+04   -1.42797e+05    4.50760e+02   -1.18364e+05
    Kinetic En.   Total Energy  Conserved En.    Temperature Pressure (bar)
    2.53404e+04   -9.30237e+04   -1.33652e+05    3.62116e+02    1.66256e+02
   Constr. rmsd
    4.65698e-06


Energy conservation over simulation part #1 of length 1000 ps, time 0 to 1000 ps
  Conserved energy drift: 2.45e-04 kJ/mol/ps per atom


	<======  ###############  ==>
	<====  A V E R A G E S  ====>
	<==  ###############  ======>

	Statistics over 500001 steps using 5001 frames

   Energies (kJ/mol)
           Bond          Angle    Proper Dih. Ryckaert-Bell.          LJ-14
    2.78306e+02    7.51167e+02    4.11382e+01    3.31716e+02    4.07952e+02
     Coulomb-14        LJ (SR)   Coulomb (SR)   Coul. recip.      Potential
    1.71030e+03    2.00219e+04   -1.41428e+05    4.87017e+02   -1.17398e+05
    Kinetic En.   Total Energy  Conserved En.    Temperature Pressure (bar)
    2.53624e+04   -9.20355e+04   -1.37318e+05    3.62431e+02    1.83337e+01
   Constr. rmsd
    0.00000e+00

          Box-X          Box-Y          Box-Z
    4.43599e+00    4.43599e+00    4.43599e+00

   Total Virial (kJ/mol)
    8.40907e+03   -3.64154e+00    5.14271e+00
   -3.62522e+00    8.41201e+03    4.61244e-02
    5.15122e+00    4.43909e-02    8.40179e+03

   Pressure (bar)
    1.51112e+01    2.49395e+00   -9.16989e-01
    2.48777e+00    1.72223e+01    8.71623e-01
   -9.20211e-01    8.72281e-01    2.26675e+01


	M E G A - F L O P S   A C C O U N T I N G

 NB=Group-cutoff nonbonded kernels    NxN=N-by-N cluster Verlet kernels
 RF=Reaction-Field  VdW=Van der Waals  QSTab=quadratic-spline table
 W3=SPC/TIP3p  W4=TIP4p (single or pairs)
 V&F=Potential and force  V=Potential only  F=Force only

 Computing:                               M-Number         M-Flops  % Flops
-----------------------------------------------------------------------------
 Pair Search distance check           38062.550770      342562.957     0.2
 NxN Ewald Elec. + LJ [F]           1613852.999568   125880533.966    55.2
 NxN Ewald Elec. + LJ [V&F]           16304.299496     2103254.635     0.9
 NxN Ewald Elec. [F]                1510362.153968    92132091.392    40.4
 NxN Ewald Elec. [V&F]                15259.354040     1281785.739     0.6
 1,4 nonbonded interactions             406.000812       36540.073     0.0
 Calc Weights                         12511.525023      450414.901     0.2
 Spread Q Bspline                    266912.533824      533825.068     0.2
 Gather F Bspline                    266912.533824     1601475.203     0.7
 3D-FFT                              316593.633186     2532749.065     1.1
 Solve PME                             5880.011760      376320.753     0.2
 Reset In Box                            83.384977         250.155     0.0
 CG-CoM                                  83.418341         250.255     0.0
 Bonds                                   80.000160        4720.009     0.0
 Angles                                 282.500565       47460.095     0.0
 Propers                                 30.500061        6984.514     0.0
 RB-Dihedrals                           326.000652       80522.161     0.0
 Virial                                  43.513701         783.247     0.0
 Stop-CM                                 41.713341         417.133     0.0
 P-Coupling                              41.713341         250.280     0.0
 Calc-Ekin                               83.426682        2252.520     0.0
 Lincs                                   75.000150        4500.009     0.0
 Lincs-Mat                              372.000744        1488.003     0.0
 Constraint-V                          4168.508337       37516.575     0.0
 Constraint-Vir                          40.943187         982.636     0.0
 Settle                                1339.502679      495615.991     0.2
-----------------------------------------------------------------------------
 Total                                               227955547.337   100.0
-----------------------------------------------------------------------------


    D O M A I N   D E C O M P O S I T I O N   S T A T I S T I C S

 av. #atoms communicated per step for force:  2 x 21437.0


Dynamic load balancing report:
 DLB got disabled because it was unsuitable to use.
 Average load imbalance: 9.7%.
 The balanceable part of the MD step is 45%, load imbalance is computed from this.
 Part of the total run time spent waiting due to load imbalance: 4.3%.


      R E A L   C Y C L E   A N D   T I M E   A C C O U N T I N G

On 8 MPI ranks

 Activity:              Num   Num      Call    Wall time         Giga-Cycles
                        Ranks Threads  Count      (s)         total sum    %
--------------------------------------------------------------------------------
 Domain decomp.            8    1      10000       9.241          1.774   0.4
 DD comm. load             8    1       5140       0.211          0.041   0.0
 DD comm. bounds           8    1        141       0.007          0.001   0.0
 Neighbor search           8    1      10001      28.141          5.403   1.1
 Comm. coord.              8    1     490000      49.783          9.558   2.0
 Force                     8    1     500001    1135.077        217.938  44.5
 Wait + Comm. F            8    1     500001      35.047          6.729   1.4
 PME mesh                  8    1     500001    1263.448        242.585  49.6
 NB X/F buffer ops.        8    1    1490002      10.342          1.986   0.4
 Write traj.               8    1        103       0.067          0.013   0.0
 Update                    8    1     500001       4.270          0.820   0.2
 Constraints               8    1     500001       9.570          1.837   0.4
 Kinetic energy            8    1      10001       0.064          0.012   0.0
 Comm. energies            8    1       5001       1.089          0.209   0.0
 Rest                                              1.857          0.356   0.1
--------------------------------------------------------------------------------
 Total                                          2548.212        489.263 100.0
--------------------------------------------------------------------------------
 Breakdown of PME mesh activities
--------------------------------------------------------------------------------
 PME redist. X/F           8    1    1000002     946.441        181.719  37.1
 PME spread                8    1     500001     144.041         27.656   5.7
 PME gather                8    1     500001      45.677          8.770   1.8
 PME 3D-FFT                8    1    1000002      28.001          5.376   1.1
 PME 3D-FFT Comm.          8    1    2000004      95.923         18.417   3.8
 PME solve Elec            8    1     500001       3.093          0.594   0.1
--------------------------------------------------------------------------------

               Core t (s)   Wall t (s)        (%)
       Time:    20385.676     2548.212      800.0
                         42:28
                 (ns/day)    (hour/ns)    (ms/step)  (Matom*steps/s) 
Performance:       33.906        0.708        5.096            1.637 
Finished mdrun on rank 0 Tue Mar 17 00:14:05 2026

