           :-) GROMACS - gmx mdrun, 2023.3-Ubuntu_2023.3_1ubuntu3 (-:

Copyright 1991-2023 The GROMACS Authors.
GROMACS is free software; you can redistribute it and/or modify it
under the terms of the GNU Lesser General Public License
as published by the Free Software Foundation; either version 2.1
of the License, or (at your option) any later version.

                         Current GROMACS contributors:
       Mark Abraham           Andrey Alekseenko           Cathrine Bergh      
      Christian Blau            Eliane Briand             Mahesh Doijade      
    Stefan Fleischmann           Vytas Gapsys              Gaurav Garg        
      Sergey Gorelov         Gilles Gouaillardet            Alan Gray         
     M. Eric Irrgang         Farzaneh Jalalypour            Joe Jordan        
    Christoph Junghans        Prashanth Kanduri          Sebastian Keller     
     Carsten Kutzner           Justin A. Lemkul          Magnus Lundborg      
       Pascal Merz              Vedran Miletic            Dmitry Morozov      
       Szilard Pall             Roland Schulz             Michael Shirts      
     Alexey Shvetsov            Balint Soproni         David van der Spoel    
      Philip Turner             Carsten Uphoff           Alessandra Villa     
 Sebastian Wingbermuehle        Artem Zhmurov       

                         Previous GROMACS contributors:
        Emile Apol             Rossen Apostolov           James Barnett       
  Herman J.C. Berendsen          Par Bjelkmar           Viacheslav Bolnykh    
        Kevin Boyd            Aldert van Buuren          Carlo Camilloni      
     Rudi van Drunen            Anton Feenstra           Oliver Fleetwood     
     Gerrit Groenhof            Bert de Groot             Anca Hamuraru       
    Vincent Hindriksen          Victor Holanda           Aleksei Iupinov      
   Dimitrios Karkoulis           Peter Kasson             Sebastian Kehl      
        Jiri Kraus               Per Larsson              Viveca Lindahl      
      Erik Marklund           Pieter Meulenhoff           Teemu Murtola       
       Sander Pronk             Alfons Sijbers            Peter Tieleman      
       Jon Vincent             Teemu Virolainen         Christian Wennberg    
       Maarten Wolf       

                  Coordinated by the GROMACS project leaders:
                    Paul Bauer, Berk Hess, and Erik Lindahl

GROMACS:      gmx mdrun, version 2023.3-Ubuntu_2023.3_1ubuntu3
Executable:   /usr/bin/gmx
Data prefix:  /usr
Working dir:  /home/ayush-saini/lab12/lab11,12
Process ID:   10339
Command line:
  gmx mdrun -v -deffnm md

GROMACS version:    2023.3-Ubuntu_2023.3_1ubuntu3
Precision:          mixed
Memory model:       64 bit
MPI library:        thread_mpi
OpenMP support:     enabled (GMX_OPENMP_MAX_THREADS = 128)
GPU support:        disabled
SIMD instructions:  SSE4.1
CPU FFT library:    fftw-3.3.10-sse2-avx
GPU FFT library:    none
Multi-GPU FFT:      none
RDTSCP usage:       enabled
TNG support:        enabled
Hwloc support:      hwloc-2.8.0
Tracing support:    disabled
C compiler:         /usr/bin/cc GNU 13.2.0
C compiler flags:   -fexcess-precision=fast -funroll-all-loops -msse4.1 -Wno-missing-field-initializers -O3 -DNDEBUG
C++ compiler:       /usr/bin/c++ GNU 13.2.0
C++ compiler flags: -fexcess-precision=fast -funroll-all-loops -msse4.1 -Wno-missing-field-initializers -Wno-cast-function-type-strict SHELL:-fopenmp -O3 -DNDEBUG
BLAS library:       External - detected on the system
LAPACK library:     External - detected on the system


Running on 1 node with total 10 cores, 12 processing units
Hardware detected on host ayush-saini-HP-Laptop-15s-fq5xxx:
  CPU info:
    Vendor: Intel
    Brand:  12th Gen Intel(R) Core(TM) i5-1235U
    Family: 6   Model: 154   Stepping: 4
    Features: aes apic avx avx2 clfsh cmov cx8 cx16 f16c fma htt intel lahf mmx msr nonstop_tsc pcid pclmuldq pdcm pdpe1gb popcnt pse rdrnd rdtscp sha sse2 sse3 sse4.1 sse4.2 ssse3 tdt x2apic
  Hardware topology: Full, with devices
    Packages, cores, and logical processors:
    [indices refer to OS logical processors]
      Package  0: [   0   1] [   2   3] [   4] [   5] [   6] [   7] [   8] [   9] [  10] [  11]
    CPU limit set by OS: -1   Recommended max number of threads: 12
    Numa nodes:
      Node  0 (7980867584 bytes mem):   0   1   2   3   4   5   6   7   8   9  10  11
      Latency:
               0
         0  1.00
    Caches:
      L1: 49152 bytes, linesize 64 bytes, assoc. 12, shared 2 ways
      L2: 1310720 bytes, linesize 64 bytes, assoc. 10, shared 2 ways
      L3: 12582912 bytes, linesize 64 bytes, assoc. 12, shared 12 ways
    PCI devices:
      0000:00:02.0  Id: 8086:46a8  Class: 0x0300  Numa: 0
      0000:01:00.0  Id: 10ec:c822  Class: 0x0280  Numa: 0
      0000:02:00.0  Id: 1e0f:000c  Class: 0x0108  Numa: 0

Likely fastest SIMD instructions supported by all nodes: AVX2_256
SIMD instructions selected at compile time:              SSE4.1


++++ PLEASE READ AND CITE THE FOLLOWING REFERENCE ++++
M. J. Abraham, T. Murtola, R. Schulz, S. Páll, J. C. Smith, B. Hess, E.
Lindahl
GROMACS: High performance molecular simulations through multi-level
parallelism from laptops to supercomputers
SoftwareX 1 (2015) pp. 19-25
-------- -------- --- Thank You --- -------- --------


++++ PLEASE READ AND CITE THE FOLLOWING REFERENCE ++++
S. Páll, M. J. Abraham, C. Kutzner, B. Hess, E. Lindahl
Tackling Exascale Software Challenges in Molecular Dynamics Simulations with
GROMACS
In S. Markidis & E. Laure (Eds.), Solving Software Challenges for Exascale 8759 (2015) pp. 3-27
-------- -------- --- Thank You --- -------- --------


++++ PLEASE READ AND CITE THE FOLLOWING REFERENCE ++++
S. Pronk, S. Páll, R. Schulz, P. Larsson, P. Bjelkmar, R. Apostolov, M. R.
Shirts, J. C. Smith, P. M. Kasson, D. van der Spoel, B. Hess, and E. Lindahl
GROMACS 4.5: a high-throughput and highly parallel open source molecular
simulation toolkit
Bioinformatics 29 (2013) pp. 845-54
-------- -------- --- Thank You --- -------- --------


++++ PLEASE READ AND CITE THE FOLLOWING REFERENCE ++++
B. Hess and C. Kutzner and D. van der Spoel and E. Lindahl
GROMACS 4: Algorithms for highly efficient, load-balanced, and scalable
molecular simulation
J. Chem. Theory Comput. 4 (2008) pp. 435-447
-------- -------- --- Thank You --- -------- --------


++++ PLEASE READ AND CITE THE FOLLOWING REFERENCE ++++
D. van der Spoel, E. Lindahl, B. Hess, G. Groenhof, A. E. Mark and H. J. C.
Berendsen
GROMACS: Fast, Flexible and Free
J. Comp. Chem. 26 (2005) pp. 1701-1719
-------- -------- --- Thank You --- -------- --------


++++ PLEASE READ AND CITE THE FOLLOWING REFERENCE ++++
E. Lindahl and B. Hess and D. van der Spoel
GROMACS 3.0: A package for molecular simulation and trajectory analysis
J. Mol. Mod. 7 (2001) pp. 306-317
-------- -------- --- Thank You --- -------- --------


++++ PLEASE READ AND CITE THE FOLLOWING REFERENCE ++++
H. J. C. Berendsen, D. van der Spoel and R. van Drunen
GROMACS: A message-passing parallel molecular dynamics implementation
Comp. Phys. Comm. 91 (1995) pp. 43-56
-------- -------- --- Thank You --- -------- --------

Input Parameters:
   integrator                     = md
   tinit                          = 0
   dt                             = 0.002
   nsteps                         = 500000
   init-step                      = 0
   simulation-part                = 1
   mts                            = false
   comm-mode                      = Linear
   nstcomm                        = 100
   bd-fric                        = 0
   ld-seed                        = -1477675203
   emtol                          = 10
   emstep                         = 0.01
   niter                          = 20
   fcstep                         = 0
   nstcgsteep                     = 1000
   nbfgscorr                      = 10
   rtpi                           = 0.05
   nstxout                        = 0
   nstvout                        = 0
   nstfout                        = 0
   nstlog                         = 5000
   nstcalcenergy                  = 100
   nstenergy                      = 5000
   nstxout-compressed             = 5000
   compressed-x-precision         = 1000
   cutoff-scheme                  = Verlet
   nstlist                        = 10
   pbc                            = xyz
   periodic-molecules             = false
   verlet-buffer-tolerance        = 0.005
   rlist                          = 1.2
   coulombtype                    = PME
   coulomb-modifier               = Potential-shift
   rcoulomb-switch                = 0
   rcoulomb                       = 1.2
   epsilon-r                      = 1
   epsilon-rf                     = inf
   vdw-type                       = Cut-off
   vdw-modifier                   = Force-switch
   rvdw-switch                    = 1
   rvdw                           = 1.2
   DispCorr                       = No
   table-extension                = 1
   fourierspacing                 = 0.16
   fourier-nx                     = 44
   fourier-ny                     = 44
   fourier-nz                     = 44
   pme-order                      = 4
   ewald-rtol                     = 1e-05
   ewald-rtol-lj                  = 0.001
   lj-pme-comb-rule               = Geometric
   ewald-geometry                 = 3d
   epsilon-surface                = 0
   ensemble-temperature-setting   = constant
   ensemble-temperature           = 298
   tcoupl                         = V-rescale
   nsttcouple                     = 100
   nh-chain-length                = 0
   print-nose-hoover-chain-variables = false
   pcoupl                         = C-rescale
   pcoupltype                     = Isotropic
   nstpcouple                     = 100
   tau-p                          = 5
   compressibility (3x3):
      compressibility[    0]={ 4.50000e-05,  0.00000e+00,  0.00000e+00}
      compressibility[    1]={ 0.00000e+00,  4.50000e-05,  0.00000e+00}
      compressibility[    2]={ 0.00000e+00,  0.00000e+00,  4.50000e-05}
   ref-p (3x3):
      ref-p[    0]={ 1.00000e+00,  0.00000e+00,  0.00000e+00}
      ref-p[    1]={ 0.00000e+00,  1.00000e+00,  0.00000e+00}
      ref-p[    2]={ 0.00000e+00,  0.00000e+00,  1.00000e+00}
   refcoord-scaling               = No
   posres-com (3):
      posres-com[0]= 0.00000e+00
      posres-com[1]= 0.00000e+00
      posres-com[2]= 0.00000e+00
   posres-comB (3):
      posres-comB[0]= 0.00000e+00
      posres-comB[1]= 0.00000e+00
      posres-comB[2]= 0.00000e+00
   QMMM                           = false
qm-opts:
   ngQM                           = 0
   constraint-algorithm           = Lincs
   continuation                   = true
   Shake-SOR                      = false
   shake-tol                      = 0.0001
   lincs-order                    = 4
   lincs-iter                     = 1
   lincs-warnangle                = 30
   nwall                          = 0
   wall-type                      = 9-3
   wall-r-linpot                  = -1
   wall-atomtype[0]               = -1
   wall-atomtype[1]               = -1
   wall-density[0]                = 0
   wall-density[1]                = 0
   wall-ewald-zfac                = 3
   pull                           = false
   awh                            = false
   rotation                       = false
   interactiveMD                  = false
   disre                          = No
   disre-weighting                = Conservative
   disre-mixed                    = false
   dr-fc                          = 1000
   dr-tau                         = 0
   nstdisreout                    = 100
   orire-fc                       = 0
   orire-tau                      = 0
   nstorireout                    = 100
   free-energy                    = no
   cos-acceleration               = 0
   deform (3x3):
      deform[    0]={ 0.00000e+00,  0.00000e+00,  0.00000e+00}
      deform[    1]={ 0.00000e+00,  0.00000e+00,  0.00000e+00}
      deform[    2]={ 0.00000e+00,  0.00000e+00,  0.00000e+00}
   simulated-tempering            = false
   swapcoords                     = no
   userint1                       = 0
   userint2                       = 0
   userint3                       = 0
   userint4                       = 0
   userreal1                      = 0
   userreal2                      = 0
   userreal3                      = 0
   userreal4                      = 0
   applied-forces:
     electric-field:
       x:
         E0                       = 0
         omega                    = 0
         t0                       = 0
         sigma                    = 0
       y:
         E0                       = 0
         omega                    = 0
         t0                       = 0
         sigma                    = 0
       z:
         E0                       = 0
         omega                    = 0
         t0                       = 0
         sigma                    = 0
     density-guided-simulation:
       active                     = false
       group                      = protein
       similarity-measure         = inner-product
       atom-spreading-weight      = unity
       force-constant             = 1e+09
       gaussian-transform-spreading-width = 0.2
       gaussian-transform-spreading-range-in-multiples-of-width = 4
       reference-density-filename = reference.mrc
       nst                        = 1
       normalize-densities        = true
       adaptive-force-scaling     = false
       adaptive-force-scaling-time-constant = 4
       shift-vector               = 
       transformation-matrix      = 
     qmmm-cp2k:
       active                     = false
       qmgroup                    = System
       qmmethod                   = PBE
       qmfilenames                = 
       qmcharge                   = 0
       qmmultiplicity             = 1
grpopts:
   nrdf:       50236
   ref-t:         298
   tau-t:           1
annealing:          No
annealing-npoints:           0
   acc:	           0           0           0
   nfreeze:           N           N           N
   energygrp-flags[  0]: 0

Changing nstlist from 10 to 80, rlist from 1.2 to 1.318

Update groups can not be used for this system because an incompatible virtual site type is used

Initializing Domain Decomposition on 1 ranks
Dynamic load balancing: auto
Minimum cell size due to atom displacement: 0.635 nm
Initial maximum distances in bonded interactions:
    two-body bonded interactions: 0.559 nm, LJ-14, atoms 2518 2486
  multi-body bonded interactions: 0.488 nm, CMAP Dih., atoms 296 322
Minimum cell size due to bonded interactions: 0.537 nm
Maximum distance for 5 constraints, at 120 deg. angles, all-trans: 0.222 nm
Estimated maximum distance required for P-LINCS: 0.222 nm
Using 0 separate PME ranks because: there are too few total ranks for efficient splitting
Optimizing the DD grid for 1 cells with a minimum initial size of 0.635 nm
The maximum allowed number of cells is: X 8 Y 8 Z 7
Domain decomposition grid 1 x 1 x 1, separate PME ranks 0
PME domain decomposition: 1 x 1 x 1

The initial number of communication pulses is:
The initial domain decomposition cell size is:

The maximum allowed distance for atoms involved in interactions is:
                 non-bonded interactions           1.318 nm
(the following are initial values, they could change due to box deformation)
            two-body bonded interactions  (-rdd)   1.318 nm
          multi-body bonded interactions  (-rdd)   1.318 nm
              virtual site constructions  (-rcon)  4.922 nm
  atoms separated by up to 5 constraints  (-rcon)  4.922 nm

When dynamic load balancing gets turned on, these settings will change to:
The maximum number of communication pulses is:
The minimum size for domain decomposition cells is 1.318 nm
The requested allowed shrink of DD cells (option -dds) is: 0.80
The allowed shrink of domain decomposition cells is:
The maximum allowed distance for atoms involved in interactions is:
                 non-bonded interactions           1.318 nm
            two-body bonded interactions  (-rdd)   1.318 nm
          multi-body bonded interactions  (-rdd)   1.318 nm
              virtual site constructions  (-rcon)  1.318 nm
  atoms separated by up to 5 constraints  (-rcon)  1.318 nm

Using 1 MPI thread
Using 12 OpenMP threads 

System total charge: 0.000
Will do PME sum in reciprocal space for electrostatic interactions.

++++ PLEASE READ AND CITE THE FOLLOWING REFERENCE ++++
U. Essmann, L. Perera, M. L. Berkowitz, T. Darden, H. Lee and L. G. Pedersen 
A smooth particle mesh Ewald method
J. Chem. Phys. 103 (1995) pp. 8577-8592
-------- -------- --- Thank You --- -------- --------

Using a Gaussian width (1/beta) of 0.384195 nm for Ewald
Potential shift: LJ r^-12: -2.648e-01 r^-6: -5.349e-01, Ewald -8.333e-06
Initialized non-bonded Coulomb Ewald tables, spacing: 1.02e-03 size: 1176

Generated table with 1159 data points for 1-4 COUL.
Tabscale = 500 points/nm
Generated table with 1159 data points for 1-4 LJ6.
Tabscale = 500 points/nm
Generated table with 1159 data points for 1-4 LJ12.
Tabscale = 500 points/nm


Using SIMD 4x4 nonbonded short-range kernels

Using a dual 4x4 pair-list setup updated with dynamic pruning:
  outer list: updated every 80 steps, buffer 0.118 nm, rlist 1.318 nm
  inner list: updated every 13 steps, buffer 0.001 nm, rlist 1.201 nm
At tolerance 0.005 kJ/mol/ps per atom, equivalent classical 1x1 list would be:
  outer list: updated every 80 steps, buffer 0.263 nm, rlist 1.463 nm
  inner list: updated every 13 steps, buffer 0.051 nm, rlist 1.251 nm

The non-bonded pair calculation algorithm tolerates a few missing pair interactions close to the cut-off. This can lead to a systematic overestimation of the pressure due to missing LJ interactions. The error in the average pressure due to missing LJ interactions is at most 0.24 bar.
The pressure error can be controlled by setting the environment variable GMX_VERLET_BUFFER_PRESSURE_TOLERANCE to the allowed error in units of bar.

Linking all bonded interactions to atoms
There are 1 inter update-group virtual sites,
will perform an extra communication step for selected coordinates and forces


Pinning threads with an auto-selected logical cpu stride of 1

Initializing Parallel LINear Constraint Solver

++++ PLEASE READ AND CITE THE FOLLOWING REFERENCE ++++
B. Hess
P-LINCS: A Parallel Linear Constraint Solver for molecular simulation
J. Chem. Theory Comput. 4 (2008) pp. 116-122
-------- -------- --- Thank You --- -------- --------

The number of constraints is 1250
There are constraints between atoms in different decomposition domains,
will communicate selected coordinates each lincs iteration

++++ PLEASE READ AND CITE THE FOLLOWING REFERENCE ++++
S. Miyamoto and P. A. Kollman
SETTLE: An Analytical Version of the SHAKE and RATTLE Algorithms for Rigid
Water Models
J. Comp. Chem. 13 (1992) pp. 952-962
-------- -------- --- Thank You --- -------- --------


++++ PLEASE READ AND CITE THE FOLLOWING REFERENCE ++++
G. Bussi, D. Donadio and M. Parrinello
Canonical sampling through velocity rescaling
J. Chem. Phys. 126 (2007) pp. 014101
-------- -------- --- Thank You --- -------- --------


++++ PLEASE READ AND CITE THE FOLLOWING REFERENCE ++++
M. Bernetti, G. Bussi
Pressure control using stochastic cell rescaling
J. Chem. Phys. 153 (2020) pp. 114107
-------- -------- --- Thank You --- -------- --------

There are: 24486 Atoms
There are: 1 VSites
Atom distribution over 1 domains: av 24487 stddev 0 min 24487 max 24487
Center of mass motion removal mode is Linear
We have the following groups for center of mass motion removal:
  0:  rest

Started mdrun on rank 0 Tue Apr 14 19:17:17 2026

           Step           Time
              0        0.00000

   Energies (kJ/mol)
           Bond            U-B    Proper Dih.  Improper Dih.      CMAP Dih.
    2.33487e+03    5.64841e+03    6.20873e+03    3.99384e+02   -2.02964e+02
          LJ-14     Coulomb-14        LJ (SR)   Coulomb (SR)   Coul. recip.
    1.86601e+03    1.38408e+04    2.66316e+04   -3.76727e+05    1.12278e+03
      Potential    Kinetic En.   Total Energy  Conserved En.    Temperature
   -3.18877e+05    6.27526e+04   -2.56125e+05   -2.56134e+05    3.00478e+02
 Pressure (bar)   Constr. rmsd
   -1.06333e+01    2.83079e-06

           Step           Time
           5000       10.00000

   Energies (kJ/mol)
           Bond            U-B    Proper Dih.  Improper Dih.      CMAP Dih.
    2.11228e+03    5.99001e+03    6.31699e+03    3.22750e+02   -2.29544e+02
          LJ-14     Coulomb-14        LJ (SR)   Coulomb (SR)   Coul. recip.
    1.90596e+03    1.41036e+04    2.77490e+04   -3.77546e+05    1.14344e+03
      Potential    Kinetic En.   Total Energy  Conserved En.    Temperature
   -3.18132e+05    6.30170e+04   -2.55115e+05   -2.56120e+05    3.01744e+02
 Pressure (bar)   Constr. rmsd
    1.15090e+02    2.91253e-06

           Step           Time
          10000       20.00000

   Energies (kJ/mol)
           Bond            U-B    Proper Dih.  Improper Dih.      CMAP Dih.
    2.27393e+03    5.85647e+03    6.20985e+03    3.54045e+02   -2.25410e+02
          LJ-14     Coulomb-14        LJ (SR)   Coulomb (SR)   Coul. recip.
    1.84558e+03    1.39215e+04    2.75824e+04   -3.77870e+05    1.19908e+03
      Potential    Kinetic En.   Total Energy  Conserved En.    Temperature
   -3.18852e+05    6.13633e+04   -2.57489e+05   -2.55958e+05    2.93826e+02
 Pressure (bar)   Constr. rmsd
   -3.24695e+01    3.16540e-06

           Step           Time
          15000       30.00000

   Energies (kJ/mol)
           Bond            U-B    Proper Dih.  Improper Dih.      CMAP Dih.
    2.22004e+03    5.75592e+03    6.16105e+03    3.55533e+02   -2.54082e+02
          LJ-14     Coulomb-14        LJ (SR)   Coulomb (SR)   Coul. recip.
    1.88299e+03    1.44806e+04    2.83633e+04   -3.79487e+05    1.14844e+03
      Potential    Kinetic En.   Total Energy  Conserved En.    Temperature
   -3.19373e+05    6.29469e+04   -2.56426e+05   -2.55889e+05    3.01408e+02
 Pressure (bar)   Constr. rmsd
    4.57022e+01    2.97834e-06

           Step           Time
          20000       40.00000

   Energies (kJ/mol)
           Bond            U-B    Proper Dih.  Improper Dih.      CMAP Dih.
    2.14379e+03    5.68710e+03    6.35857e+03    3.44748e+02   -2.70143e+02
          LJ-14     Coulomb-14        LJ (SR)   Coulomb (SR)   Coul. recip.
    1.78350e+03    1.44549e+04    2.76661e+04   -3.77726e+05    1.17946e+03
      Potential    Kinetic En.   Total Energy  Conserved En.    Temperature
   -3.18378e+05    6.22512e+04   -2.56127e+05   -2.55999e+05    2.98077e+02
 Pressure (bar)   Constr. rmsd
   -2.96239e+02    3.05885e-06

           Step           Time
          25000       50.00000

   Energies (kJ/mol)
           Bond            U-B    Proper Dih.  Improper Dih.      CMAP Dih.
    2.34145e+03    5.67190e+03    6.24434e+03    3.98233e+02   -2.53376e+02
          LJ-14     Coulomb-14        LJ (SR)   Coulomb (SR)   Coul. recip.
    1.81214e+03    1.39597e+04    2.77254e+04   -3.78533e+05    1.12057e+03
      Potential    Kinetic En.   Total Energy  Conserved En.    Temperature
   -3.19513e+05    6.22641e+04   -2.57249e+05   -2.55719e+05    2.98139e+02
 Pressure (bar)   Constr. rmsd
    1.56719e+01    3.10009e-06

           Step           Time
          30000       60.00000

   Energies (kJ/mol)
           Bond            U-B    Proper Dih.  Improper Dih.      CMAP Dih.
    2.30651e+03    5.85799e+03    6.22004e+03    3.08007e+02   -2.63516e+02
          LJ-14     Coulomb-14        LJ (SR)   Coulomb (SR)   Coul. recip.
    1.91593e+03    1.40352e+04    2.87094e+04   -3.79944e+05    1.08618e+03
      Potential    Kinetic En.   Total Energy  Conserved En.    Temperature
   -3.19768e+05    6.22009e+04   -2.57567e+05   -2.55595e+05    2.97836e+02
 Pressure (bar)   Constr. rmsd
    1.85575e+02    3.15335e-06

           Step           Time
          35000       70.00000

   Energies (kJ/mol)
           Bond            U-B    Proper Dih.  Improper Dih.      CMAP Dih.
    2.17950e+03    5.75356e+03    6.20332e+03    3.16236e+02   -1.96414e+02
          LJ-14     Coulomb-14        LJ (SR)   Coulomb (SR)   Coul. recip.
    1.80932e+03    1.39330e+04    2.81884e+04   -3.79084e+05    1.12850e+03
      Potential    Kinetic En.   Total Energy  Conserved En.    Temperature
   -3.19768e+05    6.22463e+04   -2.57522e+05   -2.55371e+05    2.98054e+02
 Pressure (bar)   Constr. rmsd
    1.26839e+02    2.71859e-06

           Step           Time
          40000       80.00000

   Energies (kJ/mol)
           Bond            U-B    Proper Dih.  Improper Dih.      CMAP Dih.
    2.17601e+03    5.72599e+03    6.16672e+03    3.19176e+02   -2.73374e+02
          LJ-14     Coulomb-14        LJ (SR)   Coulomb (SR)   Coul. recip.
    1.91363e+03    1.39795e+04    2.87702e+04   -3.78937e+05    1.09450e+03
      Potential    Kinetic En.   Total Energy  Conserved En.    Temperature
   -3.19065e+05    6.25540e+04   -2.56511e+05   -2.55301e+05    2.99527e+02
 Pressure (bar)   Constr. rmsd
    4.43487e+02    2.77451e-06

           Step           Time
          45000       90.00000

   Energies (kJ/mol)
           Bond            U-B    Proper Dih.  Improper Dih.      CMAP Dih.
    2.17182e+03    5.83587e+03    6.16688e+03    2.85851e+02   -2.09709e+02
          LJ-14     Coulomb-14        LJ (SR)   Coulomb (SR)   Coul. recip.
    1.83941e+03    1.42275e+04    2.75736e+04   -3.77493e+05    1.15117e+03
      Potential    Kinetic En.   Total Energy  Conserved En.    Temperature
   -3.18451e+05    6.23411e+04   -2.56110e+05   -2.55451e+05    2.98508e+02
 Pressure (bar)   Constr. rmsd
   -8.65038e+01    3.09733e-06

           Step           Time
          50000      100.00000

   Energies (kJ/mol)
           Bond            U-B    Proper Dih.  Improper Dih.      CMAP Dih.
    2.39353e+03    5.67745e+03    6.17516e+03    3.73222e+02   -2.25856e+02
          LJ-14     Coulomb-14        LJ (SR)   Coulomb (SR)   Coul. recip.
    1.84279e+03    1.42276e+04    2.74991e+04   -3.77001e+05    1.08421e+03
      Potential    Kinetic En.   Total Energy  Conserved En.    Temperature
   -3.17953e+05    6.25374e+04   -2.55416e+05   -2.55416e+05    2.99447e+02
 Pressure (bar)   Constr. rmsd
   -2.64865e+02    3.31073e-06

           Step           Time
          55000      110.00000

   Energies (kJ/mol)
           Bond            U-B    Proper Dih.  Improper Dih.      CMAP Dih.
    2.26657e+03    5.86217e+03    6.07470e+03    3.80871e+02   -2.46637e+02
          LJ-14     Coulomb-14        LJ (SR)   Coulomb (SR)   Coul. recip.
    1.82237e+03    1.42376e+04    2.74438e+04   -3.77002e+05    1.12897e+03
      Potential    Kinetic En.   Total Energy  Conserved En.    Temperature
   -3.18032e+05    6.16613e+04   -2.56371e+05   -2.55333e+05    2.95253e+02
 Pressure (bar)   Constr. rmsd
    1.54228e+01    3.07523e-06

           Step           Time
          60000      120.00000

   Energies (kJ/mol)
           Bond            U-B    Proper Dih.  Improper Dih.      CMAP Dih.
    2.26344e+03    5.87496e+03    6.22358e+03    3.30569e+02   -2.46001e+02
          LJ-14     Coulomb-14        LJ (SR)   Coulomb (SR)   Coul. recip.
    1.84331e+03    1.42569e+04    2.83252e+04   -3.78265e+05    1.09639e+03
      Potential    Kinetic En.   Total Energy  Conserved En.    Temperature
   -3.18297e+05    6.23011e+04   -2.55996e+05   -2.55310e+05    2.98316e+02
 Pressure (bar)   Constr. rmsd
   -3.88654e+01    3.01728e-06

           Step           Time
          65000      130.00000

   Energies (kJ/mol)
           Bond            U-B    Proper Dih.  Improper Dih.      CMAP Dih.
    2.15093e+03    5.99489e+03    6.21261e+03    2.82752e+02   -1.68917e+02
          LJ-14     Coulomb-14        LJ (SR)   Coulomb (SR)   Coul. recip.
    1.88589e+03    1.40516e+04    2.75813e+04   -3.78065e+05    1.11986e+03
      Potential    Kinetic En.   Total Energy  Conserved En.    Temperature
   -3.18954e+05    6.16725e+04   -2.57281e+05   -2.54882e+05    2.95306e+02
 Pressure (bar)   Constr. rmsd
    1.64295e+02    2.97504e-06

Writing checkpoint, step 67680 at Tue Apr 14 19:32:18 2026


           Step           Time
          70000      140.00000

   Energies (kJ/mol)
           Bond            U-B    Proper Dih.  Improper Dih.      CMAP Dih.
    1.98940e+03    5.61066e+03    6.12335e+03    3.54397e+02   -2.50170e+02
          LJ-14     Coulomb-14        LJ (SR)   Coulomb (SR)   Coul. recip.
    1.90516e+03    1.44545e+04    2.77723e+04   -3.78258e+05    1.12014e+03
      Potential    Kinetic En.   Total Energy  Conserved En.    Temperature
   -3.19178e+05    6.30640e+04   -2.56114e+05   -2.54679e+05    3.01969e+02
 Pressure (bar)   Constr. rmsd
    2.38646e+02    2.80880e-06

           Step           Time
          75000      150.00000

   Energies (kJ/mol)
           Bond            U-B    Proper Dih.  Improper Dih.      CMAP Dih.
    2.28393e+03    5.72546e+03    6.09229e+03    3.31933e+02   -2.35466e+02
          LJ-14     Coulomb-14        LJ (SR)   Coulomb (SR)   Coul. recip.
    1.89913e+03    1.42735e+04    2.82596e+04   -3.79602e+05    1.17972e+03
      Potential    Kinetic En.   Total Energy  Conserved En.    Temperature
   -3.19792e+05    6.23081e+04   -2.57484e+05   -2.54838e+05    2.98349e+02
 Pressure (bar)   Constr. rmsd
    5.11235e+01    2.86449e-06

           Step           Time
          80000      160.00000

   Energies (kJ/mol)
           Bond            U-B    Proper Dih.  Improper Dih.      CMAP Dih.
    2.38219e+03    5.87329e+03    6.23382e+03    3.61355e+02   -3.20814e+02
          LJ-14     Coulomb-14        LJ (SR)   Coulomb (SR)   Coul. recip.
    1.86298e+03    1.40560e+04    2.80221e+04   -3.78246e+05    1.15419e+03
      Potential    Kinetic En.   Total Energy  Conserved En.    Temperature
   -3.18621e+05    6.23389e+04   -2.56282e+05   -2.54753e+05    2.98497e+02
 Pressure (bar)   Constr. rmsd
   -7.76055e+01    3.04131e-06

           Step           Time
          85000      170.00000

   Energies (kJ/mol)
           Bond            U-B    Proper Dih.  Improper Dih.      CMAP Dih.
    2.38025e+03    5.84758e+03    6.22607e+03    3.51236e+02   -2.40890e+02
          LJ-14     Coulomb-14        LJ (SR)   Coulomb (SR)   Coul. recip.
    1.90588e+03    1.37768e+04    2.87272e+04   -3.79006e+05    1.11152e+03
      Potential    Kinetic En.   Total Energy  Conserved En.    Temperature
   -3.18921e+05    6.29154e+04   -2.56005e+05   -2.54612e+05    3.01257e+02
 Pressure (bar)   Constr. rmsd
    3.90071e+02    3.38504e-06

           Step           Time
          90000      180.00000

   Energies (kJ/mol)
           Bond            U-B    Proper Dih.  Improper Dih.      CMAP Dih.
    2.23186e+03    5.92615e+03    6.28201e+03    3.57846e+02   -2.46978e+02
          LJ-14     Coulomb-14        LJ (SR)   Coulomb (SR)   Coul. recip.
    1.84446e+03    1.39570e+04    2.77854e+04   -3.77501e+05    1.09706e+03
      Potential    Kinetic En.   Total Energy  Conserved En.    Temperature
   -3.18266e+05    6.28962e+04   -2.55370e+05   -2.54570e+05    3.01165e+02
 Pressure (bar)   Constr. rmsd
    9.33230e+01    3.16637e-06

Writing checkpoint, step 92480 at Tue Apr 14 19:47:19 2026


           Step           Time
          95000      190.00000

   Energies (kJ/mol)
           Bond            U-B    Proper Dih.  Improper Dih.      CMAP Dih.
    2.40990e+03    5.78595e+03    6.21445e+03    3.15182e+02   -2.41257e+02
          LJ-14     Coulomb-14        LJ (SR)   Coulomb (SR)   Coul. recip.
    1.87323e+03    1.40363e+04    2.72794e+04   -3.78125e+05    1.13595e+03
      Potential    Kinetic En.   Total Energy  Conserved En.    Temperature
   -3.19316e+05    6.24340e+04   -2.56882e+05   -2.54430e+05    2.98952e+02
 Pressure (bar)   Constr. rmsd
   -3.29880e+01    2.91126e-06

           Step           Time
         100000      200.00000

   Energies (kJ/mol)
           Bond            U-B    Proper Dih.  Improper Dih.      CMAP Dih.
    2.22079e+03    5.77256e+03    6.13460e+03    3.35699e+02   -1.44891e+02
          LJ-14     Coulomb-14        LJ (SR)   Coulomb (SR)   Coul. recip.
    1.87346e+03    1.38706e+04    2.81109e+04   -3.78582e+05    1.16977e+03
      Potential    Kinetic En.   Total Energy  Conserved En.    Temperature
   -3.19239e+05    6.17096e+04   -2.57529e+05   -2.54442e+05    2.95484e+02
 Pressure (bar)   Constr. rmsd
   -4.71628e+01    3.00742e-06

           Step           Time
         105000      210.00000

   Energies (kJ/mol)
           Bond            U-B    Proper Dih.  Improper Dih.      CMAP Dih.
    2.23900e+03    5.78115e+03    6.10612e+03    3.20805e+02   -2.43569e+02
          LJ-14     Coulomb-14        LJ (SR)   Coulomb (SR)   Coul. recip.
    1.84468e+03    1.40006e+04    2.76925e+04   -3.77304e+05    1.12856e+03
      Potential    Kinetic En.   Total Energy  Conserved En.    Temperature
   -3.18434e+05    6.24099e+04   -2.56024e+05   -2.54258e+05    2.98837e+02
 Pressure (bar)   Constr. rmsd
   -6.12831e+01    3.09381e-06

           Step           Time
         110000      220.00000

   Energies (kJ/mol)
           Bond            U-B    Proper Dih.  Improper Dih.      CMAP Dih.
    2.31542e+03    5.94070e+03    6.16724e+03    3.08718e+02   -2.78314e+02
          LJ-14     Coulomb-14        LJ (SR)   Coulomb (SR)   Coul. recip.
    1.93918e+03    1.39016e+04    2.71085e+04   -3.76353e+05    1.08807e+03
      Potential    Kinetic En.   Total Energy  Conserved En.    Temperature
   -3.17862e+05    6.19820e+04   -2.55880e+05   -2.54145e+05    2.96788e+02
 Pressure (bar)   Constr. rmsd
    9.18747e+01    2.84607e-06

           Step           Time
         115000      230.00000

   Energies (kJ/mol)
           Bond            U-B    Proper Dih.  Improper Dih.      CMAP Dih.
    2.21638e+03    6.00305e+03    6.04986e+03    3.25636e+02   -2.67279e+02
          LJ-14     Coulomb-14        LJ (SR)   Coulomb (SR)   Coul. recip.
    1.88436e+03    1.41211e+04    2.73946e+04   -3.78415e+05    1.08317e+03
      Potential    Kinetic En.   Total Energy  Conserved En.    Temperature
   -3.19604e+05    6.19114e+04   -2.57693e+05   -2.54048e+05    2.96450e+02
 Pressure (bar)   Constr. rmsd
   -1.39227e+02    3.06166e-06

           Step           Time
         120000      240.00000

   Energies (kJ/mol)
           Bond            U-B    Proper Dih.  Improper Dih.      CMAP Dih.
    2.25575e+03    5.86813e+03    6.18039e+03    3.55875e+02   -2.27740e+02
          LJ-14     Coulomb-14        LJ (SR)   Coulomb (SR)   Coul. recip.
    1.84089e+03    1.38782e+04    2.84687e+04   -3.78660e+05    1.08176e+03
      Potential    Kinetic En.   Total Energy  Conserved En.    Temperature
   -3.18958e+05    6.17422e+04   -2.57216e+05   -2.54044e+05    2.95640e+02
 Pressure (bar)   Constr. rmsd
    7.24927e+01    3.06335e-06

           Step           Time
         125000      250.00000

   Energies (kJ/mol)
           Bond            U-B    Proper Dih.  Improper Dih.      CMAP Dih.
    2.23340e+03    6.00757e+03    6.13919e+03    3.14051e+02   -2.52219e+02
          LJ-14     Coulomb-14        LJ (SR)   Coulomb (SR)   Coul. recip.
    1.82234e+03    1.39517e+04    2.79440e+04   -3.79353e+05    1.10617e+03
      Potential    Kinetic En.   Total Energy  Conserved En.    Temperature
   -3.20086e+05    6.30538e+04   -2.57033e+05   -2.53984e+05    3.01920e+02
 Pressure (bar)   Constr. rmsd
   -1.45973e+02    3.20408e-06

           Step           Time
         130000      260.00000

   Energies (kJ/mol)
           Bond            U-B    Proper Dih.  Improper Dih.      CMAP Dih.
    2.37405e+03    6.09769e+03    6.16506e+03    3.33544e+02   -2.71810e+02
          LJ-14     Coulomb-14        LJ (SR)   Coulomb (SR)   Coul. recip.
    1.82517e+03    1.37146e+04    2.72467e+04   -3.77264e+05    1.13323e+03
      Potential    Kinetic En.   Total Energy  Conserved En.    Temperature
   -3.18646e+05    6.20227e+04   -2.56623e+05   -2.53862e+05    2.96983e+02
 Pressure (bar)   Constr. rmsd
   -3.53609e+02    3.05483e-06

           Step           Time
         135000      270.00000

   Energies (kJ/mol)
           Bond            U-B    Proper Dih.  Improper Dih.      CMAP Dih.
    2.21962e+03    5.97519e+03    6.19646e+03    3.79359e+02   -2.84668e+02
          LJ-14     Coulomb-14        LJ (SR)   Coulomb (SR)   Coul. recip.
    1.90069e+03    1.38542e+04    2.83022e+04   -3.78730e+05    1.11330e+03
      Potential    Kinetic En.   Total Energy  Conserved En.    Temperature
   -3.19073e+05    6.24903e+04   -2.56583e+05   -2.53825e+05    2.99222e+02
 Pressure (bar)   Constr. rmsd
    1.58233e+02    2.86044e-06

           Step           Time
         140000      280.00000

   Energies (kJ/mol)
           Bond            U-B    Proper Dih.  Improper Dih.      CMAP Dih.
    2.17763e+03    5.85518e+03    6.17726e+03    3.51913e+02   -2.64486e+02
          LJ-14     Coulomb-14        LJ (SR)   Coulomb (SR)   Coul. recip.
    1.88926e+03    1.42702e+04    2.79867e+04   -3.78788e+05    1.14954e+03
      Potential    Kinetic En.   Total Energy  Conserved En.    Temperature
   -3.19195e+05    6.20021e+04   -2.57193e+05   -2.53329e+05    2.96884e+02
 Pressure (bar)   Constr. rmsd
    1.15911e+01    3.20882e-06

           Step           Time
         145000      290.00000

   Energies (kJ/mol)
           Bond            U-B    Proper Dih.  Improper Dih.      CMAP Dih.
    2.13389e+03    5.83622e+03    6.04952e+03    2.97616e+02   -2.69433e+02
          LJ-14     Coulomb-14        LJ (SR)   Coulomb (SR)   Coul. recip.
    1.90981e+03    1.36841e+04    2.79928e+04   -3.78345e+05    1.16003e+03
      Potential    Kinetic En.   Total Energy  Conserved En.    Temperature
   -3.19551e+05    6.19829e+04   -2.57568e+05   -2.53378e+05    2.96792e+02
 Pressure (bar)   Constr. rmsd
    1.25265e+02    3.14656e-06

           Step           Time
         150000      300.00000

   Energies (kJ/mol)
           Bond            U-B    Proper Dih.  Improper Dih.      CMAP Dih.
    2.15923e+03    5.90463e+03    6.18061e+03    3.38366e+02   -2.10607e+02
          LJ-14     Coulomb-14        LJ (SR)   Coulomb (SR)   Coul. recip.
    1.91100e+03    1.39879e+04    2.76131e+04   -3.77716e+05    1.13357e+03
      Potential    Kinetic En.   Total Energy  Conserved En.    Temperature
   -3.18698e+05    6.16088e+04   -2.57089e+05   -2.53501e+05    2.95001e+02
 Pressure (bar)   Constr. rmsd
    1.46949e+02    2.82525e-06

Writing checkpoint, step 152160 at Tue Apr 14 20:02:18 2026


           Step           Time
         155000      310.00000

   Energies (kJ/mol)
           Bond            U-B    Proper Dih.  Improper Dih.      CMAP Dih.
    2.11864e+03    5.80402e+03    6.16215e+03    3.54406e+02   -2.26312e+02
          LJ-14     Coulomb-14        LJ (SR)   Coulomb (SR)   Coul. recip.
    1.80603e+03    1.40279e+04    2.78863e+04   -3.77958e+05    1.06986e+03
      Potential    Kinetic En.   Total Energy  Conserved En.    Temperature
   -3.18955e+05    6.22112e+04   -2.56743e+05   -2.53216e+05    2.97886e+02
 Pressure (bar)   Constr. rmsd
   -1.72753e+00    3.20589e-06

           Step           Time
         160000      320.00000

   Energies (kJ/mol)
           Bond            U-B    Proper Dih.  Improper Dih.      CMAP Dih.
    2.24698e+03    5.69345e+03    6.18159e+03    3.55769e+02   -2.03927e+02
          LJ-14     Coulomb-14        LJ (SR)   Coulomb (SR)   Coul. recip.
    1.80813e+03    1.39898e+04    2.96161e+04   -3.80684e+05    1.12676e+03
      Potential    Kinetic En.   Total Energy  Conserved En.    Temperature
   -3.19870e+05    6.23708e+04   -2.57499e+05   -2.53327e+05    2.98650e+02
 Pressure (bar)   Constr. rmsd
    4.65283e+02    2.98392e-06

           Step           Time
         165000      330.00000

   Energies (kJ/mol)
           Bond            U-B    Proper Dih.  Improper Dih.      CMAP Dih.
    2.24132e+03    5.91032e+03    6.19214e+03    3.05217e+02   -2.81388e+02
          LJ-14     Coulomb-14        LJ (SR)   Coulomb (SR)   Coul. recip.
    1.76635e+03    1.40611e+04    2.75122e+04   -3.78231e+05    1.14711e+03
      Potential    Kinetic En.   Total Energy  Conserved En.    Temperature
   -3.19376e+05    6.19938e+04   -2.57383e+05   -2.53109e+05    2.96845e+02
 Pressure (bar)   Constr. rmsd
   -2.49595e+02    3.20130e-06

           Step           Time
         170000      340.00000

   Energies (kJ/mol)
           Bond            U-B    Proper Dih.  Improper Dih.      CMAP Dih.
    2.25078e+03    5.87252e+03    6.23215e+03    3.63870e+02   -2.66039e+02
          LJ-14     Coulomb-14        LJ (SR)   Coulomb (SR)   Coul. recip.
    1.86847e+03    1.42966e+04    2.90019e+04   -3.80406e+05    1.04877e+03
      Potential    Kinetic En.   Total Energy  Conserved En.    Temperature
   -3.19737e+05    6.17306e+04   -2.58007e+05   -2.52842e+05    2.95584e+02
 Pressure (bar)   Constr. rmsd
    3.81085e+02    3.08571e-06

           Step           Time
         175000      350.00000

   Energies (kJ/mol)
           Bond            U-B    Proper Dih.  Improper Dih.      CMAP Dih.
    2.34058e+03    6.02081e+03    6.15409e+03    3.59048e+02   -2.48295e+02
          LJ-14     Coulomb-14        LJ (SR)   Coulomb (SR)   Coul. recip.
    1.84132e+03    1.40052e+04    2.76106e+04   -3.78087e+05    1.14908e+03
      Potential    Kinetic En.   Total Energy  Conserved En.    Temperature
   -3.18855e+05    6.13723e+04   -2.57483e+05   -2.52884e+05    2.93869e+02
 Pressure (bar)   Constr. rmsd
   -1.79646e+02    2.78764e-06

Writing checkpoint, step 176160 at Tue Apr 14 21:03:48 2026


Writing checkpoint, step 176240 at Tue Apr 14 21:03:49 2026


Writing checkpoint, step 176320 at Tue Apr 14 21:03:50 2026


Writing checkpoint, step 176480 at Tue Apr 14 21:03:55 2026


           Step           Time
         180000      360.00000

   Energies (kJ/mol)
           Bond            U-B    Proper Dih.  Improper Dih.      CMAP Dih.
    2.16006e+03    5.84292e+03    6.28236e+03    2.82911e+02   -2.99867e+02
          LJ-14     Coulomb-14        LJ (SR)   Coulomb (SR)   Coul. recip.
    1.85224e+03    1.41019e+04    2.76919e+04   -3.78190e+05    1.13676e+03
      Potential    Kinetic En.   Total Energy  Conserved En.    Temperature
   -3.19138e+05    6.19834e+04   -2.57155e+05   -2.53000e+05    2.96794e+02
 Pressure (bar)   Constr. rmsd
   -2.06426e+02    2.88884e-06

           Step           Time
         185000      370.00000

   Energies (kJ/mol)
           Bond            U-B    Proper Dih.  Improper Dih.      CMAP Dih.
    2.16297e+03    5.67463e+03    6.14517e+03    3.61600e+02   -2.88421e+02
          LJ-14     Coulomb-14        LJ (SR)   Coulomb (SR)   Coul. recip.
    1.86781e+03    1.41387e+04    2.69169e+04   -3.76881e+05    1.15035e+03
      Potential    Kinetic En.   Total Energy  Conserved En.    Temperature
   -3.18751e+05    6.23018e+04   -2.56449e+05   -2.52707e+05    2.98319e+02
 Pressure (bar)   Constr. rmsd
   -7.74797e+01    2.92995e-06

           Step           Time
         190000      380.00000

   Energies (kJ/mol)
           Bond            U-B    Proper Dih.  Improper Dih.      CMAP Dih.
    2.22221e+03    5.99850e+03    6.20513e+03    3.43571e+02   -2.64222e+02
          LJ-14     Coulomb-14        LJ (SR)   Coulomb (SR)   Coul. recip.
    1.84539e+03    1.39618e+04    2.88034e+04   -3.79698e+05    1.09504e+03
      Potential    Kinetic En.   Total Energy  Conserved En.    Temperature
   -3.19487e+05    6.24883e+04   -2.56999e+05   -2.52307e+05    2.99212e+02
 Pressure (bar)   Constr. rmsd
    4.61832e+02    3.00756e-06

           Step           Time
         195000      390.00000

   Energies (kJ/mol)
           Bond            U-B    Proper Dih.  Improper Dih.      CMAP Dih.
    2.24108e+03    6.06525e+03    6.11827e+03    3.20606e+02   -2.95549e+02
          LJ-14     Coulomb-14        LJ (SR)   Coulomb (SR)   Coul. recip.
    1.86450e+03    1.39167e+04    2.91538e+04   -3.80617e+05    1.10797e+03
      Potential    Kinetic En.   Total Energy  Conserved En.    Temperature
   -3.20124e+05    6.21211e+04   -2.58003e+05   -2.52520e+05    2.97454e+02
 Pressure (bar)   Constr. rmsd
    1.94375e+02    3.01382e-06

           Step           Time
         200000      400.00000

   Energies (kJ/mol)
           Bond            U-B    Proper Dih.  Improper Dih.      CMAP Dih.
    2.20735e+03    5.99053e+03    6.15979e+03    3.23651e+02   -2.39212e+02
          LJ-14     Coulomb-14        LJ (SR)   Coulomb (SR)   Coul. recip.
    1.85829e+03    1.39102e+04    2.76035e+04   -3.77285e+05    1.17969e+03
      Potential    Kinetic En.   Total Energy  Conserved En.    Temperature
   -3.18291e+05    6.15941e+04   -2.56697e+05   -2.52389e+05    2.94931e+02
 Pressure (bar)   Constr. rmsd
   -3.90806e+01    3.11080e-06

           Step           Time
         205000      410.00000

   Energies (kJ/mol)
           Bond            U-B    Proper Dih.  Improper Dih.      CMAP Dih.
    2.31137e+03    5.94663e+03    6.11512e+03    3.86415e+02   -2.71899e+02
          LJ-14     Coulomb-14        LJ (SR)   Coulomb (SR)   Coul. recip.
    1.84654e+03    1.40039e+04    2.75509e+04   -3.77729e+05    1.14516e+03
      Potential    Kinetic En.   Total Energy  Conserved En.    Temperature
   -3.18695e+05    6.21100e+04   -2.56585e+05   -2.52248e+05    2.97401e+02
 Pressure (bar)   Constr. rmsd
   -1.15117e+02    2.87389e-06

           Step           Time
         210000      420.00000

   Energies (kJ/mol)
           Bond            U-B    Proper Dih.  Improper Dih.      CMAP Dih.
    2.06263e+03    5.76879e+03    6.25595e+03    3.28096e+02   -2.13207e+02
          LJ-14     Coulomb-14        LJ (SR)   Coulomb (SR)   Coul. recip.
    1.89269e+03    1.38284e+04    2.81421e+04   -3.77206e+05    1.15006e+03
      Potential    Kinetic En.   Total Energy  Conserved En.    Temperature
   -3.17990e+05    6.21744e+04   -2.55816e+05   -2.52320e+05    2.97709e+02
 Pressure (bar)   Constr. rmsd
    3.50604e+02    2.91246e-06

           Step           Time
         215000      430.00000

   Energies (kJ/mol)
           Bond            U-B    Proper Dih.  Improper Dih.      CMAP Dih.
    2.12910e+03    6.04410e+03    6.19023e+03    3.09194e+02   -2.75319e+02
          LJ-14     Coulomb-14        LJ (SR)   Coulomb (SR)   Coul. recip.
    1.89798e+03    1.39530e+04    2.73450e+04   -3.76529e+05    1.12790e+03
      Potential    Kinetic En.   Total Energy  Conserved En.    Temperature
   -3.17808e+05    6.23873e+04   -2.55421e+05   -2.52303e+05    2.98729e+02
 Pressure (bar)   Constr. rmsd
   -1.21883e+02    3.12513e-06

           Step           Time
         220000      440.00000

   Energies (kJ/mol)
           Bond            U-B    Proper Dih.  Improper Dih.      CMAP Dih.
    2.22039e+03    5.96171e+03    6.13805e+03    2.79228e+02   -1.94440e+02
          LJ-14     Coulomb-14        LJ (SR)   Coulomb (SR)   Coul. recip.
    1.88879e+03    1.37785e+04    2.75923e+04   -3.77033e+05    1.05958e+03
      Potential    Kinetic En.   Total Energy  Conserved En.    Temperature
   -3.18309e+05    6.23705e+04   -2.55939e+05   -2.52408e+05    2.98648e+02
 Pressure (bar)   Constr. rmsd
   -2.02485e+02    2.98202e-06

           Step           Time
         225000      450.00000

   Energies (kJ/mol)
           Bond            U-B    Proper Dih.  Improper Dih.      CMAP Dih.
    2.27545e+03    5.81137e+03    6.14412e+03    3.39579e+02   -2.45684e+02
          LJ-14     Coulomb-14        LJ (SR)   Coulomb (SR)   Coul. recip.
    1.85067e+03    1.40403e+04    2.75170e+04   -3.77508e+05    1.16767e+03
      Potential    Kinetic En.   Total Energy  Conserved En.    Temperature
   -3.18607e+05    6.17332e+04   -2.56874e+05   -2.52188e+05    2.95597e+02
 Pressure (bar)   Constr. rmsd
   -1.97455e+02    3.31299e-06

Writing checkpoint, step 225360 at Tue Apr 14 21:17:19 2026


           Step           Time
         230000      460.00000

   Energies (kJ/mol)
           Bond            U-B    Proper Dih.  Improper Dih.      CMAP Dih.
    2.12658e+03    5.82968e+03    6.17924e+03    3.19489e+02   -2.59363e+02
          LJ-14     Coulomb-14        LJ (SR)   Coulomb (SR)   Coul. recip.
    1.84366e+03    1.40224e+04    2.74327e+04   -3.77282e+05    1.20110e+03
      Potential    Kinetic En.   Total Energy  Conserved En.    Temperature
   -3.18586e+05    6.23851e+04   -2.56201e+05   -2.51867e+05    2.98718e+02
 Pressure (bar)   Constr. rmsd
   -1.80263e+02    3.20452e-06

           Step           Time
         235000      470.00000

   Energies (kJ/mol)
           Bond            U-B    Proper Dih.  Improper Dih.      CMAP Dih.
    2.25474e+03    5.94137e+03    6.17216e+03    3.51013e+02   -2.38178e+02
          LJ-14     Coulomb-14        LJ (SR)   Coulomb (SR)   Coul. recip.
    1.85028e+03    1.39253e+04    2.76715e+04   -3.77689e+05    1.24156e+03
      Potential    Kinetic En.   Total Energy  Conserved En.    Temperature
   -3.18519e+05    6.16567e+04   -2.56863e+05   -2.51718e+05    2.95231e+02
 Pressure (bar)   Constr. rmsd
    6.62042e+00    2.80627e-06

           Step           Time
         240000      480.00000

   Energies (kJ/mol)
           Bond            U-B    Proper Dih.  Improper Dih.      CMAP Dih.
    2.13638e+03    5.78161e+03    6.22102e+03    3.27498e+02   -2.44268e+02
          LJ-14     Coulomb-14        LJ (SR)   Coulomb (SR)   Coul. recip.
    1.89095e+03    1.40211e+04    2.74649e+04   -3.76830e+05    1.12846e+03
      Potential    Kinetic En.   Total Energy  Conserved En.    Temperature
   -3.18102e+05    6.23528e+04   -2.55749e+05   -2.51802e+05    2.98564e+02
 Pressure (bar)   Constr. rmsd
   -1.24219e+02    3.06522e-06

           Step           Time
         245000      490.00000

   Energies (kJ/mol)
           Bond            U-B    Proper Dih.  Improper Dih.      CMAP Dih.
    2.35170e+03    5.70186e+03    6.23023e+03    3.43627e+02   -2.23016e+02
          LJ-14     Coulomb-14        LJ (SR)   Coulomb (SR)   Coul. recip.
    1.90166e+03    1.37002e+04    2.82694e+04   -3.77817e+05    1.12472e+03
      Potential    Kinetic En.   Total Energy  Conserved En.    Temperature
   -3.18417e+05    6.19222e+04   -2.56494e+05   -2.51690e+05    2.96502e+02
 Pressure (bar)   Constr. rmsd
   -4.37238e+01    3.00277e-06

           Step           Time
         250000      500.00000

   Energies (kJ/mol)
           Bond            U-B    Proper Dih.  Improper Dih.      CMAP Dih.
    2.20372e+03    6.06240e+03    6.12261e+03    3.25695e+02   -2.26585e+02
          LJ-14     Coulomb-14        LJ (SR)   Coulomb (SR)   Coul. recip.
    1.84790e+03    1.40127e+04    2.78288e+04   -3.77844e+05    1.14214e+03
      Potential    Kinetic En.   Total Energy  Conserved En.    Temperature
   -3.18525e+05    6.22792e+04   -2.56246e+05   -2.51697e+05    2.98211e+02
 Pressure (bar)   Constr. rmsd
    3.65542e+01    3.01843e-06

           Step           Time
         255000      510.00000

   Energies (kJ/mol)
           Bond            U-B    Proper Dih.  Improper Dih.      CMAP Dih.
    2.31398e+03    5.85097e+03    6.12393e+03    3.18009e+02   -2.58774e+02
          LJ-14     Coulomb-14        LJ (SR)   Coulomb (SR)   Coul. recip.
    1.83798e+03    1.39054e+04    2.80568e+04   -3.77784e+05    1.09125e+03
      Potential    Kinetic En.   Total Energy  Conserved En.    Temperature
   -3.18544e+05    6.16329e+04   -2.56911e+05   -2.51345e+05    2.95116e+02
 Pressure (bar)   Constr. rmsd
   -1.89726e+02    3.06280e-06

           Step           Time
         260000      520.00000

   Energies (kJ/mol)
           Bond            U-B    Proper Dih.  Improper Dih.      CMAP Dih.
    2.27160e+03    5.90262e+03    6.12332e+03    2.80708e+02   -2.79144e+02
          LJ-14     Coulomb-14        LJ (SR)   Coulomb (SR)   Coul. recip.
    1.80885e+03    1.38134e+04    2.81925e+04   -3.78988e+05    1.11019e+03
      Potential    Kinetic En.   Total Energy  Conserved En.    Temperature
   -3.19764e+05    6.19530e+04   -2.57811e+05   -2.51220e+05    2.96649e+02
 Pressure (bar)   Constr. rmsd
   -1.67068e+02    3.12183e-06

           Step           Time
         265000      530.00000

   Energies (kJ/mol)
           Bond            U-B    Proper Dih.  Improper Dih.      CMAP Dih.
    2.20485e+03    5.86941e+03    6.20739e+03    3.49966e+02   -2.45295e+02
          LJ-14     Coulomb-14        LJ (SR)   Coulomb (SR)   Coul. recip.
    1.84296e+03    1.41873e+04    2.82196e+04   -3.79496e+05    1.11630e+03
      Potential    Kinetic En.   Total Energy  Conserved En.    Temperature
   -3.19744e+05    6.25177e+04   -2.57226e+05   -2.51178e+05    2.99353e+02
 Pressure (bar)   Constr. rmsd
    3.08238e+01    2.91206e-06

           Step           Time
         270000      540.00000

   Energies (kJ/mol)
           Bond            U-B    Proper Dih.  Improper Dih.      CMAP Dih.
    2.15402e+03    5.97297e+03    6.09379e+03    3.53232e+02   -2.59532e+02
          LJ-14     Coulomb-14        LJ (SR)   Coulomb (SR)   Coul. recip.
    1.86078e+03    1.38259e+04    2.87660e+04   -3.79408e+05    1.13914e+03
      Potential    Kinetic En.   Total Energy  Conserved En.    Temperature
   -3.19502e+05    6.21233e+04   -2.57379e+05   -2.51054e+05    2.97464e+02
 Pressure (bar)   Constr. rmsd
    1.33033e+02    3.05564e-06

           Step           Time
         275000      550.00000

   Energies (kJ/mol)
           Bond            U-B    Proper Dih.  Improper Dih.      CMAP Dih.
    2.35855e+03    6.06359e+03    6.04162e+03    2.81968e+02   -2.07645e+02
          LJ-14     Coulomb-14        LJ (SR)   Coulomb (SR)   Coul. recip.
    1.76390e+03    1.37115e+04    2.80684e+04   -3.77730e+05    1.14192e+03
      Potential    Kinetic En.   Total Energy  Conserved En.    Temperature
   -3.18506e+05    6.19699e+04   -2.56536e+05   -2.50885e+05    2.96730e+02
 Pressure (bar)   Constr. rmsd
   -1.55631e+02    3.09396e-06

Writing checkpoint, step 278480 at Tue Apr 14 21:32:20 2026


           Step           Time
         280000      560.00000

   Energies (kJ/mol)
           Bond            U-B    Proper Dih.  Improper Dih.      CMAP Dih.
    2.46434e+03    5.98847e+03    6.07279e+03    2.70807e+02   -2.73307e+02
          LJ-14     Coulomb-14        LJ (SR)   Coulomb (SR)   Coul. recip.
    1.79405e+03    1.38936e+04    2.84273e+04   -3.78992e+05    1.19688e+03
      Potential    Kinetic En.   Total Energy  Conserved En.    Temperature
   -3.19157e+05    6.18950e+04   -2.57262e+05   -2.50827e+05    2.96372e+02
 Pressure (bar)   Constr. rmsd
   -1.75452e+02    2.92127e-06

           Step           Time
         285000      570.00000

   Energies (kJ/mol)
           Bond            U-B    Proper Dih.  Improper Dih.      CMAP Dih.
    2.46596e+03    5.86162e+03    6.04714e+03    3.46146e+02   -2.90281e+02
          LJ-14     Coulomb-14        LJ (SR)   Coulomb (SR)   Coul. recip.
    1.81560e+03    1.38871e+04    2.70466e+04   -3.77302e+05    1.12006e+03
      Potential    Kinetic En.   Total Energy  Conserved En.    Temperature
   -3.19002e+05    6.22274e+04   -2.56775e+05   -2.50852e+05    2.97963e+02
 Pressure (bar)   Constr. rmsd
   -4.15647e+02    2.98772e-06

           Step           Time
         290000      580.00000

   Energies (kJ/mol)
           Bond            U-B    Proper Dih.  Improper Dih.      CMAP Dih.
    2.24262e+03    5.65530e+03    6.17463e+03    3.42890e+02   -2.64414e+02
          LJ-14     Coulomb-14        LJ (SR)   Coulomb (SR)   Coul. recip.
    1.87216e+03    1.40002e+04    2.89081e+04   -3.78684e+05    1.11612e+03
      Potential    Kinetic En.   Total Energy  Conserved En.    Temperature
   -3.18637e+05    6.25629e+04   -2.56074e+05   -2.50386e+05    2.99569e+02
 Pressure (bar)   Constr. rmsd
    4.42050e+02    2.80841e-06

           Step           Time
         295000      590.00000

   Energies (kJ/mol)
           Bond            U-B    Proper Dih.  Improper Dih.      CMAP Dih.
    2.23935e+03    5.83984e+03    6.13576e+03    3.46266e+02   -2.65739e+02
          LJ-14     Coulomb-14        LJ (SR)   Coulomb (SR)   Coul. recip.
    1.85056e+03    1.37082e+04    2.88069e+04   -3.78979e+05    1.12453e+03
      Potential    Kinetic En.   Total Energy  Conserved En.    Temperature
   -3.19193e+05    6.16783e+04   -2.57515e+05   -2.50652e+05    2.95334e+02
 Pressure (bar)   Constr. rmsd
   -6.30331e-01    2.95261e-06

           Step           Time
         300000      600.00000

   Energies (kJ/mol)
           Bond            U-B    Proper Dih.  Improper Dih.      CMAP Dih.
    2.28777e+03    5.94681e+03    6.17339e+03    3.52501e+02   -3.05791e+02
          LJ-14     Coulomb-14        LJ (SR)   Coulomb (SR)   Coul. recip.
    1.91357e+03    1.40208e+04    2.79638e+04   -3.78090e+05    1.11232e+03
      Potential    Kinetic En.   Total Energy  Conserved En.    Temperature
   -3.18625e+05    6.24196e+04   -2.56205e+05   -2.50306e+05    2.98883e+02
 Pressure (bar)   Constr. rmsd
   -8.80785e+01    2.96929e-06

           Step           Time
         305000      610.00000

   Energies (kJ/mol)
           Bond            U-B    Proper Dih.  Improper Dih.      CMAP Dih.
    2.18832e+03    5.85285e+03    6.07356e+03    3.35936e+02   -2.83178e+02
          LJ-14     Coulomb-14        LJ (SR)   Coulomb (SR)   Coul. recip.
    1.96549e+03    1.39626e+04    2.79267e+04   -3.77747e+05    1.13232e+03
      Potential    Kinetic En.   Total Energy  Conserved En.    Temperature
   -3.18593e+05    6.27904e+04   -2.55802e+05   -2.50325e+05    3.00659e+02
 Pressure (bar)   Constr. rmsd
    1.09650e+02    3.12196e-06

           Step           Time
         310000      620.00000

   Energies (kJ/mol)
           Bond            U-B    Proper Dih.  Improper Dih.      CMAP Dih.
    2.21009e+03    5.89255e+03    6.04431e+03    3.27984e+02   -2.53389e+02
          LJ-14     Coulomb-14        LJ (SR)   Coulomb (SR)   Coul. recip.
    1.82281e+03    1.39475e+04    2.77340e+04   -3.77315e+05    1.14993e+03
      Potential    Kinetic En.   Total Energy  Conserved En.    Temperature
   -3.18439e+05    6.16957e+04   -2.56743e+05   -2.50164e+05    2.95417e+02
 Pressure (bar)   Constr. rmsd
   -1.40777e+01    3.00664e-06

           Step           Time
         315000      630.00000

   Energies (kJ/mol)
           Bond            U-B    Proper Dih.  Improper Dih.      CMAP Dih.
    2.35748e+03    5.92982e+03    6.07654e+03    3.20356e+02   -2.46559e+02
          LJ-14     Coulomb-14        LJ (SR)   Coulomb (SR)   Coul. recip.
    1.83913e+03    1.36255e+04    2.79275e+04   -3.78203e+05    1.09974e+03
      Potential    Kinetic En.   Total Energy  Conserved En.    Temperature
   -3.19274e+05    6.30190e+04   -2.56255e+05   -2.50310e+05    3.01754e+02
 Pressure (bar)   Constr. rmsd
    1.99291e+02    3.04008e-06

           Step           Time
         320000      640.00000

   Energies (kJ/mol)
           Bond            U-B    Proper Dih.  Improper Dih.      CMAP Dih.
    2.25824e+03    5.92218e+03    6.20172e+03    3.43917e+02   -2.72008e+02
          LJ-14     Coulomb-14        LJ (SR)   Coulomb (SR)   Coul. recip.
    1.88705e+03    1.37246e+04    2.75279e+04   -3.77591e+05    1.15009e+03
      Potential    Kinetic En.   Total Energy  Conserved En.    Temperature
   -3.18847e+05    6.20786e+04   -2.56768e+05   -2.50054e+05    2.97251e+02
 Pressure (bar)   Constr. rmsd
   -8.30218e+01    3.05945e-06

           Step           Time
         325000      650.00000

   Energies (kJ/mol)
           Bond            U-B    Proper Dih.  Improper Dih.      CMAP Dih.
    2.21141e+03    5.94614e+03    6.16056e+03    3.56585e+02   -2.69736e+02
          LJ-14     Coulomb-14        LJ (SR)   Coulomb (SR)   Coul. recip.
    1.83612e+03    1.38270e+04    2.76828e+04   -3.77356e+05    1.14746e+03
      Potential    Kinetic En.   Total Energy  Conserved En.    Temperature
   -3.18458e+05    6.17138e+04   -2.56744e+05   -2.50135e+05    2.95504e+02
 Pressure (bar)   Constr. rmsd
   -6.66219e+01    3.32486e-06

           Step           Time
         330000      660.00000

   Energies (kJ/mol)
           Bond            U-B    Proper Dih.  Improper Dih.      CMAP Dih.
    2.24977e+03    5.74583e+03    6.04436e+03    2.98078e+02   -2.41103e+02
          LJ-14     Coulomb-14        LJ (SR)   Coulomb (SR)   Coul. recip.
    1.86736e+03    1.40443e+04    2.82103e+04   -3.79394e+05    1.17337e+03
      Potential    Kinetic En.   Total Energy  Conserved En.    Temperature
   -3.20001e+05    6.29481e+04   -2.57053e+05   -2.49914e+05    3.01414e+02
 Pressure (bar)   Constr. rmsd
   -7.10030e+00    3.18402e-06

           Step           Time
         335000      670.00000

   Energies (kJ/mol)
           Bond            U-B    Proper Dih.  Improper Dih.      CMAP Dih.
    2.17984e+03    5.96478e+03    6.15263e+03    3.59548e+02   -2.13206e+02
          LJ-14     Coulomb-14        LJ (SR)   Coulomb (SR)   Coul. recip.
    1.89616e+03    1.38811e+04    2.79273e+04   -3.78402e+05    1.15491e+03
      Potential    Kinetic En.   Total Energy  Conserved En.    Temperature
   -3.19099e+05    6.17767e+04   -2.57322e+05   -2.49851e+05    2.95805e+02
 Pressure (bar)   Constr. rmsd
   -4.37388e+01    3.20969e-06

Writing checkpoint, step 335840 at Tue Apr 14 21:47:18 2026


           Step           Time
         340000      680.00000

   Energies (kJ/mol)
           Bond            U-B    Proper Dih.  Improper Dih.      CMAP Dih.
    2.27494e+03    5.76843e+03    6.18026e+03    3.31810e+02   -2.07704e+02
          LJ-14     Coulomb-14        LJ (SR)   Coulomb (SR)   Coul. recip.
    1.79631e+03    1.37949e+04    2.70850e+04   -3.77015e+05    1.16142e+03
      Potential    Kinetic En.   Total Energy  Conserved En.    Temperature
   -3.18829e+05    6.23861e+04   -2.56443e+05   -2.50090e+05    2.98723e+02
 Pressure (bar)   Constr. rmsd
   -3.90817e+02    3.05600e-06

           Step           Time
         345000      690.00000

   Energies (kJ/mol)
           Bond            U-B    Proper Dih.  Improper Dih.      CMAP Dih.
    2.16227e+03    5.98521e+03    6.07392e+03    3.22848e+02   -2.25278e+02
          LJ-14     Coulomb-14        LJ (SR)   Coulomb (SR)   Coul. recip.
    1.88441e+03    1.36666e+04    2.77996e+04   -3.77537e+05    1.16373e+03
      Potential    Kinetic En.   Total Energy  Conserved En.    Temperature
   -3.18704e+05    6.25701e+04   -2.56134e+05   -2.49658e+05    2.99604e+02
 Pressure (bar)   Constr. rmsd
    7.69214e+01    3.02458e-06

           Step           Time
         350000      700.00000

   Energies (kJ/mol)
           Bond            U-B    Proper Dih.  Improper Dih.      CMAP Dih.
    2.38893e+03    5.83523e+03    6.14198e+03    3.12781e+02   -2.23464e+02
          LJ-14     Coulomb-14        LJ (SR)   Coulomb (SR)   Coul. recip.
    1.82037e+03    1.37854e+04    2.80508e+04   -3.77550e+05    1.13227e+03
      Potential    Kinetic En.   Total Energy  Conserved En.    Temperature
   -3.18306e+05    6.29405e+04   -2.55365e+05   -2.49840e+05    3.01378e+02
 Pressure (bar)   Constr. rmsd
   -2.67629e+02    2.95949e-06

           Step           Time
         355000      710.00000

   Energies (kJ/mol)
           Bond            U-B    Proper Dih.  Improper Dih.      CMAP Dih.
    2.26050e+03    5.89602e+03    6.18454e+03    3.19461e+02   -1.91699e+02
          LJ-14     Coulomb-14        LJ (SR)   Coulomb (SR)   Coul. recip.
    1.88188e+03    1.40132e+04    2.75740e+04   -3.77927e+05    1.10811e+03
      Potential    Kinetic En.   Total Energy  Conserved En.    Temperature
   -3.18881e+05    6.23305e+04   -2.56551e+05   -2.49287e+05    2.98457e+02
 Pressure (bar)   Constr. rmsd
   -1.09384e+02    2.87029e-06

           Step           Time
         360000      720.00000

   Energies (kJ/mol)
           Bond            U-B    Proper Dih.  Improper Dih.      CMAP Dih.
    2.30690e+03    5.84863e+03    6.26230e+03    3.22028e+02   -2.06762e+02
          LJ-14     Coulomb-14        LJ (SR)   Coulomb (SR)   Coul. recip.
    1.89153e+03    1.39742e+04    2.79351e+04   -3.78192e+05    1.10102e+03
      Potential    Kinetic En.   Total Energy  Conserved En.    Temperature
   -3.18758e+05    6.18106e+04   -2.56947e+05   -2.49351e+05    2.95967e+02
 Pressure (bar)   Constr. rmsd
   -2.89477e+01    2.82128e-06

           Step           Time
         365000      730.00000

   Energies (kJ/mol)
           Bond            U-B    Proper Dih.  Improper Dih.      CMAP Dih.
    2.22363e+03    5.63993e+03    6.14752e+03    3.28672e+02   -2.17997e+02
          LJ-14     Coulomb-14        LJ (SR)   Coulomb (SR)   Coul. recip.
    1.84599e+03    1.42064e+04    2.82147e+04   -3.78738e+05    1.15132e+03
      Potential    Kinetic En.   Total Energy  Conserved En.    Temperature
   -3.19198e+05    6.27337e+04   -2.56464e+05   -2.49190e+05    3.00387e+02
 Pressure (bar)   Constr. rmsd
    6.19591e+01    2.77362e-06

           Step           Time
         370000      740.00000

   Energies (kJ/mol)
           Bond            U-B    Proper Dih.  Improper Dih.      CMAP Dih.
    2.20211e+03    5.77569e+03    6.14374e+03    3.46107e+02   -2.36777e+02
          LJ-14     Coulomb-14        LJ (SR)   Coulomb (SR)   Coul. recip.
    1.82002e+03    1.40143e+04    2.68974e+04   -3.76240e+05    1.15298e+03
      Potential    Kinetic En.   Total Energy  Conserved En.    Temperature
   -3.18124e+05    6.28886e+04   -2.55236e+05   -2.49287e+05    3.01129e+02
 Pressure (bar)   Constr. rmsd
   -2.21408e+02    3.23824e-06

           Step           Time
         375000      750.00000

   Energies (kJ/mol)
           Bond            U-B    Proper Dih.  Improper Dih.      CMAP Dih.
    2.21083e+03    5.79477e+03    6.15881e+03    3.24756e+02   -2.80995e+02
          LJ-14     Coulomb-14        LJ (SR)   Coulomb (SR)   Coul. recip.
    1.86836e+03    1.37818e+04    2.75194e+04   -3.77409e+05    1.10494e+03
      Potential    Kinetic En.   Total Energy  Conserved En.    Temperature
   -3.18927e+05    6.24940e+04   -2.56433e+05   -2.49109e+05    2.99240e+02
 Pressure (bar)   Constr. rmsd
   -2.33709e+02    2.92118e-06

           Step           Time
         380000      760.00000

   Energies (kJ/mol)
           Bond            U-B    Proper Dih.  Improper Dih.      CMAP Dih.
    2.23774e+03    5.98583e+03    6.29871e+03    3.35509e+02   -2.54536e+02
          LJ-14     Coulomb-14        LJ (SR)   Coulomb (SR)   Coul. recip.
    1.97003e+03    1.40699e+04    2.70200e+04   -3.76696e+05    1.14911e+03
      Potential    Kinetic En.   Total Energy  Conserved En.    Temperature
   -3.17884e+05    6.15878e+04   -2.56296e+05   -2.48862e+05    2.94900e+02
 Pressure (bar)   Constr. rmsd
    3.29475e+01    2.96511e-06

           Step           Time
         385000      770.00000

   Energies (kJ/mol)
           Bond            U-B    Proper Dih.  Improper Dih.      CMAP Dih.
    2.31610e+03    5.86667e+03    6.12366e+03    3.33020e+02   -2.61955e+02
          LJ-14     Coulomb-14        LJ (SR)   Coulomb (SR)   Coul. recip.
    1.82874e+03    1.38161e+04    2.85616e+04   -3.78155e+05    1.14509e+03
      Potential    Kinetic En.   Total Energy  Conserved En.    Temperature
   -3.18426e+05    6.23277e+04   -2.56098e+05   -2.49019e+05    2.98443e+02
 Pressure (bar)   Constr. rmsd
    1.11765e+02    3.35061e-06

           Step           Time
         390000      780.00000

   Energies (kJ/mol)
           Bond            U-B    Proper Dih.  Improper Dih.      CMAP Dih.
    2.25870e+03    5.99338e+03    6.18467e+03    3.56331e+02   -2.27386e+02
          LJ-14     Coulomb-14        LJ (SR)   Coulomb (SR)   Coul. recip.
    1.91158e+03    1.36588e+04    2.77761e+04   -3.77747e+05    1.13744e+03
      Potential    Kinetic En.   Total Energy  Conserved En.    Temperature
   -3.18697e+05    6.22365e+04   -2.56461e+05   -2.48679e+05    2.98006e+02
 Pressure (bar)   Constr. rmsd
    1.64802e+02    2.95956e-06

           Step           Time
         395000      790.00000

   Energies (kJ/mol)
           Bond            U-B    Proper Dih.  Improper Dih.      CMAP Dih.
    2.26299e+03    5.73366e+03    6.11708e+03    3.49179e+02   -2.83147e+02
          LJ-14     Coulomb-14        LJ (SR)   Coulomb (SR)   Coul. recip.
    1.84097e+03    1.38208e+04    2.82532e+04   -3.79141e+05    1.10833e+03
      Potential    Kinetic En.   Total Energy  Conserved En.    Temperature
   -3.19938e+05    6.19539e+04   -2.57984e+05   -2.48578e+05    2.96653e+02
 Pressure (bar)   Constr. rmsd
   -7.20878e+01    2.96736e-06

Writing checkpoint, step 396560 at Tue Apr 14 22:02:19 2026


           Step           Time
         400000      800.00000

   Energies (kJ/mol)
           Bond            U-B    Proper Dih.  Improper Dih.      CMAP Dih.
    2.11639e+03    5.99038e+03    6.03413e+03    3.66133e+02   -2.44867e+02
          LJ-14     Coulomb-14        LJ (SR)   Coulomb (SR)   Coul. recip.
    1.81475e+03    1.38706e+04    2.87880e+04   -3.79716e+05    1.15185e+03
      Potential    Kinetic En.   Total Energy  Conserved En.    Temperature
   -3.19829e+05    6.23380e+04   -2.57491e+05   -2.48418e+05    2.98493e+02
 Pressure (bar)   Constr. rmsd
    1.79835e+00    3.08829e-06

           Step           Time
         405000      810.00000

   Energies (kJ/mol)
           Bond            U-B    Proper Dih.  Improper Dih.      CMAP Dih.
    2.21775e+03    5.83396e+03    6.06784e+03    3.45351e+02   -2.62597e+02
          LJ-14     Coulomb-14        LJ (SR)   Coulomb (SR)   Coul. recip.
    1.85790e+03    1.38840e+04    2.80050e+04   -3.78502e+05    1.15630e+03
      Potential    Kinetic En.   Total Energy  Conserved En.    Temperature
   -3.19397e+05    6.17951e+04   -2.57601e+05   -2.48469e+05    2.95893e+02
 Pressure (bar)   Constr. rmsd
    5.65274e+01    3.27377e-06

           Step           Time
         410000      820.00000

   Energies (kJ/mol)
           Bond            U-B    Proper Dih.  Improper Dih.      CMAP Dih.
    2.22931e+03    5.91651e+03    6.11601e+03    3.24014e+02   -2.89901e+02
          LJ-14     Coulomb-14        LJ (SR)   Coulomb (SR)   Coul. recip.
    1.86118e+03    1.38126e+04    2.80092e+04   -3.78657e+05    1.08658e+03
      Potential    Kinetic En.   Total Energy  Conserved En.    Temperature
   -3.19591e+05    6.26609e+04   -2.56930e+05   -2.48299e+05    3.00039e+02
 Pressure (bar)   Constr. rmsd
   -1.28864e+02    3.16206e-06

           Step           Time
         415000      830.00000

   Energies (kJ/mol)
           Bond            U-B    Proper Dih.  Improper Dih.      CMAP Dih.
    2.26325e+03    5.77762e+03    6.16978e+03    3.53829e+02   -2.60554e+02
          LJ-14     Coulomb-14        LJ (SR)   Coulomb (SR)   Coul. recip.
    1.76791e+03    1.38275e+04    2.74457e+04   -3.78570e+05    1.09177e+03
      Potential    Kinetic En.   Total Energy  Conserved En.    Temperature
   -3.20133e+05    6.14245e+04   -2.58708e+05   -2.48150e+05    2.94119e+02
 Pressure (bar)   Constr. rmsd
   -3.52194e+02    2.64150e-06

           Step           Time
         420000      840.00000

   Energies (kJ/mol)
           Bond            U-B    Proper Dih.  Improper Dih.      CMAP Dih.
    2.19851e+03    6.16927e+03    6.16754e+03    3.32195e+02   -2.81993e+02
          LJ-14     Coulomb-14        LJ (SR)   Coulomb (SR)   Coul. recip.
    1.84621e+03    1.38327e+04    2.76308e+04   -3.78191e+05    1.14732e+03
      Potential    Kinetic En.   Total Energy  Conserved En.    Temperature
   -3.19148e+05    6.20378e+04   -2.57111e+05   -2.48045e+05    2.97055e+02
 Pressure (bar)   Constr. rmsd
    1.73976e+02    2.93390e-06

           Step           Time
         425000      850.00000

   Energies (kJ/mol)
           Bond            U-B    Proper Dih.  Improper Dih.      CMAP Dih.
    2.27674e+03    5.75027e+03    6.07466e+03    3.37579e+02   -2.67154e+02
          LJ-14     Coulomb-14        LJ (SR)   Coulomb (SR)   Coul. recip.
    1.84105e+03    1.40330e+04    2.73977e+04   -3.77147e+05    1.11534e+03
      Potential    Kinetic En.   Total Energy  Conserved En.    Temperature
   -3.18588e+05    6.22225e+04   -2.56365e+05   -2.48193e+05    2.97940e+02
 Pressure (bar)   Constr. rmsd
   -2.91571e+02    3.17544e-06

           Step           Time
         430000      860.00000

   Energies (kJ/mol)
           Bond            U-B    Proper Dih.  Improper Dih.      CMAP Dih.
    2.15362e+03    5.92628e+03    6.10531e+03    3.28866e+02   -1.93885e+02
          LJ-14     Coulomb-14        LJ (SR)   Coulomb (SR)   Coul. recip.
    1.85496e+03    1.38074e+04    2.71957e+04   -3.76846e+05    1.19200e+03
      Potential    Kinetic En.   Total Energy  Conserved En.    Temperature
   -3.18476e+05    6.19143e+04   -2.56562e+05   -2.48087e+05    2.96464e+02
 Pressure (bar)   Constr. rmsd
   -1.31928e+02    2.76409e-06

           Step           Time
         435000      870.00000

   Energies (kJ/mol)
           Bond            U-B    Proper Dih.  Improper Dih.      CMAP Dih.
    2.27113e+03    5.84357e+03    6.17129e+03    3.07320e+02   -2.52307e+02
          LJ-14     Coulomb-14        LJ (SR)   Coulomb (SR)   Coul. recip.
    1.86395e+03    1.37984e+04    2.87427e+04   -3.78720e+05    1.15388e+03
      Potential    Kinetic En.   Total Energy  Conserved En.    Temperature
   -3.18820e+05    6.22057e+04   -2.56614e+05   -2.48086e+05    2.97859e+02
 Pressure (bar)   Constr. rmsd
    1.17131e+02    3.30121e-06

           Step           Time
         440000      880.00000

   Energies (kJ/mol)
           Bond            U-B    Proper Dih.  Improper Dih.      CMAP Dih.
    2.32561e+03    5.84355e+03    6.15493e+03    3.30020e+02   -2.35530e+02
          LJ-14     Coulomb-14        LJ (SR)   Coulomb (SR)   Coul. recip.
    1.84738e+03    1.38655e+04    2.84253e+04   -3.78376e+05    1.10723e+03
      Potential    Kinetic En.   Total Energy  Conserved En.    Temperature
   -3.18712e+05    6.22684e+04   -2.56443e+05   -2.47783e+05    2.98159e+02
 Pressure (bar)   Constr. rmsd
    2.01794e+02    2.79774e-06

           Step           Time
         445000      890.00000

   Energies (kJ/mol)
           Bond            U-B    Proper Dih.  Improper Dih.      CMAP Dih.
    2.29522e+03    5.98185e+03    6.10603e+03    3.27053e+02   -2.28470e+02
          LJ-14     Coulomb-14        LJ (SR)   Coulomb (SR)   Coul. recip.
    1.79740e+03    1.37863e+04    2.75722e+04   -3.77368e+05    1.10642e+03
      Potential    Kinetic En.   Total Energy  Conserved En.    Temperature
   -3.18624e+05    6.18900e+04   -2.56734e+05   -2.47539e+05    2.96347e+02
 Pressure (bar)   Constr. rmsd
    2.78411e+01    2.91296e-06

           Step           Time
         450000      900.00000

   Energies (kJ/mol)
           Bond            U-B    Proper Dih.  Improper Dih.      CMAP Dih.
    2.19241e+03    5.89876e+03    6.08398e+03    3.21420e+02   -2.47137e+02
          LJ-14     Coulomb-14        LJ (SR)   Coulomb (SR)   Coul. recip.
    1.84196e+03    1.40275e+04    2.77152e+04   -3.78794e+05    1.11970e+03
      Potential    Kinetic En.   Total Energy  Conserved En.    Temperature
   -3.19840e+05    6.20423e+04   -2.57798e+05   -2.47707e+05    2.97077e+02
 Pressure (bar)   Constr. rmsd
   -2.15618e+02    2.93786e-06

           Step           Time
         455000      910.00000

   Energies (kJ/mol)
           Bond            U-B    Proper Dih.  Improper Dih.      CMAP Dih.
    2.18702e+03    5.86349e+03    6.16802e+03    3.18101e+02   -2.24512e+02
          LJ-14     Coulomb-14        LJ (SR)   Coulomb (SR)   Coul. recip.
    1.78047e+03    1.38975e+04    2.83195e+04   -3.78504e+05    1.09058e+03
      Potential    Kinetic En.   Total Energy  Conserved En.    Temperature
   -3.19104e+05    6.19201e+04   -2.57184e+05   -2.47605e+05    2.96491e+02
 Pressure (bar)   Constr. rmsd
    1.49651e+01    3.51447e-06

Writing checkpoint, step 457920 at Tue Apr 14 22:17:18 2026


           Step           Time
         460000      920.00000

   Energies (kJ/mol)
           Bond            U-B    Proper Dih.  Improper Dih.      CMAP Dih.
    2.27977e+03    5.77256e+03    6.15535e+03    3.09954e+02   -1.68719e+02
          LJ-14     Coulomb-14        LJ (SR)   Coulomb (SR)   Coul. recip.
    1.89091e+03    1.36681e+04    2.75014e+04   -3.76616e+05    1.07232e+03
      Potential    Kinetic En.   Total Energy  Conserved En.    Temperature
   -3.18135e+05    6.28723e+04   -2.55262e+05   -2.47687e+05    3.01051e+02
 Pressure (bar)   Constr. rmsd
   -9.11322e+01    2.94645e-06

           Step           Time
         465000      930.00000

   Energies (kJ/mol)
           Bond            U-B    Proper Dih.  Improper Dih.      CMAP Dih.
    2.28357e+03    5.84138e+03    6.07784e+03    3.35184e+02   -2.38048e+02
          LJ-14     Coulomb-14        LJ (SR)   Coulomb (SR)   Coul. recip.
    1.84350e+03    1.40013e+04    2.71606e+04   -3.77571e+05    1.17361e+03
      Potential    Kinetic En.   Total Energy  Conserved En.    Temperature
   -3.19092e+05    6.19807e+04   -2.57111e+05   -2.47173e+05    2.96782e+02
 Pressure (bar)   Constr. rmsd
    4.65799e+00    2.78019e-06

           Step           Time
         470000      940.00000

   Energies (kJ/mol)
           Bond            U-B    Proper Dih.  Improper Dih.      CMAP Dih.
    2.24105e+03    5.72398e+03    6.13042e+03    3.38886e+02   -2.69235e+02
          LJ-14     Coulomb-14        LJ (SR)   Coulomb (SR)   Coul. recip.
    1.90637e+03    1.38965e+04    2.77074e+04   -3.77323e+05    1.08079e+03
      Potential    Kinetic En.   Total Energy  Conserved En.    Temperature
   -3.18567e+05    6.20325e+04   -2.56534e+05   -2.46990e+05    2.97030e+02
 Pressure (bar)   Constr. rmsd
    1.76957e+02    2.83269e-06

           Step           Time
         475000      950.00000

   Energies (kJ/mol)
           Bond            U-B    Proper Dih.  Improper Dih.      CMAP Dih.
    2.22134e+03    5.98666e+03    6.16049e+03    3.11927e+02   -2.83696e+02
          LJ-14     Coulomb-14        LJ (SR)   Coulomb (SR)   Coul. recip.
    1.82258e+03    1.37056e+04    2.80906e+04   -3.77380e+05    1.09978e+03
      Potential    Kinetic En.   Total Energy  Conserved En.    Temperature
   -3.18264e+05    6.22612e+04   -2.56003e+05   -2.47207e+05    2.98125e+02
 Pressure (bar)   Constr. rmsd
   -7.14500e+01    2.93005e-06

           Step           Time
         480000      960.00000

   Energies (kJ/mol)
           Bond            U-B    Proper Dih.  Improper Dih.      CMAP Dih.
    2.22234e+03    5.97522e+03    6.05937e+03    3.27732e+02   -1.98122e+02
          LJ-14     Coulomb-14        LJ (SR)   Coulomb (SR)   Coul. recip.
    1.85543e+03    1.38481e+04    2.85684e+04   -3.79250e+05    1.13634e+03
      Potential    Kinetic En.   Total Energy  Conserved En.    Temperature
   -3.19455e+05    6.26734e+04   -2.56782e+05   -2.46956e+05    3.00099e+02
 Pressure (bar)   Constr. rmsd
    2.46238e+02    2.98237e-06

           Step           Time
         485000      970.00000

   Energies (kJ/mol)
           Bond            U-B    Proper Dih.  Improper Dih.      CMAP Dih.
    2.28526e+03    5.90161e+03    6.24984e+03    2.97322e+02   -2.77349e+02
          LJ-14     Coulomb-14        LJ (SR)   Coulomb (SR)   Coul. recip.
    1.83821e+03    1.37804e+04    2.72826e+04   -3.76514e+05    1.12565e+03
      Potential    Kinetic En.   Total Energy  Conserved En.    Temperature
   -3.18030e+05    6.21284e+04   -2.55902e+05   -2.46921e+05    2.97489e+02
 Pressure (bar)   Constr. rmsd
   -2.47494e+02    2.90243e-06

           Step           Time
         490000      980.00000

   Energies (kJ/mol)
           Bond            U-B    Proper Dih.  Improper Dih.      CMAP Dih.
    2.09709e+03    5.73354e+03    6.17973e+03    3.50518e+02   -2.68059e+02
          LJ-14     Coulomb-14        LJ (SR)   Coulomb (SR)   Coul. recip.
    1.95452e+03    1.42586e+04    2.87742e+04   -3.79466e+05    1.14614e+03
      Potential    Kinetic En.   Total Energy  Conserved En.    Temperature
   -3.19240e+05    6.26261e+04   -2.56614e+05   -2.46707e+05    2.99872e+02
 Pressure (bar)   Constr. rmsd
    3.03180e+02    3.29084e-06

           Step           Time
         495000      990.00000

   Energies (kJ/mol)
           Bond            U-B    Proper Dih.  Improper Dih.      CMAP Dih.
    2.23382e+03    5.81131e+03    6.10857e+03    2.95836e+02   -2.34611e+02
          LJ-14     Coulomb-14        LJ (SR)   Coulomb (SR)   Coul. recip.
    1.79323e+03    1.38210e+04    2.82290e+04   -3.78083e+05    1.07636e+03
      Potential    Kinetic En.   Total Energy  Conserved En.    Temperature
   -3.18948e+05    6.22212e+04   -2.56727e+05   -2.46796e+05    2.97934e+02
 Pressure (bar)   Constr. rmsd
   -8.15491e+01    2.94951e-06

           Step           Time
         500000     1000.00000

Writing checkpoint, step 500000 at Tue Apr 14 22:27:25 2026


   Energies (kJ/mol)
           Bond            U-B    Proper Dih.  Improper Dih.      CMAP Dih.
    2.26711e+03    5.85613e+03    6.07951e+03    3.21695e+02   -1.97540e+02
          LJ-14     Coulomb-14        LJ (SR)   Coulomb (SR)   Coul. recip.
    1.87214e+03    1.38344e+04    2.72725e+04   -3.77400e+05    1.11814e+03
      Potential    Kinetic En.   Total Energy  Conserved En.    Temperature
   -3.18975e+05    6.23775e+04   -2.56598e+05   -2.46655e+05    2.98682e+02
 Pressure (bar)   Constr. rmsd
   -2.71266e+02    2.87467e-06


Energy conservation over simulation part #1 of length 1000 ps, time 0 to 1000 ps
  Conserved energy drift: 3.87e-04 kJ/mol/ps per atom


	<======  ###############  ==>
	<====  A V E R A G E S  ====>
	<==  ###############  ======>

	Statistics over 500001 steps using 5001 frames

   Energies (kJ/mol)
           Bond            U-B    Proper Dih.  Improper Dih.      CMAP Dih.
    2.23698e+03    5.87691e+03    6.15901e+03    3.31430e+02   -2.49741e+02
          LJ-14     Coulomb-14        LJ (SR)   Coulomb (SR)   Coul. recip.
    1.85813e+03    1.39580e+04    2.79061e+04   -3.78172e+05    1.13161e+03
      Potential    Kinetic En.   Total Energy  Conserved En.    Temperature
   -3.18964e+05    6.22164e+04   -2.56748e+05   -2.51449e+05    2.97911e+02
 Pressure (bar)   Constr. rmsd
    2.69946e+00    0.00000e+00

          Box-X          Box-Y          Box-Z
    6.97087e+00    6.97087e+00    4.92915e+00

   Total Virial (kJ/mol)
    2.07116e+04    1.13889e+01   -1.34185e+01
    1.12836e+01    2.07612e+04   -8.83784e+00
   -1.34795e+01   -8.83277e+00    2.06901e+04

   Pressure (bar)
    6.22143e+00   -2.06792e+00    3.50557e+00
   -2.05332e+00   -9.90282e-01   -4.00423e-01
    3.51401e+00   -4.01133e-01    2.86723e+00


	M E G A - F L O P S   A C C O U N T I N G

 NB=Group-cutoff nonbonded kernels    NxN=N-by-N cluster Verlet kernels
 RF=Reaction-Field  VdW=Van der Waals  QSTab=quadratic-spline table
 W3=SPC/TIP3p  W4=TIP4p (single or pairs)
 V&F=Potential and force  V=Potential only  F=Force only

 Computing:                               M-Number         M-Flops  % Flops
-----------------------------------------------------------------------------
 Pair Search distance check           69610.642498      626495.782     0.1
 NxN QSTab Elec. + LJ [F]           9579317.141888   507703808.520    93.2
 NxN QSTab Elec. + LJ [V&F]           96779.701184     7839155.796     1.4
 NxN LJ [F]                              57.734912        2598.071     0.0
 NxN LJ [V&F]                             0.578048          37.573     0.0
 NxN QSTab Elec. [F]                 191883.067136     6524024.283     1.2
 NxN QSTab Elec. [V&F]                 1938.910752       79495.341     0.0
 1,4 nonbonded interactions            3294.506589      296505.593     0.1
 Calc Weights                         36730.573461     1322300.645     0.2
 Spread Q Bspline                    783585.567168     1567171.134     0.3
 Gather F Bspline                    783585.567168     4701513.403     0.9
 3D-FFT                             1395170.790336    11161366.323     2.0
 Solve PME                              968.001936       61952.124     0.0
 Reset In Box                           153.043750         459.131     0.0
 CG-CoM                                 153.068237         459.205     0.0
 Bonds                                  649.501299       38320.577     0.0
 Propers                               3197.006394      732114.464     0.1
 Impropers                              191.000382       39728.079     0.0
 Virial                                 122.684532        2208.322     0.0
 Stop-CM                                122.459487        1224.595     0.0
 P-Coupling                             122.459487         734.757     0.0
 Calc-Ekin                              244.918974        6612.812     0.0
 Lincs                                  625.001250       37500.075     0.0
 Lincs-Mat                             3240.006480       12960.026     0.0
 Constraint-V                         12234.524469      110110.720     0.0
 Constraint-Vir                         116.118219        2786.837     0.0
 Settle                                3661.507323     1354757.710     0.2
 Virtual Site 2fd                         0.505002          31.815     0.0
 CMAP                                    78.500157      133450.267     0.0
 Urey-Bradley                          2293.504587      419711.339     0.1
-----------------------------------------------------------------------------
 Total                                               544779595.319   100.0
-----------------------------------------------------------------------------


    D O M A I N   D E C O M P O S I T I O N   S T A T I S T I C S

 av. #atoms communicated per step for force:  2 x 0.0
 av. #atoms communicated per step for vsites: 3 x 0.0
 av. #atoms communicated per step for LINCS:  2 x 0.0


      R E A L   C Y C L E   A N D   T I M E   A C C O U N T I N G

On 1 MPI rank, each using 12 OpenMP threads

 Activity:              Num   Num      Call    Wall time         Giga-Cycles
                        Ranks Threads  Count      (s)         total sum    %
--------------------------------------------------------------------------------
 Domain decomp.            1   12       6250      19.026        569.825   0.2
 Vsite constr.             1   12     500001      24.128        722.639   0.2
 Neighbor search           1   12       6251      73.318       2195.868   0.6
 Force                     1   12     500001    6807.642     203887.872  59.7
 PME mesh                  1   12     500001     749.029      22433.319   6.6
 NB X/F buffer ops.        1   12     993751    3527.217     105639.615  30.9
 Vsite spread              1   12     505002      48.671       1457.692   0.4
 Write traj.               1   12        113       0.588         17.624   0.0
 Update                    1   12     500001      60.536       1813.036   0.5
 Constraints               1   12     500001      88.950       2664.053   0.8
 Rest                                              8.932        267.516   0.1
--------------------------------------------------------------------------------
 Total                                         11408.039     341669.059 100.0
--------------------------------------------------------------------------------
 Breakdown of PME mesh activities
--------------------------------------------------------------------------------
 PME spread                1   12     500001     267.178       8001.935   2.3
 PME gather                1   12     500001     239.502       7173.059   2.1
 PME 3D-FFT                1   12    1000002     206.175       6174.922   1.8
 PME solve Elec            1   12     500001      17.074        511.366   0.1
--------------------------------------------------------------------------------

               Core t (s)   Wall t (s)        (%)
       Time:   136896.431    11408.039     1200.0
                         3h10:08
                 (ns/day)    (hour/ns)
Performance:        7.574        3.169
Finished mdrun on rank 0 Tue Apr 14 22:27:25 2026

