           :-) GROMACS - gmx mdrun, 2023.3-Ubuntu_2023.3_1ubuntu3 (-:

Copyright 1991-2023 The GROMACS Authors.
GROMACS is free software; you can redistribute it and/or modify it
under the terms of the GNU Lesser General Public License
as published by the Free Software Foundation; either version 2.1
of the License, or (at your option) any later version.

                         Current GROMACS contributors:
       Mark Abraham           Andrey Alekseenko           Cathrine Bergh      
      Christian Blau            Eliane Briand             Mahesh Doijade      
    Stefan Fleischmann           Vytas Gapsys              Gaurav Garg        
      Sergey Gorelov         Gilles Gouaillardet            Alan Gray         
     M. Eric Irrgang         Farzaneh Jalalypour            Joe Jordan        
    Christoph Junghans        Prashanth Kanduri          Sebastian Keller     
     Carsten Kutzner           Justin A. Lemkul          Magnus Lundborg      
       Pascal Merz              Vedran Miletic            Dmitry Morozov      
       Szilard Pall             Roland Schulz             Michael Shirts      
     Alexey Shvetsov            Balint Soproni         David van der Spoel    
      Philip Turner             Carsten Uphoff           Alessandra Villa     
 Sebastian Wingbermuehle        Artem Zhmurov       

                         Previous GROMACS contributors:
        Emile Apol             Rossen Apostolov           James Barnett       
  Herman J.C. Berendsen          Par Bjelkmar           Viacheslav Bolnykh    
        Kevin Boyd            Aldert van Buuren          Carlo Camilloni      
     Rudi van Drunen            Anton Feenstra           Oliver Fleetwood     
     Gerrit Groenhof            Bert de Groot             Anca Hamuraru       
    Vincent Hindriksen          Victor Holanda           Aleksei Iupinov      
   Dimitrios Karkoulis           Peter Kasson             Sebastian Kehl      
        Jiri Kraus               Per Larsson              Viveca Lindahl      
      Erik Marklund           Pieter Meulenhoff           Teemu Murtola       
       Sander Pronk             Alfons Sijbers            Peter Tieleman      
       Jon Vincent             Teemu Virolainen         Christian Wennberg    
       Maarten Wolf       

                  Coordinated by the GROMACS project leaders:
                    Paul Bauer, Berk Hess, and Erik Lindahl

GROMACS:      gmx mdrun, version 2023.3-Ubuntu_2023.3_1ubuntu3
Executable:   /usr/bin/gmx
Data prefix:  /usr
Working dir:  /home/ayush-saini/lab7_helix
Process ID:   7806
Command line:
  gmx mdrun -v -s md_363.tpr -o md_363.trr -x md_363.xtc -c after_md_363.gro -e md_363.edr -g md_363.log

GROMACS version:    2023.3-Ubuntu_2023.3_1ubuntu3
Precision:          mixed
Memory model:       64 bit
MPI library:        thread_mpi
OpenMP support:     enabled (GMX_OPENMP_MAX_THREADS = 128)
GPU support:        disabled
SIMD instructions:  SSE4.1
CPU FFT library:    fftw-3.3.10-sse2-avx
GPU FFT library:    none
Multi-GPU FFT:      none
RDTSCP usage:       enabled
TNG support:        enabled
Hwloc support:      hwloc-2.8.0
Tracing support:    disabled
C compiler:         /usr/bin/cc GNU 13.2.0
C compiler flags:   -fexcess-precision=fast -funroll-all-loops -msse4.1 -Wno-missing-field-initializers -O3 -DNDEBUG
C++ compiler:       /usr/bin/c++ GNU 13.2.0
C++ compiler flags: -fexcess-precision=fast -funroll-all-loops -msse4.1 -Wno-missing-field-initializers -Wno-cast-function-type-strict SHELL:-fopenmp -O3 -DNDEBUG
BLAS library:       External - detected on the system
LAPACK library:     External - detected on the system


Running on 1 node with total 10 cores, 12 processing units
Hardware detected on host ayush-saini-HP-Laptop-15s-fq5xxx:
  CPU info:
    Vendor: Intel
    Brand:  12th Gen Intel(R) Core(TM) i5-1235U
    Family: 6   Model: 154   Stepping: 4
    Features: aes apic avx avx2 clfsh cmov cx8 cx16 f16c fma htt intel lahf mmx msr nonstop_tsc pcid pclmuldq pdcm pdpe1gb popcnt pse rdrnd rdtscp sha sse2 sse3 sse4.1 sse4.2 ssse3 tdt x2apic
  Hardware topology: Full, with devices
    Packages, cores, and logical processors:
    [indices refer to OS logical processors]
      Package  0: [   0   1] [   2   3] [   4] [   5] [   6] [   7] [   8] [   9] [  10] [  11]
    CPU limit set by OS: -1   Recommended max number of threads: 12
    Numa nodes:
      Node  0 (7980875776 bytes mem):   0   1   2   3   4   5   6   7   8   9  10  11
      Latency:
               0
         0  1.00
    Caches:
      L1: 49152 bytes, linesize 64 bytes, assoc. 12, shared 2 ways
      L2: 1310720 bytes, linesize 64 bytes, assoc. 10, shared 2 ways
      L3: 12582912 bytes, linesize 64 bytes, assoc. 12, shared 12 ways
    PCI devices:
      0000:00:02.0  Id: 8086:46a8  Class: 0x0300  Numa: 0
      0000:01:00.0  Id: 10ec:c822  Class: 0x0280  Numa: 0
      0000:02:00.0  Id: 1e0f:000c  Class: 0x0108  Numa: 0

Likely fastest SIMD instructions supported by all nodes: AVX2_256
SIMD instructions selected at compile time:              SSE4.1


++++ PLEASE READ AND CITE THE FOLLOWING REFERENCE ++++
M. J. Abraham, T. Murtola, R. Schulz, S. Páll, J. C. Smith, B. Hess, E.
Lindahl
GROMACS: High performance molecular simulations through multi-level
parallelism from laptops to supercomputers
SoftwareX 1 (2015) pp. 19-25
-------- -------- --- Thank You --- -------- --------


++++ PLEASE READ AND CITE THE FOLLOWING REFERENCE ++++
S. Páll, M. J. Abraham, C. Kutzner, B. Hess, E. Lindahl
Tackling Exascale Software Challenges in Molecular Dynamics Simulations with
GROMACS
In S. Markidis & E. Laure (Eds.), Solving Software Challenges for Exascale 8759 (2015) pp. 3-27
-------- -------- --- Thank You --- -------- --------


++++ PLEASE READ AND CITE THE FOLLOWING REFERENCE ++++
S. Pronk, S. Páll, R. Schulz, P. Larsson, P. Bjelkmar, R. Apostolov, M. R.
Shirts, J. C. Smith, P. M. Kasson, D. van der Spoel, B. Hess, and E. Lindahl
GROMACS 4.5: a high-throughput and highly parallel open source molecular
simulation toolkit
Bioinformatics 29 (2013) pp. 845-54
-------- -------- --- Thank You --- -------- --------


++++ PLEASE READ AND CITE THE FOLLOWING REFERENCE ++++
B. Hess and C. Kutzner and D. van der Spoel and E. Lindahl
GROMACS 4: Algorithms for highly efficient, load-balanced, and scalable
molecular simulation
J. Chem. Theory Comput. 4 (2008) pp. 435-447
-------- -------- --- Thank You --- -------- --------


++++ PLEASE READ AND CITE THE FOLLOWING REFERENCE ++++
D. van der Spoel, E. Lindahl, B. Hess, G. Groenhof, A. E. Mark and H. J. C.
Berendsen
GROMACS: Fast, Flexible and Free
J. Comp. Chem. 26 (2005) pp. 1701-1719
-------- -------- --- Thank You --- -------- --------


++++ PLEASE READ AND CITE THE FOLLOWING REFERENCE ++++
E. Lindahl and B. Hess and D. van der Spoel
GROMACS 3.0: A package for molecular simulation and trajectory analysis
J. Mol. Mod. 7 (2001) pp. 306-317
-------- -------- --- Thank You --- -------- --------


++++ PLEASE READ AND CITE THE FOLLOWING REFERENCE ++++
H. J. C. Berendsen, D. van der Spoel and R. van Drunen
GROMACS: A message-passing parallel molecular dynamics implementation
Comp. Phys. Comm. 91 (1995) pp. 43-56
-------- -------- --- Thank You --- -------- --------

Input Parameters:
   integrator                     = md
   tinit                          = 0
   dt                             = 0.002
   nsteps                         = 500000
   init-step                      = 0
   simulation-part                = 1
   mts                            = false
   comm-mode                      = Linear
   nstcomm                        = 100
   bd-fric                        = 0
   ld-seed                        = -16778823
   emtol                          = 10
   emstep                         = 0.01
   niter                          = 20
   fcstep                         = 0
   nstcgsteep                     = 1000
   nbfgscorr                      = 10
   rtpi                           = 0.05
   nstxout                        = 0
   nstvout                        = 0
   nstfout                        = 0
   nstlog                         = 5000
   nstcalcenergy                  = 100
   nstenergy                      = 5000
   nstxout-compressed             = 5000
   compressed-x-precision         = 1000
   cutoff-scheme                  = Verlet
   nstlist                        = 10
   pbc                            = xyz
   periodic-molecules             = false
   verlet-buffer-tolerance        = 0.005
   rlist                          = 1.2
   coulombtype                    = PME
   coulomb-modifier               = Potential-shift
   rcoulomb-switch                = 0
   rcoulomb                       = 1.2
   epsilon-r                      = 1
   epsilon-rf                     = inf
   vdw-type                       = Cut-off
   vdw-modifier                   = Force-switch
   rvdw-switch                    = 1
   rvdw                           = 1.2
   DispCorr                       = No
   table-extension                = 1
   fourierspacing                 = 0.16
   fourier-nx                     = 28
   fourier-ny                     = 28
   fourier-nz                     = 28
   pme-order                      = 4
   ewald-rtol                     = 1e-05
   ewald-rtol-lj                  = 0.001
   lj-pme-comb-rule               = Geometric
   ewald-geometry                 = 3d
   epsilon-surface                = 0
   ensemble-temperature-setting   = constant
   ensemble-temperature           = 363
   tcoupl                         = V-rescale
   nsttcouple                     = 100
   nh-chain-length                = 0
   print-nose-hoover-chain-variables = false
   pcoupl                         = C-rescale
   pcoupltype                     = Isotropic
   nstpcouple                     = 100
   tau-p                          = 5
   compressibility (3x3):
      compressibility[    0]={ 4.50000e-05,  0.00000e+00,  0.00000e+00}
      compressibility[    1]={ 0.00000e+00,  4.50000e-05,  0.00000e+00}
      compressibility[    2]={ 0.00000e+00,  0.00000e+00,  4.50000e-05}
   ref-p (3x3):
      ref-p[    0]={ 1.00000e+00,  0.00000e+00,  0.00000e+00}
      ref-p[    1]={ 0.00000e+00,  1.00000e+00,  0.00000e+00}
      ref-p[    2]={ 0.00000e+00,  0.00000e+00,  1.00000e+00}
   refcoord-scaling               = No
   posres-com (3):
      posres-com[0]= 0.00000e+00
      posres-com[1]= 0.00000e+00
      posres-com[2]= 0.00000e+00
   posres-comB (3):
      posres-comB[0]= 0.00000e+00
      posres-comB[1]= 0.00000e+00
      posres-comB[2]= 0.00000e+00
   QMMM                           = false
qm-opts:
   ngQM                           = 0
   constraint-algorithm           = Lincs
   continuation                   = true
   Shake-SOR                      = false
   shake-tol                      = 0.0001
   lincs-order                    = 4
   lincs-iter                     = 1
   lincs-warnangle                = 30
   nwall                          = 0
   wall-type                      = 9-3
   wall-r-linpot                  = -1
   wall-atomtype[0]               = -1
   wall-atomtype[1]               = -1
   wall-density[0]                = 0
   wall-density[1]                = 0
   wall-ewald-zfac                = 3
   pull                           = false
   awh                            = false
   rotation                       = false
   interactiveMD                  = false
   disre                          = No
   disre-weighting                = Conservative
   disre-mixed                    = false
   dr-fc                          = 1000
   dr-tau                         = 0
   nstdisreout                    = 100
   orire-fc                       = 0
   orire-tau                      = 0
   nstorireout                    = 100
   free-energy                    = no
   cos-acceleration               = 0
   deform (3x3):
      deform[    0]={ 0.00000e+00,  0.00000e+00,  0.00000e+00}
      deform[    1]={ 0.00000e+00,  0.00000e+00,  0.00000e+00}
      deform[    2]={ 0.00000e+00,  0.00000e+00,  0.00000e+00}
   simulated-tempering            = false
   swapcoords                     = no
   userint1                       = 0
   userint2                       = 0
   userint3                       = 0
   userint4                       = 0
   userreal1                      = 0
   userreal2                      = 0
   userreal3                      = 0
   userreal4                      = 0
   applied-forces:
     electric-field:
       x:
         E0                       = 0
         omega                    = 0
         t0                       = 0
         sigma                    = 0
       y:
         E0                       = 0
         omega                    = 0
         t0                       = 0
         sigma                    = 0
       z:
         E0                       = 0
         omega                    = 0
         t0                       = 0
         sigma                    = 0
     density-guided-simulation:
       active                     = false
       group                      = protein
       similarity-measure         = inner-product
       atom-spreading-weight      = unity
       force-constant             = 1e+09
       gaussian-transform-spreading-width = 0.2
       gaussian-transform-spreading-range-in-multiples-of-width = 4
       reference-density-filename = reference.mrc
       nst                        = 1
       normalize-densities        = true
       adaptive-force-scaling     = false
       adaptive-force-scaling-time-constant = 4
       shift-vector               = 
       transformation-matrix      = 
     qmmm-cp2k:
       active                     = false
       qmgroup                    = System
       qmmethod                   = PBE
       qmfilenames                = 
       qmcharge                   = 0
       qmmultiplicity             = 1
grpopts:
   nrdf:       17152
   ref-t:         363
   tau-t:           1
annealing:          No
annealing-npoints:           0
   acc:	           0           0           0
   nfreeze:           N           N           N
   energygrp-flags[  0]: 0

Changing nstlist from 10 to 50, rlist from 1.2 to 1.317


Initializing Domain Decomposition on 1 ranks
Dynamic load balancing: auto
Using update groups, nr 2880, average size 3.0 atoms, max. radius 0.104 nm
Minimum cell size due to atom displacement: 0.407 nm
Initial maximum distances in bonded interactions:
    two-body bonded interactions: 0.395 nm, LJ-14, atoms 68 76
  multi-body bonded interactions: 0.395 nm, Ryckaert-Bell., atoms 68 76
Minimum cell size due to bonded interactions: 0.435 nm
Using 0 separate PME ranks because: there are too few total ranks for efficient splitting
Optimizing the DD grid for 1 cells with a minimum initial size of 0.435 nm
The maximum allowed number of cells is: X 10 Y 10 Z 10
Domain decomposition grid 1 x 1 x 1, separate PME ranks 0
PME domain decomposition: 1 x 1 x 1

The initial number of communication pulses is:
The initial domain decomposition cell size is:

The maximum allowed distance for atom groups involved in interactions is:
                 non-bonded interactions           1.524 nm
(the following are initial values, they could change due to box deformation)
            two-body bonded interactions  (-rdd)   1.524 nm
          multi-body bonded interactions  (-rdd)   1.524 nm

When dynamic load balancing gets turned on, these settings will change to:
The maximum number of communication pulses is:
The minimum size for domain decomposition cells is 1.524 nm
The requested allowed shrink of DD cells (option -dds) is: 0.80
The allowed shrink of domain decomposition cells is:
The maximum allowed distance for atom groups involved in interactions is:
                 non-bonded interactions           1.524 nm
            two-body bonded interactions  (-rdd)   1.524 nm
          multi-body bonded interactions  (-rdd)   1.524 nm

Using 1 MPI thread
Using 12 OpenMP threads 

System total charge: -1.000
Will do PME sum in reciprocal space for electrostatic interactions.

++++ PLEASE READ AND CITE THE FOLLOWING REFERENCE ++++
U. Essmann, L. Perera, M. L. Berkowitz, T. Darden, H. Lee and L. G. Pedersen 
A smooth particle mesh Ewald method
J. Chem. Phys. 103 (1995) pp. 8577-8592
-------- -------- --- Thank You --- -------- --------

Using a Gaussian width (1/beta) of 0.384195 nm for Ewald
Potential shift: LJ r^-12: -2.648e-01 r^-6: -5.349e-01, Ewald -8.333e-06
Initialized non-bonded Coulomb Ewald tables, spacing: 1.02e-03 size: 1176

Generated table with 1158 data points for 1-4 COUL.
Tabscale = 500 points/nm
Generated table with 1158 data points for 1-4 LJ6.
Tabscale = 500 points/nm
Generated table with 1158 data points for 1-4 LJ12.
Tabscale = 500 points/nm


Using SIMD 4x4 nonbonded short-range kernels

Using a dual 4x4 pair-list setup updated with dynamic pruning:
  outer list: updated every 50 steps, buffer 0.117 nm, rlist 1.317 nm
  inner list: updated every 11 steps, buffer 0.003 nm, rlist 1.203 nm
At tolerance 0.005 kJ/mol/ps per atom, equivalent classical 1x1 list would be:
  outer list: updated every 50 steps, buffer 0.253 nm, rlist 1.453 nm
  inner list: updated every 11 steps, buffer 0.048 nm, rlist 1.248 nm

The non-bonded pair calculation algorithm tolerates a few missing pair interactions close to the cut-off. This can lead to a systematic overestimation of the pressure due to missing LJ interactions. The error in the average pressure due to missing LJ interactions is at most 0.01 bar.
The pressure error can be controlled by setting the environment variable GMX_VERLET_BUFFER_PRESSURE_TOLERANCE to the allowed error in units of bar.

Linking all bonded interactions to atoms


Pinning threads with an auto-selected logical cpu stride of 1

Initializing LINear Constraint Solver

++++ PLEASE READ AND CITE THE FOLLOWING REFERENCE ++++
B. Hess and H. Bekker and H. J. C. Berendsen and J. G. E. M. Fraaije
LINCS: A Linear Constraint Solver for molecular simulations
J. Comp. Chem. 18 (1997) pp. 1463-1472
-------- -------- --- Thank You --- -------- --------

The number of constraints is 107

++++ PLEASE READ AND CITE THE FOLLOWING REFERENCE ++++
S. Miyamoto and P. A. Kollman
SETTLE: An Analytical Version of the SHAKE and RATTLE Algorithms for Rigid
Water Models
J. Comp. Chem. 13 (1992) pp. 952-962
-------- -------- --- Thank You --- -------- --------


++++ PLEASE READ AND CITE THE FOLLOWING REFERENCE ++++
G. Bussi, D. Donadio and M. Parrinello
Canonical sampling through velocity rescaling
J. Chem. Phys. 126 (2007) pp. 014101
-------- -------- --- Thank You --- -------- --------


++++ PLEASE READ AND CITE THE FOLLOWING REFERENCE ++++
M. Bernetti, G. Bussi
Pressure control using stochastic cell rescaling
J. Chem. Phys. 153 (2020) pp. 114107
-------- -------- --- Thank You --- -------- --------

There are: 8521 Atoms
Atom distribution over 1 domains: av 8521 stddev 0 min 8521 max 8521
Center of mass motion removal mode is Linear
We have the following groups for center of mass motion removal:
  0:  rest

Started mdrun on rank 0 Tue Mar 17 02:37:57 2026

           Step           Time
              0        0.00000

   Energies (kJ/mol)
           Bond          Angle    Proper Dih. Ryckaert-Bell.          LJ-14
    2.17199e+01    7.72216e+01    1.18001e+01    2.13069e+02    3.10611e+02
     Coulomb-14        LJ (SR)   Coulomb (SR)   Coul. recip.      Potential
    2.04050e+03    2.14477e+04   -1.67260e+05    5.06833e+02   -1.42631e+05
    Kinetic En.   Total Energy  Conserved En.    Temperature Pressure (bar)
    9.36637e+01   -1.42537e+05   -1.42171e+05    1.31357e+00   -6.40009e+03
   Constr. rmsd
    5.80182e-07

           Step           Time
           5000       10.00000

   Energies (kJ/mol)
           Bond          Angle    Proper Dih. Ryckaert-Bell.          LJ-14
    1.72307e+02    4.06979e+02    3.07540e+01    2.47566e+02    3.23799e+02
     Coulomb-14        LJ (SR)   Coulomb (SR)   Coul. recip.      Potential
    2.05573e+03    2.23187e+04   -1.49521e+05    4.29055e+02   -1.23536e+05
    Kinetic En.   Total Energy  Conserved En.    Temperature Pressure (bar)
    2.52520e+04   -9.82837e+04   -1.46934e+05    3.54142e+02    7.26954e+02
   Constr. rmsd
    3.18960e-06

           Step           Time
          10000       20.00000

   Energies (kJ/mol)
           Bond          Angle    Proper Dih. Ryckaert-Bell.          LJ-14
    2.10764e+02    5.40206e+02    4.12750e+01    2.41247e+02    3.14905e+02
     Coulomb-14        LJ (SR)   Coulomb (SR)   Coul. recip.      Potential
    2.04164e+03    2.12354e+04   -1.47127e+05    4.54807e+02   -1.22047e+05
    Kinetic En.   Total Energy  Conserved En.    Temperature Pressure (bar)
    2.61216e+04   -9.59254e+04   -1.47434e+05    3.66338e+02    8.93912e+01
   Constr. rmsd
    3.94561e-06

           Step           Time
          15000       30.00000

   Energies (kJ/mol)
           Bond          Angle    Proper Dih. Ryckaert-Bell.          LJ-14
    2.04382e+02    4.55591e+02    4.67002e+01    2.40492e+02    3.09035e+02
     Coulomb-14        LJ (SR)   Coulomb (SR)   Coul. recip.      Potential
    2.06230e+03    2.10887e+04   -1.46824e+05    5.09444e+02   -1.21907e+05
    Kinetic En.   Total Energy  Conserved En.    Temperature Pressure (bar)
    2.58398e+04   -9.60676e+04   -1.47279e+05    3.62385e+02    7.22246e+01
   Constr. rmsd
    3.46531e-06

           Step           Time
          20000       40.00000

   Energies (kJ/mol)
           Bond          Angle    Proper Dih. Ryckaert-Bell.          LJ-14
    1.92785e+02    4.12123e+02    4.27645e+01    2.14186e+02    3.47710e+02
     Coulomb-14        LJ (SR)   Coulomb (SR)   Coul. recip.      Potential
    2.05083e+03    2.08292e+04   -1.45443e+05    5.04664e+02   -1.20849e+05
    Kinetic En.   Total Energy  Conserved En.    Temperature Pressure (bar)
    2.62469e+04   -9.46019e+04   -1.47431e+05    3.68095e+02    2.41334e+02
   Constr. rmsd
    2.91980e-06

           Step           Time
          25000       50.00000

   Energies (kJ/mol)
           Bond          Angle    Proper Dih. Ryckaert-Bell.          LJ-14
    2.31744e+02    4.35415e+02    4.03715e+01    2.27841e+02    3.06683e+02
     Coulomb-14        LJ (SR)   Coulomb (SR)   Coul. recip.      Potential
    2.03687e+03    2.05010e+04   -1.46707e+05    4.59605e+02   -1.22468e+05
    Kinetic En.   Total Energy  Conserved En.    Temperature Pressure (bar)
    2.58801e+04   -9.65877e+04   -1.47294e+05    3.62951e+02   -4.68041e+02
   Constr. rmsd
    2.89110e-06

           Step           Time
          30000       60.00000

   Energies (kJ/mol)
           Bond          Angle    Proper Dih. Ryckaert-Bell.          LJ-14
    2.04948e+02    4.32221e+02    3.49659e+01    2.27814e+02    3.67415e+02
     Coulomb-14        LJ (SR)   Coulomb (SR)   Coul. recip.      Potential
    2.11207e+03    2.08711e+04   -1.46128e+05    4.66502e+02   -1.21411e+05
    Kinetic En.   Total Energy  Conserved En.    Temperature Pressure (bar)
    2.59448e+04   -9.54665e+04   -1.47154e+05    3.63857e+02    7.92812e+01
   Constr. rmsd
    3.65322e-06

           Step           Time
          35000       70.00000

   Energies (kJ/mol)
           Bond          Angle    Proper Dih. Ryckaert-Bell.          LJ-14
    1.87970e+02    4.25138e+02    5.27179e+01    2.30626e+02    3.23339e+02
     Coulomb-14        LJ (SR)   Coulomb (SR)   Coul. recip.      Potential
    2.09655e+03    2.08790e+04   -1.46220e+05    4.92608e+02   -1.21532e+05
    Kinetic En.   Total Energy  Conserved En.    Temperature Pressure (bar)
    2.61446e+04   -9.53875e+04   -1.47129e+05    3.66660e+02   -1.53205e+02
   Constr. rmsd
    3.16945e-06

           Step           Time
          40000       80.00000

   Energies (kJ/mol)
           Bond          Angle    Proper Dih. Ryckaert-Bell.          LJ-14
    1.54535e+02    5.31244e+02    4.55119e+01    2.30002e+02    3.35499e+02
     Coulomb-14        LJ (SR)   Coulomb (SR)   Coul. recip.      Potential
    2.10463e+03    2.10748e+04   -1.47014e+05    4.84444e+02   -1.22053e+05
    Kinetic En.   Total Energy  Conserved En.    Temperature Pressure (bar)
    2.63730e+04   -9.56803e+04   -1.46885e+05    3.69863e+02    2.54437e+02
   Constr. rmsd
    2.36600e-06

           Step           Time
          45000       90.00000

   Energies (kJ/mol)
           Bond          Angle    Proper Dih. Ryckaert-Bell.          LJ-14
    1.78978e+02    4.56595e+02    3.65317e+01    2.39881e+02    3.39940e+02
     Coulomb-14        LJ (SR)   Coulomb (SR)   Coul. recip.      Potential
    2.10820e+03    2.09345e+04   -1.45636e+05    4.63556e+02   -1.20878e+05
    Kinetic En.   Total Energy  Conserved En.    Temperature Pressure (bar)
    2.62521e+04   -9.46259e+04   -1.47059e+05    3.68168e+02    2.82228e+02
   Constr. rmsd
    2.72479e-06

           Step           Time
          50000      100.00000

   Energies (kJ/mol)
           Bond          Angle    Proper Dih. Ryckaert-Bell.          LJ-14
    2.31287e+02    4.91824e+02    4.48814e+01    2.47803e+02    3.31545e+02
     Coulomb-14        LJ (SR)   Coulomb (SR)   Coul. recip.      Potential
    2.11161e+03    2.08104e+04   -1.46948e+05    5.18123e+02   -1.22160e+05
    Kinetic En.   Total Energy  Conserved En.    Temperature Pressure (bar)
    2.58746e+04   -9.62856e+04   -1.46924e+05    3.62873e+02   -2.28086e+02
   Constr. rmsd
    3.52041e-06

           Step           Time
          55000      110.00000

   Energies (kJ/mol)
           Bond          Angle    Proper Dih. Ryckaert-Bell.          LJ-14
    2.08458e+02    4.98156e+02    3.21239e+01    1.92386e+02    3.16441e+02
     Coulomb-14        LJ (SR)   Coulomb (SR)   Coul. recip.      Potential
    2.07726e+03    2.07633e+04   -1.45918e+05    5.06435e+02   -1.21324e+05
    Kinetic En.   Total Energy  Conserved En.    Temperature Pressure (bar)
    2.60822e+04   -9.52414e+04   -1.47018e+05    3.65784e+02   -2.44388e+02
   Constr. rmsd
    3.58233e-06

           Step           Time
          60000      120.00000

   Energies (kJ/mol)
           Bond          Angle    Proper Dih. Ryckaert-Bell.          LJ-14
    2.20268e+02    4.97532e+02    4.67087e+01    2.41869e+02    3.22758e+02
     Coulomb-14        LJ (SR)   Coulomb (SR)   Coul. recip.      Potential
    2.05449e+03    2.12029e+04   -1.45953e+05    5.11146e+02   -1.20855e+05
    Kinetic En.   Total Energy  Conserved En.    Temperature Pressure (bar)
    2.60239e+04   -9.48311e+04   -1.46871e+05    3.64967e+02    3.77747e+02
   Constr. rmsd
    4.17574e-06

           Step           Time
          65000      130.00000

   Energies (kJ/mol)
           Bond          Angle    Proper Dih. Ryckaert-Bell.          LJ-14
    1.83072e+02    5.01600e+02    3.11177e+01    2.41223e+02    3.45586e+02
     Coulomb-14        LJ (SR)   Coulomb (SR)   Coul. recip.      Potential
    2.07584e+03    2.06586e+04   -1.45981e+05    4.76438e+02   -1.21467e+05
    Kinetic En.   Total Energy  Conserved En.    Temperature Pressure (bar)
    2.62214e+04   -9.52461e+04   -1.46664e+05    3.67736e+02    3.28980e+01
   Constr. rmsd
    3.12265e-06

           Step           Time
          70000      140.00000

   Energies (kJ/mol)
           Bond          Angle    Proper Dih. Ryckaert-Bell.          LJ-14
    1.51510e+02    4.70000e+02    2.04288e+01    2.07844e+02    3.16247e+02
     Coulomb-14        LJ (SR)   Coulomb (SR)   Coul. recip.      Potential
    2.07696e+03    2.10756e+04   -1.45816e+05    4.81198e+02   -1.21016e+05
    Kinetic En.   Total Energy  Conserved En.    Temperature Pressure (bar)
    2.54269e+04   -9.55892e+04   -1.46571e+05    3.56594e+02    2.81910e+02
   Constr. rmsd
    3.06106e-06

           Step           Time
          75000      150.00000

   Energies (kJ/mol)
           Bond          Angle    Proper Dih. Ryckaert-Bell.          LJ-14
    1.86288e+02    5.25955e+02    2.12380e+01    2.66896e+02    3.07715e+02
     Coulomb-14        LJ (SR)   Coulomb (SR)   Coul. recip.      Potential
    2.07356e+03    2.01791e+04   -1.44989e+05    4.82270e+02   -1.20946e+05
    Kinetic En.   Total Energy  Conserved En.    Temperature Pressure (bar)
    2.58599e+04   -9.50863e+04   -1.46684e+05    3.62666e+02   -3.67630e+02
   Constr. rmsd
    3.05091e-06

           Step           Time
          80000      160.00000

   Energies (kJ/mol)
           Bond          Angle    Proper Dih. Ryckaert-Bell.          LJ-14
    2.24009e+02    4.18646e+02    3.30275e+01    2.50131e+02    3.26049e+02
     Coulomb-14        LJ (SR)   Coulomb (SR)   Coul. recip.      Potential
    2.06019e+03    2.11051e+04   -1.45941e+05    5.11236e+02   -1.21013e+05
    Kinetic En.   Total Energy  Conserved En.    Temperature Pressure (bar)
    2.56853e+04   -9.53275e+04   -1.46772e+05    3.60218e+02    4.89821e+00
   Constr. rmsd
    3.00915e-06

           Step           Time
          85000      170.00000

   Energies (kJ/mol)
           Bond          Angle    Proper Dih. Ryckaert-Bell.          LJ-14
    1.89149e+02    5.27471e+02    3.24495e+01    2.31319e+02    3.02347e+02
     Coulomb-14        LJ (SR)   Coulomb (SR)   Coul. recip.      Potential
    2.06967e+03    2.07119e+04   -1.45620e+05    4.91090e+02   -1.21065e+05
    Kinetic En.   Total Energy  Conserved En.    Temperature Pressure (bar)
    2.59882e+04   -9.50767e+04   -1.46429e+05    3.64467e+02    1.80518e+02
   Constr. rmsd
    2.68520e-06

           Step           Time
          90000      180.00000

   Energies (kJ/mol)
           Bond          Angle    Proper Dih. Ryckaert-Bell.          LJ-14
    2.25205e+02    4.30097e+02    2.70923e+01    2.54699e+02    3.20661e+02
     Coulomb-14        LJ (SR)   Coulomb (SR)   Coul. recip.      Potential
    2.08936e+03    2.04975e+04   -1.45528e+05    5.34575e+02   -1.21149e+05
    Kinetic En.   Total Energy  Conserved En.    Temperature Pressure (bar)
    2.59070e+04   -9.52421e+04   -1.46452e+05    3.63328e+02   -3.21585e+02
   Constr. rmsd
    3.39288e-06

           Step           Time
          95000      190.00000

   Energies (kJ/mol)
           Bond          Angle    Proper Dih. Ryckaert-Bell.          LJ-14
    1.78043e+02    4.64004e+02    5.28835e+01    1.93373e+02    3.52978e+02
     Coulomb-14        LJ (SR)   Coulomb (SR)   Coul. recip.      Potential
    2.07492e+03    2.09286e+04   -1.46880e+05    4.91750e+02   -1.22144e+05
    Kinetic En.   Total Energy  Conserved En.    Temperature Pressure (bar)
    2.49882e+04   -9.71554e+04   -1.46381e+05    3.50442e+02   -1.44792e+02
   Constr. rmsd
    3.13486e-06

           Step           Time
         100000      200.00000

   Energies (kJ/mol)
           Bond          Angle    Proper Dih. Ryckaert-Bell.          LJ-14
    2.02972e+02    4.79890e+02    3.80165e+01    2.14805e+02    3.55009e+02
     Coulomb-14        LJ (SR)   Coulomb (SR)   Coul. recip.      Potential
    2.12431e+03    2.17906e+04   -1.48142e+05    4.71125e+02   -1.22465e+05
    Kinetic En.   Total Energy  Conserved En.    Temperature Pressure (bar)
    2.58814e+04   -9.65839e+04   -1.46336e+05    3.62968e+02    2.91705e+02
   Constr. rmsd
    3.69178e-06

           Step           Time
         105000      210.00000

   Energies (kJ/mol)
           Bond          Angle    Proper Dih. Ryckaert-Bell.          LJ-14
    2.34158e+02    3.87299e+02    3.20071e+01    1.98765e+02    3.18216e+02
     Coulomb-14        LJ (SR)   Coulomb (SR)   Coul. recip.      Potential
    2.05247e+03    2.15932e+04   -1.46434e+05    4.76942e+02   -1.21141e+05
    Kinetic En.   Total Energy  Conserved En.    Temperature Pressure (bar)
    2.55106e+04   -9.56300e+04   -1.46231e+05    3.57768e+02    5.45028e+02
   Constr. rmsd
    3.74780e-06

           Step           Time
         110000      220.00000

   Energies (kJ/mol)
           Bond          Angle    Proper Dih. Ryckaert-Bell.          LJ-14
    2.29815e+02    5.31563e+02    6.70068e+01    2.46601e+02    3.28427e+02
     Coulomb-14        LJ (SR)   Coulomb (SR)   Coul. recip.      Potential
    2.05598e+03    2.07276e+04   -1.45562e+05    4.73440e+02   -1.20902e+05
    Kinetic En.   Total Energy  Conserved En.    Temperature Pressure (bar)
    2.59515e+04   -9.49504e+04   -1.46215e+05    3.63952e+02   -8.39240e+01
   Constr. rmsd
    3.31026e-06

           Step           Time
         115000      230.00000

   Energies (kJ/mol)
           Bond          Angle    Proper Dih. Ryckaert-Bell.          LJ-14
    1.81067e+02    4.57022e+02    3.35917e+01    2.31174e+02    3.10315e+02
     Coulomb-14        LJ (SR)   Coulomb (SR)   Coul. recip.      Potential
    2.05460e+03    2.05220e+04   -1.44950e+05    4.45182e+02   -1.20715e+05
    Kinetic En.   Total Energy  Conserved En.    Temperature Pressure (bar)
    2.65813e+04   -9.41336e+04   -1.46089e+05    3.72784e+02    2.66892e+01
   Constr. rmsd
    3.68051e-06

           Step           Time
         120000      240.00000

   Energies (kJ/mol)
           Bond          Angle    Proper Dih. Ryckaert-Bell.          LJ-14
    1.57435e+02    5.26211e+02    2.94065e+01    1.97164e+02    3.55194e+02
     Coulomb-14        LJ (SR)   Coulomb (SR)   Coul. recip.      Potential
    2.06834e+03    2.11264e+04   -1.46641e+05    5.14546e+02   -1.21667e+05
    Kinetic En.   Total Energy  Conserved En.    Temperature Pressure (bar)
    2.54315e+04   -9.62351e+04   -1.45934e+05    3.56659e+02    5.47102e+02
   Constr. rmsd
    3.57400e-06

           Step           Time
         125000      250.00000

   Energies (kJ/mol)
           Bond          Angle    Proper Dih. Ryckaert-Bell.          LJ-14
    2.33235e+02    4.38721e+02    4.55136e+01    2.38966e+02    3.07002e+02
     Coulomb-14        LJ (SR)   Coulomb (SR)   Coul. recip.      Potential
    2.08338e+03    2.03377e+04   -1.45182e+05    4.66171e+02   -1.21032e+05
    Kinetic En.   Total Energy  Conserved En.    Temperature Pressure (bar)
    2.61482e+04   -9.48833e+04   -1.46142e+05    3.66711e+02   -5.32177e+02
   Constr. rmsd
    3.08344e-06

           Step           Time
         130000      260.00000

   Energies (kJ/mol)
           Bond          Angle    Proper Dih. Ryckaert-Bell.          LJ-14
    1.87202e+02    4.62239e+02    2.49424e+01    2.47300e+02    3.38499e+02
     Coulomb-14        LJ (SR)   Coulomb (SR)   Coul. recip.      Potential
    2.06820e+03    2.06898e+04   -1.45813e+05    4.66186e+02   -1.21329e+05
    Kinetic En.   Total Energy  Conserved En.    Temperature Pressure (bar)
    2.61488e+04   -9.51799e+04   -1.45995e+05    3.66719e+02    4.16240e+01
   Constr. rmsd
    3.86239e-06

           Step           Time
         135000      270.00000

   Energies (kJ/mol)
           Bond          Angle    Proper Dih. Ryckaert-Bell.          LJ-14
    1.58122e+02    4.49355e+02    3.80426e+01    2.17066e+02    3.32674e+02
     Coulomb-14        LJ (SR)   Coulomb (SR)   Coul. recip.      Potential
    2.08238e+03    2.06862e+04   -1.45842e+05    5.02125e+02   -1.21376e+05
    Kinetic En.   Total Energy  Conserved En.    Temperature Pressure (bar)
    2.60771e+04   -9.52984e+04   -1.45812e+05    3.65714e+02    4.79824e+01
   Constr. rmsd
    3.36455e-06

           Step           Time
         140000      280.00000

   Energies (kJ/mol)
           Bond          Angle    Proper Dih. Ryckaert-Bell.          LJ-14
    1.77214e+02    5.19273e+02    4.97120e+01    2.42766e+02    3.54067e+02
     Coulomb-14        LJ (SR)   Coulomb (SR)   Coul. recip.      Potential
    2.07871e+03    2.06680e+04   -1.45738e+05    5.01709e+02   -1.21146e+05
    Kinetic En.   Total Energy  Conserved En.    Temperature Pressure (bar)
    2.61209e+04   -9.50252e+04   -1.45676e+05    3.66328e+02   -4.12378e+01
   Constr. rmsd
    3.02634e-06

           Step           Time
         145000      290.00000

   Energies (kJ/mol)
           Bond          Angle    Proper Dih. Ryckaert-Bell.          LJ-14
    2.28386e+02    4.86612e+02    2.23530e+01    1.99213e+02    2.98122e+02
     Coulomb-14        LJ (SR)   Coulomb (SR)   Coul. recip.      Potential
    2.07463e+03    2.13326e+04   -1.46870e+05    4.91372e+02   -1.21736e+05
    Kinetic En.   Total Energy  Conserved En.    Temperature Pressure (bar)
    2.60950e+04   -9.56414e+04   -1.45726e+05    3.65964e+02   -2.65143e+01
   Constr. rmsd
    2.59175e-06

           Step           Time
         150000      300.00000

   Energies (kJ/mol)
           Bond          Angle    Proper Dih. Ryckaert-Bell.          LJ-14
    2.20377e+02    5.26096e+02    2.81961e+01    2.27949e+02    3.32694e+02
     Coulomb-14        LJ (SR)   Coulomb (SR)   Coul. recip.      Potential
    2.08303e+03    2.14237e+04   -1.47336e+05    5.31297e+02   -1.21962e+05
    Kinetic En.   Total Energy  Conserved En.    Temperature Pressure (bar)
    2.59474e+04   -9.60151e+04   -1.45720e+05    3.63894e+02    8.95673e+01
   Constr. rmsd
    3.89227e-06

           Step           Time
         155000      310.00000

   Energies (kJ/mol)
           Bond          Angle    Proper Dih. Ryckaert-Bell.          LJ-14
    2.17679e+02    4.25799e+02    4.75220e+01    2.05154e+02    3.16230e+02
     Coulomb-14        LJ (SR)   Coulomb (SR)   Coul. recip.      Potential
    2.04060e+03    2.01015e+04   -1.45117e+05    4.85027e+02   -1.21277e+05
    Kinetic En.   Total Energy  Conserved En.    Temperature Pressure (bar)
    2.59244e+04   -9.53526e+04   -1.45516e+05    3.63571e+02   -4.68137e+02
   Constr. rmsd
    2.41861e-06

           Step           Time
         160000      320.00000

   Energies (kJ/mol)
           Bond          Angle    Proper Dih. Ryckaert-Bell.          LJ-14
    2.27140e+02    5.24378e+02    3.66512e+01    2.05560e+02    3.15748e+02
     Coulomb-14        LJ (SR)   Coulomb (SR)   Coul. recip.      Potential
    2.04881e+03    2.13899e+04   -1.47081e+05    4.98798e+02   -1.21834e+05
    Kinetic En.   Total Energy  Conserved En.    Temperature Pressure (bar)
    2.59722e+04   -9.58621e+04   -1.45311e+05    3.64242e+02    1.88441e+02
   Constr. rmsd
    2.91669e-06

           Step           Time
         165000      330.00000

   Energies (kJ/mol)
           Bond          Angle    Proper Dih. Ryckaert-Bell.          LJ-14
    1.96862e+02    5.04902e+02    3.30845e+01    1.94526e+02    3.17582e+02
     Coulomb-14        LJ (SR)   Coulomb (SR)   Coul. recip.      Potential
    2.08204e+03    2.14538e+04   -1.46547e+05    5.03299e+02   -1.21260e+05
    Kinetic En.   Total Energy  Conserved En.    Temperature Pressure (bar)
    2.60196e+04   -9.52409e+04   -1.45392e+05    3.64906e+02    4.21109e+02
   Constr. rmsd
    3.18323e-06

           Step           Time
         170000      340.00000

   Energies (kJ/mol)
           Bond          Angle    Proper Dih. Ryckaert-Bell.          LJ-14
    1.82903e+02    5.14224e+02    2.40534e+01    1.71298e+02    3.37378e+02
     Coulomb-14        LJ (SR)   Coulomb (SR)   Coul. recip.      Potential
    2.08590e+03    2.05003e+04   -1.45732e+05    4.81713e+02   -1.21434e+05
    Kinetic En.   Total Energy  Conserved En.    Temperature Pressure (bar)
    2.62807e+04   -9.51537e+04   -1.45326e+05    3.68568e+02   -6.85105e+01
   Constr. rmsd
    3.44955e-06

           Step           Time
         175000      350.00000

   Energies (kJ/mol)
           Bond          Angle    Proper Dih. Ryckaert-Bell.          LJ-14
    1.85355e+02    4.80022e+02    2.19891e+01    2.16798e+02    2.95262e+02
     Coulomb-14        LJ (SR)   Coulomb (SR)   Coul. recip.      Potential
    2.03385e+03    2.07446e+04   -1.45469e+05    4.84613e+02   -1.21007e+05
    Kinetic En.   Total Energy  Conserved En.    Temperature Pressure (bar)
    2.58090e+04   -9.51977e+04   -1.45486e+05    3.61953e+02   -2.02846e+01
   Constr. rmsd
    5.08557e-06

           Step           Time
         180000      360.00000

   Energies (kJ/mol)
           Bond          Angle    Proper Dih. Ryckaert-Bell.          LJ-14
    1.52544e+02    4.53842e+02    2.94858e+01    2.14087e+02    3.37282e+02
     Coulomb-14        LJ (SR)   Coulomb (SR)   Coul. recip.      Potential
    2.08459e+03    2.05099e+04   -1.45675e+05    4.67745e+02   -1.21425e+05
    Kinetic En.   Total Energy  Conserved En.    Temperature Pressure (bar)
    2.53765e+04   -9.60489e+04   -1.45265e+05    3.55887e+02   -9.58547e+01
   Constr. rmsd
    3.81859e-06

           Step           Time
         185000      370.00000

   Energies (kJ/mol)
           Bond          Angle    Proper Dih. Ryckaert-Bell.          LJ-14
    1.92031e+02    4.55019e+02    4.29762e+01    1.74974e+02    3.30650e+02
     Coulomb-14        LJ (SR)   Coulomb (SR)   Coul. recip.      Potential
    2.02995e+03    2.04525e+04   -1.44720e+05    5.02939e+02   -1.20539e+05
    Kinetic En.   Total Energy  Conserved En.    Temperature Pressure (bar)
    2.58688e+04   -9.46700e+04   -1.45368e+05    3.62792e+02   -1.00629e+02
   Constr. rmsd
    2.70974e-06

           Step           Time
         190000      380.00000

   Energies (kJ/mol)
           Bond          Angle    Proper Dih. Ryckaert-Bell.          LJ-14
    2.23948e+02    5.29869e+02    2.57810e+01    1.67934e+02    2.70784e+02
     Coulomb-14        LJ (SR)   Coulomb (SR)   Coul. recip.      Potential
    2.01553e+03    1.97392e+04   -1.44173e+05    5.01995e+02   -1.20698e+05
    Kinetic En.   Total Energy  Conserved En.    Temperature Pressure (bar)
    2.53712e+04   -9.53267e+04   -1.45194e+05    3.55814e+02   -8.35750e+02
   Constr. rmsd
    3.00400e-06

           Step           Time
         195000      390.00000

   Energies (kJ/mol)
           Bond          Angle    Proper Dih. Ryckaert-Bell.          LJ-14
    2.28131e+02    4.83865e+02    2.62504e+01    1.56578e+02    2.92546e+02
     Coulomb-14        LJ (SR)   Coulomb (SR)   Coul. recip.      Potential
    2.01701e+03    1.99477e+04   -1.44564e+05    5.09535e+02   -1.20903e+05
    Kinetic En.   Total Energy  Conserved En.    Temperature Pressure (bar)
    2.60510e+04   -9.48517e+04   -1.45238e+05    3.65347e+02   -6.93561e+02
   Constr. rmsd
    3.65977e-06

           Step           Time
         200000      400.00000

   Energies (kJ/mol)
           Bond          Angle    Proper Dih. Ryckaert-Bell.          LJ-14
    1.70491e+02    5.39891e+02    3.22139e+01    1.61695e+02    3.30399e+02
     Coulomb-14        LJ (SR)   Coulomb (SR)   Coul. recip.      Potential
    2.05356e+03    2.14621e+04   -1.46610e+05    4.77930e+02   -1.21381e+05
    Kinetic En.   Total Energy  Conserved En.    Temperature Pressure (bar)
    2.59761e+04   -9.54052e+04   -1.44877e+05    3.64297e+02    2.87207e+02
   Constr. rmsd
    3.22835e-06

           Step           Time
         205000      410.00000

   Energies (kJ/mol)
           Bond          Angle    Proper Dih. Ryckaert-Bell.          LJ-14
    2.13880e+02    5.49367e+02    2.45921e+01    2.08327e+02    3.25160e+02
     Coulomb-14        LJ (SR)   Coulomb (SR)   Coul. recip.      Potential
    2.06348e+03    2.05704e+04   -1.45860e+05    4.91419e+02   -1.21413e+05
    Kinetic En.   Total Energy  Conserved En.    Temperature Pressure (bar)
    2.62055e+04   -9.52076e+04   -1.44795e+05    3.67514e+02   -6.09227e+01
   Constr. rmsd
    4.13562e-06

           Step           Time
         210000      420.00000

   Energies (kJ/mol)
           Bond          Angle    Proper Dih. Ryckaert-Bell.          LJ-14
    1.79251e+02    4.87772e+02    2.62329e+01    2.21876e+02    3.03442e+02
     Coulomb-14        LJ (SR)   Coulomb (SR)   Coul. recip.      Potential
    2.08143e+03    2.14966e+04   -1.46419e+05    4.95601e+02   -1.21127e+05
    Kinetic En.   Total Energy  Conserved En.    Temperature Pressure (bar)
    2.57573e+04   -9.53700e+04   -1.44687e+05    3.61228e+02    4.08584e+02
   Constr. rmsd
    1.99082e-06

           Step           Time
         215000      430.00000

   Energies (kJ/mol)
           Bond          Angle    Proper Dih. Ryckaert-Bell.          LJ-14
    2.11442e+02    4.55521e+02    3.07920e+01    2.03474e+02    3.46017e+02
     Coulomb-14        LJ (SR)   Coulomb (SR)   Coul. recip.      Potential
    2.04481e+03    2.12772e+04   -1.47446e+05    4.65186e+02   -1.22412e+05
    Kinetic En.   Total Energy  Conserved En.    Temperature Pressure (bar)
    2.60393e+04   -9.63722e+04   -1.44734e+05    3.65183e+02   -6.24482e+01
   Constr. rmsd
    4.12908e-06

           Step           Time
         220000      440.00000

   Energies (kJ/mol)
           Bond          Angle    Proper Dih. Ryckaert-Bell.          LJ-14
    1.80084e+02    4.20643e+02    3.10434e+01    2.39480e+02    3.08470e+02
     Coulomb-14        LJ (SR)   Coulomb (SR)   Coul. recip.      Potential
    2.07616e+03    2.10014e+04   -1.46694e+05    5.23199e+02   -1.21914e+05
    Kinetic En.   Total Energy  Conserved En.    Temperature Pressure (bar)
    2.61949e+04   -9.57188e+04   -1.44586e+05    3.67364e+02    7.61079e+01
   Constr. rmsd
    3.04602e-06

           Step           Time
         225000      450.00000

   Energies (kJ/mol)
           Bond          Angle    Proper Dih. Ryckaert-Bell.          LJ-14
    1.69776e+02    3.97981e+02    3.09123e+01    2.15157e+02    3.24252e+02
     Coulomb-14        LJ (SR)   Coulomb (SR)   Coul. recip.      Potential
    2.04275e+03    2.07265e+04   -1.46101e+05    4.42211e+02   -1.21751e+05
    Kinetic En.   Total Energy  Conserved En.    Temperature Pressure (bar)
    2.60042e+04   -9.57471e+04   -1.44368e+05    3.64691e+02    1.38066e+01
   Constr. rmsd
    1.97843e-06

           Step           Time
         230000      460.00000

   Energies (kJ/mol)
           Bond          Angle    Proper Dih. Ryckaert-Bell.          LJ-14
    2.20482e+02    5.19622e+02    4.77872e+01    2.26685e+02    3.08935e+02
     Coulomb-14        LJ (SR)   Coulomb (SR)   Coul. recip.      Potential
    2.02904e+03    2.05931e+04   -1.46506e+05    4.61944e+02   -1.22099e+05
    Kinetic En.   Total Energy  Conserved En.    Temperature Pressure (bar)
    2.55588e+04   -9.65400e+04   -1.44279e+05    3.58444e+02   -3.98091e+02
   Constr. rmsd
    2.88412e-06

Writing checkpoint, step 232150 at Tue Mar 17 02:52:58 2026


           Step           Time
         235000      470.00000

   Energies (kJ/mol)
           Bond          Angle    Proper Dih. Ryckaert-Bell.          LJ-14
    1.58001e+02    4.56470e+02    4.38561e+01    2.06933e+02    3.39455e+02
     Coulomb-14        LJ (SR)   Coulomb (SR)   Coul. recip.      Potential
    2.07235e+03    2.04041e+04   -1.45857e+05    4.95055e+02   -1.21681e+05
    Kinetic En.   Total Energy  Conserved En.    Temperature Pressure (bar)
    2.58935e+04   -9.57873e+04   -1.44191e+05    3.63138e+02   -2.65586e+01
   Constr. rmsd
    2.92328e-06

           Step           Time
         240000      480.00000

   Energies (kJ/mol)
           Bond          Angle    Proper Dih. Ryckaert-Bell.          LJ-14
    2.26015e+02    5.07380e+02    3.21543e+01    1.57928e+02    3.20099e+02
     Coulomb-14        LJ (SR)   Coulomb (SR)   Coul. recip.      Potential
    2.04628e+03    2.12911e+04   -1.46271e+05    4.57573e+02   -1.21232e+05
    Kinetic En.   Total Energy  Conserved En.    Temperature Pressure (bar)
    2.65376e+04   -9.46947e+04   -1.44393e+05    3.72171e+02    3.12837e+02
   Constr. rmsd
    2.51561e-06

           Step           Time
         245000      490.00000

   Energies (kJ/mol)
           Bond          Angle    Proper Dih. Ryckaert-Bell.          LJ-14
    2.11814e+02    4.27945e+02    3.55025e+01    1.89631e+02    3.22250e+02
     Coulomb-14        LJ (SR)   Coulomb (SR)   Coul. recip.      Potential
    2.08207e+03    2.08294e+04   -1.45827e+05    5.17894e+02   -1.21210e+05
    Kinetic En.   Total Energy  Conserved En.    Temperature Pressure (bar)
    2.58454e+04   -9.53650e+04   -1.44403e+05    3.62464e+02    5.54992e+01
   Constr. rmsd
    3.67002e-06

           Step           Time
         250000      500.00000

   Energies (kJ/mol)
           Bond          Angle    Proper Dih. Ryckaert-Bell.          LJ-14
    1.78606e+02    5.35501e+02    2.39462e+01    1.54749e+02    2.80861e+02
     Coulomb-14        LJ (SR)   Coulomb (SR)   Coul. recip.      Potential
    2.02571e+03    2.10821e+04   -1.46378e+05    4.77153e+02   -1.21619e+05
    Kinetic En.   Total Energy  Conserved En.    Temperature Pressure (bar)
    2.62583e+04   -9.53611e+04   -1.44307e+05    3.68254e+02   -1.01937e+02
   Constr. rmsd
    3.45206e-06

           Step           Time
         255000      510.00000

   Energies (kJ/mol)
           Bond          Angle    Proper Dih. Ryckaert-Bell.          LJ-14
    2.36984e+02    5.20300e+02    1.96767e+01    1.62101e+02    3.07007e+02
     Coulomb-14        LJ (SR)   Coulomb (SR)   Coul. recip.      Potential
    2.06663e+03    2.09656e+04   -1.46211e+05    4.77443e+02   -1.21455e+05
    Kinetic En.   Total Energy  Conserved En.    Temperature Pressure (bar)
    2.56137e+04   -9.58417e+04   -1.44244e+05    3.59215e+02   -1.95867e+02
   Constr. rmsd
    3.01232e-06

           Step           Time
         260000      520.00000

   Energies (kJ/mol)
           Bond          Angle    Proper Dih. Ryckaert-Bell.          LJ-14
    1.76652e+02    4.85543e+02    4.78908e+01    2.07238e+02    3.31636e+02
     Coulomb-14        LJ (SR)   Coulomb (SR)   Coul. recip.      Potential
    2.08630e+03    2.08934e+04   -1.45469e+05    5.08820e+02   -1.20731e+05
    Kinetic En.   Total Energy  Conserved En.    Temperature Pressure (bar)
    2.55594e+04   -9.51719e+04   -1.44240e+05    3.58452e+02    1.30385e+02
   Constr. rmsd
    3.56001e-06

           Step           Time
         265000      530.00000

   Energies (kJ/mol)
           Bond          Angle    Proper Dih. Ryckaert-Bell.          LJ-14
    1.84570e+02    4.86178e+02    2.91548e+01    2.09598e+02    3.09416e+02
     Coulomb-14        LJ (SR)   Coulomb (SR)   Coul. recip.      Potential
    2.07835e+03    2.04071e+04   -1.45745e+05    4.77086e+02   -1.21564e+05
    Kinetic En.   Total Energy  Conserved En.    Temperature Pressure (bar)
    2.58042e+04   -9.57596e+04   -1.44089e+05    3.61885e+02   -3.31113e+02
   Constr. rmsd
    2.98968e-06

           Step           Time
         270000      540.00000

   Energies (kJ/mol)
           Bond          Angle    Proper Dih. Ryckaert-Bell.          LJ-14
    1.89292e+02    5.11120e+02    3.44557e+01    1.92025e+02    3.13542e+02
     Coulomb-14        LJ (SR)   Coulomb (SR)   Coul. recip.      Potential
    2.05957e+03    2.03913e+04   -1.44967e+05    5.24385e+02   -1.20751e+05
    Kinetic En.   Total Energy  Conserved En.    Temperature Pressure (bar)
    2.53416e+04   -9.54093e+04   -1.44125e+05    3.55398e+02   -2.78056e+02
   Constr. rmsd
    3.58200e-06

           Step           Time
         275000      550.00000

   Energies (kJ/mol)
           Bond          Angle    Proper Dih. Ryckaert-Bell.          LJ-14
    1.89036e+02    5.33902e+02    3.78013e+01    1.83929e+02    3.26295e+02
     Coulomb-14        LJ (SR)   Coulomb (SR)   Coul. recip.      Potential
    2.09442e+03    2.05154e+04   -1.45536e+05    5.15187e+02   -1.21140e+05
    Kinetic En.   Total Energy  Conserved En.    Temperature Pressure (bar)
    2.57082e+04   -9.54321e+04   -1.43909e+05    3.60539e+02   -8.43560e+01
   Constr. rmsd
    4.38806e-06

           Step           Time
         280000      560.00000

   Energies (kJ/mol)
           Bond          Angle    Proper Dih. Ryckaert-Bell.          LJ-14
    1.70505e+02    4.43500e+02    3.30158e+01    2.02098e+02    3.42698e+02
     Coulomb-14        LJ (SR)   Coulomb (SR)   Coul. recip.      Potential
    2.10503e+03    2.18753e+04   -1.47434e+05    4.82875e+02   -1.21779e+05
    Kinetic En.   Total Energy  Conserved En.    Temperature Pressure (bar)
    2.60594e+04   -9.57196e+04   -1.43782e+05    3.65465e+02    6.67172e+02
   Constr. rmsd
    2.78961e-06

           Step           Time
         285000      570.00000

   Energies (kJ/mol)
           Bond          Angle    Proper Dih. Ryckaert-Bell.          LJ-14
    1.79960e+02    5.16035e+02    2.17116e+01    2.05931e+02    3.13387e+02
     Coulomb-14        LJ (SR)   Coulomb (SR)   Coul. recip.      Potential
    2.10863e+03    2.11609e+04   -1.46578e+05    4.73621e+02   -1.21598e+05
    Kinetic En.   Total Energy  Conserved En.    Temperature Pressure (bar)
    2.57401e+04   -9.58581e+04   -1.43872e+05    3.60986e+02    1.36335e+02
   Constr. rmsd
    3.50499e-06

           Step           Time
         290000      580.00000

   Energies (kJ/mol)
           Bond          Angle    Proper Dih. Ryckaert-Bell.          LJ-14
    2.27688e+02    4.86707e+02    2.09936e+01    2.09087e+02    2.99360e+02
     Coulomb-14        LJ (SR)   Coulomb (SR)   Coul. recip.      Potential
    2.07452e+03    2.14639e+04   -1.46581e+05    5.43485e+02   -1.21255e+05
    Kinetic En.   Total Energy  Conserved En.    Temperature Pressure (bar)
    2.61863e+04   -9.50686e+04   -1.43608e+05    3.67244e+02    3.44152e+02
   Constr. rmsd
    3.76819e-06

           Step           Time
         295000      590.00000

   Energies (kJ/mol)
           Bond          Angle    Proper Dih. Ryckaert-Bell.          LJ-14
    1.70452e+02    5.26903e+02    4.58964e+01    1.97977e+02    2.95548e+02
     Coulomb-14        LJ (SR)   Coulomb (SR)   Coul. recip.      Potential
    2.04538e+03    1.98380e+04   -1.44011e+05    5.04711e+02   -1.20386e+05
    Kinetic En.   Total Energy  Conserved En.    Temperature Pressure (bar)
    2.54220e+04   -9.49638e+04   -1.43580e+05    3.56526e+02   -3.86655e+02
   Constr. rmsd
    3.88614e-06

           Step           Time
         300000      600.00000

   Energies (kJ/mol)
           Bond          Angle    Proper Dih. Ryckaert-Bell.          LJ-14
    1.95499e+02    5.06534e+02    1.32876e+01    1.90188e+02    2.98178e+02
     Coulomb-14        LJ (SR)   Coulomb (SR)   Coul. recip.      Potential
    2.06276e+03    2.03883e+04   -1.45012e+05    5.04807e+02   -1.20852e+05
    Kinetic En.   Total Energy  Conserved En.    Temperature Pressure (bar)
    2.58898e+04   -9.49626e+04   -1.43597e+05    3.63086e+02   -4.56852e+02
   Constr. rmsd
    4.59701e-06

           Step           Time
         305000      610.00000

   Energies (kJ/mol)
           Bond          Angle    Proper Dih. Ryckaert-Bell.          LJ-14
    2.17002e+02    5.12487e+02    4.21368e+01    2.06988e+02    3.17840e+02
     Coulomb-14        LJ (SR)   Coulomb (SR)   Coul. recip.      Potential
    2.08894e+03    2.04901e+04   -1.45005e+05    5.42662e+02   -1.20587e+05
    Kinetic En.   Total Energy  Conserved En.    Temperature Pressure (bar)
    2.59887e+04   -9.45978e+04   -1.43447e+05    3.64473e+02    2.19843e+00
   Constr. rmsd
    3.09244e-06

           Step           Time
         310000      620.00000

   Energies (kJ/mol)
           Bond          Angle    Proper Dih. Ryckaert-Bell.          LJ-14
    1.92733e+02    5.39531e+02    3.47690e+01    1.95358e+02    3.12239e+02
     Coulomb-14        LJ (SR)   Coulomb (SR)   Coul. recip.      Potential
    2.08938e+03    2.07353e+04   -1.46710e+05    4.83835e+02   -1.22127e+05
    Kinetic En.   Total Energy  Conserved En.    Temperature Pressure (bar)
    2.61310e+04   -9.59959e+04   -1.43486e+05    3.66469e+02   -4.79109e+02
   Constr. rmsd
    2.99323e-06

           Step           Time
         315000      630.00000

   Energies (kJ/mol)
           Bond          Angle    Proper Dih. Ryckaert-Bell.          LJ-14
    1.49692e+02    5.06208e+02    2.71749e+01    1.62169e+02    3.50234e+02
     Coulomb-14        LJ (SR)   Coulomb (SR)   Coul. recip.      Potential
    2.09502e+03    2.02365e+04   -1.45181e+05    4.93099e+02   -1.21161e+05
    Kinetic En.   Total Energy  Conserved En.    Temperature Pressure (bar)
    2.58318e+04   -9.53287e+04   -1.43404e+05    3.62273e+02   -2.09773e+02
   Constr. rmsd
    3.13372e-06

           Step           Time
         320000      640.00000

   Energies (kJ/mol)
           Bond          Angle    Proper Dih. Ryckaert-Bell.          LJ-14
    1.67966e+02    4.19379e+02    3.09047e+01    1.78587e+02    3.37222e+02
     Coulomb-14        LJ (SR)   Coulomb (SR)   Coul. recip.      Potential
    2.08773e+03    2.05755e+04   -1.45272e+05    5.45513e+02   -1.20929e+05
    Kinetic En.   Total Energy  Conserved En.    Temperature Pressure (bar)
    2.57683e+04   -9.51610e+04   -1.43287e+05    3.61382e+02    6.57967e+01
   Constr. rmsd
    4.76261e-06

           Step           Time
         325000      650.00000

   Energies (kJ/mol)
           Bond          Angle    Proper Dih. Ryckaert-Bell.          LJ-14
    2.26688e+02    4.53997e+02    2.23162e+01    1.89568e+02    3.18559e+02
     Coulomb-14        LJ (SR)   Coulomb (SR)   Coul. recip.      Potential
    2.08158e+03    2.15529e+04   -1.46583e+05    4.98397e+02   -1.21239e+05
    Kinetic En.   Total Energy  Conserved En.    Temperature Pressure (bar)
    2.59354e+04   -9.53037e+04   -1.43076e+05    3.63726e+02    5.40584e+02
   Constr. rmsd
    3.36121e-06

           Step           Time
         330000      660.00000

   Energies (kJ/mol)
           Bond          Angle    Proper Dih. Ryckaert-Bell.          LJ-14
    1.88899e+02    4.60367e+02    3.43616e+01    1.90897e+02    3.35984e+02
     Coulomb-14        LJ (SR)   Coulomb (SR)   Coul. recip.      Potential
    2.09215e+03    2.09914e+04   -1.47135e+05    4.97412e+02   -1.22344e+05
    Kinetic En.   Total Energy  Conserved En.    Temperature Pressure (bar)
    2.62381e+04   -9.61057e+04   -1.43172e+05    3.67971e+02   -5.19354e+01
   Constr. rmsd
    2.30128e-06

           Step           Time
         335000      670.00000

   Energies (kJ/mol)
           Bond          Angle    Proper Dih. Ryckaert-Bell.          LJ-14
    1.90573e+02    5.08976e+02    3.80776e+01    2.13778e+02    3.07176e+02
     Coulomb-14        LJ (SR)   Coulomb (SR)   Coul. recip.      Potential
    2.07682e+03    2.12075e+04   -1.46291e+05    5.06486e+02   -1.21242e+05
    Kinetic En.   Total Energy  Conserved En.    Temperature Pressure (bar)
    2.58382e+04   -9.54034e+04   -1.43183e+05    3.62363e+02    2.37613e+01
   Constr. rmsd
    3.74356e-06

           Step           Time
         340000      680.00000

   Energies (kJ/mol)
           Bond          Angle    Proper Dih. Ryckaert-Bell.          LJ-14
    1.82456e+02    4.80447e+02    3.72524e+01    1.93981e+02    3.05946e+02
     Coulomb-14        LJ (SR)   Coulomb (SR)   Coul. recip.      Potential
    2.09878e+03    2.10385e+04   -1.45986e+05    5.41408e+02   -1.21107e+05
    Kinetic En.   Total Energy  Conserved En.    Temperature Pressure (bar)
    2.56190e+04   -9.54881e+04   -1.42998e+05    3.59288e+02    2.05740e+01
   Constr. rmsd
    2.69018e-06

           Step           Time
         345000      690.00000

   Energies (kJ/mol)
           Bond          Angle    Proper Dih. Ryckaert-Bell.          LJ-14
    1.79184e+02    4.20150e+02    2.91558e+01    2.12458e+02    3.43875e+02
     Coulomb-14        LJ (SR)   Coulomb (SR)   Coul. recip.      Potential
    2.07916e+03    2.13488e+04   -1.46353e+05    5.08420e+02   -1.21231e+05
    Kinetic En.   Total Energy  Conserved En.    Temperature Pressure (bar)
    2.61839e+04   -9.50475e+04   -1.42892e+05    3.67211e+02    6.55016e+02
   Constr. rmsd
    3.33855e-06

           Step           Time
         350000      700.00000

   Energies (kJ/mol)
           Bond          Angle    Proper Dih. Ryckaert-Bell.          LJ-14
    1.98645e+02    4.47520e+02    3.59236e+01    1.93943e+02    3.16938e+02
     Coulomb-14        LJ (SR)   Coulomb (SR)   Coul. recip.      Potential
    2.06544e+03    2.05412e+04   -1.45906e+05    4.79948e+02   -1.21626e+05
    Kinetic En.   Total Energy  Conserved En.    Temperature Pressure (bar)
    2.59531e+04   -9.56730e+04   -1.42866e+05    3.63974e+02   -2.52617e+02
   Constr. rmsd
    4.13328e-06

           Step           Time
         355000      710.00000

   Energies (kJ/mol)
           Bond          Angle    Proper Dih. Ryckaert-Bell.          LJ-14
    1.79436e+02    4.84471e+02    2.62326e+01    1.89721e+02    2.91214e+02
     Coulomb-14        LJ (SR)   Coulomb (SR)   Coul. recip.      Potential
    2.07510e+03    2.07305e+04   -1.46095e+05    4.99593e+02   -1.21618e+05
    Kinetic En.   Total Energy  Conserved En.    Temperature Pressure (bar)
    2.61099e+04   -9.55086e+04   -1.42692e+05    3.66172e+02    4.74784e+01
   Constr. rmsd
    2.49827e-06

           Step           Time
         360000      720.00000

   Energies (kJ/mol)
           Bond          Angle    Proper Dih. Ryckaert-Bell.          LJ-14
    1.84886e+02    5.31820e+02    2.88291e+01    1.82642e+02    3.33983e+02
     Coulomb-14        LJ (SR)   Coulomb (SR)   Coul. recip.      Potential
    2.08427e+03    2.12083e+04   -1.46468e+05    4.71171e+02   -1.21442e+05
    Kinetic En.   Total Energy  Conserved En.    Temperature Pressure (bar)
    2.59372e+04   -9.55050e+04   -1.42590e+05    3.63752e+02    2.94810e+02
   Constr. rmsd
    2.87147e-06

           Step           Time
         365000      730.00000

   Energies (kJ/mol)
           Bond          Angle    Proper Dih. Ryckaert-Bell.          LJ-14
    2.19447e+02    4.65825e+02    2.66810e+01    2.39470e+02    3.27591e+02
     Coulomb-14        LJ (SR)   Coulomb (SR)   Coul. recip.      Potential
    2.06764e+03    2.09028e+04   -1.45889e+05    5.25010e+02   -1.21115e+05
    Kinetic En.   Total Energy  Conserved En.    Temperature Pressure (bar)
    2.60227e+04   -9.50920e+04   -1.42549e+05    3.64950e+02    1.96801e+02
   Constr. rmsd
    2.22549e-06

           Step           Time
         370000      740.00000

   Energies (kJ/mol)
           Bond          Angle    Proper Dih. Ryckaert-Bell.          LJ-14
    2.01185e+02    5.23101e+02    3.07307e+01    2.08603e+02    3.40509e+02
     Coulomb-14        LJ (SR)   Coulomb (SR)   Coul. recip.      Potential
    2.07741e+03    2.14543e+04   -1.47085e+05    4.76418e+02   -1.21772e+05
    Kinetic En.   Total Energy  Conserved En.    Temperature Pressure (bar)
    2.55833e+04   -9.61891e+04   -1.42554e+05    3.58787e+02    4.45371e+02
   Constr. rmsd
    2.78540e-06

           Step           Time
         375000      750.00000

   Energies (kJ/mol)
           Bond          Angle    Proper Dih. Ryckaert-Bell.          LJ-14
    1.94955e+02    5.00292e+02    4.47528e+01    1.77524e+02    3.21879e+02
     Coulomb-14        LJ (SR)   Coulomb (SR)   Coul. recip.      Potential
    2.11918e+03    2.17486e+04   -1.47412e+05    4.67627e+02   -1.21837e+05
    Kinetic En.   Total Energy  Conserved En.    Temperature Pressure (bar)
    2.58774e+04   -9.59601e+04   -1.42535e+05    3.62912e+02    2.89721e+02
   Constr. rmsd
    2.98138e-06

           Step           Time
         380000      760.00000

   Energies (kJ/mol)
           Bond          Angle    Proper Dih. Ryckaert-Bell.          LJ-14
    1.84744e+02    5.05553e+02    3.73045e+01    2.16924e+02    3.29520e+02
     Coulomb-14        LJ (SR)   Coulomb (SR)   Coul. recip.      Potential
    2.14242e+03    2.12242e+04   -1.47079e+05    5.01412e+02   -1.21937e+05
    Kinetic En.   Total Energy  Conserved En.    Temperature Pressure (bar)
    2.65309e+04   -9.54062e+04   -1.42297e+05    3.72077e+02    3.58841e+02
   Constr. rmsd
    2.76654e-06

           Step           Time
         385000      770.00000

   Energies (kJ/mol)
           Bond          Angle    Proper Dih. Ryckaert-Bell.          LJ-14
    1.88985e+02    4.21724e+02    3.39181e+01    2.33581e+02    2.87460e+02
     Coulomb-14        LJ (SR)   Coulomb (SR)   Coul. recip.      Potential
    2.07731e+03    2.06051e+04   -1.45694e+05    5.23428e+02   -1.21322e+05
    Kinetic En.   Total Energy  Conserved En.    Temperature Pressure (bar)
    2.62009e+04   -9.51216e+04   -1.42373e+05    3.67449e+02   -3.35761e+02
   Constr. rmsd
    4.41221e-06

           Step           Time
         390000      780.00000

   Energies (kJ/mol)
           Bond          Angle    Proper Dih. Ryckaert-Bell.          LJ-14
    2.16680e+02    5.01520e+02    2.94714e+01    1.71678e+02    2.83192e+02
     Coulomb-14        LJ (SR)   Coulomb (SR)   Coul. recip.      Potential
    2.04712e+03    2.06626e+04   -1.45505e+05    4.82699e+02   -1.21110e+05
    Kinetic En.   Total Energy  Conserved En.    Temperature Pressure (bar)
    2.62309e+04   -9.48787e+04   -1.42269e+05    3.67869e+02   -9.47955e+01
   Constr. rmsd
    3.15671e-06

           Step           Time
         395000      790.00000

   Energies (kJ/mol)
           Bond          Angle    Proper Dih. Ryckaert-Bell.          LJ-14
    1.80965e+02    4.89527e+02    3.99077e+01    1.60611e+02    3.25482e+02
     Coulomb-14        LJ (SR)   Coulomb (SR)   Coul. recip.      Potential
    2.05482e+03    2.08631e+04   -1.45695e+05    5.28517e+02   -1.21052e+05
    Kinetic En.   Total Energy  Conserved En.    Temperature Pressure (bar)
    2.56535e+04   -9.53981e+04   -1.42222e+05    3.59772e+02    1.39854e+02
   Constr. rmsd
    2.65669e-06

           Step           Time
         400000      800.00000

   Energies (kJ/mol)
           Bond          Angle    Proper Dih. Ryckaert-Bell.          LJ-14
    1.71169e+02    4.70365e+02    5.22975e+01    1.96325e+02    3.40791e+02
     Coulomb-14        LJ (SR)   Coulomb (SR)   Coul. recip.      Potential
    2.04226e+03    2.11385e+04   -1.46789e+05    4.92996e+02   -1.21884e+05
    Kinetic En.   Total Energy  Conserved En.    Temperature Pressure (bar)
    2.59349e+04   -9.59495e+04   -1.42084e+05    3.63718e+02    2.09621e+02
   Constr. rmsd
    2.88993e-06

           Step           Time
         405000      810.00000

   Energies (kJ/mol)
           Bond          Angle    Proper Dih. Ryckaert-Bell.          LJ-14
    1.83673e+02    4.88285e+02    6.62675e+01    2.24455e+02    3.07213e+02
     Coulomb-14        LJ (SR)   Coulomb (SR)   Coul. recip.      Potential
    2.06469e+03    2.14773e+04   -1.47701e+05    4.61968e+02   -1.22427e+05
    Kinetic En.   Total Energy  Conserved En.    Temperature Pressure (bar)
    2.63615e+04   -9.60653e+04   -1.42003e+05    3.69701e+02    1.87074e+02
   Constr. rmsd
    3.34496e-06

           Step           Time
         410000      820.00000

   Energies (kJ/mol)
           Bond          Angle    Proper Dih. Ryckaert-Bell.          LJ-14
    2.27135e+02    4.42208e+02    2.60271e+01    1.66588e+02    3.11072e+02
     Coulomb-14        LJ (SR)   Coulomb (SR)   Coul. recip.      Potential
    2.06766e+03    2.15033e+04   -1.46659e+05    5.05176e+02   -1.21410e+05
    Kinetic En.   Total Energy  Conserved En.    Temperature Pressure (bar)
    2.55349e+04   -9.58749e+04   -1.42067e+05    3.58109e+02    2.27849e+02
   Constr. rmsd
    2.87575e-06

           Step           Time
         415000      830.00000

   Energies (kJ/mol)
           Bond          Angle    Proper Dih. Ryckaert-Bell.          LJ-14
    1.52958e+02    5.72193e+02    4.02424e+01    2.70982e+02    3.25359e+02
     Coulomb-14        LJ (SR)   Coulomb (SR)   Coul. recip.      Potential
    2.08399e+03    2.10233e+04   -1.46542e+05    4.58861e+02   -1.21614e+05
    Kinetic En.   Total Energy  Conserved En.    Temperature Pressure (bar)
    2.58752e+04   -9.57388e+04   -1.41906e+05    3.62881e+02    1.35234e+02
   Constr. rmsd
    2.94829e-06

           Step           Time
         420000      840.00000

   Energies (kJ/mol)
           Bond          Angle    Proper Dih. Ryckaert-Bell.          LJ-14
    1.89873e+02    4.38318e+02    2.49448e+01    2.14040e+02    3.16477e+02
     Coulomb-14        LJ (SR)   Coulomb (SR)   Coul. recip.      Potential
    2.05870e+03    2.09521e+04   -1.45976e+05    4.75951e+02   -1.21306e+05
    Kinetic En.   Total Energy  Conserved En.    Temperature Pressure (bar)
    2.62136e+04   -9.50924e+04   -1.42077e+05    3.67627e+02    6.91751e+01
   Constr. rmsd
    2.27188e-06

           Step           Time
         425000      850.00000

   Energies (kJ/mol)
           Bond          Angle    Proper Dih. Ryckaert-Bell.          LJ-14
    1.88285e+02    5.12787e+02    2.79434e+01    2.42610e+02    3.00058e+02
     Coulomb-14        LJ (SR)   Coulomb (SR)   Coul. recip.      Potential
    2.04666e+03    2.08091e+04   -1.45763e+05    5.07388e+02   -1.21128e+05
    Kinetic En.   Total Energy  Conserved En.    Temperature Pressure (bar)
    2.57975e+04   -9.53307e+04   -1.41869e+05    3.61792e+02    1.29766e+02
   Constr. rmsd
    3.46985e-06

           Step           Time
         430000      860.00000

   Energies (kJ/mol)
           Bond          Angle    Proper Dih. Ryckaert-Bell.          LJ-14
    1.90091e+02    5.17814e+02    1.70308e+01    2.26814e+02    3.10457e+02
     Coulomb-14        LJ (SR)   Coulomb (SR)   Coul. recip.      Potential
    2.06007e+03    2.14727e+04   -1.46313e+05    5.00695e+02   -1.21018e+05
    Kinetic En.   Total Energy  Conserved En.    Temperature Pressure (bar)
    2.58430e+04   -9.51747e+04   -1.41812e+05    3.62430e+02    4.38721e+02
   Constr. rmsd
    3.50427e-06

           Step           Time
         435000      870.00000

   Energies (kJ/mol)
           Bond          Angle    Proper Dih. Ryckaert-Bell.          LJ-14
    2.06273e+02    4.50764e+02    2.26489e+01    2.47264e+02    3.31398e+02
     Coulomb-14        LJ (SR)   Coulomb (SR)   Coul. recip.      Potential
    2.08714e+03    2.07851e+04   -1.45897e+05    5.06241e+02   -1.21261e+05
    Kinetic En.   Total Energy  Conserved En.    Temperature Pressure (bar)
    2.54197e+04   -9.58408e+04   -1.41705e+05    3.56493e+02    1.14934e+02
   Constr. rmsd
    2.28866e-06

           Step           Time
         440000      880.00000

   Energies (kJ/mol)
           Bond          Angle    Proper Dih. Ryckaert-Bell.          LJ-14
    2.03003e+02    5.39004e+02    4.13592e+01    2.42721e+02    2.75070e+02
     Coulomb-14        LJ (SR)   Coulomb (SR)   Coul. recip.      Potential
    2.04274e+03    2.04487e+04   -1.45582e+05    5.11760e+02   -1.21277e+05
    Kinetic En.   Total Energy  Conserved En.    Temperature Pressure (bar)
    2.61780e+04   -9.50995e+04   -1.41593e+05    3.67127e+02   -2.13582e+02
   Constr. rmsd
    3.78585e-06

           Step           Time
         445000      890.00000

   Energies (kJ/mol)
           Bond          Angle    Proper Dih. Ryckaert-Bell.          LJ-14
    1.55964e+02    4.36230e+02    3.70370e+01    1.83788e+02    3.14783e+02
     Coulomb-14        LJ (SR)   Coulomb (SR)   Coul. recip.      Potential
    2.09807e+03    2.07334e+04   -1.46394e+05    4.64525e+02   -1.21970e+05
    Kinetic En.   Total Energy  Conserved En.    Temperature Pressure (bar)
    2.55978e+04   -9.63720e+04   -1.41620e+05    3.58991e+02   -2.84798e+02
   Constr. rmsd
    3.78490e-06

           Step           Time
         450000      900.00000

   Energies (kJ/mol)
           Bond          Angle    Proper Dih. Ryckaert-Bell.          LJ-14
    1.65003e+02    4.81568e+02    2.84914e+01    1.95676e+02    3.11646e+02
     Coulomb-14        LJ (SR)   Coulomb (SR)   Coul. recip.      Potential
    2.10507e+03    2.15346e+04   -1.46761e+05    4.77799e+02   -1.21462e+05
    Kinetic En.   Total Energy  Conserved En.    Temperature Pressure (bar)
    2.56938e+04   -9.57677e+04   -1.41707e+05    3.60337e+02    3.18566e+02
   Constr. rmsd
    6.15112e-06

Writing checkpoint, step 453250 at Tue Mar 17 03:07:57 2026


           Step           Time
         455000      910.00000

   Energies (kJ/mol)
           Bond          Angle    Proper Dih. Ryckaert-Bell.          LJ-14
    2.21019e+02    5.11110e+02    5.22707e+01    1.88767e+02    3.17123e+02
     Coulomb-14        LJ (SR)   Coulomb (SR)   Coul. recip.      Potential
    2.07424e+03    2.06633e+04   -1.45963e+05    4.69794e+02   -1.21465e+05
    Kinetic En.   Total Energy  Conserved En.    Temperature Pressure (bar)
    2.62246e+04   -9.52408e+04   -1.41491e+05    3.67782e+02   -3.43370e+01
   Constr. rmsd
    3.71988e-06

           Step           Time
         460000      920.00000

   Energies (kJ/mol)
           Bond          Angle    Proper Dih. Ryckaert-Bell.          LJ-14
    2.43313e+02    5.10916e+02    2.59521e+01    1.84396e+02    3.20195e+02
     Coulomb-14        LJ (SR)   Coulomb (SR)   Coul. recip.      Potential
    2.08141e+03    2.13972e+04   -1.46741e+05    4.83022e+02   -1.21494e+05
    Kinetic En.   Total Energy  Conserved En.    Temperature Pressure (bar)
    2.53456e+04   -9.61488e+04   -1.41476e+05    3.55454e+02    1.97478e+02
   Constr. rmsd
    2.87498e-06

           Step           Time
         465000      930.00000

   Energies (kJ/mol)
           Bond          Angle    Proper Dih. Ryckaert-Bell.          LJ-14
    2.13282e+02    5.05777e+02    3.11570e+01    2.17724e+02    3.25267e+02
     Coulomb-14        LJ (SR)   Coulomb (SR)   Coul. recip.      Potential
    2.07455e+03    2.10357e+04   -1.46521e+05    4.89645e+02   -1.21628e+05
    Kinetic En.   Total Energy  Conserved En.    Temperature Pressure (bar)
    2.64614e+04   -9.51668e+04   -1.41333e+05    3.71103e+02   -7.04039e+01
   Constr. rmsd
    3.62992e-06

           Step           Time
         470000      940.00000

   Energies (kJ/mol)
           Bond          Angle    Proper Dih. Ryckaert-Bell.          LJ-14
    1.78108e+02    5.52393e+02    2.31604e+01    1.86584e+02    3.08837e+02
     Coulomb-14        LJ (SR)   Coulomb (SR)   Coul. recip.      Potential
    2.06986e+03    2.16994e+04   -1.47684e+05    4.98903e+02   -1.22167e+05
    Kinetic En.   Total Energy  Conserved En.    Temperature Pressure (bar)
    2.61205e+04   -9.60461e+04   -1.41245e+05    3.66322e+02    2.79678e+02
   Constr. rmsd
    4.64787e-06

           Step           Time
         475000      950.00000

   Energies (kJ/mol)
           Bond          Angle    Proper Dih. Ryckaert-Bell.          LJ-14
    2.16178e+02    4.92128e+02    3.05950e+01    2.25047e+02    2.95960e+02
     Coulomb-14        LJ (SR)   Coulomb (SR)   Coul. recip.      Potential
    2.04994e+03    2.12384e+04   -1.46391e+05    4.79628e+02   -1.21363e+05
    Kinetic En.   Total Energy  Conserved En.    Temperature Pressure (bar)
    2.56097e+04   -9.57531e+04   -1.41165e+05    3.59158e+02    1.80640e+02
   Constr. rmsd
    3.16895e-06

           Step           Time
         480000      960.00000

   Energies (kJ/mol)
           Bond          Angle    Proper Dih. Ryckaert-Bell.          LJ-14
    1.65701e+02    5.48698e+02    3.49868e+01    1.96723e+02    3.31836e+02
     Coulomb-14        LJ (SR)   Coulomb (SR)   Coul. recip.      Potential
    2.10019e+03    2.14358e+04   -1.47287e+05    5.06598e+02   -1.21966e+05
    Kinetic En.   Total Energy  Conserved En.    Temperature Pressure (bar)
    2.56186e+04   -9.63477e+04   -1.41236e+05    3.59282e+02    3.33067e+02
   Constr. rmsd
    2.68061e-06

           Step           Time
         485000      970.00000

   Energies (kJ/mol)
           Bond          Angle    Proper Dih. Ryckaert-Bell.          LJ-14
    2.19821e+02    4.60160e+02    3.23437e+01    2.12110e+02    3.20465e+02
     Coulomb-14        LJ (SR)   Coulomb (SR)   Coul. recip.      Potential
    2.12366e+03    2.09334e+04   -1.46248e+05    4.89502e+02   -1.21457e+05
    Kinetic En.   Total Energy  Conserved En.    Temperature Pressure (bar)
    2.63149e+04   -9.51417e+04   -1.40979e+05    3.69048e+02    8.91581e+01
   Constr. rmsd
    3.36890e-06

           Step           Time
         490000      980.00000

   Energies (kJ/mol)
           Bond          Angle    Proper Dih. Ryckaert-Bell.          LJ-14
    2.17085e+02    4.55671e+02    3.52965e+01    2.24246e+02    3.18230e+02
     Coulomb-14        LJ (SR)   Coulomb (SR)   Coul. recip.      Potential
    2.05720e+03    2.10161e+04   -1.46350e+05    5.07789e+02   -1.21518e+05
    Kinetic En.   Total Energy  Conserved En.    Temperature Pressure (bar)
    2.61821e+04   -9.53362e+04   -1.40990e+05    3.67185e+02   -3.96043e+00
   Constr. rmsd
    2.70771e-06

           Step           Time
         495000      990.00000

   Energies (kJ/mol)
           Bond          Angle    Proper Dih. Ryckaert-Bell.          LJ-14
    1.73811e+02    5.15058e+02    3.35554e+01    1.90599e+02    3.19801e+02
     Coulomb-14        LJ (SR)   Coulomb (SR)   Coul. recip.      Potential
    2.09121e+03    2.05415e+04   -1.45538e+05    4.81972e+02   -1.21191e+05
    Kinetic En.   Total Energy  Conserved En.    Temperature Pressure (bar)
    2.56919e+04   -9.54989e+04   -1.41018e+05    3.60311e+02   -2.64654e+02
   Constr. rmsd
    3.90417e-06

           Step           Time
         500000     1000.00000

Writing checkpoint, step 500000 at Tue Mar 17 03:11:10 2026


   Energies (kJ/mol)
           Bond          Angle    Proper Dih. Ryckaert-Bell.          LJ-14
    2.05295e+02    4.70118e+02    4.05749e+01    2.13076e+02    3.19686e+02
     Coulomb-14        LJ (SR)   Coulomb (SR)   Coul. recip.      Potential
    2.10905e+03    2.05018e+04   -1.46080e+05    5.28963e+02   -1.21692e+05
    Kinetic En.   Total Energy  Conserved En.    Temperature Pressure (bar)
    2.56352e+04   -9.60563e+04   -1.40710e+05    3.59515e+02   -1.19286e+02
   Constr. rmsd
    3.22355e-06


Energy conservation over simulation part #1 of length 1000 ps, time 0 to 1000 ps
  Conserved energy drift: 1.71e-04 kJ/mol/ps per atom


	<======  ###############  ==>
	<====  A V E R A G E S  ====>
	<==  ###############  ======>

	Statistics over 500001 steps using 5001 frames

   Energies (kJ/mol)
           Bond          Angle    Proper Dih. Ryckaert-Bell.          LJ-14
    1.96116e+02    4.83434e+02    3.38779e+01    2.08112e+02    3.19313e+02
     Coulomb-14        LJ (SR)   Coulomb (SR)   Coul. recip.      Potential
    2.07129e+03    2.09340e+04   -1.46280e+05    4.93573e+02   -1.21540e+05
    Kinetic En.   Total Energy  Conserved En.    Temperature Pressure (bar)
    2.58431e+04   -9.56969e+04   -1.44224e+05    3.62432e+02    2.30506e+00
   Constr. rmsd
    0.00000e+00

          Box-X          Box-Y          Box-Z
    4.46979e+00    4.46979e+00    4.46979e+00

   Total Virial (kJ/mol)
    8.62412e+03    9.95974e+00    6.89941e+00
    9.94626e+00    8.61538e+03   -2.87391e+00
    6.89936e+00   -2.85645e+00    8.59060e+03

   Pressure (bar)
   -4.25543e+00   -3.00142e+00   -2.66678e+00
   -2.99638e+00    1.27653e+00    1.21306e+00
   -2.66677e+00    1.20657e+00    9.89407e+00


	M E G A - F L O P S   A C C O U N T I N G

 NB=Group-cutoff nonbonded kernels    NxN=N-by-N cluster Verlet kernels
 RF=Reaction-Field  VdW=Van der Waals  QSTab=quadratic-spline table
 W3=SPC/TIP3p  W4=TIP4p (single or pairs)
 V&F=Potential and force  V=Potential only  F=Force only

 Computing:                               M-Number         M-Flops  % Flops
-----------------------------------------------------------------------------
 Pair Search distance check           36192.630792      325733.677     0.2
 NxN QSTab Elec. + LJ [F]           1612696.182168    85472897.655    58.6
 NxN QSTab Elec. + LJ [V&F]           16292.531920     1319695.086     0.9
 NxN QSTab Elec. [F]                1534002.952408    52156100.382    35.8
 NxN QSTab Elec. [V&F]                15497.636048      635403.078     0.4
 1,4 nonbonded interactions             282.000564       25380.051     0.0
 Calc Weights                         12781.525563      460134.920     0.3
 Spread Q Bspline                    272672.545344      545345.091     0.4
 Gather F Bspline                    272672.545344     1636035.272     1.1
 3D-FFT                              316593.633186     2532749.065     1.7
 Solve PME                              392.000784       25088.050     0.0
 Reset In Box                            85.210000         255.630     0.0
 CG-CoM                                  85.218521         255.656     0.0
 Bonds                                   57.000114        3363.007     0.0
 Angles                                 197.500395       33180.066     0.0
 Propers                                 23.500047        5381.511     0.0
 RB-Dihedrals                           213.000426       52611.105     0.0
 Virial                                  42.838566         771.094     0.0
 Stop-CM                                 42.613521         426.135     0.0
 P-Coupling                              42.613521         255.681     0.0
 Calc-Ekin                               85.227042        2301.130     0.0
 Lincs                                   53.500107        3210.006     0.0
 Lincs-Mat                              288.000576        1152.002     0.0
 Constraint-V                          4257.508515       38317.577     0.0
 Constraint-Vir                          42.048408        1009.162     0.0
 Settle                                1383.502767      511896.024     0.4
-----------------------------------------------------------------------------
 Total                                               145788948.113   100.0
-----------------------------------------------------------------------------


    D O M A I N   D E C O M P O S I T I O N   S T A T I S T I C S

 av. #atoms communicated per step for force:  2 x 0.0


      R E A L   C Y C L E   A N D   T I M E   A C C O U N T I N G

On 1 MPI rank, each using 12 OpenMP threads

 Activity:              Num   Num      Call    Wall time         Giga-Cycles
                        Ranks Threads  Count      (s)         total sum    %
--------------------------------------------------------------------------------
 Domain decomp.            1   12      10000       9.164        274.537   0.5
 Neighbor search           1   12      10001      34.350       1029.083   1.7
 Force                     1   12     500001    1576.984      47244.841  79.1
 PME mesh                  1   12     500001     230.087       6893.183  11.5
 NB X/F buffer ops.        1   12     990001      76.474       2291.084   3.8
 Write traj.               1   12        103       0.221          6.606   0.0
 Update                    1   12     500001      27.777        832.167   1.4
 Constraints               1   12     500001      34.119       1022.177   1.7
 Rest                                              3.515        105.295   0.2
--------------------------------------------------------------------------------
 Total                                          1992.690      59698.972 100.0
--------------------------------------------------------------------------------
 Breakdown of PME mesh activities
--------------------------------------------------------------------------------
 PME spread                1   12     500001      78.391       2348.516   3.9
 PME gather                1   12     500001      88.097       2639.303   4.4
 PME 3D-FFT                1   12    1000002      53.387       1599.421   2.7
 PME solve Elec            1   12     500001       4.335        129.874   0.2
--------------------------------------------------------------------------------

               Core t (s)   Wall t (s)        (%)
       Time:    23912.275     1992.690     1200.0
                         33:12
                 (ns/day)    (hour/ns)
Performance:       43.359        0.554
Finished mdrun on rank 0 Tue Mar 17 03:11:10 2026

