Using linkage method for clustering
Using RMSD cutoff 0.1 nm
The RMSD ranges from 0.0546115 to 0.655948 nm
Average RMSD is 0.340686
Number of structures for matrix 1001
Energy of the matrix is 9.13549.

Found 218 clusters

Writing middle structure for each cluster to cluster_avg_0.1.pdb

cl. | #st  rmsd | middle rmsd | cluster members
  1 |   2  0.079 |      0 .079 |      0     10
  2 |  18  0.117 |    110 .097 |     20     30     40     50     60     70     80
    |           |             |     90    100    110    120    130    140    150
    |           |             |    160    170    180    190
  3 |   1       |    200      |    200
  4 |  52  0.154 |    390 .128 |    210    220    230    240    250    260    270
    |           |             |    280    290    300    310    320    330    340
    |           |             |    350    360    370    380    390    400    410
    |           |             |    420    430    440    450    460    470    480
    |           |             |    490    500    510    520    530    540    550
    |           |             |    560    570    580    590    600    610    620
    |           |             |    630    640    650    660    670    680    690
    |           |             |    700    710    720
  5 |   5  0.110 |    760 .095 |    730    740    750    760    770
  6 | 152  0.154 |   1980 .128 |    780    790    800    810    850    860    870
    |           |             |    880    890    900    910    920    930    940
    |           |             |    950    960    970    980    990   1000   1010
    |           |             |   1020   1030   1040   1050   1060   1070   1080
    |           |             |   1090   1100   1110   1120   1130   1140   1150
    |           |             |   1160   1170   1180   1190   1200   1210   1220
    |           |             |   1230   1240   1250   1260   1270   1280   1290
    |           |             |   1300   1310   1320   1330   1340   1350   1360
    |           |             |   1370   1380   1390   1400   1430   1440   1450
    |           |             |   1480   1490   1500   1510   1520   1530   1540
    |           |             |   1550   1560   1570   1580   1590   1600   1610
    |           |             |   1620   1630   1640   1650   1660   1670   1680
    |           |             |   1690   1700   1710   1720   1730   1740   1750
    |           |             |   1760   1770   1780   1790   1800   1810   1820
    |           |             |   1830   1840   1850   1860   1870   1880   1890
    |           |             |   1900   1910   1920   1930   1940   1950   1960
    |           |             |   1970   1980   1990   2000   2010   2020   2030
    |           |             |   2040   2050   2060   2070   2080   2090   2100
    |           |             |   2110   2120   2130   2140   2150   2160   2170
    |           |             |   2180   2190   2200   2210   2220   2230   2240
    |           |             |   2250   2260   2270   2280   2290   2300   2310
    |           |             |   2320   2330   2340   2350   2360
  7 |   2  0.092 |    820 .092 |    820    840
  8 |   1       |    830      |    830
  9 |   1       |   1410      |   1410
 10 |   1       |   1420      |   1420
 11 |   2  0.080 |   1460 .080 |   1460   1470
 12 |   1       |   2370      |   2370
 13 | 105  0.188 |   2890 .158 |   2380   2390   2400   2410   2420   2430   2440
    |           |             |   2450   2460   2470   2480   2490   2500   2510
    |           |             |   2520   2530   2540   2550   2560   2570   2580
    |           |             |   2590   2600   2610   2620   2630   2640   2650
    |           |             |   2660   2670   2680   2690   2700   2710   2720
    |           |             |   2730   2740   2750   2760   2770   2780   2790
    |           |             |   2800   2810   2820   2830   2840   2850   2860
    |           |             |   2870   2880   2890   2900   2910   2920   2930
    |           |             |   2940   2950   2970   2980   2990   3000   3010
    |           |             |   3020   3030   3040   3050   3060   3070   3080
    |           |             |   3090   3100   3110   3120   3140   3150   3160
    |           |             |   3170   3180   3190   3200   3210   3220   3230
    |           |             |   3240   3250   3260   3270   3280   3290   3300
    |           |             |   3320   3330   3340   3350   3360   3370   3380
    |           |             |   3390   3400   3410   3420   3430   3440   3450
 14 |   1       |   2960      |   2960
 15 |   1       |   3130      |   3130
 16 |   1       |   3310      |   3310
 17 |   2  0.095 |   3460 .095 |   3460   3470
 18 |   5  0.093 |   3510 .086 |   3480   3490   3500   3510   3520
 19 |   1       |   3530      |   3530
 20 |   1       |   3540      |   3540
 21 |   3  0.090 |   3560 .089 |   3550   3560   3580
 22 |   1       |   3570      |   3570
 23 |  20  0.139 |   3710 .119 |   3590   3600   3610   3630   3640   3650   3660
    |           |             |   3670   3680   3690   3700   3710   3720   3730
    |           |             |   3740   3750   3760   3770   3780   3790
 24 |   1       |   3620      |   3620
 25 |   6  0.104 |   3840 .093 |   3800   3820   3830   3840   3850   3860
 26 |   1       |   3810      |   3810
 27 |  13  0.143 |   3930 .121 |   3870   3880   3890   3900   3910   3920   3930
    |           |             |   3940   3950   3960   3970   3980   3990
 28 |   6  0.113 |   4020 .101 |   4000   4010   4020   4030   4050   4060
 29 |   1       |   4040      |   4040
 30 |  13  0.112 |   4090 .100 |   4070   4080   4090   4100   4110   4120   4140
    |           |             |   4150   4160   4170   4180   4190   4200
 31 |   1       |   4130      |   4130
 32 |   3  0.088 |   4220 .080 |   4210   4220   4230
 33 |   3  0.092 |   4270 .084 |   4240   4270   4280
 34 |   1       |   4250      |   4250
 35 |   1       |   4260      |   4260
 36 |   1       |   4290      |   4290
 37 |   2  0.097 |   4300 .097 |   4300   4310
 38 |  18  0.130 |   4460 .108 |   4320   4330   4340   4350   4360   4370   4380
    |           |             |   4390   4400   4420   4430   4440   4450   4460
    |           |             |   4470   4480   4500   4510
 39 |   1       |   4410      |   4410
 40 |   1       |   4490      |   4490
 41 |   1       |   4520      |   4520
 42 |   1       |   4530      |   4530
 43 |   1       |   4540      |   4540
 44 |   5  0.110 |   4570 .098 |   4550   4560   4570   4580   4590
 45 |   1       |   4600      |   4600
 46 |   3  0.102 |   4630 .095 |   4610   4630   4640
 47 |   1       |   4620      |   4620
 48 |   2  0.094 |   4650 .094 |   4650   4660
 49 |   7  0.089 |   4680 .082 |   4670   4680   4690   4700   4710   4720   4730
 50 |   1       |   4740      |   4740
 51 |   3  0.099 |   4760 .095 |   4750   4760   4770
 52 |   6  0.111 |   4820 .099 |   4780   4790   4800   4810   4820   4830
 53 |   6  0.122 |   4860 .104 |   4840   4850   4860   4870   4880   4890
 54 |   1       |   4900      |   4900
 55 |   2  0.082 |   4910 .082 |   4910   4920
 56 |   1       |   4930      |   4930
 57 |   1       |   4940      |   4940
 58 |   7  0.105 |   4980 .095 |   4950   4960   4970   4980   4990   5000   5010
 59 |   1       |   5020      |   5020
 60 |   2  0.098 |   5030 .098 |   5030   5040
 61 |   1       |   5050      |   5050
 62 |   1       |   5060      |   5060
 63 |  19  0.126 |   5160 .110 |   5070   5080   5090   5110   5120   5130   5140
    |           |             |   5150   5160   5170   5180   5190   5200   5210
    |           |             |   5220   5230   5240   5250   5260
 64 |   1       |   5100      |   5100
 65 |   1       |   5270      |   5270
 66 |   9  0.108 |   5290 .099 |   5280   5290   5300   5310   5320   5330   5340
    |           |             |   5350   5360
 67 |  11  0.107 |   5450 .099 |   5370   5380   5390   5410   5420   5430   5440
    |           |             |   5450   5460   5470   5480
 68 |   1       |   5400      |   5400
 69 |   8  0.107 |   5540 .092 |   5490   5500   5510   5520   5530   5540   5550
    |           |             |   5560
 70 |   1       |   5570      |   5570
 71 |   2  0.079 |   5580 .079 |   5580   5590
 72 |   1       |   5600      |   5600
 73 |   1       |   5610      |   5610
 74 |   5  0.108 |   5630 .097 |   5620   5630   5640   5650   5660
 75 |   1       |   5670      |   5670
 76 |   1       |   5680      |   5680
 77 |   1       |   5690      |   5690
 78 |   2  0.099 |   5700 .099 |   5700   5710
 79 |   1       |   5720      |   5720
 80 |   8  0.112 |   5780 .099 |   5730   5740   5750   5760   5770   5780   5790
    |           |             |   5800
 81 |   2  0.095 |   5810 .095 |   5810   5820
 82 |   2  0.080 |   5830 .080 |   5830   5840
 83 |   1       |   5850      |   5850
 84 |  17  0.110 |   5980 .101 |   5860   5870   5880   5890   5900   5910   5920
    |           |             |   5930   5940   5950   5960   5970   5980   5990
    |           |             |   6000   6010   6020
 85 |  30  0.129 |   6450 .117 |   6030   6050   6060   6070   6080   6090   6110
    |           |             |   6120   6130   6140   6150   6370   6380   6390
    |           |             |   6400   6410   6420   6430   6440   6450   6460
    |           |             |   6470   6480   6490   6500   6510   6520   6530
    |           |             |   6540   6550
 86 |   1       |   6040      |   6040
 87 |   1       |   6100      |   6100
 88 |  18  0.116 |   6210 .104 |   6160   6170   6180   6190   6200   6210   6220
    |           |             |   6230   6240   6250   6260   6290   6300   6310
    |           |             |   6320   6330   6340   6350
 89 |   2  0.096 |   6270 .096 |   6270   6280
 90 |   1       |   6360      |   6360
 91 |   1       |   6560      |   6560
 92 |   3  0.102 |   6580 .090 |   6570   6580   6590
 93 |  11  0.113 |   6660 .099 |   6600   6610   6620   6630   6640   6650   6660
    |           |             |   6670   6700   6710   6720
 94 |   2  0.090 |   6680 .090 |   6680   6690
 95 |   2  0.098 |   6730 .098 |   6730   6740
 96 |   4  0.097 |   6770 .086 |   6750   6760   6770   6780
 97 |   2  0.070 |   6790 .070 |   6790   6800
 98 |   1       |   6810      |   6810
 99 |   2  0.091 |   6820 .091 |   6820   6830
100 |   1       |   6840      |   6840
101 |   4  0.097 |   6870 .086 |   6850   6860   6870   6880
102 |   4  0.102 |   6900 .089 |   6890   6900   6910   6920
103 |   1       |   6930      |   6930
104 |   1       |   6940      |   6940
105 |   5  0.093 |   7030 .084 |   6950   7010   7020   7030   7050
106 |   1       |   6960      |   6960
107 |   4  0.110 |   6990 .098 |   6970   6980   6990   7000
108 |   1       |   7040      |   7040
109 |   1       |   7060      |   7060
110 |   1       |   7070      |   7070
111 |   3  0.106 |   7090 .096 |   7080   7090   7100
112 |   8  0.111 |   7130 .099 |   7110   7120   7130   7140   7150   7160   7170
    |           |             |   7180
113 |   2  0.087 |   7190 .087 |   7190   7200
114 |   9  0.122 |   7290 .105 |   7210   7220   7270   7280   7290   7310   7320
    |           |             |   7330   7340
115 |   2  0.087 |   7230 .087 |   7230   7240
116 |   1       |   7250      |   7250
117 |   1       |   7260      |   7260
118 |   1       |   7300      |   7300
119 |   1       |   7350      |   7350
120 |   2  0.093 |   7360 .093 |   7360   7370
121 |   2  0.099 |   7380 .099 |   7380   7390
122 |   2  0.089 |   7400 .089 |   7400   7410
123 |   1       |   7420      |   7420
124 |   2  0.093 |   7430 .093 |   7430   7440
125 |   1       |   7450      |   7450
126 |   1       |   7460      |   7460
127 |   1       |   7470      |   7470
128 |   3  0.075 |   7500 .073 |   7480   7490   7500
129 |   1       |   7510      |   7510
130 |   1       |   7520      |   7520
131 |   3  0.097 |   7540 .091 |   7530   7540   7550
132 |   1       |   7560      |   7560
133 |  13  0.129 |   7640 .114 |   7570   7580   7590   7600   7610   7620   7630
    |           |             |   7640   7650   7660   7670   7680   7690
134 |   1       |   7700      |   7700
135 |   2  0.099 |   7710 .099 |   7710   7720
136 |   4  0.099 |   7750 .090 |   7730   7740   7750   7760
137 |   7  0.096 |   7780 .086 |   7770   7780   7790   7810   7820   7830   7840
138 |   1       |   7800      |   7800
139 |   6  0.111 |   7890 .100 |   7850   7860   7870   7880   7890   7900
140 |   1       |   7910      |   7910
141 |  29  0.152 |   8010 .130 |   7920   7930   7940   7950   7960   7970   7980
    |           |             |   7990   8000   8010   8020   8030   8040   8050
    |           |             |   8060   8070   8080   8090   8100   8110   8120
    |           |             |   8130   8140   8150   8160   8170   8180   8190
    |           |             |   8200
142 |  17  0.121 |   8340 .104 |   8210   8220   8230   8240   8250   8260   8270
    |           |             |   8280   8290   8300   8310   8320   8330   8340
    |           |             |   8350   8360   8370
143 |   1       |   8380      |   8380
144 |   1       |   8390      |   8390
145 |   8  0.112 |   8470 .105 |   8400   8410   8420   8430   8450   8460   8470
    |           |             |   8590
146 |   1       |   8440      |   8440
147 |   1       |   8480      |   8480
148 |   1       |   8490      |   8490
149 |   1       |   8500      |   8500
150 |   1       |   8510      |   8510
151 |   1       |   8520      |   8520
152 |   2  0.073 |   8530 .073 |   8530   8540
153 |   1       |   8550      |   8550
154 |   3  0.095 |   8570 .088 |   8560   8570   8580
155 |   1       |   8600      |   8600
156 |   2  0.078 |   8610 .078 |   8610   8620
157 |   1       |   8630      |   8630
158 |   1       |   8640      |   8640
159 |   1       |   8650      |   8650
160 |   9  0.107 |   8700 .099 |   8660   8670   8680   8690   8700   8710   8720
    |           |             |   8730   8740
161 |   4  0.111 |   8760 .098 |   8750   8760   8770   8780
162 |   3  0.087 |   8810 .085 |   8790   8800   8810
163 |   1       |   8820      |   8820
164 |   3  0.097 |   8850 .093 |   8830   8840   8850
165 |   1       |   8860      |   8860
166 |   2  0.096 |   8870 .096 |   8870   8880
167 |   1       |   8890      |   8890
168 |   1       |   8900      |   8900
169 |   2  0.097 |   8910 .097 |   8910   8920
170 |   6  0.110 |   8970 .099 |   8930   8940   8950   8960   8970   8980
171 |   2  0.086 |   8990 .086 |   8990   9000
172 |   6  0.107 |   9030 .097 |   9010   9020   9030   9040   9050   9060
173 |   3  0.101 |   9080 .088 |   9070   9080   9090
174 |   6  0.113 |   9140 .104 |   9100   9110   9120   9130   9140   9150
175 |   3  0.080 |   9170 .076 |   9160   9170   9180
176 |   1       |   9190      |   9190
177 |   3  0.101 |   9210 .095 |   9200   9210   9220
178 |   1       |   9230      |   9230
179 |   5  0.104 |   9260 .093 |   9240   9250   9260   9280   9290
180 |   1       |   9270      |   9270
181 |   1       |   9300      |   9300
182 |   1       |   9310      |   9310
183 |   1       |   9320      |   9320
184 |   1       |   9330      |   9330
185 |   1       |   9340      |   9340
186 |   2  0.096 |   9350 .096 |   9350   9360
187 |   1       |   9370      |   9370
188 |   1       |   9380      |   9380
189 |   1       |   9390      |   9390
190 |   1       |   9400      |   9400
191 |   1       |   9410      |   9410
192 |   1       |   9420      |   9420
193 |   1       |   9430      |   9430
194 |   1       |   9440      |   9440
195 |   1       |   9450      |   9450
196 |   1       |   9460      |   9460
197 |   1       |   9470      |   9470
198 |   4  0.102 |   9490 .089 |   9480   9490   9500   9510
199 |   6  0.103 |   9550 .090 |   9520   9530   9540   9550   9560   9570
200 |   1       |   9580      |   9580
201 |   1       |   9590      |   9590
202 |   1       |   9600      |   9600
203 |   1       |   9610      |   9610
204 |   2  0.080 |   9620 .080 |   9620   9630
205 |   1       |   9640      |   9640
206 |   1       |   9650      |   9650
207 |   1       |   9660      |   9660
208 |   7  0.106 |   9710 .096 |   9670   9680   9690   9700   9710   9720   9730
209 |   1       |   9740      |   9740
210 |   1       |   9750      |   9750
211 |  13  0.117 |   9860 .103 |   9760   9780   9790   9800   9810   9820   9830
    |           |             |   9840   9850   9860   9870   9880   9890
212 |   1       |   9770      |   9770
213 |   4  0.098 |   9910 .093 |   9900   9910   9920   9930
214 |   1       |   9940      |   9940
215 |   1       |   9950      |   9950
216 |   3  0.104 |   9970 .092 |   9960   9970   9980
217 |   1       |   9990      |   9990
218 |   1       |  10000      |  10000
